[0.257s] Invoking command in '/home/vladi/Desktop/ros2_commands/qt_ros_ws/build/vision': CMAKE_PREFIX_PATH=/opt/ros/humble /usr/bin/cmake /home/vladi/Desktop/ros2_commands/qt_ros_ws/src/vision -DCMAKE_INSTALL_PREFIX=/home/vladi/Desktop/ros2_commands/qt_ros_ws/install/vision
[0.492s] -- The C compiler identification is GNU 11.4.0
[0.747s] -- The CXX compiler identification is GNU 11.4.0
[0.778s] -- Detecting C compiler ABI info
[1.087s] -- Detecting C compiler ABI info - done
[1.127s] -- Check for working C compiler: /usr/bin/cc - skipped
[1.129s] -- Detecting C compile features
[1.130s] -- Detecting C compile features - done
[1.146s] -- Detecting CXX compiler ABI info
[1.514s] -- Detecting CXX compiler ABI info - done
[1.583s] -- Check for working CXX compiler: /usr/bin/c++ - skipped
[1.585s] -- Detecting CXX compile features
[1.588s] -- Detecting CXX compile features - done
[1.606s] -- Found ament_cmake: 1.3.5 (/opt/ros/humble/share/ament_cmake/cmake)
[2.351s] -- Found Python3: /usr/bin/python3.10 (found version "3.10.12") found components: Interpreter 
[2.738s] -- Found rclcpp: 16.0.6 (/opt/ros/humble/share/rclcpp/cmake)
[2.940s] -- Found rosidl_generator_c: 3.1.5 (/opt/ros/humble/share/rosidl_generator_c/cmake)
[2.966s] -- Found rosidl_adapter: 3.1.5 (/opt/ros/humble/share/rosidl_adapter/cmake)
[3.008s] -- Found rosidl_generator_cpp: 3.1.5 (/opt/ros/humble/share/rosidl_generator_cpp/cmake)
[3.076s] -- Using all available rosidl_typesupport_c: rosidl_typesupport_fastrtps_c;rosidl_typesupport_introspection_c
[3.178s] -- Using all available rosidl_typesupport_cpp: rosidl_typesupport_fastrtps_cpp;rosidl_typesupport_introspection_cpp
[3.517s] -- Found rmw_implementation_cmake: 6.1.1 (/opt/ros/humble/share/rmw_implementation_cmake/cmake)
[3.530s] -- Found rmw_fastrtps_cpp: 6.2.4 (/opt/ros/humble/share/rmw_fastrtps_cpp/cmake)
[4.024s] -- Found OpenSSL: /usr/lib/x86_64-linux-gnu/libcrypto.so (found version "3.0.2")  
[4.139s] -- Found FastRTPS: /opt/ros/humble/include  
[4.343s] -- Using RMW implementation 'rmw_fastrtps_cpp' as default
[4.386s] -- Looking for pthread.h
[4.683s] -- Looking for pthread.h - found
[4.685s] -- Performing Test CMAKE_HAVE_LIBC_PTHREAD
[4.999s] -- Performing Test CMAKE_HAVE_LIBC_PTHREAD - Success
[5.004s] -- Found Threads: TRUE  
[5.840s] -- Found sensor_msgs: 4.2.3 (/opt/ros/humble/share/sensor_msgs/cmake)
[6.456s] -- Found cv_bridge: 3.2.1 (/opt/ros/humble/share/cv_bridge/cmake)
[6.533s] -- Found image_transport: 3.1.7 (/opt/ros/humble/share/image_transport/cmake)
[6.758s] -- Found OpenCV: /usr (found version "4.5.4") 
[6.769s] -- Found ament_lint_auto: 0.12.8 (/opt/ros/humble/share/ament_lint_auto/cmake)
[7.114s] -- Added test 'cppcheck' to perform static code analysis on C / C++ code
[7.115s] -- Configured cppcheck include dirs: 
[7.116s] -- Configured cppcheck exclude dirs and/or files: 
[7.118s] -- Added test 'lint_cmake' to check CMake code style
[7.123s] -- Added test 'uncrustify' to check C / C++ code style
[7.124s] -- Configured uncrustify additional arguments: 
[7.125s] -- Added test 'xmllint' to check XML markup files
[7.130s] -- Configuring done
[7.187s] -- Generating done
[7.199s] -- Build files have been written to: /home/vladi/Desktop/ros2_commands/qt_ros_ws/build/vision
[7.252s] Invoked command in '/home/vladi/Desktop/ros2_commands/qt_ros_ws/build/vision' returned '0': CMAKE_PREFIX_PATH=/opt/ros/humble /usr/bin/cmake /home/vladi/Desktop/ros2_commands/qt_ros_ws/src/vision -DCMAKE_INSTALL_PREFIX=/home/vladi/Desktop/ros2_commands/qt_ros_ws/install/vision
[7.263s] Invoking command in '/home/vladi/Desktop/ros2_commands/qt_ros_ws/build/vision': CMAKE_PREFIX_PATH=/opt/ros/humble /usr/bin/cmake --build /home/vladi/Desktop/ros2_commands/qt_ros_ws/build/vision -- -j8 -l8
[7.478s] [ 50%] [32mBuilding CXX object CMakeFiles/image_capture_node.dir/src/vision_capture_node.cpp.o[0m
[31.985s] [100%] [32m[1mLinking CXX executable image_capture_node[0m
[33.533s] [100%] Built target image_capture_node
[33.574s] Invoked command in '/home/vladi/Desktop/ros2_commands/qt_ros_ws/build/vision' returned '0': CMAKE_PREFIX_PATH=/opt/ros/humble /usr/bin/cmake --build /home/vladi/Desktop/ros2_commands/qt_ros_ws/build/vision -- -j8 -l8
[33.716s] Invoking command in '/home/vladi/Desktop/ros2_commands/qt_ros_ws/build/vision': CMAKE_PREFIX_PATH=/opt/ros/humble /usr/bin/cmake --install /home/vladi/Desktop/ros2_commands/qt_ros_ws/build/vision
[33.745s] -- Install configuration: ""
[33.746s] -- Installing: /home/vladi/Desktop/ros2_commands/qt_ros_ws/install/vision/lib/vision/image_capture_node
[33.753s] -- Set runtime path of "/home/vladi/Desktop/ros2_commands/qt_ros_ws/install/vision/lib/vision/image_capture_node" to ""
[33.754s] -- Installing: /home/vladi/Desktop/ros2_commands/qt_ros_ws/install/vision/share/ament_index/resource_index/package_run_dependencies/vision
[33.754s] -- Installing: /home/vladi/Desktop/ros2_commands/qt_ros_ws/install/vision/share/ament_index/resource_index/parent_prefix_path/vision
[33.755s] -- Up-to-date: /home/vladi/Desktop/ros2_commands/qt_ros_ws/install/vision/share/vision/environment/ament_prefix_path.sh
[33.756s] -- Installing: /home/vladi/Desktop/ros2_commands/qt_ros_ws/install/vision/share/vision/environment/ament_prefix_path.dsv
[33.756s] -- Up-to-date: /home/vladi/Desktop/ros2_commands/qt_ros_ws/install/vision/share/vision/environment/path.sh
[33.756s] -- Installing: /home/vladi/Desktop/ros2_commands/qt_ros_ws/install/vision/share/vision/environment/path.dsv
[33.757s] -- Installing: /home/vladi/Desktop/ros2_commands/qt_ros_ws/install/vision/share/vision/local_setup.bash
[33.757s] -- Installing: /home/vladi/Desktop/ros2_commands/qt_ros_ws/install/vision/share/vision/local_setup.sh
[33.758s] -- Installing: /home/vladi/Desktop/ros2_commands/qt_ros_ws/install/vision/share/vision/local_setup.zsh
[33.759s] -- Installing: /home/vladi/Desktop/ros2_commands/qt_ros_ws/install/vision/share/vision/local_setup.dsv
[33.760s] -- Installing: /home/vladi/Desktop/ros2_commands/qt_ros_ws/install/vision/share/vision/package.dsv
[33.761s] -- Installing: /home/vladi/Desktop/ros2_commands/qt_ros_ws/install/vision/share/ament_index/resource_index/packages/vision
[33.762s] -- Installing: /home/vladi/Desktop/ros2_commands/qt_ros_ws/install/vision/share/vision/cmake/visionConfig.cmake
[33.762s] -- Installing: /home/vladi/Desktop/ros2_commands/qt_ros_ws/install/vision/share/vision/cmake/visionConfig-version.cmake
[33.763s] -- Up-to-date: /home/vladi/Desktop/ros2_commands/qt_ros_ws/install/vision/share/vision/package.xml
[33.770s] Invoked command in '/home/vladi/Desktop/ros2_commands/qt_ros_ws/build/vision' returned '0': CMAKE_PREFIX_PATH=/opt/ros/humble /usr/bin/cmake --install /home/vladi/Desktop/ros2_commands/qt_ros_ws/build/vision
