[0.014s] Invoking command in '/home/vladi/Desktop/ros2_commands/qt_ros_ws/build/neptune_2_bringup': CMAKE_PREFIX_PATH=/home/vladi/Desktop/ros2_commands/qt_ros_ws/install/neptune_2_description:/home/vladi/Desktop/ros2_commands/qt_ros_ws/install/vision:/home/vladi/Desktop/ros2_commands/qt_ros_ws/install/st_ligth:/home/vladi/Desktop/ros2_commands/qt_ros_ws/install/neptune_2_bringup:/opt/ros/humble /usr/bin/cmake --build /home/vladi/Desktop/ros2_commands/qt_ros_ws/build/neptune_2_bringup -- -j8 -l8
[0.091s] [35m[1mConsolidate compiler generated dependencies of target msg_to_pcl2[0m
[0.159s] [ 50%] [32mBuilding CXX object CMakeFiles/msg_to_pcl2.dir/src/msg_to_pcl2.cpp.o[0m
[9.785s] [01m[K/home/vladi/Desktop/ros2_commands/qt_ros_ws/src/neptune_2_bringup/src/msg_to_pcl2.cpp:77:95:[m[K [01;31m[Kerror: [m[Kcould not convert ‘[01m[K{(operator new(128), (<statement>, ((pcl::PointCloud<pcl::PointXYZ>*)<anonymous>)))}[m[K’ from ‘[01m[K<brace-enclosed initializer list>[m[K’ to ‘[01m[Kpcl::PointCloud<pcl::PointXYZRGB>::Ptr[m[K’ {aka ‘[01m[Kstd::shared_ptr<pcl::PointCloud<pcl::PointXYZRGB> >[m[K’}
[9.785s]    77 | PointXYZRGB>::Ptr cloud_xyz_in {new pcl::PointCloud<pcl::PointXYZ> ()[01;31m[K}[m[K;
[9.785s]       |                                                                      [01;31m[K^[m[K
[9.785s]       |                                                                      [01;31m[K|[m[K
[9.785s]       |                                                                      [01;31m[K<brace-enclosed initializer list>[m[K
[9.785s] 
[9.785s] [01m[K/home/vladi/Desktop/ros2_commands/qt_ros_ws/src/neptune_2_bringup/src/msg_to_pcl2.cpp:78:100:[m[K [01;31m[Kerror: [m[Kcould not convert ‘[01m[K{(operator new(128), (<statement>, ((pcl::PointCloud<pcl::PointXYZ>*)<anonymous>)))}[m[K’ from ‘[01m[K<brace-enclosed initializer list>[m[K’ to ‘[01m[Kpcl::PointCloud<pcl::PointXYZRGB>::Ptr[m[K’ {aka ‘[01m[Kstd::shared_ptr<pcl::PointCloud<pcl::PointXYZRGB> >[m[K’}
[9.785s]    78 | XYZRGB>::Ptr transformed_cloud {new pcl::PointCloud<pcl::PointXYZ> ()[01;31m[K}[m[K;
[9.786s]       |                                                                      [01;31m[K^[m[K
[9.786s]       |                                                                      [01;31m[K|[m[K
[9.786s]       |                                                                      [01;31m[K<brace-enclosed initializer list>[m[K
[9.786s] 
[9.823s] In file included from [01m[K/opt/ros/humble/include/rclcpp/rclcpp/logging.hpp:24[m[K,
[9.824s]                  from [01m[K/opt/ros/humble/include/rclcpp/rclcpp/client.hpp:40[m[K,
[9.824s]                  from [01m[K/opt/ros/humble/include/rclcpp/rclcpp/callback_group.hpp:24[m[K,
[9.824s]                  from [01m[K/opt/ros/humble/include/rclcpp/rclcpp/any_executable.hpp:20[m[K,
[9.824s]                  from [01m[K/opt/ros/humble/include/rclcpp/rclcpp/memory_strategy.hpp:25[m[K,
[9.824s]                  from [01m[K/opt/ros/humble/include/rclcpp/rclcpp/memory_strategies.hpp:18[m[K,
[9.824s]                  from [01m[K/opt/ros/humble/include/rclcpp/rclcpp/executor_options.hpp:20[m[K,
[9.824s]                  from [01m[K/opt/ros/humble/include/rclcpp/rclcpp/executor.hpp:37[m[K,
[9.824s]                  from [01m[K/opt/ros/humble/include/rclcpp/rclcpp/executors/multi_threaded_executor.hpp:25[m[K,
[9.824s]                  from [01m[K/opt/ros/humble/include/rclcpp/rclcpp/executors.hpp:21[m[K,
[9.825s]                  from [01m[K/opt/ros/humble/include/rclcpp/rclcpp/rclcpp.hpp:155[m[K,
[9.825s]                  from [01m[K/home/vladi/Desktop/ros2_commands/qt_ros_ws/src/neptune_2_bringup/src/msg_to_pcl2.cpp:1[m[K:
[9.825s] [01m[K/home/vladi/Desktop/ros2_commands/qt_ros_ws/src/neptune_2_bringup/src/msg_to_pcl2.cpp:[m[K In member function ‘[01m[Kvoid MSGToPCL2::on_receive(sensor_msgs::msg::PointCloud2_<std::allocator<void> >::SharedPtr)[m[K’:
[9.825s] [01m[K/home/vladi/Desktop/ros2_commands/qt_ros_ws/src/neptune_2_bringup/src/msg_to_pcl2.cpp:111:41:[m[K [01;35m[Kwarning: [m[Kformat ‘[01m[K%i[m[K’ expects argument of type ‘[01m[Kint[m[K’, but argument 5 has type ‘[01m[Ksize_t[m[K’ {aka ‘[01m[Klong unsigned int[m[K’} [[01;35m[K]8;;https://gcc.gnu.org/onlinedocs/gcc/Warning-Options.html#index-Wformat=-Wformat=]8;;[m[K]
[9.825s]   111 |         RCLCPP_INFO(this->get_logger(), [01;35m[K"h: %i  w: %i"[m[K, [32m[Kcloud_height[m[K, cloud_width);
[9.825s]       |                                         [01;35m[K^~~~~~~~~~~~~~[m[K  [32m[K~~~~~~~~~~~~[m[K
[9.825s]       |                                                         [32m[K|[m[K
[9.825s]       |                                                         [32m[Ksize_t {aka long unsigned int}[m[K
[9.825s] [01m[K/home/vladi/Desktop/ros2_commands/qt_ros_ws/src/neptune_2_bringup/src/msg_to_pcl2.cpp:111:46:[m[K [01;36m[Knote: [m[Kformat string is defined here
[9.825s]   111 |         RCLCPP_INFO(this->get_logger(), "h: [01;36m[K%i[m[K  w: %i", cloud_height, cloud_width);
[9.826s]       |                                             [01;36m[K~^[m[K
[9.826s]       |                                              [01;36m[K|[m[K
[9.826s]       |                                              [01;36m[Kint[m[K
[9.826s]       |                                             [32m[K%li[m[K
[9.826s] In file included from [01m[K/opt/ros/humble/include/rclcpp/rclcpp/logging.hpp:24[m[K,
[9.826s]                  from [01m[K/opt/ros/humble/include/rclcpp/rclcpp/client.hpp:40[m[K,
[9.826s]                  from [01m[K/opt/ros/humble/include/rclcpp/rclcpp/callback_group.hpp:24[m[K,
[9.826s]                  from [01m[K/opt/ros/humble/include/rclcpp/rclcpp/any_executable.hpp:20[m[K,
[9.826s]                  from [01m[K/opt/ros/humble/include/rclcpp/rclcpp/memory_strategy.hpp:25[m[K,
[9.826s]                  from [01m[K/opt/ros/humble/include/rclcpp/rclcpp/memory_strategies.hpp:18[m[K,
[9.826s]                  from [01m[K/opt/ros/humble/include/rclcpp/rclcpp/executor_options.hpp:20[m[K,
[9.827s]                  from [01m[K/opt/ros/humble/include/rclcpp/rclcpp/executor.hpp:37[m[K,
[9.827s]                  from [01m[K/opt/ros/humble/include/rclcpp/rclcpp/executors/multi_threaded_executor.hpp:25[m[K,
[9.827s]                  from [01m[K/opt/ros/humble/include/rclcpp/rclcpp/executors.hpp:21[m[K,
[9.827s]                  from [01m[K/opt/ros/humble/include/rclcpp/rclcpp/rclcpp.hpp:155[m[K,
[9.827s]                  from [01m[K/home/vladi/Desktop/ros2_commands/qt_ros_ws/src/neptune_2_bringup/src/msg_to_pcl2.cpp:1[m[K:
[9.827s] [01m[K/home/vladi/Desktop/ros2_commands/qt_ros_ws/src/neptune_2_bringup/src/msg_to_pcl2.cpp:111:41:[m[K [01;35m[Kwarning: [m[Kformat ‘[01m[K%i[m[K’ expects argument of type ‘[01m[Kint[m[K’, but argument 6 has type ‘[01m[Ksize_t[m[K’ {aka ‘[01m[Klong unsigned int[m[K’} [[01;35m[K]8;;https://gcc.gnu.org/onlinedocs/gcc/Warning-Options.html#index-Wformat=-Wformat=]8;;[m[K]
[9.827s]   111 |         RCLCPP_INFO(this->get_logger(), [01;35m[K"h: %i  w: %i"[m[K, cloud_height, [32m[Kcloud_width[m[K);
[9.827s]       |                                         [01;35m[K^~~~~~~~~~~~~~[m[K                [32m[K~~~~~~~~~~~[m[K
[9.827s]       |                                                                       [32m[K|[m[K
[9.827s]       |                                                                       [32m[Ksize_t {aka long unsigned int}[m[K
[9.827s] [01m[K/home/vladi/Desktop/ros2_commands/qt_ros_ws/src/neptune_2_bringup/src/msg_to_pcl2.cpp:111:53:[m[K [01;36m[Knote: [m[Kformat string is defined here
[9.828s]   111 |         RCLCPP_INFO(this->get_logger(), "h: %i  w: [01;36m[K%i[m[K", cloud_height, cloud_width);
[9.828s]       |                                                    [01;36m[K~^[m[K
[9.828s]       |                                                     [01;36m[K|[m[K
[9.828s]       |                                                     [01;36m[Kint[m[K
[9.828s]       |                                                    [32m[K%li[m[K
[14.142s] gmake[2]: *** [CMakeFiles/msg_to_pcl2.dir/build.make:76: CMakeFiles/msg_to_pcl2.dir/src/msg_to_pcl2.cpp.o] Error 1
[14.142s] gmake[1]: *** [CMakeFiles/Makefile2:137: CMakeFiles/msg_to_pcl2.dir/all] Error 2
[14.142s] gmake: *** [Makefile:146: all] Error 2
[14.145s] Invoked command in '/home/vladi/Desktop/ros2_commands/qt_ros_ws/build/neptune_2_bringup' returned '2': CMAKE_PREFIX_PATH=/home/vladi/Desktop/ros2_commands/qt_ros_ws/install/neptune_2_description:/home/vladi/Desktop/ros2_commands/qt_ros_ws/install/vision:/home/vladi/Desktop/ros2_commands/qt_ros_ws/install/st_ligth:/home/vladi/Desktop/ros2_commands/qt_ros_ws/install/neptune_2_bringup:/opt/ros/humble /usr/bin/cmake --build /home/vladi/Desktop/ros2_commands/qt_ros_ws/build/neptune_2_bringup -- -j8 -l8
