[4.756s] DEBUG:colcon:Command line arguments: ['/usr/bin/colcon', 'build', '--symlink-install', '--event-handlers', 'console_direct+']
[4.757s] DEBUG:colcon:Parsed command line arguments: Namespace(log_base=None, log_level=None, verb_name='build', build_base='build', install_base='install', merge_install=False, symlink_install=True, test_result_base=None, continue_on_error=False, executor='parallel', parallel_workers=8, event_handlers=['console_direct+'], ignore_user_meta=False, metas=['./colcon.meta'], base_paths=['.'], packages_ignore=None, packages_ignore_regex=None, paths=None, packages_up_to=None, packages_up_to_regex=None, packages_above=None, packages_above_and_dependencies=None, packages_above_depth=None, packages_select_by_dep=None, packages_skip_by_dep=None, packages_skip_up_to=None, packages_select_build_failed=False, packages_skip_build_finished=False, packages_select_test_failures=False, packages_skip_test_passed=False, packages_select=None, packages_skip=None, packages_select_regex=None, packages_skip_regex=None, packages_start=None, packages_end=None, allow_overriding=[], cmake_args=None, cmake_target=None, cmake_target_skip_unavailable=False, cmake_clean_cache=False, cmake_clean_first=False, cmake_force_configure=False, ament_cmake_args=None, catkin_cmake_args=None, catkin_skip_building_tests=False, verb_parser=<colcon_defaults.argument_parser.defaults.DefaultArgumentsDecorator object at 0x7f684728dfc0>, verb_extension=<colcon_core.verb.build.BuildVerb object at 0x7f684728fd30>, main=<bound method BuildVerb.main of <colcon_core.verb.build.BuildVerb object at 0x7f684728fd30>>)
[4.989s] Level 1:colcon.colcon_core.package_discovery:discover_packages(colcon_meta) check parameters
[4.989s] Level 1:colcon.colcon_core.package_discovery:discover_packages(recursive) check parameters
[4.989s] Level 1:colcon.colcon_core.package_discovery:discover_packages(ignore) check parameters
[4.989s] Level 1:colcon.colcon_core.package_discovery:discover_packages(path) check parameters
[4.990s] Level 1:colcon.colcon_core.package_discovery:discover_packages(colcon_meta) discover
[4.990s] Level 1:colcon.colcon_core.package_discovery:discover_packages(recursive) discover
[4.990s] INFO:colcon.colcon_core.package_discovery:Crawling recursively for packages in '/home/vladi/Desktop/ros2_commands/qt_ros_ws'
[4.991s] Level 1:colcon.colcon_core.package_identification:_identify(.) by extensions ['ignore', 'ignore_ament_install']
[4.991s] Level 1:colcon.colcon_core.package_identification:_identify(.) by extension 'ignore'
[4.991s] Level 1:colcon.colcon_core.package_identification:_identify(.) by extension 'ignore_ament_install'
[4.992s] Level 1:colcon.colcon_core.package_identification:_identify(.) by extensions ['colcon_pkg']
[4.992s] Level 1:colcon.colcon_core.package_identification:_identify(.) by extension 'colcon_pkg'
[4.992s] Level 1:colcon.colcon_core.package_identification:_identify(.) by extensions ['colcon_meta']
[4.992s] Level 1:colcon.colcon_core.package_identification:_identify(.) by extension 'colcon_meta'
[4.992s] Level 1:colcon.colcon_core.package_identification:_identify(.) by extensions ['ros']
[4.992s] Level 1:colcon.colcon_core.package_identification:_identify(.) by extension 'ros'
[5.039s] Level 1:colcon.colcon_core.package_identification:_identify(.) by extensions ['cmake', 'python']
[5.040s] Level 1:colcon.colcon_core.package_identification:_identify(.) by extension 'cmake'
[5.040s] Level 1:colcon.colcon_core.package_identification:_identify(.) by extension 'python'
[5.040s] Level 1:colcon.colcon_core.package_identification:_identify(.) by extensions ['python_setup_py']
[5.040s] Level 1:colcon.colcon_core.package_identification:_identify(.) by extension 'python_setup_py'
[5.041s] Level 1:colcon.colcon_core.package_identification:_identify(build) by extensions ['ignore', 'ignore_ament_install']
[5.041s] Level 1:colcon.colcon_core.package_identification:_identify(build) by extension 'ignore'
[5.042s] Level 1:colcon.colcon_core.package_identification:_identify(build) ignored
[5.042s] Level 1:colcon.colcon_core.package_identification:_identify(install) by extensions ['ignore', 'ignore_ament_install']
[5.043s] Level 1:colcon.colcon_core.package_identification:_identify(install) by extension 'ignore'
[5.043s] Level 1:colcon.colcon_core.package_identification:_identify(install) ignored
[5.043s] Level 1:colcon.colcon_core.package_identification:_identify(log) by extensions ['ignore', 'ignore_ament_install']
[5.044s] Level 1:colcon.colcon_core.package_identification:_identify(log) by extension 'ignore'
[5.044s] Level 1:colcon.colcon_core.package_identification:_identify(log) ignored
[5.044s] Level 1:colcon.colcon_core.package_identification:_identify(src) by extensions ['ignore', 'ignore_ament_install']
[5.045s] Level 1:colcon.colcon_core.package_identification:_identify(src) by extension 'ignore'
[5.045s] Level 1:colcon.colcon_core.package_identification:_identify(src) by extension 'ignore_ament_install'
[5.045s] Level 1:colcon.colcon_core.package_identification:_identify(src) by extensions ['colcon_pkg']
[5.045s] Level 1:colcon.colcon_core.package_identification:_identify(src) by extension 'colcon_pkg'
[5.046s] Level 1:colcon.colcon_core.package_identification:_identify(src) by extensions ['colcon_meta']
[5.046s] Level 1:colcon.colcon_core.package_identification:_identify(src) by extension 'colcon_meta'
[5.046s] Level 1:colcon.colcon_core.package_identification:_identify(src) by extensions ['ros']
[5.046s] Level 1:colcon.colcon_core.package_identification:_identify(src) by extension 'ros'
[5.046s] Level 1:colcon.colcon_core.package_identification:_identify(src) by extensions ['cmake', 'python']
[5.047s] Level 1:colcon.colcon_core.package_identification:_identify(src) by extension 'cmake'
[5.047s] Level 1:colcon.colcon_core.package_identification:_identify(src) by extension 'python'
[5.047s] Level 1:colcon.colcon_core.package_identification:_identify(src) by extensions ['python_setup_py']
[5.047s] Level 1:colcon.colcon_core.package_identification:_identify(src) by extension 'python_setup_py'
[5.048s] Level 1:colcon.colcon_core.package_identification:_identify(src/vision) by extensions ['ignore', 'ignore_ament_install']
[5.048s] Level 1:colcon.colcon_core.package_identification:_identify(src/vision) by extension 'ignore'
[5.048s] Level 1:colcon.colcon_core.package_identification:_identify(src/vision) by extension 'ignore_ament_install'
[5.048s] Level 1:colcon.colcon_core.package_identification:_identify(src/vision) by extensions ['colcon_pkg']
[5.049s] Level 1:colcon.colcon_core.package_identification:_identify(src/vision) by extension 'colcon_pkg'
[5.049s] Level 1:colcon.colcon_core.package_identification:_identify(src/vision) by extensions ['colcon_meta']
[5.049s] Level 1:colcon.colcon_core.package_identification:_identify(src/vision) by extension 'colcon_meta'
[5.049s] Level 1:colcon.colcon_core.package_identification:_identify(src/vision) by extensions ['ros']
[5.049s] Level 1:colcon.colcon_core.package_identification:_identify(src/vision) by extension 'ros'
[5.061s] DEBUG:colcon.colcon_core.package_identification:Package 'src/vision' with type 'ros.ament_cmake' and name 'vision'
[5.061s] Level 1:colcon.colcon_core.package_discovery:discover_packages(recursive) using defaults
[5.061s] Level 1:colcon.colcon_core.package_discovery:discover_packages(ignore) discover
[5.061s] Level 1:colcon.colcon_core.package_discovery:discover_packages(ignore) using defaults
[5.061s] Level 1:colcon.colcon_core.package_discovery:discover_packages(path) discover
[5.061s] Level 1:colcon.colcon_core.package_discovery:discover_packages(path) using defaults
[5.510s] Level 1:colcon.colcon_core.package_discovery:discover_packages(prefix_path) check parameters
[5.511s] Level 1:colcon.colcon_core.package_discovery:discover_packages(prefix_path) discover
[5.686s] DEBUG:colcon.colcon_installed_package_information.package_discovery:Found 371 installed packages in /opt/ros/humble
[5.700s] Level 1:colcon.colcon_core.package_discovery:discover_packages(prefix_path) using defaults
[6.253s] Level 5:colcon.colcon_core.verb:set package 'vision' build argument 'cmake_args' from command line to 'None'
[6.253s] Level 5:colcon.colcon_core.verb:set package 'vision' build argument 'cmake_target' from command line to 'None'
[6.253s] Level 5:colcon.colcon_core.verb:set package 'vision' build argument 'cmake_target_skip_unavailable' from command line to 'False'
[6.254s] Level 5:colcon.colcon_core.verb:set package 'vision' build argument 'cmake_clean_cache' from command line to 'False'
[6.254s] Level 5:colcon.colcon_core.verb:set package 'vision' build argument 'cmake_clean_first' from command line to 'False'
[6.254s] Level 5:colcon.colcon_core.verb:set package 'vision' build argument 'cmake_force_configure' from command line to 'False'
[6.254s] Level 5:colcon.colcon_core.verb:set package 'vision' build argument 'ament_cmake_args' from command line to 'None'
[6.254s] Level 5:colcon.colcon_core.verb:set package 'vision' build argument 'catkin_cmake_args' from command line to 'None'
[6.254s] Level 5:colcon.colcon_core.verb:set package 'vision' build argument 'catkin_skip_building_tests' from command line to 'False'
[6.254s] DEBUG:colcon.colcon_core.verb:Building package 'vision' with the following arguments: {'ament_cmake_args': None, 'build_base': '/home/vladi/Desktop/ros2_commands/qt_ros_ws/build/vision', 'catkin_cmake_args': None, 'catkin_skip_building_tests': False, 'cmake_args': None, 'cmake_clean_cache': False, 'cmake_clean_first': False, 'cmake_force_configure': False, 'cmake_target': None, 'cmake_target_skip_unavailable': False, 'install_base': '/home/vladi/Desktop/ros2_commands/qt_ros_ws/install/vision', 'merge_install': False, 'path': '/home/vladi/Desktop/ros2_commands/qt_ros_ws/src/vision', 'symlink_install': True, 'test_result_base': None}
[6.325s] INFO:colcon.colcon_core.executor:Executing jobs using 'parallel' executor
[6.402s] DEBUG:colcon.colcon_parallel_executor.executor.parallel:run_until_complete
[6.404s] INFO:colcon.colcon_ros.task.ament_cmake.build:Building ROS package in '/home/vladi/Desktop/ros2_commands/qt_ros_ws/src/vision' with build type 'ament_cmake'
[6.404s] INFO:colcon.colcon_cmake.task.cmake.build:Building CMake package in '/home/vladi/Desktop/ros2_commands/qt_ros_ws/src/vision'
[6.485s] INFO:colcon.colcon_core.plugin_system:Skipping extension 'colcon_core.shell.bat': Not used on non-Windows systems
[6.485s] INFO:colcon.colcon_core.shell:Skip shell extension 'powershell' for command environment: Not usable outside of PowerShell
[6.486s] DEBUG:colcon.colcon_core.shell:Skip shell extension 'dsv' for command environment
[6.678s] DEBUG:colcon.colcon_core.event_handler.log_command:Invoking command in '/home/vladi/Desktop/ros2_commands/qt_ros_ws/build/vision': CMAKE_PREFIX_PATH=/opt/ros/humble /usr/bin/cmake --build /home/vladi/Desktop/ros2_commands/qt_ros_ws/build/vision -- -j8 -l8
[10.188s] DEBUG:colcon.colcon_core.event_handler.log_command:Invoked command in '/home/vladi/Desktop/ros2_commands/qt_ros_ws/build/vision' returned '2': CMAKE_PREFIX_PATH=/opt/ros/humble /usr/bin/cmake --build /home/vladi/Desktop/ros2_commands/qt_ros_ws/build/vision -- -j8 -l8
[10.367s] Level 1:colcon.colcon_core.environment:create_environment_scripts_only(vision)
[10.451s] Level 1:colcon.colcon_core.environment:checking '/home/vladi/Desktop/ros2_commands/qt_ros_ws/install/vision' for CMake module files
[10.453s] Level 1:colcon.colcon_core.environment:checking '/home/vladi/Desktop/ros2_commands/qt_ros_ws/install/vision' for CMake config files
[10.454s] Level 1:colcon.colcon_core.shell:create_environment_hook('vision', 'cmake_prefix_path')
[10.528s] INFO:colcon.colcon_core.shell:Creating environment hook '/home/vladi/Desktop/ros2_commands/qt_ros_ws/install/vision/share/vision/hook/cmake_prefix_path.ps1'
[10.531s] INFO:colcon.colcon_core.shell:Creating environment descriptor '/home/vladi/Desktop/ros2_commands/qt_ros_ws/install/vision/share/vision/hook/cmake_prefix_path.dsv'
[10.532s] INFO:colcon.colcon_core.shell:Creating environment hook '/home/vladi/Desktop/ros2_commands/qt_ros_ws/install/vision/share/vision/hook/cmake_prefix_path.sh'
[10.536s] Level 1:colcon.colcon_core.environment:checking '/home/vladi/Desktop/ros2_commands/qt_ros_ws/install/vision/lib'
[10.537s] Level 1:colcon.colcon_core.environment:checking '/home/vladi/Desktop/ros2_commands/qt_ros_ws/install/vision/bin'
[10.537s] Level 1:colcon.colcon_core.environment:checking '/home/vladi/Desktop/ros2_commands/qt_ros_ws/install/vision/lib/pkgconfig/vision.pc'
[10.538s] Level 1:colcon.colcon_core.environment:checking '/home/vladi/Desktop/ros2_commands/qt_ros_ws/install/vision/lib/python3.10/site-packages'
[10.539s] Level 1:colcon.colcon_core.environment:checking '/home/vladi/Desktop/ros2_commands/qt_ros_ws/install/vision/bin'
[10.614s] INFO:colcon.colcon_core.shell:Creating package script '/home/vladi/Desktop/ros2_commands/qt_ros_ws/install/vision/share/vision/package.ps1'
[10.617s] INFO:colcon.colcon_core.shell:Creating package descriptor '/home/vladi/Desktop/ros2_commands/qt_ros_ws/install/vision/share/vision/package.dsv'
[10.621s] INFO:colcon.colcon_core.shell:Creating package script '/home/vladi/Desktop/ros2_commands/qt_ros_ws/install/vision/share/vision/package.sh'
[10.625s] INFO:colcon.colcon_core.shell:Creating package script '/home/vladi/Desktop/ros2_commands/qt_ros_ws/install/vision/share/vision/package.bash'
[10.631s] INFO:colcon.colcon_core.shell:Creating package script '/home/vladi/Desktop/ros2_commands/qt_ros_ws/install/vision/share/vision/package.zsh'
[10.634s] Level 1:colcon.colcon_core.environment:create_file_with_runtime_dependencies(/home/vladi/Desktop/ros2_commands/qt_ros_ws/install/vision/share/colcon-core/packages/vision)
[10.635s] DEBUG:colcon.colcon_parallel_executor.executor.parallel:closing loop
[10.637s] DEBUG:colcon.colcon_parallel_executor.executor.parallel:loop closed
[10.637s] DEBUG:colcon.colcon_parallel_executor.executor.parallel:run_until_complete finished with '2'
[10.638s] DEBUG:colcon.colcon_core.event_reactor:joining thread
[10.746s] INFO:colcon.colcon_core.plugin_system:Skipping extension 'colcon_notification.desktop_notification.terminal_notifier': Not used on non-Darwin systems
[10.747s] INFO:colcon.colcon_core.plugin_system:Skipping extension 'colcon_notification.desktop_notification.win32': Not used on non-Windows systems
[10.747s] INFO:colcon.colcon_notification.desktop_notification:Sending desktop notification using 'notify2'
[10.802s] DEBUG:colcon.colcon_core.event_reactor:joined thread
[10.887s] INFO:colcon.colcon_core.shell:Creating prefix script '/home/vladi/Desktop/ros2_commands/qt_ros_ws/install/local_setup.ps1'
[10.891s] INFO:colcon.colcon_core.shell:Creating prefix util module '/home/vladi/Desktop/ros2_commands/qt_ros_ws/install/_local_setup_util_ps1.py'
[10.897s] INFO:colcon.colcon_core.shell:Creating prefix chain script '/home/vladi/Desktop/ros2_commands/qt_ros_ws/install/setup.ps1'
[10.976s] INFO:colcon.colcon_core.shell:Creating prefix script '/home/vladi/Desktop/ros2_commands/qt_ros_ws/install/local_setup.sh'
[10.979s] INFO:colcon.colcon_core.shell:Creating prefix util module '/home/vladi/Desktop/ros2_commands/qt_ros_ws/install/_local_setup_util_sh.py'
[10.982s] INFO:colcon.colcon_core.shell:Creating prefix chain script '/home/vladi/Desktop/ros2_commands/qt_ros_ws/install/setup.sh'
[11.065s] INFO:colcon.colcon_core.shell:Creating prefix script '/home/vladi/Desktop/ros2_commands/qt_ros_ws/install/local_setup.bash'
[11.067s] INFO:colcon.colcon_core.shell:Creating prefix chain script '/home/vladi/Desktop/ros2_commands/qt_ros_ws/install/setup.bash'
[11.146s] INFO:colcon.colcon_core.shell:Creating prefix script '/home/vladi/Desktop/ros2_commands/qt_ros_ws/install/local_setup.zsh'
[11.148s] INFO:colcon.colcon_core.shell:Creating prefix chain script '/home/vladi/Desktop/ros2_commands/qt_ros_ws/install/setup.zsh'
