[0.020s] Invoking command in '/home/vladi/Desktop/ros2_commands/qt_ros_ws/build/neptune_2_bringup': CMAKE_PREFIX_PATH=/home/vladi/Desktop/ros2_commands/qt_ros_ws/install/neptune_2_description:/home/vladi/Desktop/ros2_commands/qt_ros_ws/install/vision:/home/vladi/Desktop/ros2_commands/qt_ros_ws/install/st_ligth:/home/vladi/Desktop/ros2_commands/qt_ros_ws/install/neptune_2_bringup:/opt/ros/humble /usr/bin/cmake --build /home/vladi/Desktop/ros2_commands/qt_ros_ws/build/neptune_2_bringup -- -j8 -l8
[0.096s] -- Found ament_cmake: 1.3.10 (/opt/ros/humble/share/ament_cmake/cmake)
[0.458s] -- Found rclcpp: 16.0.10 (/opt/ros/humble/share/rclcpp/cmake)
[0.561s] -- Found rosidl_generator_c: 3.1.5 (/opt/ros/humble/share/rosidl_generator_c/cmake)
[0.581s] -- Found rosidl_adapter: 3.1.5 (/opt/ros/humble/share/rosidl_adapter/cmake)
[0.599s] -- Found rosidl_generator_cpp: 3.1.5 (/opt/ros/humble/share/rosidl_generator_cpp/cmake)
[0.650s] -- Using all available rosidl_typesupport_c: rosidl_typesupport_fastrtps_c;rosidl_typesupport_introspection_c
[0.692s] -- Using all available rosidl_typesupport_cpp: rosidl_typesupport_fastrtps_cpp;rosidl_typesupport_introspection_cpp
[0.812s] -- Found rmw_implementation_cmake: 6.1.2 (/opt/ros/humble/share/rmw_implementation_cmake/cmake)
[0.817s] -- Found rmw_cyclonedds_cpp: 1.3.4 (/opt/ros/humble/share/rmw_cyclonedds_cpp/cmake)
[0.891s] -- Using RMW implementation 'rmw_cyclonedds_cpp' as default
[0.995s] -- Found sensor_msgs: 4.2.4 (/opt/ros/humble/share/sensor_msgs/cmake)
[1.048s] -- Found pcl_conversions: 2.4.5 (/opt/ros/humble/share/pcl_conversions/cmake)
[1.110s] -- Eigen found (include: /usr/include/eigen3, version: 3.4.0)
[1.187s] -- FLANN found (include: /usr/include, lib: /usr/lib/x86_64-linux-gnu/libflann_cpp.so)
[2.114s] -- OpenNI found (version: 1.5.4.0, include: /usr/include/ni, lib: /usr/lib/libOpenNI.so;libusb::libusb)
[2.124s] -- OpenNI2 found (version: 2.2.0.33, include: /usr/include/openni2, lib: /usr/lib/x86_64-linux-gnu/libOpenNI2.so;libusb::libusb)
[2.424s] -- Eigen found (include: /usr/include/eigen3, version: 3.4.0)
[2.434s] -- OpenNI found (version: 1.5.4.0, include: /usr/include/ni, lib: /usr/lib/libOpenNI.so;libusb::libusb)
[2.445s] -- OpenNI2 found (version: 2.2.0.33, include: /usr/include/openni2, lib: /usr/lib/x86_64-linux-gnu/libOpenNI2.so;libusb::libusb)
[2.685s] -- Found Qhull version 8.0.2
[2.920s] -- OpenNI found (version: 1.5.4.0, include: /usr/include/ni, lib: /usr/lib/libOpenNI.so;libusb::libusb)
[3.131s] -- Found image_geometry: 3.2.1 (/opt/ros/humble/share/image_geometry/cmake)
[3.145s] [33mCMake Warning (dev) at CMakeLists.txt:17 (find_package):
[3.145s]   Policy CMP0074 is not set: find_package uses <PackageName>_ROOT variables.
[3.145s]   Run "cmake --help-policy CMP0074" for policy details.  Use the cmake_policy
[3.145s]   command to set the policy and suppress this warning.
[3.145s] 
[3.146s]   CMake variable PCL_ROOT is set to:
[3.146s] 
[3.146s]     /usr
[3.146s] 
[3.146s]   For compatibility, CMake is ignoring the variable.
[3.146s] This warning is for project developers.  Use -Wno-dev to suppress it.
[3.147s] [0m
[3.281s] -- Configuring done
[3.640s] -- Generating done
[3.645s] -- Build files have been written to: /home/vladi/Desktop/ros2_commands/qt_ros_ws/build/neptune_2_bringup
[3.711s] [35m[1mConsolidate compiler generated dependencies of target msg_to_pcl2[0m
[3.767s] [ 50%] [32mBuilding CXX object CMakeFiles/msg_to_pcl2.dir/src/msg_to_pcl2.cpp.o[0m
[15.884s] [01m[K/home/vladi/Desktop/ros2_commands/qt_ros_ws/src/neptune_2_bringup/src/msg_to_pcl2.cpp:77:95:[m[K [01;31m[Kerror: [m[Kcould not convert ‘[01m[K{(operator new(128), (<statement>, ((pcl::PointCloud<pcl::PointXYZ>*)<anonymous>)))}[m[K’ from ‘[01m[K<brace-enclosed initializer list>[m[K’ to ‘[01m[Kpcl::PointCloud<pcl::PointXYZRGB>::Ptr[m[K’ {aka ‘[01m[Kstd::shared_ptr<pcl::PointCloud<pcl::PointXYZRGB> >[m[K’}
[15.884s]    77 | PointXYZRGB>::Ptr cloud_xyz_in {new pcl::PointCloud<pcl::PointXYZ> ()[01;31m[K}[m[K;
[15.884s]       |                                                                      [01;31m[K^[m[K
[15.884s]       |                                                                      [01;31m[K|[m[K
[15.884s]       |                                                                      [01;31m[K<brace-enclosed initializer list>[m[K
[15.884s] 
[15.885s] [01m[K/home/vladi/Desktop/ros2_commands/qt_ros_ws/src/neptune_2_bringup/src/msg_to_pcl2.cpp:78:100:[m[K [01;31m[Kerror: [m[Kcould not convert ‘[01m[K{(operator new(128), (<statement>, ((pcl::PointCloud<pcl::PointXYZ>*)<anonymous>)))}[m[K’ from ‘[01m[K<brace-enclosed initializer list>[m[K’ to ‘[01m[Kpcl::PointCloud<pcl::PointXYZRGB>::Ptr[m[K’ {aka ‘[01m[Kstd::shared_ptr<pcl::PointCloud<pcl::PointXYZRGB> >[m[K’}
[15.885s]    78 | XYZRGB>::Ptr transformed_cloud {new pcl::PointCloud<pcl::PointXYZ> ()[01;31m[K}[m[K;
[15.885s]       |                                                                      [01;31m[K^[m[K
[15.885s]       |                                                                      [01;31m[K|[m[K
[15.885s]       |                                                                      [01;31m[K<brace-enclosed initializer list>[m[K
[15.885s] 
[15.932s] In file included from [01m[K/opt/ros/humble/include/rclcpp/rclcpp/logging.hpp:24[m[K,
[15.932s]                  from [01m[K/opt/ros/humble/include/rclcpp/rclcpp/client.hpp:40[m[K,
[15.933s]                  from [01m[K/opt/ros/humble/include/rclcpp/rclcpp/callback_group.hpp:24[m[K,
[15.933s]                  from [01m[K/opt/ros/humble/include/rclcpp/rclcpp/any_executable.hpp:20[m[K,
[15.933s]                  from [01m[K/opt/ros/humble/include/rclcpp/rclcpp/memory_strategy.hpp:25[m[K,
[15.933s]                  from [01m[K/opt/ros/humble/include/rclcpp/rclcpp/memory_strategies.hpp:18[m[K,
[15.933s]                  from [01m[K/opt/ros/humble/include/rclcpp/rclcpp/executor_options.hpp:20[m[K,
[15.933s]                  from [01m[K/opt/ros/humble/include/rclcpp/rclcpp/executor.hpp:37[m[K,
[15.933s]                  from [01m[K/opt/ros/humble/include/rclcpp/rclcpp/executors/multi_threaded_executor.hpp:25[m[K,
[15.934s]                  from [01m[K/opt/ros/humble/include/rclcpp/rclcpp/executors.hpp:21[m[K,
[15.934s]                  from [01m[K/opt/ros/humble/include/rclcpp/rclcpp/rclcpp.hpp:155[m[K,
[15.934s]                  from [01m[K/home/vladi/Desktop/ros2_commands/qt_ros_ws/src/neptune_2_bringup/src/msg_to_pcl2.cpp:1[m[K:
[15.934s] [01m[K/home/vladi/Desktop/ros2_commands/qt_ros_ws/src/neptune_2_bringup/src/msg_to_pcl2.cpp:[m[K In member function ‘[01m[Kvoid MSGToPCL2::on_receive(sensor_msgs::msg::PointCloud2_<std::allocator<void> >::SharedPtr)[m[K’:
[15.934s] [01m[K/home/vladi/Desktop/ros2_commands/qt_ros_ws/src/neptune_2_bringup/src/msg_to_pcl2.cpp:111:41:[m[K [01;35m[Kwarning: [m[Kformat ‘[01m[K%i[m[K’ expects argument of type ‘[01m[Kint[m[K’, but argument 5 has type ‘[01m[Kconst char*[m[K’ [[01;35m[K]8;;https://gcc.gnu.org/onlinedocs/gcc/Warning-Options.html#index-Wformat=-Wformat=]8;;[m[K]
[15.934s]   111 |         RCLCPP_INFO(this->get_logger(), [01;35m[K"h: %i"[m[K,[32m[K"w: %i"[m[K, cloud_height, cloud_width);
[15.935s]       |                                         [01;35m[K^~~~~~~[m[K [32m[K~~~~~~~[m[K
[15.935s]       |                                                 [32m[K|[m[K
[15.935s]       |                                                 [32m[Kconst char*[m[K
[15.935s] [01m[K/home/vladi/Desktop/ros2_commands/qt_ros_ws/src/neptune_2_bringup/src/msg_to_pcl2.cpp:111:46:[m[K [01;36m[Knote: [m[Kformat string is defined here
[15.935s]   111 |         RCLCPP_INFO(this->get_logger(), "h: [01;36m[K%i[m[K","w: %i", cloud_height, cloud_width);
[15.935s]       |                                             [01;36m[K~^[m[K
[15.935s]       |                                              [01;36m[K|[m[K
[15.936s]       |                                              [01;36m[Kint[m[K
[15.936s]       |                                             [32m[K%s[m[K
[15.936s] In file included from [01m[K/opt/ros/humble/include/rclcpp/rclcpp/logging.hpp:24[m[K,
[15.936s]                  from [01m[K/opt/ros/humble/include/rclcpp/rclcpp/client.hpp:40[m[K,
[15.936s]                  from [01m[K/opt/ros/humble/include/rclcpp/rclcpp/callback_group.hpp:24[m[K,
[15.936s]                  from [01m[K/opt/ros/humble/include/rclcpp/rclcpp/any_executable.hpp:20[m[K,
[15.936s]                  from [01m[K/opt/ros/humble/include/rclcpp/rclcpp/memory_strategy.hpp:25[m[K,
[15.936s]                  from [01m[K/opt/ros/humble/include/rclcpp/rclcpp/memory_strategies.hpp:18[m[K,
[15.936s]                  from [01m[K/opt/ros/humble/include/rclcpp/rclcpp/executor_options.hpp:20[m[K,
[15.936s]                  from [01m[K/opt/ros/humble/include/rclcpp/rclcpp/executor.hpp:37[m[K,
[15.937s]                  from [01m[K/opt/ros/humble/include/rclcpp/rclcpp/executors/multi_threaded_executor.hpp:25[m[K,
[15.937s]                  from [01m[K/opt/ros/humble/include/rclcpp/rclcpp/executors.hpp:21[m[K,
[15.937s]                  from [01m[K/opt/ros/humble/include/rclcpp/rclcpp/rclcpp.hpp:155[m[K,
[15.937s]                  from [01m[K/home/vladi/Desktop/ros2_commands/qt_ros_ws/src/neptune_2_bringup/src/msg_to_pcl2.cpp:1[m[K:
[15.937s] [01m[K/home/vladi/Desktop/ros2_commands/qt_ros_ws/src/neptune_2_bringup/src/msg_to_pcl2.cpp:111:41:[m[K [01;35m[Kwarning: [m[Ktoo many arguments for format [[01;35m[K]8;;https://gcc.gnu.org/onlinedocs/gcc/Warning-Options.html#index-Wformat-extra-args-Wformat-extra-args]8;;[m[K]
[15.937s]   111 |         RCLCPP_INFO(this->get_logger(), [01;35m[K"h: %i"[m[K,"w: %i", cloud_height, cloud_width);
[15.938s]       |                                         [01;35m[K^~~~~~~[m[K
[15.958s] [01m[K/home/vladi/Desktop/ros2_commands/qt_ros_ws/src/neptune_2_bringup/src/msg_to_pcl2.cpp:133:86:[m[K [01;31m[Kerror: [m[K‘[01m[Kcx[m[K’ was not declared in this scope; did you mean ‘[01m[Kcv[m[K’?
[15.958s]   133 | INFO(this->get_logger(), "u -cx: %f",((float)uv_rect_tmp.x-(float)[01;31m[Kcx[m[K));
[15.959s]       |                                                                   [01;31m[K^~[m[K
[15.959s] 
[15.995s] [01m[K/home/vladi/Desktop/ros2_commands/qt_ros_ws/src/neptune_2_bringup/src/msg_to_pcl2.cpp:134:86:[m[K [01;31m[Kerror: [m[K‘[01m[Kcy[m[K’ was not declared in this scope; did you mean ‘[01m[Kcv[m[K’?
[15.995s]   134 | INFO(this->get_logger(), "v -vx: %f",((float)uv_rect_tmp.y-(float)[01;31m[Kcy[m[K));
[15.995s]       |                                                                   [01;31m[K^~[m[K
[15.996s] 
[16.000s] [01m[K/home/vladi/Desktop/ros2_commands/qt_ros_ws/src/neptune_2_bringup/src/msg_to_pcl2.cpp:142:57:[m[K [01;31m[Kerror: [m[Kinvalid use of member function ‘[01m[Kdouble image_geometry::PinholeCameraModel::cx() const[m[K’ (did you forget the ‘[01m[K()[m[K’ ?)
[16.000s]   142 |             double x_1 = (base*(uv_rect_tmp.x-[01;31m[Kcam_model.cx[m[K))/(cam_model.fx *cotan_alpha-(uv_rect_tmp.x-cx));
[16.001s]       |                                               [01;31m[K~~~~~~~~~~^~[m[K
[16.002s]       |                                                           [32m[K()[m[K
[16.002s] [01m[K/home/vladi/Desktop/ros2_commands/qt_ros_ws/src/neptune_2_bringup/src/msg_to_pcl2.cpp:142:73:[m[K [01;31m[Kerror: [m[Kinvalid use of member function ‘[01m[Kdouble image_geometry::PinholeCameraModel::fx() const[m[K’ (did you forget the ‘[01m[K()[m[K’ ?)
[16.003s]   142 | double x_1 = (base*(uv_rect_tmp.x-cam_model.cx))/([01;31m[Kcam_model.fx[m[K *cotan_alpha-(uv_rect_tmp.x-cx));
[16.004s]       |                                                   [01;31m[K~~~~~~~~~~^~[m[K
[16.004s]       |                                                               [32m[K()[m[K
[16.038s] [01m[K/home/vladi/Desktop/ros2_commands/qt_ros_ws/src/neptune_2_bringup/src/msg_to_pcl2.cpp:142:104:[m[K [01;31m[Kerror: [m[K‘[01m[Kcx[m[K’ was not declared in this scope; did you mean ‘[01m[Kcv[m[K’?
[16.039s]   142 | ct_tmp.x-cam_model.cx))/(cam_model.fx *cotan_alpha-(uv_rect_tmp.x-[01;31m[Kcx[m[K));
[16.040s]       |                                                                   [01;31m[K^~[m[K
[16.040s]       |                                                                   [32m[Kcv[m[K
[16.041s] [01m[K/home/vladi/Desktop/ros2_commands/qt_ros_ws/src/neptune_2_bringup/src/msg_to_pcl2.cpp:144:57:[m[K [01;31m[Kerror: [m[Kinvalid use of member function ‘[01m[Kdouble image_geometry::PinholeCameraModel::cy() const[m[K’ (did you forget the ‘[01m[K()[m[K’ ?)
[16.041s]   144 |             double y_1 = (base*(uv_rect_tmp.y-[01;31m[Kcam_model.cy[m[K))/(cam_model.fx*cotan_alpha_y[i]-(uv_rect_tmp.y-cy));
[16.042s]       |                                               [01;31m[K~~~~~~~~~~^~[m[K
[16.042s]       |                                                           [32m[K()[m[K
[16.043s] [01m[K/home/vladi/Desktop/ros2_commands/qt_ros_ws/src/neptune_2_bringup/src/msg_to_pcl2.cpp:144:73:[m[K [01;31m[Kerror: [m[Kinvalid use of member function ‘[01m[Kdouble image_geometry::PinholeCameraModel::fx() const[m[K’ (did you forget the ‘[01m[K()[m[K’ ?)
[16.044s]   144 | double y_1 = (base*(uv_rect_tmp.y-cam_model.cy))/([01;31m[Kcam_model.fx[m[K*cotan_alpha_y[i]-(uv_rect_tmp.y-cy));
[16.044s]       |                                                   [01;31m[K~~~~~~~~~~^~[m[K
[16.045s]       |                                                               [32m[K()[m[K
[16.072s] [01m[K/home/vladi/Desktop/ros2_commands/qt_ros_ws/src/neptune_2_bringup/src/msg_to_pcl2.cpp:144:108:[m[K [01;31m[Kerror: [m[K‘[01m[Kcy[m[K’ was not declared in this scope; did you mean ‘[01m[Kcv[m[K’?
[16.073s]   144 | mp.y-cam_model.cy))/(cam_model.fx*cotan_alpha_y[i]-(uv_rect_tmp.y-[01;31m[Kcy[m[K));
[16.073s]       |                                                                   [01;31m[K^~[m[K
[16.073s]       |                                                                   [32m[Kcv[m[K
[16.074s] [01m[K/home/vladi/Desktop/ros2_commands/qt_ros_ws/src/neptune_2_bringup/src/msg_to_pcl2.cpp:145:42:[m[K [01;31m[Kerror: [m[Kinvalid use of member function ‘[01m[Kdouble image_geometry::PinholeCameraModel::fx() const[m[K’ (did you forget the ‘[01m[K()[m[K’ ?)
[16.074s]   145 |             double z_1 = (base*[01;31m[Kcam_model.fx[m[K)/(cam_model.fx*cotan_alpha-(uv_rect_tmp.x-cx));
[16.074s]       |                                [01;31m[K~~~~~~~~~~^~[m[K
[16.074s]       |                                            [32m[K()[m[K
[16.074s] [01m[K/home/vladi/Desktop/ros2_commands/qt_ros_ws/src/neptune_2_bringup/src/msg_to_pcl2.cpp:145:57:[m[K [01;31m[Kerror: [m[Kinvalid use of member function ‘[01m[Kdouble image_geometry::PinholeCameraModel::fx() const[m[K’ (did you forget the ‘[01m[K()[m[K’ ?)
[16.074s]   145 |             double z_1 = (base*cam_model.fx)/([01;31m[Kcam_model.fx[m[K*cotan_alpha-(uv_rect_tmp.x-cx));
[16.075s]       |                                               [01;31m[K~~~~~~~~~~^~[m[K
[16.075s]       |                                                           [32m[K()[m[K
[22.319s] gmake[2]: *** [CMakeFiles/msg_to_pcl2.dir/build.make:76: CMakeFiles/msg_to_pcl2.dir/src/msg_to_pcl2.cpp.o] Error 1
[22.319s] gmake[1]: *** [CMakeFiles/Makefile2:137: CMakeFiles/msg_to_pcl2.dir/all] Error 2
[22.319s] gmake: *** [Makefile:146: all] Error 2
[22.323s] Invoked command in '/home/vladi/Desktop/ros2_commands/qt_ros_ws/build/neptune_2_bringup' returned '2': CMAKE_PREFIX_PATH=/home/vladi/Desktop/ros2_commands/qt_ros_ws/install/neptune_2_description:/home/vladi/Desktop/ros2_commands/qt_ros_ws/install/vision:/home/vladi/Desktop/ros2_commands/qt_ros_ws/install/st_ligth:/home/vladi/Desktop/ros2_commands/qt_ros_ws/install/neptune_2_bringup:/opt/ros/humble /usr/bin/cmake --build /home/vladi/Desktop/ros2_commands/qt_ros_ws/build/neptune_2_bringup -- -j8 -l8
