[4.919s] DEBUG:colcon:Command line arguments: ['/usr/bin/colcon', 'build']
[4.919s] DEBUG:colcon:Parsed command line arguments: Namespace(log_base=None, log_level=None, verb_name='build', build_base='build', install_base='install', merge_install=False, symlink_install=False, test_result_base=None, continue_on_error=False, executor='parallel', parallel_workers=8, event_handlers=None, ignore_user_meta=False, metas=['./colcon.meta'], base_paths=['.'], packages_ignore=None, packages_ignore_regex=None, paths=None, packages_up_to=None, packages_up_to_regex=None, packages_above=None, packages_above_and_dependencies=None, packages_above_depth=None, packages_select_by_dep=None, packages_skip_by_dep=None, packages_skip_up_to=None, packages_select_build_failed=False, packages_skip_build_finished=False, packages_select_test_failures=False, packages_skip_test_passed=False, packages_select=None, packages_skip=None, packages_select_regex=None, packages_skip_regex=None, packages_start=None, packages_end=None, allow_overriding=[], cmake_args=None, cmake_target=None, cmake_target_skip_unavailable=False, cmake_clean_cache=False, cmake_clean_first=False, cmake_force_configure=False, ament_cmake_args=None, catkin_cmake_args=None, catkin_skip_building_tests=False, verb_parser=<colcon_defaults.argument_parser.defaults.DefaultArgumentsDecorator object at 0x7f3740f91a80>, verb_extension=<colcon_core.verb.build.BuildVerb object at 0x7f3740f924a0>, main=<bound method BuildVerb.main of <colcon_core.verb.build.BuildVerb object at 0x7f3740f924a0>>)
[5.153s] Level 1:colcon.colcon_core.package_discovery:discover_packages(colcon_meta) check parameters
[5.153s] Level 1:colcon.colcon_core.package_discovery:discover_packages(recursive) check parameters
[5.154s] Level 1:colcon.colcon_core.package_discovery:discover_packages(ignore) check parameters
[5.154s] Level 1:colcon.colcon_core.package_discovery:discover_packages(path) check parameters
[5.154s] Level 1:colcon.colcon_core.package_discovery:discover_packages(colcon_meta) discover
[5.154s] Level 1:colcon.colcon_core.package_discovery:discover_packages(recursive) discover
[5.154s] INFO:colcon.colcon_core.package_discovery:Crawling recursively for packages in '/home/vladi/Desktop/ros2_commands/qt_ros_ws'
[5.155s] Level 1:colcon.colcon_core.package_identification:_identify(.) by extensions ['ignore', 'ignore_ament_install']
[5.155s] Level 1:colcon.colcon_core.package_identification:_identify(.) by extension 'ignore'
[5.156s] Level 1:colcon.colcon_core.package_identification:_identify(.) by extension 'ignore_ament_install'
[5.156s] Level 1:colcon.colcon_core.package_identification:_identify(.) by extensions ['colcon_pkg']
[5.156s] Level 1:colcon.colcon_core.package_identification:_identify(.) by extension 'colcon_pkg'
[5.156s] Level 1:colcon.colcon_core.package_identification:_identify(.) by extensions ['colcon_meta']
[5.157s] Level 1:colcon.colcon_core.package_identification:_identify(.) by extension 'colcon_meta'
[5.157s] Level 1:colcon.colcon_core.package_identification:_identify(.) by extensions ['ros']
[5.157s] Level 1:colcon.colcon_core.package_identification:_identify(.) by extension 'ros'
[5.203s] Level 1:colcon.colcon_core.package_identification:_identify(.) by extensions ['cmake', 'python']
[5.203s] Level 1:colcon.colcon_core.package_identification:_identify(.) by extension 'cmake'
[5.203s] Level 1:colcon.colcon_core.package_identification:_identify(.) by extension 'python'
[5.204s] Level 1:colcon.colcon_core.package_identification:_identify(.) by extensions ['python_setup_py']
[5.204s] Level 1:colcon.colcon_core.package_identification:_identify(.) by extension 'python_setup_py'
[5.204s] Level 1:colcon.colcon_core.package_identification:_identify(build) by extensions ['ignore', 'ignore_ament_install']
[5.205s] Level 1:colcon.colcon_core.package_identification:_identify(build) by extension 'ignore'
[5.205s] Level 1:colcon.colcon_core.package_identification:_identify(build) ignored
[5.205s] Level 1:colcon.colcon_core.package_identification:_identify(install) by extensions ['ignore', 'ignore_ament_install']
[5.206s] Level 1:colcon.colcon_core.package_identification:_identify(install) by extension 'ignore'
[5.206s] Level 1:colcon.colcon_core.package_identification:_identify(install) ignored
[5.207s] Level 1:colcon.colcon_core.package_identification:_identify(log) by extensions ['ignore', 'ignore_ament_install']
[5.208s] Level 1:colcon.colcon_core.package_identification:_identify(log) by extension 'ignore'
[5.208s] Level 1:colcon.colcon_core.package_identification:_identify(log) ignored
[5.208s] Level 1:colcon.colcon_core.package_identification:_identify(src) by extensions ['ignore', 'ignore_ament_install']
[5.209s] Level 1:colcon.colcon_core.package_identification:_identify(src) by extension 'ignore'
[5.209s] Level 1:colcon.colcon_core.package_identification:_identify(src) by extension 'ignore_ament_install'
[5.209s] Level 1:colcon.colcon_core.package_identification:_identify(src) by extensions ['colcon_pkg']
[5.210s] Level 1:colcon.colcon_core.package_identification:_identify(src) by extension 'colcon_pkg'
[5.210s] Level 1:colcon.colcon_core.package_identification:_identify(src) by extensions ['colcon_meta']
[5.210s] Level 1:colcon.colcon_core.package_identification:_identify(src) by extension 'colcon_meta'
[5.210s] Level 1:colcon.colcon_core.package_identification:_identify(src) by extensions ['ros']
[5.210s] Level 1:colcon.colcon_core.package_identification:_identify(src) by extension 'ros'
[5.211s] Level 1:colcon.colcon_core.package_identification:_identify(src) by extensions ['cmake', 'python']
[5.211s] Level 1:colcon.colcon_core.package_identification:_identify(src) by extension 'cmake'
[5.211s] Level 1:colcon.colcon_core.package_identification:_identify(src) by extension 'python'
[5.211s] Level 1:colcon.colcon_core.package_identification:_identify(src) by extensions ['python_setup_py']
[5.211s] Level 1:colcon.colcon_core.package_identification:_identify(src) by extension 'python_setup_py'
[5.212s] Level 1:colcon.colcon_core.package_identification:_identify(src/neptune_2_description) by extensions ['ignore', 'ignore_ament_install']
[5.212s] Level 1:colcon.colcon_core.package_identification:_identify(src/neptune_2_description) by extension 'ignore'
[5.213s] Level 1:colcon.colcon_core.package_identification:_identify(src/neptune_2_description) by extension 'ignore_ament_install'
[5.213s] Level 1:colcon.colcon_core.package_identification:_identify(src/neptune_2_description) by extensions ['colcon_pkg']
[5.213s] Level 1:colcon.colcon_core.package_identification:_identify(src/neptune_2_description) by extension 'colcon_pkg'
[5.213s] Level 1:colcon.colcon_core.package_identification:_identify(src/neptune_2_description) by extensions ['colcon_meta']
[5.214s] Level 1:colcon.colcon_core.package_identification:_identify(src/neptune_2_description) by extension 'colcon_meta'
[5.214s] Level 1:colcon.colcon_core.package_identification:_identify(src/neptune_2_description) by extensions ['ros']
[5.214s] Level 1:colcon.colcon_core.package_identification:_identify(src/neptune_2_description) by extension 'ros'
[5.224s] DEBUG:colcon.colcon_core.package_identification:Package 'src/neptune_2_description' with type 'ros.ament_cmake' and name 'neptune_2_description'
[5.225s] Level 1:colcon.colcon_core.package_discovery:discover_packages(recursive) using defaults
[5.225s] Level 1:colcon.colcon_core.package_discovery:discover_packages(ignore) discover
[5.225s] Level 1:colcon.colcon_core.package_discovery:discover_packages(ignore) using defaults
[5.225s] Level 1:colcon.colcon_core.package_discovery:discover_packages(path) discover
[5.225s] Level 1:colcon.colcon_core.package_discovery:discover_packages(path) using defaults
[5.705s] Level 1:colcon.colcon_core.package_discovery:discover_packages(prefix_path) check parameters
[5.705s] Level 1:colcon.colcon_core.package_discovery:discover_packages(prefix_path) discover
[5.878s] DEBUG:colcon.colcon_installed_package_information.package_discovery:Found 2 installed packages in /home/vladi/Desktop/ros2_commands/qt_ros_ws/install
[5.957s] DEBUG:colcon.colcon_installed_package_information.package_discovery:Found 368 installed packages in /opt/ros/humble
[5.964s] Level 1:colcon.colcon_core.package_discovery:discover_packages(prefix_path) using defaults
[6.509s] Level 5:colcon.colcon_core.verb:set package 'neptune_2_description' build argument 'cmake_args' from command line to 'None'
[6.509s] Level 5:colcon.colcon_core.verb:set package 'neptune_2_description' build argument 'cmake_target' from command line to 'None'
[6.509s] Level 5:colcon.colcon_core.verb:set package 'neptune_2_description' build argument 'cmake_target_skip_unavailable' from command line to 'False'
[6.510s] Level 5:colcon.colcon_core.verb:set package 'neptune_2_description' build argument 'cmake_clean_cache' from command line to 'False'
[6.510s] Level 5:colcon.colcon_core.verb:set package 'neptune_2_description' build argument 'cmake_clean_first' from command line to 'False'
[6.510s] Level 5:colcon.colcon_core.verb:set package 'neptune_2_description' build argument 'cmake_force_configure' from command line to 'False'
[6.510s] Level 5:colcon.colcon_core.verb:set package 'neptune_2_description' build argument 'ament_cmake_args' from command line to 'None'
[6.510s] Level 5:colcon.colcon_core.verb:set package 'neptune_2_description' build argument 'catkin_cmake_args' from command line to 'None'
[6.510s] Level 5:colcon.colcon_core.verb:set package 'neptune_2_description' build argument 'catkin_skip_building_tests' from command line to 'False'
[6.510s] DEBUG:colcon.colcon_core.verb:Building package 'neptune_2_description' with the following arguments: {'ament_cmake_args': None, 'build_base': '/home/vladi/Desktop/ros2_commands/qt_ros_ws/build/neptune_2_description', 'catkin_cmake_args': None, 'catkin_skip_building_tests': False, 'cmake_args': None, 'cmake_clean_cache': False, 'cmake_clean_first': False, 'cmake_force_configure': False, 'cmake_target': None, 'cmake_target_skip_unavailable': False, 'install_base': '/home/vladi/Desktop/ros2_commands/qt_ros_ws/install/neptune_2_description', 'merge_install': False, 'path': '/home/vladi/Desktop/ros2_commands/qt_ros_ws/src/neptune_2_description', 'symlink_install': False, 'test_result_base': None}
[6.581s] INFO:colcon.colcon_core.executor:Executing jobs using 'parallel' executor
[6.661s] DEBUG:colcon.colcon_parallel_executor.executor.parallel:run_until_complete
[6.661s] INFO:colcon.colcon_ros.task.ament_cmake.build:Building ROS package in '/home/vladi/Desktop/ros2_commands/qt_ros_ws/src/neptune_2_description' with build type 'ament_cmake'
[6.662s] INFO:colcon.colcon_cmake.task.cmake.build:Building CMake package in '/home/vladi/Desktop/ros2_commands/qt_ros_ws/src/neptune_2_description'
[6.740s] INFO:colcon.colcon_core.plugin_system:Skipping extension 'colcon_core.shell.bat': Not used on non-Windows systems
[6.741s] INFO:colcon.colcon_core.shell:Skip shell extension 'powershell' for command environment: Not usable outside of PowerShell
[6.742s] DEBUG:colcon.colcon_core.shell:Skip shell extension 'dsv' for command environment
[6.996s] DEBUG:colcon.colcon_core.event_handler.log_command:Invoking command in '/home/vladi/Desktop/ros2_commands/qt_ros_ws/build/neptune_2_description': CMAKE_PREFIX_PATH=${CMAKE_PREFIX_PATH}:/opt/ros/humble /usr/bin/cmake --build /home/vladi/Desktop/ros2_commands/qt_ros_ws/build/neptune_2_description -- -j8 -l8
[7.154s] DEBUG:colcon.colcon_core.event_handler.log_command:Invoked command in '/home/vladi/Desktop/ros2_commands/qt_ros_ws/build/neptune_2_description' returned '0': CMAKE_PREFIX_PATH=${CMAKE_PREFIX_PATH}:/opt/ros/humble /usr/bin/cmake --build /home/vladi/Desktop/ros2_commands/qt_ros_ws/build/neptune_2_description -- -j8 -l8
[7.279s] DEBUG:colcon.colcon_core.event_handler.log_command:Invoking command in '/home/vladi/Desktop/ros2_commands/qt_ros_ws/build/neptune_2_description': CMAKE_PREFIX_PATH=${CMAKE_PREFIX_PATH}:/opt/ros/humble /usr/bin/cmake --install /home/vladi/Desktop/ros2_commands/qt_ros_ws/build/neptune_2_description
[7.368s] Level 1:colcon.colcon_core.environment:create_environment_scripts_only(neptune_2_description)
[7.371s] DEBUG:colcon.colcon_core.event_handler.log_command:Invoked command in '/home/vladi/Desktop/ros2_commands/qt_ros_ws/build/neptune_2_description' returned '0': CMAKE_PREFIX_PATH=${CMAKE_PREFIX_PATH}:/opt/ros/humble /usr/bin/cmake --install /home/vladi/Desktop/ros2_commands/qt_ros_ws/build/neptune_2_description
[7.454s] Level 1:colcon.colcon_core.environment:checking '/home/vladi/Desktop/ros2_commands/qt_ros_ws/install/neptune_2_description' for CMake module files
[7.457s] Level 1:colcon.colcon_core.environment:checking '/home/vladi/Desktop/ros2_commands/qt_ros_ws/install/neptune_2_description' for CMake config files
[7.459s] Level 1:colcon.colcon_core.shell:create_environment_hook('neptune_2_description', 'cmake_prefix_path')
[7.536s] INFO:colcon.colcon_core.shell:Creating environment hook '/home/vladi/Desktop/ros2_commands/qt_ros_ws/install/neptune_2_description/share/neptune_2_description/hook/cmake_prefix_path.ps1'
[7.538s] INFO:colcon.colcon_core.shell:Creating environment descriptor '/home/vladi/Desktop/ros2_commands/qt_ros_ws/install/neptune_2_description/share/neptune_2_description/hook/cmake_prefix_path.dsv'
[7.539s] INFO:colcon.colcon_core.shell:Creating environment hook '/home/vladi/Desktop/ros2_commands/qt_ros_ws/install/neptune_2_description/share/neptune_2_description/hook/cmake_prefix_path.sh'
[7.543s] Level 1:colcon.colcon_core.environment:checking '/home/vladi/Desktop/ros2_commands/qt_ros_ws/install/neptune_2_description/bin'
[7.543s] Level 1:colcon.colcon_core.environment:checking '/home/vladi/Desktop/ros2_commands/qt_ros_ws/install/neptune_2_description/lib/pkgconfig/neptune_2_description.pc'
[7.544s] Level 1:colcon.colcon_core.environment:checking '/home/vladi/Desktop/ros2_commands/qt_ros_ws/install/neptune_2_description/lib/python3.10/site-packages'
[7.545s] Level 1:colcon.colcon_core.environment:checking '/home/vladi/Desktop/ros2_commands/qt_ros_ws/install/neptune_2_description/bin'
[7.624s] INFO:colcon.colcon_core.shell:Creating package script '/home/vladi/Desktop/ros2_commands/qt_ros_ws/install/neptune_2_description/share/neptune_2_description/package.ps1'
[7.628s] INFO:colcon.colcon_core.shell:Creating package descriptor '/home/vladi/Desktop/ros2_commands/qt_ros_ws/install/neptune_2_description/share/neptune_2_description/package.dsv'
[7.631s] INFO:colcon.colcon_core.shell:Creating package script '/home/vladi/Desktop/ros2_commands/qt_ros_ws/install/neptune_2_description/share/neptune_2_description/package.sh'
[7.635s] INFO:colcon.colcon_core.shell:Creating package script '/home/vladi/Desktop/ros2_commands/qt_ros_ws/install/neptune_2_description/share/neptune_2_description/package.bash'
[7.638s] INFO:colcon.colcon_core.shell:Creating package script '/home/vladi/Desktop/ros2_commands/qt_ros_ws/install/neptune_2_description/share/neptune_2_description/package.zsh'
[7.642s] Level 1:colcon.colcon_core.environment:create_file_with_runtime_dependencies(/home/vladi/Desktop/ros2_commands/qt_ros_ws/install/neptune_2_description/share/colcon-core/packages/neptune_2_description)
[7.796s] Level 1:colcon.colcon_core.environment:create_environment_scripts_only(neptune_2_description)
[7.877s] Level 1:colcon.colcon_core.environment:checking '/home/vladi/Desktop/ros2_commands/qt_ros_ws/install/neptune_2_description' for CMake module files
[7.880s] Level 1:colcon.colcon_core.environment:checking '/home/vladi/Desktop/ros2_commands/qt_ros_ws/install/neptune_2_description' for CMake config files
[7.882s] Level 1:colcon.colcon_core.shell:create_environment_hook('neptune_2_description', 'cmake_prefix_path')
[7.959s] INFO:colcon.colcon_core.shell:Creating environment hook '/home/vladi/Desktop/ros2_commands/qt_ros_ws/install/neptune_2_description/share/neptune_2_description/hook/cmake_prefix_path.ps1'
[7.961s] INFO:colcon.colcon_core.shell:Creating environment descriptor '/home/vladi/Desktop/ros2_commands/qt_ros_ws/install/neptune_2_description/share/neptune_2_description/hook/cmake_prefix_path.dsv'
[7.962s] INFO:colcon.colcon_core.shell:Creating environment hook '/home/vladi/Desktop/ros2_commands/qt_ros_ws/install/neptune_2_description/share/neptune_2_description/hook/cmake_prefix_path.sh'
[7.964s] Level 1:colcon.colcon_core.environment:checking '/home/vladi/Desktop/ros2_commands/qt_ros_ws/install/neptune_2_description/bin'
[7.965s] Level 1:colcon.colcon_core.environment:checking '/home/vladi/Desktop/ros2_commands/qt_ros_ws/install/neptune_2_description/lib/pkgconfig/neptune_2_description.pc'
[7.966s] Level 1:colcon.colcon_core.environment:checking '/home/vladi/Desktop/ros2_commands/qt_ros_ws/install/neptune_2_description/lib/python3.10/site-packages'
[7.967s] Level 1:colcon.colcon_core.environment:checking '/home/vladi/Desktop/ros2_commands/qt_ros_ws/install/neptune_2_description/bin'
[8.045s] INFO:colcon.colcon_core.shell:Creating package script '/home/vladi/Desktop/ros2_commands/qt_ros_ws/install/neptune_2_description/share/neptune_2_description/package.ps1'
[8.047s] INFO:colcon.colcon_core.shell:Creating package descriptor '/home/vladi/Desktop/ros2_commands/qt_ros_ws/install/neptune_2_description/share/neptune_2_description/package.dsv'
[8.049s] INFO:colcon.colcon_core.shell:Creating package script '/home/vladi/Desktop/ros2_commands/qt_ros_ws/install/neptune_2_description/share/neptune_2_description/package.sh'
[8.051s] INFO:colcon.colcon_core.shell:Creating package script '/home/vladi/Desktop/ros2_commands/qt_ros_ws/install/neptune_2_description/share/neptune_2_description/package.bash'
[8.053s] INFO:colcon.colcon_core.shell:Creating package script '/home/vladi/Desktop/ros2_commands/qt_ros_ws/install/neptune_2_description/share/neptune_2_description/package.zsh'
[8.054s] Level 1:colcon.colcon_core.environment:create_file_with_runtime_dependencies(/home/vladi/Desktop/ros2_commands/qt_ros_ws/install/neptune_2_description/share/colcon-core/packages/neptune_2_description)
[8.056s] DEBUG:colcon.colcon_parallel_executor.executor.parallel:closing loop
[8.057s] DEBUG:colcon.colcon_parallel_executor.executor.parallel:loop closed
[8.058s] DEBUG:colcon.colcon_parallel_executor.executor.parallel:run_until_complete finished with '0'
[8.058s] DEBUG:colcon.colcon_core.event_reactor:joining thread
[8.156s] INFO:colcon.colcon_core.plugin_system:Skipping extension 'colcon_notification.desktop_notification.terminal_notifier': Not used on non-Darwin systems
[8.157s] INFO:colcon.colcon_core.plugin_system:Skipping extension 'colcon_notification.desktop_notification.win32': Not used on non-Windows systems
[8.157s] INFO:colcon.colcon_notification.desktop_notification:Sending desktop notification using 'notify2'
[8.202s] DEBUG:colcon.colcon_core.event_reactor:joined thread
[8.276s] INFO:colcon.colcon_core.shell:Creating prefix script '/home/vladi/Desktop/ros2_commands/qt_ros_ws/install/local_setup.ps1'
[8.280s] INFO:colcon.colcon_core.shell:Creating prefix util module '/home/vladi/Desktop/ros2_commands/qt_ros_ws/install/_local_setup_util_ps1.py'
[8.285s] INFO:colcon.colcon_core.shell:Creating prefix chain script '/home/vladi/Desktop/ros2_commands/qt_ros_ws/install/setup.ps1'
[8.370s] INFO:colcon.colcon_core.shell:Creating prefix script '/home/vladi/Desktop/ros2_commands/qt_ros_ws/install/local_setup.sh'
[8.373s] INFO:colcon.colcon_core.shell:Creating prefix util module '/home/vladi/Desktop/ros2_commands/qt_ros_ws/install/_local_setup_util_sh.py'
[8.375s] INFO:colcon.colcon_core.shell:Creating prefix chain script '/home/vladi/Desktop/ros2_commands/qt_ros_ws/install/setup.sh'
[8.465s] INFO:colcon.colcon_core.shell:Creating prefix script '/home/vladi/Desktop/ros2_commands/qt_ros_ws/install/local_setup.bash'
[8.467s] INFO:colcon.colcon_core.shell:Creating prefix chain script '/home/vladi/Desktop/ros2_commands/qt_ros_ws/install/setup.bash'
[8.556s] INFO:colcon.colcon_core.shell:Creating prefix script '/home/vladi/Desktop/ros2_commands/qt_ros_ws/install/local_setup.zsh'
[8.560s] INFO:colcon.colcon_core.shell:Creating prefix chain script '/home/vladi/Desktop/ros2_commands/qt_ros_ws/install/setup.zsh'
