[0.175s] DEBUG:colcon:Command line arguments: ['/usr/bin/colcon', 'build']
[0.175s] DEBUG:colcon:Parsed command line arguments: Namespace(log_base=None, log_level=None, verb_name='build', build_base='build', install_base='install', merge_install=False, symlink_install=False, test_result_base=None, continue_on_error=False, executor='parallel', parallel_workers=8, event_handlers=None, ignore_user_meta=False, metas=['./colcon.meta'], base_paths=['.'], packages_ignore=None, packages_ignore_regex=None, paths=None, packages_up_to=None, packages_up_to_regex=None, packages_above=None, packages_above_and_dependencies=None, packages_above_depth=None, packages_select_by_dep=None, packages_skip_by_dep=None, packages_skip_up_to=None, packages_select_build_failed=False, packages_skip_build_finished=False, packages_select_test_failures=False, packages_skip_test_passed=False, packages_select=None, packages_skip=None, packages_select_regex=None, packages_skip_regex=None, packages_start=None, packages_end=None, allow_overriding=[], cmake_args=None, cmake_target=None, cmake_target_skip_unavailable=False, cmake_clean_cache=False, cmake_clean_first=False, cmake_force_configure=False, ament_cmake_args=None, catkin_cmake_args=None, catkin_skip_building_tests=False, mixin_files=None, mixin=None, verb_parser=<colcon_mixin.mixin.mixin_argument.MixinArgumentDecorator object at 0x73100ff42b60>, verb_extension=<colcon_core.verb.build.BuildVerb object at 0x73100ff42440>, main=<bound method BuildVerb.main of <colcon_core.verb.build.BuildVerb object at 0x73100ff42440>>, mixin_verb=('build',))
[0.677s] Level 1:colcon.colcon_core.package_discovery:discover_packages(colcon_meta) check parameters
[0.677s] Level 1:colcon.colcon_core.package_discovery:discover_packages(recursive) check parameters
[0.677s] Level 1:colcon.colcon_core.package_discovery:discover_packages(ignore) check parameters
[0.677s] Level 1:colcon.colcon_core.package_discovery:discover_packages(path) check parameters
[0.677s] Level 1:colcon.colcon_core.package_discovery:discover_packages(colcon_meta) discover
[0.677s] Level 1:colcon.colcon_core.package_discovery:discover_packages(recursive) discover
[0.677s] INFO:colcon.colcon_core.package_discovery:Crawling recursively for packages in '/home/vladi/Desktop/ros2_commands/qt_ros_ws'
[0.678s] Level 1:colcon.colcon_core.package_identification:_identify(.) by extensions ['ignore', 'ignore_ament_install']
[0.678s] Level 1:colcon.colcon_core.package_identification:_identify(.) by extension 'ignore'
[0.678s] Level 1:colcon.colcon_core.package_identification:_identify(.) by extension 'ignore_ament_install'
[0.678s] Level 1:colcon.colcon_core.package_identification:_identify(.) by extensions ['colcon_pkg']
[0.678s] Level 1:colcon.colcon_core.package_identification:_identify(.) by extension 'colcon_pkg'
[0.678s] Level 1:colcon.colcon_core.package_identification:_identify(.) by extensions ['colcon_meta']
[0.678s] Level 1:colcon.colcon_core.package_identification:_identify(.) by extension 'colcon_meta'
[0.678s] Level 1:colcon.colcon_core.package_identification:_identify(.) by extensions ['ros']
[0.678s] Level 1:colcon.colcon_core.package_identification:_identify(.) by extension 'ros'
[0.705s] Level 1:colcon.colcon_core.package_identification:_identify(.) by extensions ['cmake', 'python']
[0.705s] Level 1:colcon.colcon_core.package_identification:_identify(.) by extension 'cmake'
[0.706s] Level 1:colcon.colcon_core.package_identification:_identify(.) by extension 'python'
[0.706s] Level 1:colcon.colcon_core.package_identification:_identify(.) by extensions ['python_setup_py']
[0.706s] Level 1:colcon.colcon_core.package_identification:_identify(.) by extension 'python_setup_py'
[0.706s] Level 1:colcon.colcon_core.package_identification:_identify(build) by extensions ['ignore', 'ignore_ament_install']
[0.706s] Level 1:colcon.colcon_core.package_identification:_identify(build) by extension 'ignore'
[0.707s] Level 1:colcon.colcon_core.package_identification:_identify(build) ignored
[0.707s] Level 1:colcon.colcon_core.package_identification:_identify(install) by extensions ['ignore', 'ignore_ament_install']
[0.708s] Level 1:colcon.colcon_core.package_identification:_identify(install) by extension 'ignore'
[0.708s] Level 1:colcon.colcon_core.package_identification:_identify(install) ignored
[0.708s] Level 1:colcon.colcon_core.package_identification:_identify(log) by extensions ['ignore', 'ignore_ament_install']
[0.708s] Level 1:colcon.colcon_core.package_identification:_identify(log) by extension 'ignore'
[0.709s] Level 1:colcon.colcon_core.package_identification:_identify(log) ignored
[0.709s] Level 1:colcon.colcon_core.package_identification:_identify(src) by extensions ['ignore', 'ignore_ament_install']
[0.709s] Level 1:colcon.colcon_core.package_identification:_identify(src) by extension 'ignore'
[0.709s] Level 1:colcon.colcon_core.package_identification:_identify(src) by extension 'ignore_ament_install'
[0.709s] Level 1:colcon.colcon_core.package_identification:_identify(src) by extensions ['colcon_pkg']
[0.709s] Level 1:colcon.colcon_core.package_identification:_identify(src) by extension 'colcon_pkg'
[0.709s] Level 1:colcon.colcon_core.package_identification:_identify(src) by extensions ['colcon_meta']
[0.709s] Level 1:colcon.colcon_core.package_identification:_identify(src) by extension 'colcon_meta'
[0.710s] Level 1:colcon.colcon_core.package_identification:_identify(src) by extensions ['ros']
[0.710s] Level 1:colcon.colcon_core.package_identification:_identify(src) by extension 'ros'
[0.710s] Level 1:colcon.colcon_core.package_identification:_identify(src) by extensions ['cmake', 'python']
[0.710s] Level 1:colcon.colcon_core.package_identification:_identify(src) by extension 'cmake'
[0.710s] Level 1:colcon.colcon_core.package_identification:_identify(src) by extension 'python'
[0.710s] Level 1:colcon.colcon_core.package_identification:_identify(src) by extensions ['python_setup_py']
[0.710s] Level 1:colcon.colcon_core.package_identification:_identify(src) by extension 'python_setup_py'
[0.710s] Level 1:colcon.colcon_core.package_identification:_identify(src/neptune_2_bringup) by extensions ['ignore', 'ignore_ament_install']
[0.711s] Level 1:colcon.colcon_core.package_identification:_identify(src/neptune_2_bringup) by extension 'ignore'
[0.711s] Level 1:colcon.colcon_core.package_identification:_identify(src/neptune_2_bringup) by extension 'ignore_ament_install'
[0.711s] Level 1:colcon.colcon_core.package_identification:_identify(src/neptune_2_bringup) by extensions ['colcon_pkg']
[0.711s] Level 1:colcon.colcon_core.package_identification:_identify(src/neptune_2_bringup) by extension 'colcon_pkg'
[0.711s] Level 1:colcon.colcon_core.package_identification:_identify(src/neptune_2_bringup) by extensions ['colcon_meta']
[0.711s] Level 1:colcon.colcon_core.package_identification:_identify(src/neptune_2_bringup) by extension 'colcon_meta'
[0.711s] Level 1:colcon.colcon_core.package_identification:_identify(src/neptune_2_bringup) by extensions ['ros']
[0.711s] Level 1:colcon.colcon_core.package_identification:_identify(src/neptune_2_bringup) by extension 'ros'
[0.715s] DEBUG:colcon.colcon_core.package_identification:Package 'src/neptune_2_bringup' with type 'ros.ament_cmake' and name 'neptune_2_bringup'
[0.716s] Level 1:colcon.colcon_core.package_identification:_identify(src/neptune_2_description) by extensions ['ignore', 'ignore_ament_install']
[0.716s] Level 1:colcon.colcon_core.package_identification:_identify(src/neptune_2_description) by extension 'ignore'
[0.716s] Level 1:colcon.colcon_core.package_identification:_identify(src/neptune_2_description) by extension 'ignore_ament_install'
[0.716s] Level 1:colcon.colcon_core.package_identification:_identify(src/neptune_2_description) by extensions ['colcon_pkg']
[0.716s] Level 1:colcon.colcon_core.package_identification:_identify(src/neptune_2_description) by extension 'colcon_pkg'
[0.716s] Level 1:colcon.colcon_core.package_identification:_identify(src/neptune_2_description) by extensions ['colcon_meta']
[0.716s] Level 1:colcon.colcon_core.package_identification:_identify(src/neptune_2_description) by extension 'colcon_meta'
[0.716s] Level 1:colcon.colcon_core.package_identification:_identify(src/neptune_2_description) by extensions ['ros']
[0.716s] Level 1:colcon.colcon_core.package_identification:_identify(src/neptune_2_description) by extension 'ros'
[0.717s] DEBUG:colcon.colcon_core.package_identification:Package 'src/neptune_2_description' with type 'ros.ament_cmake' and name 'neptune_2_description'
[0.717s] Level 1:colcon.colcon_core.package_identification:_identify(src/st_ligth) by extensions ['ignore', 'ignore_ament_install']
[0.717s] Level 1:colcon.colcon_core.package_identification:_identify(src/st_ligth) by extension 'ignore'
[0.717s] Level 1:colcon.colcon_core.package_identification:_identify(src/st_ligth) by extension 'ignore_ament_install'
[0.717s] Level 1:colcon.colcon_core.package_identification:_identify(src/st_ligth) by extensions ['colcon_pkg']
[0.717s] Level 1:colcon.colcon_core.package_identification:_identify(src/st_ligth) by extension 'colcon_pkg'
[0.718s] Level 1:colcon.colcon_core.package_identification:_identify(src/st_ligth) by extensions ['colcon_meta']
[0.718s] Level 1:colcon.colcon_core.package_identification:_identify(src/st_ligth) by extension 'colcon_meta'
[0.718s] Level 1:colcon.colcon_core.package_identification:_identify(src/st_ligth) by extensions ['ros']
[0.718s] Level 1:colcon.colcon_core.package_identification:_identify(src/st_ligth) by extension 'ros'
[0.718s] DEBUG:colcon.colcon_core.package_identification:Package 'src/st_ligth' with type 'ros.ament_cmake' and name 'st_ligth'
[0.718s] Level 1:colcon.colcon_core.package_discovery:discover_packages(recursive) using defaults
[0.719s] Level 1:colcon.colcon_core.package_discovery:discover_packages(ignore) discover
[0.719s] Level 1:colcon.colcon_core.package_discovery:discover_packages(ignore) using defaults
[0.719s] Level 1:colcon.colcon_core.package_discovery:discover_packages(path) discover
[0.719s] Level 1:colcon.colcon_core.package_discovery:discover_packages(path) using defaults
[0.770s] Level 1:colcon.colcon_core.package_discovery:discover_packages(prefix_path) check parameters
[0.770s] Level 1:colcon.colcon_core.package_discovery:discover_packages(prefix_path) discover
[0.790s] DEBUG:colcon.colcon_installed_package_information.package_discovery:Found 4 installed packages in /home/vladi/Desktop/ros2_commands/qt_ros_ws/install
[0.792s] DEBUG:colcon.colcon_installed_package_information.package_discovery:Found 456 installed packages in /opt/ros/humble
[0.795s] Level 1:colcon.colcon_core.package_discovery:discover_packages(prefix_path) using defaults
[0.861s] Level 5:colcon.colcon_core.verb:set package 'neptune_2_description' build argument 'cmake_args' from command line to 'None'
[0.862s] Level 5:colcon.colcon_core.verb:set package 'neptune_2_description' build argument 'cmake_target' from command line to 'None'
[0.862s] Level 5:colcon.colcon_core.verb:set package 'neptune_2_description' build argument 'cmake_target_skip_unavailable' from command line to 'False'
[0.862s] Level 5:colcon.colcon_core.verb:set package 'neptune_2_description' build argument 'cmake_clean_cache' from command line to 'False'
[0.862s] Level 5:colcon.colcon_core.verb:set package 'neptune_2_description' build argument 'cmake_clean_first' from command line to 'False'
[0.862s] Level 5:colcon.colcon_core.verb:set package 'neptune_2_description' build argument 'cmake_force_configure' from command line to 'False'
[0.862s] Level 5:colcon.colcon_core.verb:set package 'neptune_2_description' build argument 'ament_cmake_args' from command line to 'None'
[0.862s] Level 5:colcon.colcon_core.verb:set package 'neptune_2_description' build argument 'catkin_cmake_args' from command line to 'None'
[0.862s] Level 5:colcon.colcon_core.verb:set package 'neptune_2_description' build argument 'catkin_skip_building_tests' from command line to 'False'
[0.862s] DEBUG:colcon.colcon_core.verb:Building package 'neptune_2_description' with the following arguments: {'ament_cmake_args': None, 'build_base': '/home/vladi/Desktop/ros2_commands/qt_ros_ws/build/neptune_2_description', 'catkin_cmake_args': None, 'catkin_skip_building_tests': False, 'cmake_args': None, 'cmake_clean_cache': False, 'cmake_clean_first': False, 'cmake_force_configure': False, 'cmake_target': None, 'cmake_target_skip_unavailable': False, 'install_base': '/home/vladi/Desktop/ros2_commands/qt_ros_ws/install/neptune_2_description', 'merge_install': False, 'path': '/home/vladi/Desktop/ros2_commands/qt_ros_ws/src/neptune_2_description', 'symlink_install': False, 'test_result_base': None}
[0.862s] Level 5:colcon.colcon_core.verb:set package 'st_ligth' build argument 'cmake_args' from command line to 'None'
[0.862s] Level 5:colcon.colcon_core.verb:set package 'st_ligth' build argument 'cmake_target' from command line to 'None'
[0.862s] Level 5:colcon.colcon_core.verb:set package 'st_ligth' build argument 'cmake_target_skip_unavailable' from command line to 'False'
[0.863s] Level 5:colcon.colcon_core.verb:set package 'st_ligth' build argument 'cmake_clean_cache' from command line to 'False'
[0.863s] Level 5:colcon.colcon_core.verb:set package 'st_ligth' build argument 'cmake_clean_first' from command line to 'False'
[0.863s] Level 5:colcon.colcon_core.verb:set package 'st_ligth' build argument 'cmake_force_configure' from command line to 'False'
[0.863s] Level 5:colcon.colcon_core.verb:set package 'st_ligth' build argument 'ament_cmake_args' from command line to 'None'
[0.863s] Level 5:colcon.colcon_core.verb:set package 'st_ligth' build argument 'catkin_cmake_args' from command line to 'None'
[0.863s] Level 5:colcon.colcon_core.verb:set package 'st_ligth' build argument 'catkin_skip_building_tests' from command line to 'False'
[0.863s] DEBUG:colcon.colcon_core.verb:Building package 'st_ligth' with the following arguments: {'ament_cmake_args': None, 'build_base': '/home/vladi/Desktop/ros2_commands/qt_ros_ws/build/st_ligth', 'catkin_cmake_args': None, 'catkin_skip_building_tests': False, 'cmake_args': None, 'cmake_clean_cache': False, 'cmake_clean_first': False, 'cmake_force_configure': False, 'cmake_target': None, 'cmake_target_skip_unavailable': False, 'install_base': '/home/vladi/Desktop/ros2_commands/qt_ros_ws/install/st_ligth', 'merge_install': False, 'path': '/home/vladi/Desktop/ros2_commands/qt_ros_ws/src/st_ligth', 'symlink_install': False, 'test_result_base': None}
[0.863s] Level 5:colcon.colcon_core.verb:set package 'neptune_2_bringup' build argument 'cmake_args' from command line to 'None'
[0.863s] Level 5:colcon.colcon_core.verb:set package 'neptune_2_bringup' build argument 'cmake_target' from command line to 'None'
[0.863s] Level 5:colcon.colcon_core.verb:set package 'neptune_2_bringup' build argument 'cmake_target_skip_unavailable' from command line to 'False'
[0.863s] Level 5:colcon.colcon_core.verb:set package 'neptune_2_bringup' build argument 'cmake_clean_cache' from command line to 'False'
[0.863s] Level 5:colcon.colcon_core.verb:set package 'neptune_2_bringup' build argument 'cmake_clean_first' from command line to 'False'
[0.863s] Level 5:colcon.colcon_core.verb:set package 'neptune_2_bringup' build argument 'cmake_force_configure' from command line to 'False'
[0.864s] Level 5:colcon.colcon_core.verb:set package 'neptune_2_bringup' build argument 'ament_cmake_args' from command line to 'None'
[0.864s] Level 5:colcon.colcon_core.verb:set package 'neptune_2_bringup' build argument 'catkin_cmake_args' from command line to 'None'
[0.864s] Level 5:colcon.colcon_core.verb:set package 'neptune_2_bringup' build argument 'catkin_skip_building_tests' from command line to 'False'
[0.864s] DEBUG:colcon.colcon_core.verb:Building package 'neptune_2_bringup' with the following arguments: {'ament_cmake_args': None, 'build_base': '/home/vladi/Desktop/ros2_commands/qt_ros_ws/build/neptune_2_bringup', 'catkin_cmake_args': None, 'catkin_skip_building_tests': False, 'cmake_args': None, 'cmake_clean_cache': False, 'cmake_clean_first': False, 'cmake_force_configure': False, 'cmake_target': None, 'cmake_target_skip_unavailable': False, 'install_base': '/home/vladi/Desktop/ros2_commands/qt_ros_ws/install/neptune_2_bringup', 'merge_install': False, 'path': '/home/vladi/Desktop/ros2_commands/qt_ros_ws/src/neptune_2_bringup', 'symlink_install': False, 'test_result_base': None}
[0.864s] INFO:colcon.colcon_core.executor:Executing jobs using 'parallel' executor
[0.865s] DEBUG:colcon.colcon_parallel_executor.executor.parallel:run_until_complete
[0.866s] INFO:colcon.colcon_ros.task.ament_cmake.build:Building ROS package in '/home/vladi/Desktop/ros2_commands/qt_ros_ws/src/neptune_2_description' with build type 'ament_cmake'
[0.866s] INFO:colcon.colcon_cmake.task.cmake.build:Building CMake package in '/home/vladi/Desktop/ros2_commands/qt_ros_ws/src/neptune_2_description'
[0.895s] INFO:colcon.colcon_core.plugin_system:Skipping extension 'colcon_core.shell.bat': Not used on non-Windows systems
[0.895s] INFO:colcon.colcon_core.shell:Skip shell extension 'powershell' for command environment: Not usable outside of PowerShell
[0.895s] DEBUG:colcon.colcon_core.shell:Skip shell extension 'dsv' for command environment
[0.911s] INFO:colcon.colcon_ros.task.ament_cmake.build:Building ROS package in '/home/vladi/Desktop/ros2_commands/qt_ros_ws/src/st_ligth' with build type 'ament_cmake'
[0.911s] INFO:colcon.colcon_cmake.task.cmake.build:Building CMake package in '/home/vladi/Desktop/ros2_commands/qt_ros_ws/src/st_ligth'
[0.912s] INFO:colcon.colcon_core.shell:Skip shell extension 'powershell' for command environment: Not usable outside of PowerShell
[0.912s] DEBUG:colcon.colcon_core.shell:Skip shell extension 'dsv' for command environment
[0.968s] DEBUG:colcon.colcon_core.event_handler.log_command:Invoking command in '/home/vladi/Desktop/ros2_commands/qt_ros_ws/build/neptune_2_description': CMAKE_PREFIX_PATH=${CMAKE_PREFIX_PATH}:/opt/ros/humble /usr/bin/cmake --build /home/vladi/Desktop/ros2_commands/qt_ros_ws/build/neptune_2_description -- -j8 -l8
[0.991s] DEBUG:colcon.colcon_core.event_handler.log_command:Invoking command in '/home/vladi/Desktop/ros2_commands/qt_ros_ws/build/st_ligth': CMAKE_PREFIX_PATH=${CMAKE_PREFIX_PATH}:/opt/ros/humble /usr/bin/cmake --build /home/vladi/Desktop/ros2_commands/qt_ros_ws/build/st_ligth -- -j8 -l8
[1.055s] DEBUG:colcon.colcon_core.event_handler.log_command:Invoked command in '/home/vladi/Desktop/ros2_commands/qt_ros_ws/build/neptune_2_description' returned '0': CMAKE_PREFIX_PATH=${CMAKE_PREFIX_PATH}:/opt/ros/humble /usr/bin/cmake --build /home/vladi/Desktop/ros2_commands/qt_ros_ws/build/neptune_2_description -- -j8 -l8
[1.093s] DEBUG:colcon.colcon_core.event_handler.log_command:Invoking command in '/home/vladi/Desktop/ros2_commands/qt_ros_ws/build/neptune_2_description': CMAKE_PREFIX_PATH=${CMAKE_PREFIX_PATH}:/opt/ros/humble /usr/bin/cmake --install /home/vladi/Desktop/ros2_commands/qt_ros_ws/build/neptune_2_description
[1.095s] DEBUG:colcon.colcon_core.event_handler.log_command:Invoked command in '/home/vladi/Desktop/ros2_commands/qt_ros_ws/build/st_ligth' returned '0': CMAKE_PREFIX_PATH=${CMAKE_PREFIX_PATH}:/opt/ros/humble /usr/bin/cmake --build /home/vladi/Desktop/ros2_commands/qt_ros_ws/build/st_ligth -- -j8 -l8
[1.125s] DEBUG:colcon.colcon_core.event_handler.log_command:Invoking command in '/home/vladi/Desktop/ros2_commands/qt_ros_ws/build/st_ligth': CMAKE_PREFIX_PATH=${CMAKE_PREFIX_PATH}:/opt/ros/humble /usr/bin/cmake --install /home/vladi/Desktop/ros2_commands/qt_ros_ws/build/st_ligth
[1.127s] Level 1:colcon.colcon_core.environment:create_environment_scripts_only(neptune_2_description)
[1.128s] DEBUG:colcon.colcon_core.event_handler.log_command:Invoked command in '/home/vladi/Desktop/ros2_commands/qt_ros_ws/build/neptune_2_description' returned '0': CMAKE_PREFIX_PATH=${CMAKE_PREFIX_PATH}:/opt/ros/humble /usr/bin/cmake --install /home/vladi/Desktop/ros2_commands/qt_ros_ws/build/neptune_2_description
[1.134s] Level 1:colcon.colcon_core.environment:checking '/home/vladi/Desktop/ros2_commands/qt_ros_ws/install/neptune_2_description' for CMake module files
[1.135s] Level 1:colcon.colcon_core.environment:checking '/home/vladi/Desktop/ros2_commands/qt_ros_ws/install/neptune_2_description' for CMake config files
[1.135s] Level 1:colcon.colcon_core.shell:create_environment_hook('neptune_2_description', 'cmake_prefix_path')
[1.136s] INFO:colcon.colcon_core.shell:Creating environment hook '/home/vladi/Desktop/ros2_commands/qt_ros_ws/install/neptune_2_description/share/neptune_2_description/hook/cmake_prefix_path.ps1'
[1.137s] INFO:colcon.colcon_core.shell:Creating environment descriptor '/home/vladi/Desktop/ros2_commands/qt_ros_ws/install/neptune_2_description/share/neptune_2_description/hook/cmake_prefix_path.dsv'
[1.196s] INFO:colcon.colcon_core.shell:Creating environment hook '/home/vladi/Desktop/ros2_commands/qt_ros_ws/install/neptune_2_description/share/neptune_2_description/hook/cmake_prefix_path.sh'
[1.199s] Level 1:colcon.colcon_core.environment:checking '/home/vladi/Desktop/ros2_commands/qt_ros_ws/install/neptune_2_description/bin'
[1.199s] Level 1:colcon.colcon_core.environment:checking '/home/vladi/Desktop/ros2_commands/qt_ros_ws/install/neptune_2_description/lib/pkgconfig/neptune_2_description.pc'
[1.200s] Level 1:colcon.colcon_core.environment:checking '/home/vladi/Desktop/ros2_commands/qt_ros_ws/install/neptune_2_description/lib/python3.10/site-packages'
[1.200s] Level 1:colcon.colcon_core.environment:checking '/home/vladi/Desktop/ros2_commands/qt_ros_ws/install/neptune_2_description/bin'
[1.201s] INFO:colcon.colcon_core.shell:Creating package script '/home/vladi/Desktop/ros2_commands/qt_ros_ws/install/neptune_2_description/share/neptune_2_description/package.ps1'
[1.202s] INFO:colcon.colcon_core.shell:Creating package descriptor '/home/vladi/Desktop/ros2_commands/qt_ros_ws/install/neptune_2_description/share/neptune_2_description/package.dsv'
[1.203s] INFO:colcon.colcon_core.shell:Creating package script '/home/vladi/Desktop/ros2_commands/qt_ros_ws/install/neptune_2_description/share/neptune_2_description/package.sh'
[1.204s] INFO:colcon.colcon_core.shell:Creating package script '/home/vladi/Desktop/ros2_commands/qt_ros_ws/install/neptune_2_description/share/neptune_2_description/package.bash'
[1.219s] INFO:colcon.colcon_core.shell:Creating package script '/home/vladi/Desktop/ros2_commands/qt_ros_ws/install/neptune_2_description/share/neptune_2_description/package.zsh'
[1.232s] Level 1:colcon.colcon_core.environment:create_file_with_runtime_dependencies(/home/vladi/Desktop/ros2_commands/qt_ros_ws/install/neptune_2_description/share/colcon-core/packages/neptune_2_description)
[1.233s] Level 1:colcon.colcon_core.environment:create_environment_scripts_only(st_ligth)
[1.234s] Level 1:colcon.colcon_core.environment:checking '/home/vladi/Desktop/ros2_commands/qt_ros_ws/install/st_ligth' for CMake module files
[1.235s] DEBUG:colcon.colcon_core.event_handler.log_command:Invoked command in '/home/vladi/Desktop/ros2_commands/qt_ros_ws/build/st_ligth' returned '0': CMAKE_PREFIX_PATH=${CMAKE_PREFIX_PATH}:/opt/ros/humble /usr/bin/cmake --install /home/vladi/Desktop/ros2_commands/qt_ros_ws/build/st_ligth
[1.235s] Level 1:colcon.colcon_core.environment:checking '/home/vladi/Desktop/ros2_commands/qt_ros_ws/install/st_ligth' for CMake config files
[1.236s] Level 1:colcon.colcon_core.shell:create_environment_hook('st_ligth', 'cmake_prefix_path')
[1.236s] INFO:colcon.colcon_core.shell:Creating environment hook '/home/vladi/Desktop/ros2_commands/qt_ros_ws/install/st_ligth/share/st_ligth/hook/cmake_prefix_path.ps1'
[1.237s] INFO:colcon.colcon_core.shell:Creating environment descriptor '/home/vladi/Desktop/ros2_commands/qt_ros_ws/install/st_ligth/share/st_ligth/hook/cmake_prefix_path.dsv'
[1.237s] INFO:colcon.colcon_core.shell:Creating environment hook '/home/vladi/Desktop/ros2_commands/qt_ros_ws/install/st_ligth/share/st_ligth/hook/cmake_prefix_path.sh'
[1.238s] Level 1:colcon.colcon_core.environment:checking '/home/vladi/Desktop/ros2_commands/qt_ros_ws/install/st_ligth/bin'
[1.238s] Level 1:colcon.colcon_core.environment:checking '/home/vladi/Desktop/ros2_commands/qt_ros_ws/install/st_ligth/lib/pkgconfig/st_ligth.pc'
[1.238s] Level 1:colcon.colcon_core.environment:checking '/home/vladi/Desktop/ros2_commands/qt_ros_ws/install/st_ligth/lib/python3.10/site-packages'
[1.239s] Level 1:colcon.colcon_core.environment:checking '/home/vladi/Desktop/ros2_commands/qt_ros_ws/install/st_ligth/bin'
[1.239s] INFO:colcon.colcon_core.shell:Creating package script '/home/vladi/Desktop/ros2_commands/qt_ros_ws/install/st_ligth/share/st_ligth/package.ps1'
[1.240s] INFO:colcon.colcon_core.shell:Creating package descriptor '/home/vladi/Desktop/ros2_commands/qt_ros_ws/install/st_ligth/share/st_ligth/package.dsv'
[1.240s] INFO:colcon.colcon_core.shell:Creating package script '/home/vladi/Desktop/ros2_commands/qt_ros_ws/install/st_ligth/share/st_ligth/package.sh'
[1.241s] INFO:colcon.colcon_core.shell:Creating package script '/home/vladi/Desktop/ros2_commands/qt_ros_ws/install/st_ligth/share/st_ligth/package.bash'
[1.241s] INFO:colcon.colcon_core.shell:Creating package script '/home/vladi/Desktop/ros2_commands/qt_ros_ws/install/st_ligth/share/st_ligth/package.zsh'
[1.241s] Level 1:colcon.colcon_core.environment:create_file_with_runtime_dependencies(/home/vladi/Desktop/ros2_commands/qt_ros_ws/install/st_ligth/share/colcon-core/packages/st_ligth)
[1.261s] Level 1:colcon.colcon_core.environment:create_environment_scripts_only(neptune_2_description)
[1.261s] Level 1:colcon.colcon_core.environment:checking '/home/vladi/Desktop/ros2_commands/qt_ros_ws/install/neptune_2_description' for CMake module files
[1.262s] Level 1:colcon.colcon_core.environment:checking '/home/vladi/Desktop/ros2_commands/qt_ros_ws/install/neptune_2_description' for CMake config files
[1.263s] Level 1:colcon.colcon_core.shell:create_environment_hook('neptune_2_description', 'cmake_prefix_path')
[1.263s] INFO:colcon.colcon_core.shell:Creating environment hook '/home/vladi/Desktop/ros2_commands/qt_ros_ws/install/neptune_2_description/share/neptune_2_description/hook/cmake_prefix_path.ps1'
[1.264s] INFO:colcon.colcon_core.shell:Creating environment descriptor '/home/vladi/Desktop/ros2_commands/qt_ros_ws/install/neptune_2_description/share/neptune_2_description/hook/cmake_prefix_path.dsv'
[1.265s] INFO:colcon.colcon_core.shell:Creating environment hook '/home/vladi/Desktop/ros2_commands/qt_ros_ws/install/neptune_2_description/share/neptune_2_description/hook/cmake_prefix_path.sh'
[1.266s] Level 1:colcon.colcon_core.environment:checking '/home/vladi/Desktop/ros2_commands/qt_ros_ws/install/neptune_2_description/bin'
[1.266s] Level 1:colcon.colcon_core.environment:checking '/home/vladi/Desktop/ros2_commands/qt_ros_ws/install/neptune_2_description/lib/pkgconfig/neptune_2_description.pc'
[1.266s] Level 1:colcon.colcon_core.environment:checking '/home/vladi/Desktop/ros2_commands/qt_ros_ws/install/neptune_2_description/lib/python3.10/site-packages'
[1.266s] Level 1:colcon.colcon_core.environment:checking '/home/vladi/Desktop/ros2_commands/qt_ros_ws/install/neptune_2_description/bin'
[1.267s] INFO:colcon.colcon_core.shell:Creating package script '/home/vladi/Desktop/ros2_commands/qt_ros_ws/install/neptune_2_description/share/neptune_2_description/package.ps1'
[1.268s] INFO:colcon.colcon_core.shell:Creating package descriptor '/home/vladi/Desktop/ros2_commands/qt_ros_ws/install/neptune_2_description/share/neptune_2_description/package.dsv'
[1.268s] INFO:colcon.colcon_core.shell:Creating package script '/home/vladi/Desktop/ros2_commands/qt_ros_ws/install/neptune_2_description/share/neptune_2_description/package.sh'
[1.269s] INFO:colcon.colcon_core.shell:Creating package script '/home/vladi/Desktop/ros2_commands/qt_ros_ws/install/neptune_2_description/share/neptune_2_description/package.bash'
[1.270s] INFO:colcon.colcon_core.shell:Creating package script '/home/vladi/Desktop/ros2_commands/qt_ros_ws/install/neptune_2_description/share/neptune_2_description/package.zsh'
[1.270s] Level 1:colcon.colcon_core.environment:create_file_with_runtime_dependencies(/home/vladi/Desktop/ros2_commands/qt_ros_ws/install/neptune_2_description/share/colcon-core/packages/neptune_2_description)
[1.271s] INFO:colcon.colcon_ros.task.ament_cmake.build:Building ROS package in '/home/vladi/Desktop/ros2_commands/qt_ros_ws/src/neptune_2_bringup' with build type 'ament_cmake'
[1.271s] INFO:colcon.colcon_cmake.task.cmake.build:Building CMake package in '/home/vladi/Desktop/ros2_commands/qt_ros_ws/src/neptune_2_bringup'
[1.272s] INFO:colcon.colcon_core.shell:Skip shell extension 'powershell' for command environment: Not usable outside of PowerShell
[1.272s] DEBUG:colcon.colcon_core.shell:Skip shell extension 'dsv' for command environment
[1.278s] Level 1:colcon.colcon_core.environment:create_environment_scripts_only(st_ligth)
[1.278s] Level 1:colcon.colcon_core.environment:checking '/home/vladi/Desktop/ros2_commands/qt_ros_ws/install/st_ligth' for CMake module files
[1.279s] Level 1:colcon.colcon_core.environment:checking '/home/vladi/Desktop/ros2_commands/qt_ros_ws/install/st_ligth' for CMake config files
[1.280s] Level 1:colcon.colcon_core.shell:create_environment_hook('st_ligth', 'cmake_prefix_path')
[1.281s] INFO:colcon.colcon_core.shell:Creating environment hook '/home/vladi/Desktop/ros2_commands/qt_ros_ws/install/st_ligth/share/st_ligth/hook/cmake_prefix_path.ps1'
[1.282s] INFO:colcon.colcon_core.shell:Creating environment descriptor '/home/vladi/Desktop/ros2_commands/qt_ros_ws/install/st_ligth/share/st_ligth/hook/cmake_prefix_path.dsv'
[1.283s] INFO:colcon.colcon_core.shell:Creating environment hook '/home/vladi/Desktop/ros2_commands/qt_ros_ws/install/st_ligth/share/st_ligth/hook/cmake_prefix_path.sh'
[1.285s] Level 1:colcon.colcon_core.environment:checking '/home/vladi/Desktop/ros2_commands/qt_ros_ws/install/st_ligth/bin'
[1.285s] Level 1:colcon.colcon_core.environment:checking '/home/vladi/Desktop/ros2_commands/qt_ros_ws/install/st_ligth/lib/pkgconfig/st_ligth.pc'
[1.286s] Level 1:colcon.colcon_core.environment:checking '/home/vladi/Desktop/ros2_commands/qt_ros_ws/install/st_ligth/lib/python3.10/site-packages'
[1.286s] Level 1:colcon.colcon_core.environment:checking '/home/vladi/Desktop/ros2_commands/qt_ros_ws/install/st_ligth/bin'
[1.287s] INFO:colcon.colcon_core.shell:Creating package script '/home/vladi/Desktop/ros2_commands/qt_ros_ws/install/st_ligth/share/st_ligth/package.ps1'
[1.288s] INFO:colcon.colcon_core.shell:Creating package descriptor '/home/vladi/Desktop/ros2_commands/qt_ros_ws/install/st_ligth/share/st_ligth/package.dsv'
[1.289s] INFO:colcon.colcon_core.shell:Creating package script '/home/vladi/Desktop/ros2_commands/qt_ros_ws/install/st_ligth/share/st_ligth/package.sh'
[1.290s] INFO:colcon.colcon_core.shell:Creating package script '/home/vladi/Desktop/ros2_commands/qt_ros_ws/install/st_ligth/share/st_ligth/package.bash'
[1.291s] INFO:colcon.colcon_core.shell:Creating package script '/home/vladi/Desktop/ros2_commands/qt_ros_ws/install/st_ligth/share/st_ligth/package.zsh'
[1.292s] Level 1:colcon.colcon_core.environment:create_file_with_runtime_dependencies(/home/vladi/Desktop/ros2_commands/qt_ros_ws/install/st_ligth/share/colcon-core/packages/st_ligth)
[1.343s] DEBUG:colcon.colcon_core.event_handler.log_command:Invoking command in '/home/vladi/Desktop/ros2_commands/qt_ros_ws/build/neptune_2_bringup': CMAKE_PREFIX_PATH=/home/vladi/Desktop/ros2_commands/qt_ros_ws/install/neptune_2_description:/home/vladi/Desktop/ros2_commands/qt_ros_ws/install/vision:/home/vladi/Desktop/ros2_commands/qt_ros_ws/install/st_ligth:/home/vladi/Desktop/ros2_commands/qt_ros_ws/install/neptune_2_bringup:/opt/ros/humble /usr/bin/cmake --build /home/vladi/Desktop/ros2_commands/qt_ros_ws/build/neptune_2_bringup -- -j8 -l8
[17.648s] DEBUG:colcon.colcon_core.event_handler.log_command:Invoked command in '/home/vladi/Desktop/ros2_commands/qt_ros_ws/build/neptune_2_bringup' returned '2': CMAKE_PREFIX_PATH=/home/vladi/Desktop/ros2_commands/qt_ros_ws/install/neptune_2_description:/home/vladi/Desktop/ros2_commands/qt_ros_ws/install/vision:/home/vladi/Desktop/ros2_commands/qt_ros_ws/install/st_ligth:/home/vladi/Desktop/ros2_commands/qt_ros_ws/install/neptune_2_bringup:/opt/ros/humble /usr/bin/cmake --build /home/vladi/Desktop/ros2_commands/qt_ros_ws/build/neptune_2_bringup -- -j8 -l8
[17.677s] Level 1:colcon.colcon_core.environment:create_environment_scripts_only(neptune_2_bringup)
[17.678s] Level 1:colcon.colcon_core.environment:checking '/home/vladi/Desktop/ros2_commands/qt_ros_ws/install/neptune_2_bringup' for CMake module files
[17.678s] Level 1:colcon.colcon_core.environment:checking '/home/vladi/Desktop/ros2_commands/qt_ros_ws/install/neptune_2_bringup' for CMake config files
[17.679s] Level 1:colcon.colcon_core.shell:create_environment_hook('neptune_2_bringup', 'cmake_prefix_path')
[17.679s] INFO:colcon.colcon_core.shell:Creating environment hook '/home/vladi/Desktop/ros2_commands/qt_ros_ws/install/neptune_2_bringup/share/neptune_2_bringup/hook/cmake_prefix_path.ps1'
[17.707s] INFO:colcon.colcon_core.shell:Creating environment descriptor '/home/vladi/Desktop/ros2_commands/qt_ros_ws/install/neptune_2_bringup/share/neptune_2_bringup/hook/cmake_prefix_path.dsv'
[17.708s] INFO:colcon.colcon_core.shell:Creating environment hook '/home/vladi/Desktop/ros2_commands/qt_ros_ws/install/neptune_2_bringup/share/neptune_2_bringup/hook/cmake_prefix_path.sh'
[17.708s] Level 1:colcon.colcon_core.environment:checking '/home/vladi/Desktop/ros2_commands/qt_ros_ws/install/neptune_2_bringup/lib'
[17.709s] Level 1:colcon.colcon_core.environment:checking '/home/vladi/Desktop/ros2_commands/qt_ros_ws/install/neptune_2_bringup/bin'
[17.709s] Level 1:colcon.colcon_core.environment:checking '/home/vladi/Desktop/ros2_commands/qt_ros_ws/install/neptune_2_bringup/lib/pkgconfig/neptune_2_bringup.pc'
[17.709s] Level 1:colcon.colcon_core.environment:checking '/home/vladi/Desktop/ros2_commands/qt_ros_ws/install/neptune_2_bringup/lib/python3.10/site-packages'
[17.709s] Level 1:colcon.colcon_core.environment:checking '/home/vladi/Desktop/ros2_commands/qt_ros_ws/install/neptune_2_bringup/bin'
[17.710s] INFO:colcon.colcon_core.shell:Creating package script '/home/vladi/Desktop/ros2_commands/qt_ros_ws/install/neptune_2_bringup/share/neptune_2_bringup/package.ps1'
[17.710s] INFO:colcon.colcon_core.shell:Creating package descriptor '/home/vladi/Desktop/ros2_commands/qt_ros_ws/install/neptune_2_bringup/share/neptune_2_bringup/package.dsv'
[17.712s] INFO:colcon.colcon_core.shell:Creating package script '/home/vladi/Desktop/ros2_commands/qt_ros_ws/install/neptune_2_bringup/share/neptune_2_bringup/package.sh'
[17.712s] INFO:colcon.colcon_core.shell:Creating package script '/home/vladi/Desktop/ros2_commands/qt_ros_ws/install/neptune_2_bringup/share/neptune_2_bringup/package.bash'
[17.713s] INFO:colcon.colcon_core.shell:Creating package script '/home/vladi/Desktop/ros2_commands/qt_ros_ws/install/neptune_2_bringup/share/neptune_2_bringup/package.zsh'
[17.713s] Level 1:colcon.colcon_core.environment:create_file_with_runtime_dependencies(/home/vladi/Desktop/ros2_commands/qt_ros_ws/install/neptune_2_bringup/share/colcon-core/packages/neptune_2_bringup)
[17.724s] DEBUG:colcon.colcon_parallel_executor.executor.parallel:closing loop
[17.724s] DEBUG:colcon.colcon_parallel_executor.executor.parallel:loop closed
[17.724s] DEBUG:colcon.colcon_parallel_executor.executor.parallel:run_until_complete finished with '2'
[17.724s] DEBUG:colcon.colcon_core.event_reactor:joining thread
[17.770s] INFO:colcon.colcon_core.plugin_system:Skipping extension 'colcon_notification.desktop_notification.terminal_notifier': Not used on non-Darwin systems
[17.770s] INFO:colcon.colcon_core.plugin_system:Skipping extension 'colcon_notification.desktop_notification.win32': Not used on non-Windows systems
[17.770s] INFO:colcon.colcon_notification.desktop_notification:Sending desktop notification using 'notify2'
[17.820s] DEBUG:colcon.colcon_core.event_reactor:joined thread
[17.820s] INFO:colcon.colcon_core.shell:Creating prefix script '/home/vladi/Desktop/ros2_commands/qt_ros_ws/install/local_setup.ps1'
[17.822s] INFO:colcon.colcon_core.shell:Creating prefix util module '/home/vladi/Desktop/ros2_commands/qt_ros_ws/install/_local_setup_util_ps1.py'
[17.853s] INFO:colcon.colcon_core.shell:Creating prefix chain script '/home/vladi/Desktop/ros2_commands/qt_ros_ws/install/setup.ps1'
[17.855s] INFO:colcon.colcon_core.shell:Creating prefix script '/home/vladi/Desktop/ros2_commands/qt_ros_ws/install/local_setup.sh'
[17.856s] INFO:colcon.colcon_core.shell:Creating prefix util module '/home/vladi/Desktop/ros2_commands/qt_ros_ws/install/_local_setup_util_sh.py'
[17.856s] INFO:colcon.colcon_core.shell:Creating prefix chain script '/home/vladi/Desktop/ros2_commands/qt_ros_ws/install/setup.sh'
[17.858s] INFO:colcon.colcon_core.shell:Creating prefix script '/home/vladi/Desktop/ros2_commands/qt_ros_ws/install/local_setup.bash'
[17.860s] INFO:colcon.colcon_core.shell:Creating prefix chain script '/home/vladi/Desktop/ros2_commands/qt_ros_ws/install/setup.bash'
[17.871s] INFO:colcon.colcon_core.shell:Creating prefix script '/home/vladi/Desktop/ros2_commands/qt_ros_ws/install/local_setup.zsh'
[17.883s] INFO:colcon.colcon_core.shell:Creating prefix chain script '/home/vladi/Desktop/ros2_commands/qt_ros_ws/install/setup.zsh'
