[ 50%] [32mBuilding CXX object CMakeFiles/msg_to_pcl2.dir/src/msg_to_pcl2.cpp.o[0m
[01m[K/home/vladi/Desktop/ros2_commands/qt_ros_ws/src/neptune_2_bringup/src/msg_to_pcl2.cpp:[m[K In member function ‘[01m[Kvoid MSGToPCL2::on_receive(sensor_msgs::msg::PointCloud2_<std::allocator<void> >::SharedPtr)[m[K’:
[01m[K/home/vladi/Desktop/ros2_commands/qt_ros_ws/src/neptune_2_bringup/src/msg_to_pcl2.cpp:113:24:[m[K [01;35m[Kwarning: [m[Kcomparison of integer expressions of different signedness: ‘[01m[Kint[m[K’ and ‘[01m[Ksensor_msgs::msg::PointCloud2_<std::allocator<void> >::_width_type[m[K’ {aka ‘[01m[Kunsigned int[m[K’} [[01;35m[K]8;;https://gcc.gnu.org/onlinedocs/gcc/Warning-Options.html#index-Wsign-compare-Wsign-compare]8;;[m[K]
  113 |         for(int i =0; [01;35m[Ki<tmp_pcl_msg.width[m[K;++i)
      |                       [01;35m[K~^~~~~~~~~~~~~~~~~~[m[K
In file included from [01m[K/opt/ros/humble/include/rclcpp/rclcpp/logging.hpp:24[m[K,
                 from [01m[K/opt/ros/humble/include/rclcpp/rclcpp/client.hpp:40[m[K,
                 from [01m[K/opt/ros/humble/include/rclcpp/rclcpp/callback_group.hpp:24[m[K,
                 from [01m[K/opt/ros/humble/include/rclcpp/rclcpp/any_executable.hpp:20[m[K,
                 from [01m[K/opt/ros/humble/include/rclcpp/rclcpp/memory_strategy.hpp:25[m[K,
                 from [01m[K/opt/ros/humble/include/rclcpp/rclcpp/memory_strategies.hpp:18[m[K,
                 from [01m[K/opt/ros/humble/include/rclcpp/rclcpp/executor_options.hpp:20[m[K,
                 from [01m[K/opt/ros/humble/include/rclcpp/rclcpp/executor.hpp:37[m[K,
                 from [01m[K/opt/ros/humble/include/rclcpp/rclcpp/executors/multi_threaded_executor.hpp:25[m[K,
                 from [01m[K/opt/ros/humble/include/rclcpp/rclcpp/executors.hpp:21[m[K,
                 from [01m[K/opt/ros/humble/include/rclcpp/rclcpp/rclcpp.hpp:155[m[K,
                 from [01m[K/home/vladi/Desktop/ros2_commands/qt_ros_ws/src/neptune_2_bringup/src/msg_to_pcl2.cpp:1[m[K:
[01m[K/home/vladi/Desktop/ros2_commands/qt_ros_ws/src/neptune_2_bringup/src/msg_to_pcl2.cpp:115:45:[m[K [01;35m[Kwarning: [m[Kformat ‘[01m[K%f[m[K’ expects argument of type ‘[01m[Kdouble[m[K’, but argument 6 has type ‘[01m[Kint[m[K’ [[01;35m[K]8;;https://gcc.gnu.org/onlinedocs/gcc/Warning-Options.html#index-Wformat=-Wformat=]8;;[m[K]
  115 |             RCLCPP_INFO(this->get_logger(), [01;35m[K"cloud [%i] = %f"[m[K, i,tmp_pcl_msg.data[i] );
      |                                             [01;35m[K^~~~~~~~~~~~~~~~~[m[K
[01m[K/home/vladi/Desktop/ros2_commands/qt_ros_ws/src/neptune_2_bringup/src/msg_to_pcl2.cpp:115:60:[m[K [01;36m[Knote: [m[Kformat string is defined here
  115 |             RCLCPP_INFO(this->get_logger(), "cloud [%i] = [01;36m[K%f[m[K", i,tmp_pcl_msg.data[i] );
      |                                                           [01;36m[K~^[m[K
      |                                                            [01;36m[K|[m[K
      |                                                            [01;36m[Kdouble[m[K
      |                                                           [32m[K%d[m[K
[100%] [32m[1mLinking CXX executable msg_to_pcl2[0m
[100%] Built target msg_to_pcl2
-- Install configuration: ""
-- Up-to-date: /home/vladi/Desktop/ros2_commands/qt_ros_ws/install/neptune_2_bringup/share/neptune_2_bringup//launch
-- Up-to-date: /home/vladi/Desktop/ros2_commands/qt_ros_ws/install/neptune_2_bringup/share/neptune_2_bringup//launch/neptune_2_gazebo.launch.xml
-- Up-to-date: /home/vladi/Desktop/ros2_commands/qt_ros_ws/install/neptune_2_bringup/share/neptune_2_bringup//rviz
-- Up-to-date: /home/vladi/Desktop/ros2_commands/qt_ros_ws/install/neptune_2_bringup/share/neptune_2_bringup//rviz/urdf_config,rviz.rviz
-- Up-to-date: /home/vladi/Desktop/ros2_commands/qt_ros_ws/install/neptune_2_bringup/share/neptune_2_bringup//worlds
-- Up-to-date: /home/vladi/Desktop/ros2_commands/qt_ros_ws/install/neptune_2_bringup/share/neptune_2_bringup//worlds/pool_world.world
-- Up-to-date: /home/vladi/Desktop/ros2_commands/qt_ros_ws/install/neptune_2_bringup/share/neptune_2_bringup//worlds/basic_lidar
-- Up-to-date: /home/vladi/Desktop/ros2_commands/qt_ros_ws/install/neptune_2_bringup/share/neptune_2_bringup//worlds/pool_world (copy).xml
-- Installing: /home/vladi/Desktop/ros2_commands/qt_ros_ws/install/neptune_2_bringup/lib/neptune_2_bringup/msg_to_pcl2
-- Set runtime path of "/home/vladi/Desktop/ros2_commands/qt_ros_ws/install/neptune_2_bringup/lib/neptune_2_bringup/msg_to_pcl2" to ""
-- Up-to-date: /home/vladi/Desktop/ros2_commands/qt_ros_ws/install/neptune_2_bringup/share/ament_index/resource_index/package_run_dependencies/neptune_2_bringup
-- Up-to-date: /home/vladi/Desktop/ros2_commands/qt_ros_ws/install/neptune_2_bringup/share/ament_index/resource_index/parent_prefix_path/neptune_2_bringup
-- Up-to-date: /home/vladi/Desktop/ros2_commands/qt_ros_ws/install/neptune_2_bringup/share/neptune_2_bringup/environment/ament_prefix_path.sh
-- Up-to-date: /home/vladi/Desktop/ros2_commands/qt_ros_ws/install/neptune_2_bringup/share/neptune_2_bringup/environment/ament_prefix_path.dsv
-- Up-to-date: /home/vladi/Desktop/ros2_commands/qt_ros_ws/install/neptune_2_bringup/share/neptune_2_bringup/environment/path.sh
-- Up-to-date: /home/vladi/Desktop/ros2_commands/qt_ros_ws/install/neptune_2_bringup/share/neptune_2_bringup/environment/path.dsv
-- Up-to-date: /home/vladi/Desktop/ros2_commands/qt_ros_ws/install/neptune_2_bringup/share/neptune_2_bringup/local_setup.bash
-- Up-to-date: /home/vladi/Desktop/ros2_commands/qt_ros_ws/install/neptune_2_bringup/share/neptune_2_bringup/local_setup.sh
-- Up-to-date: /home/vladi/Desktop/ros2_commands/qt_ros_ws/install/neptune_2_bringup/share/neptune_2_bringup/local_setup.zsh
-- Up-to-date: /home/vladi/Desktop/ros2_commands/qt_ros_ws/install/neptune_2_bringup/share/neptune_2_bringup/local_setup.dsv
-- Installing: /home/vladi/Desktop/ros2_commands/qt_ros_ws/install/neptune_2_bringup/share/neptune_2_bringup/package.dsv
-- Up-to-date: /home/vladi/Desktop/ros2_commands/qt_ros_ws/install/neptune_2_bringup/share/ament_index/resource_index/packages/neptune_2_bringup
-- Up-to-date: /home/vladi/Desktop/ros2_commands/qt_ros_ws/install/neptune_2_bringup/share/neptune_2_bringup/cmake/neptune_2_bringupConfig.cmake
-- Up-to-date: /home/vladi/Desktop/ros2_commands/qt_ros_ws/install/neptune_2_bringup/share/neptune_2_bringup/cmake/neptune_2_bringupConfig-version.cmake
-- Up-to-date: /home/vladi/Desktop/ros2_commands/qt_ros_ws/install/neptune_2_bringup/share/neptune_2_bringup/package.xml
