-- Found ament_cmake: 1.3.6 (/opt/ros/humble/share/ament_cmake/cmake)
Error parsing '/home/vladi/Desktop/ros2_commands/qt_ros_ws/src/neptune_2_bringup/package.xml':
Traceback (most recent call last):
  File "/opt/ros/humble/share/ament_cmake_core/cmake/core/package_xml_2_cmake.py", line 150, in <module>
    main()
  File "/opt/ros/humble/share/ament_cmake_core/cmake/core/package_xml_2_cmake.py", line 53, in main
    raise e
  File "/opt/ros/humble/share/ament_cmake_core/cmake/core/package_xml_2_cmake.py", line 49, in main
    package = parse_package_string(
  File "/usr/lib/python3/dist-packages/catkin_pkg/package.py", line 786, in parse_package_string
    raise InvalidPackage('Error(s):%s' % (''.join(['\n- %s' % e for e in errors])), filename)
catkin_pkg.package.InvalidPackage: Error(s) in package '/home/vladi/Desktop/ros2_commands/qt_ros_ws/src/neptune_2_bringup/package.xml':
Error(s):
- The manifest of package "neptune_2_bringup" (with format version 3) must not contain the following tags: exec
[31mCMake Error at /opt/ros/humble/share/ament_cmake_core/cmake/core/ament_package_xml.cmake:95 (message):
  execute_process(/usr/bin/python3.10
  /opt/ros/humble/share/ament_cmake_core/cmake/core/package_xml_2_cmake.py
  /home/vladi/Desktop/ros2_commands/qt_ros_ws/src/neptune_2_bringup/package.xml
  /home/vladi/Desktop/ros2_commands/qt_ros_ws/build/neptune_2_bringup/ament_cmake_core/package.cmake)
  returned error code 1
Call Stack (most recent call first):
  /opt/ros/humble/share/ament_cmake_core/cmake/core/ament_package_xml.cmake:49 (_ament_package_xml)
  /opt/ros/humble/share/ament_cmake_core/cmake/core/ament_package.cmake:63 (ament_package_xml)
  CMakeLists.txt:19 (ament_package)

[0m
-- Configuring incomplete, errors occurred!
See also "/home/vladi/Desktop/ros2_commands/qt_ros_ws/build/neptune_2_bringup/CMakeFiles/CMakeOutput.log".
