[0.000000] (-) TimerEvent: {}
[0.000509] (neptune_2_description) JobQueued: {'identifier': 'neptune_2_description', 'dependencies': OrderedDict()}
[0.000580] (neptune_2_bringup) JobQueued: {'identifier': 'neptune_2_bringup', 'dependencies': OrderedDict([('neptune_2_description', '/home/vladi/Desktop/ros2_commands/qt_ros_ws/install/neptune_2_description')])}
[0.000950] (neptune_2_description) JobStarted: {'identifier': 'neptune_2_description'}
[0.028854] (neptune_2_description) JobProgress: {'identifier': 'neptune_2_description', 'progress': 'cmake'}
[0.031056] (neptune_2_description) JobProgress: {'identifier': 'neptune_2_description', 'progress': 'build'}
[0.031746] (neptune_2_description) Command: {'cmd': ['/usr/bin/cmake', '--build', '/home/vladi/Desktop/ros2_commands/qt_ros_ws/build/neptune_2_description', '--', '-j8', '-l8'], 'cwd': '/home/vladi/Desktop/ros2_commands/qt_ros_ws/build/neptune_2_description', 'env': OrderedDict([('GJS_DEBUG_TOPICS', 'JS ERROR;JS LOG'), ('LC_TIME', 'bg_BG.UTF-8'), ('SNAP_COMMON', '/var/snap/qtcreator-ros/common'), ('SNAP_INSTANCE_KEY', ''), ('USER', 'vladi'), ('XDG_SESSION_TYPE', 'wayland'), ('LD_LIBRARY_PATH', '/usr/lib/x86_64-linux-gnu/gazebo-11/plugins:/opt/ros/humble/opt/rviz_ogre_vendor/lib:/opt/ros/humble/lib/x86_64-linux-gnu:/opt/ros/humble/lib:/snap/qtcreator-ros/116/lib:/snap/qtcreator-ros/116/usr/lib/x86_64-linux-gnu'), ('SHLVL', '16'), ('SNAP_UID', '1000'), ('HOME', '/home/vladi'), ('SNAP_LIBRARY_PATH', '/var/lib/snapd/lib/gl:/var/lib/snapd/lib/gl32:/var/lib/snapd/void'), ('DESKTOP_SESSION', 'ubuntu'), ('SNAP_USER_DATA', '/home/vladi/snap/qtcreator-ros/116'), ('GIO_LAUNCHED_DESKTOP_FILE', '/var/lib/snapd/desktop/applications/qtcreator-ros_qtcreator-ros.desktop'), ('GNOME_SHELL_SESSION_MODE', 'ubuntu'), ('GTK_MODULES', 'gail:atk-bridge'), ('ROS_PYTHON_VERSION', '3'), ('LC_MONETARY', 'bg_BG.UTF-8'), ('MANAGERPID', '1773'), ('DBUS_SESSION_BUS_ADDRESS', 'unix:path'), ('SYSTEMD_EXEC_PID', '2082'), ('GIO_LAUNCHED_DESKTOP_FILE_PID', '22273'), ('SNAP_REVISION', '116'), ('COLCON_PREFIX_PATH', '/home/vladi/Desktop/ros2_commands/qt_ros_ws/install'), ('IM_CONFIG_PHASE', '1'), ('ROS_DISTRO', 'humble'), ('WAYLAND_DISPLAY', 'wayland-0'), ('LOGNAME', 'vladi'), ('JOURNAL_STREAM', '8:15644'), ('SNAP_CONTEXT', '9AQhm-7iBh1lwgl6IfdWCe-7k_maJqNDSaCQhaoB11QyL5Fia0df'), ('_', '/usr/bin/env'), ('ROS_VERSION', '2'), ('SNAP_VERSION', '13.0.2'), ('XDG_SESSION_CLASS', 'user'), ('QSG_RHI_BACKEND', 'opengl'), ('TERM', 'xterm'), ('USERNAME', 'vladi'), ('GNOME_DESKTOP_SESSION_ID', 'this-is-deprecated'), ('ROS_LOCALHOST_ONLY', '0'), ('SNAP_INSTANCE_NAME', 'qtcreator-ros'), ('PATH', '/opt/ros/humble/bin:/usr/local/sbin:/usr/local/bin:/usr/sbin:/usr/bin:/sbin:/bin:/usr/games:/usr/local/games:/snap/bin:/snap/bin'), ('INVOCATION_ID', '572e84759cfc4b2a9541b82afd5e6424'), ('SESSION_MANAGER', 'local/vladi:@/tmp/.ICE-unix/2051,unix/vladi:/tmp/.ICE-unix/2051'), ('BAMF_DESKTOP_FILE_HINT', '/var/lib/snapd/desktop/applications/qtcreator-ros_qtcreator-ros.desktop'), ('GNOME_SETUP_DISPLAY', ':1'), ('LC_ADDRESS', 'bg_BG.UTF-8'), ('SNAP_DATA', '/var/snap/qtcreator-ros/116'), ('XDG_MENU_PREFIX', 'gnome-'), ('XDG_RUNTIME_DIR', '/run/user/1000'), ('DISPLAY', ':0'), ('LANG', 'en_US.UTF-8'), ('LC_TELEPHONE', 'bg_BG.UTF-8'), ('XDG_CURRENT_DESKTOP', 'ubuntu:GNOME'), ('XAUTHORITY', '/run/user/1000/.mutter-Xwaylandauth.X62HV2'), ('XDG_SESSION_DESKTOP', 'ubuntu'), ('XMODIFIERS', '@im'), ('AMENT_PREFIX_PATH', '/home/vladi/Desktop/ros2_commands/qt_ros_ws/install/neptune_2_bringup:/home/vladi/Desktop/ros2_commands/qt_ros_ws/install/neptune_2_description:/opt/ros/humble'), ('SNAP_ARCH', 'amd64'), ('SNAP_COOKIE', '9AQhm-7iBh1lwgl6IfdWCe-7k_maJqNDSaCQhaoB11QyL5Fia0df'), ('SNAP_USER_COMMON', '/home/vladi/snap/qtcreator-ros/common'), ('SSH_AGENT_LAUNCHER', 'gnome-keyring'), ('SSH_AUTH_SOCK', '/run/user/1000/keyring/ssh'), ('LC_NAME', 'bg_BG.UTF-8'), ('SHELL', '/bin/bash'), ('GDMSESSION', 'ubuntu'), ('QT_ACCESSIBILITY', '1'), ('SNAP_REEXEC', ''), ('SNAP_NAME', 'qtcreator-ros'), ('LC_MEASUREMENT', 'bg_BG.UTF-8'), ('GJS_DEBUG_OUTPUT', 'stderr'), ('LC_IDENTIFICATION', 'bg_BG.UTF-8'), ('QT_IM_MODULE', 'ibus'), ('LC_ALL', 'en_US.UTF-8'), ('PWD', '/home/vladi/Desktop/ros2_commands/qt_ros_ws/build/neptune_2_description'), ('QT_QPA_PLATFORM', 'wayland;xcb'), ('SNAP_REAL_HOME', '/home/vladi'), ('XDG_CONFIG_DIRS', '/etc/xdg/xdg-ubuntu:/etc/xdg'), ('XDG_DATA_DIRS', '/usr/share/ubuntu:/usr/local/share/:/usr/share/:/var/lib/snapd/desktop'), ('LC_NUMERIC', 'bg_BG.UTF-8'), ('PYTHONPATH', '/opt/ros/humble/lib/python3.10/site-packages:/opt/ros/humble/local/lib/python3.10/dist-packages'), ('SNAP', '/snap/qtcreator-ros/116'), ('SNAP_EUID', '1000'), ('LC_PAPER', 'bg_BG.UTF-8'), ('COLCON', '1'), ('CMAKE_PREFIX_PATH', '/home/vladi/Desktop/ros2_commands/qt_ros_ws/install/neptune_2_bringup:/home/vladi/Desktop/ros2_commands/qt_ros_ws/install/neptune_2_description:/opt/ros/humble'), ('GTK_THEME', ':light'), ('LIBGL_DRIVERS_PATH', '/snap/qtcreator-ros/116/usr/lib/x86_64-linux-gnu/dri')]), 'shell': False}
[0.099598] (-) TimerEvent: {}
[0.199999] (-) TimerEvent: {}
[0.213198] (neptune_2_description) CommandEnded: {'returncode': 0}
[0.241251] (neptune_2_description) JobProgress: {'identifier': 'neptune_2_description', 'progress': 'install'}
[0.252569] (neptune_2_description) Command: {'cmd': ['/usr/bin/cmake', '--install', '/home/vladi/Desktop/ros2_commands/qt_ros_ws/build/neptune_2_description'], 'cwd': '/home/vladi/Desktop/ros2_commands/qt_ros_ws/build/neptune_2_description', 'env': OrderedDict([('GJS_DEBUG_TOPICS', 'JS ERROR;JS LOG'), ('LC_TIME', 'bg_BG.UTF-8'), ('SNAP_COMMON', '/var/snap/qtcreator-ros/common'), ('SNAP_INSTANCE_KEY', ''), ('USER', 'vladi'), ('XDG_SESSION_TYPE', 'wayland'), ('LD_LIBRARY_PATH', '/usr/lib/x86_64-linux-gnu/gazebo-11/plugins:/opt/ros/humble/opt/rviz_ogre_vendor/lib:/opt/ros/humble/lib/x86_64-linux-gnu:/opt/ros/humble/lib:/snap/qtcreator-ros/116/lib:/snap/qtcreator-ros/116/usr/lib/x86_64-linux-gnu'), ('SHLVL', '16'), ('SNAP_UID', '1000'), ('HOME', '/home/vladi'), ('SNAP_LIBRARY_PATH', '/var/lib/snapd/lib/gl:/var/lib/snapd/lib/gl32:/var/lib/snapd/void'), ('DESKTOP_SESSION', 'ubuntu'), ('SNAP_USER_DATA', '/home/vladi/snap/qtcreator-ros/116'), ('GIO_LAUNCHED_DESKTOP_FILE', '/var/lib/snapd/desktop/applications/qtcreator-ros_qtcreator-ros.desktop'), ('GNOME_SHELL_SESSION_MODE', 'ubuntu'), ('GTK_MODULES', 'gail:atk-bridge'), ('ROS_PYTHON_VERSION', '3'), ('LC_MONETARY', 'bg_BG.UTF-8'), ('MANAGERPID', '1773'), ('DBUS_SESSION_BUS_ADDRESS', 'unix:path'), ('SYSTEMD_EXEC_PID', '2082'), ('GIO_LAUNCHED_DESKTOP_FILE_PID', '22273'), ('SNAP_REVISION', '116'), ('COLCON_PREFIX_PATH', '/home/vladi/Desktop/ros2_commands/qt_ros_ws/install'), ('IM_CONFIG_PHASE', '1'), ('ROS_DISTRO', 'humble'), ('WAYLAND_DISPLAY', 'wayland-0'), ('LOGNAME', 'vladi'), ('JOURNAL_STREAM', '8:15644'), ('SNAP_CONTEXT', '9AQhm-7iBh1lwgl6IfdWCe-7k_maJqNDSaCQhaoB11QyL5Fia0df'), ('_', '/usr/bin/env'), ('ROS_VERSION', '2'), ('SNAP_VERSION', '13.0.2'), ('XDG_SESSION_CLASS', 'user'), ('QSG_RHI_BACKEND', 'opengl'), ('TERM', 'xterm'), ('USERNAME', 'vladi'), ('GNOME_DESKTOP_SESSION_ID', 'this-is-deprecated'), ('ROS_LOCALHOST_ONLY', '0'), ('SNAP_INSTANCE_NAME', 'qtcreator-ros'), ('PATH', '/opt/ros/humble/bin:/usr/local/sbin:/usr/local/bin:/usr/sbin:/usr/bin:/sbin:/bin:/usr/games:/usr/local/games:/snap/bin:/snap/bin'), ('INVOCATION_ID', '572e84759cfc4b2a9541b82afd5e6424'), ('SESSION_MANAGER', 'local/vladi:@/tmp/.ICE-unix/2051,unix/vladi:/tmp/.ICE-unix/2051'), ('BAMF_DESKTOP_FILE_HINT', '/var/lib/snapd/desktop/applications/qtcreator-ros_qtcreator-ros.desktop'), ('GNOME_SETUP_DISPLAY', ':1'), ('LC_ADDRESS', 'bg_BG.UTF-8'), ('SNAP_DATA', '/var/snap/qtcreator-ros/116'), ('XDG_MENU_PREFIX', 'gnome-'), ('XDG_RUNTIME_DIR', '/run/user/1000'), ('DISPLAY', ':0'), ('LANG', 'en_US.UTF-8'), ('LC_TELEPHONE', 'bg_BG.UTF-8'), ('XDG_CURRENT_DESKTOP', 'ubuntu:GNOME'), ('XAUTHORITY', '/run/user/1000/.mutter-Xwaylandauth.X62HV2'), ('XDG_SESSION_DESKTOP', 'ubuntu'), ('XMODIFIERS', '@im'), ('AMENT_PREFIX_PATH', '/home/vladi/Desktop/ros2_commands/qt_ros_ws/install/neptune_2_bringup:/home/vladi/Desktop/ros2_commands/qt_ros_ws/install/neptune_2_description:/opt/ros/humble'), ('SNAP_ARCH', 'amd64'), ('SNAP_COOKIE', '9AQhm-7iBh1lwgl6IfdWCe-7k_maJqNDSaCQhaoB11QyL5Fia0df'), ('SNAP_USER_COMMON', '/home/vladi/snap/qtcreator-ros/common'), ('SSH_AGENT_LAUNCHER', 'gnome-keyring'), ('SSH_AUTH_SOCK', '/run/user/1000/keyring/ssh'), ('LC_NAME', 'bg_BG.UTF-8'), ('SHELL', '/bin/bash'), ('GDMSESSION', 'ubuntu'), ('QT_ACCESSIBILITY', '1'), ('SNAP_REEXEC', ''), ('SNAP_NAME', 'qtcreator-ros'), ('LC_MEASUREMENT', 'bg_BG.UTF-8'), ('GJS_DEBUG_OUTPUT', 'stderr'), ('LC_IDENTIFICATION', 'bg_BG.UTF-8'), ('QT_IM_MODULE', 'ibus'), ('LC_ALL', 'en_US.UTF-8'), ('PWD', '/home/vladi/Desktop/ros2_commands/qt_ros_ws/build/neptune_2_description'), ('QT_QPA_PLATFORM', 'wayland;xcb'), ('SNAP_REAL_HOME', '/home/vladi'), ('XDG_CONFIG_DIRS', '/etc/xdg/xdg-ubuntu:/etc/xdg'), ('XDG_DATA_DIRS', '/usr/share/ubuntu:/usr/local/share/:/usr/share/:/var/lib/snapd/desktop'), ('LC_NUMERIC', 'bg_BG.UTF-8'), ('PYTHONPATH', '/opt/ros/humble/lib/python3.10/site-packages:/opt/ros/humble/local/lib/python3.10/dist-packages'), ('SNAP', '/snap/qtcreator-ros/116'), ('SNAP_EUID', '1000'), ('LC_PAPER', 'bg_BG.UTF-8'), ('COLCON', '1'), ('CMAKE_PREFIX_PATH', '/home/vladi/Desktop/ros2_commands/qt_ros_ws/install/neptune_2_bringup:/home/vladi/Desktop/ros2_commands/qt_ros_ws/install/neptune_2_description:/opt/ros/humble'), ('GTK_THEME', ':light'), ('LIBGL_DRIVERS_PATH', '/snap/qtcreator-ros/116/usr/lib/x86_64-linux-gnu/dri')]), 'shell': False}
[0.263872] (neptune_2_description) StdoutLine: {'line': b'-- Install configuration: "Debug"\n'}
[0.265436] (neptune_2_description) StdoutLine: {'line': b'-- Up-to-date: /home/vladi/Desktop/ros2_commands/qt_ros_ws/install/neptune_2_description/share/neptune_2_description//urdf\n'}
[0.266902] (neptune_2_description) StdoutLine: {'line': b'-- Up-to-date: /home/vladi/Desktop/ros2_commands/qt_ros_ws/install/neptune_2_description/share/neptune_2_description//urdf/neptune_2.urdf.xacro\n'}
[0.267136] (neptune_2_description) StdoutLine: {'line': b'-- Up-to-date: /home/vladi/Desktop/ros2_commands/qt_ros_ws/install/neptune_2_description/share/neptune_2_description//urdf/mobile.xacro\n'}
[0.267314] (neptune_2_description) StdoutLine: {'line': b'-- Up-to-date: /home/vladi/Desktop/ros2_commands/qt_ros_ws/install/neptune_2_description/share/neptune_2_description//urdf/neptune_2_gazebo.xacro\n'}
[0.267480] (neptune_2_description) StdoutLine: {'line': b'-- Up-to-date: /home/vladi/Desktop/ros2_commands/qt_ros_ws/install/neptune_2_description/share/neptune_2_description//urdf/camera.xacro\n'}
[0.267645] (neptune_2_description) StdoutLine: {'line': b'-- Up-to-date: /home/vladi/Desktop/ros2_commands/qt_ros_ws/install/neptune_2_description/share/neptune_2_description//urdf/common_properties.xacro\n'}
[0.267823] (neptune_2_description) StdoutLine: {'line': b'-- Up-to-date: /home/vladi/Desktop/ros2_commands/qt_ros_ws/install/neptune_2_description/share/neptune_2_description//urdf/projector.xacro\n'}
[0.267983] (neptune_2_description) StdoutLine: {'line': b'-- Up-to-date: /home/vladi/Desktop/ros2_commands/qt_ros_ws/install/neptune_2_description/share/neptune_2_description//urdf/blueRov2.dae\n'}
[0.268132] (neptune_2_description) StdoutLine: {'line': b'-- Up-to-date: /home/vladi/Desktop/ros2_commands/qt_ros_ws/install/neptune_2_description/share/neptune_2_description//launch\n'}
[0.268582] (neptune_2_description) StdoutLine: {'line': b'-- Up-to-date: /home/vladi/Desktop/ros2_commands/qt_ros_ws/install/neptune_2_description/share/neptune_2_description//launch/display.launch.xml\n'}
[0.269632] (neptune_2_description) StdoutLine: {'line': b'-- Up-to-date: /home/vladi/Desktop/ros2_commands/qt_ros_ws/install/neptune_2_description/share/neptune_2_description//rviz\n'}
[0.270062] (neptune_2_description) StdoutLine: {'line': b'-- Up-to-date: /home/vladi/Desktop/ros2_commands/qt_ros_ws/install/neptune_2_description/share/neptune_2_description//rviz/urdf_config,rviz.rviz\n'}
[0.270312] (neptune_2_description) StdoutLine: {'line': b'-- Up-to-date: /home/vladi/Desktop/ros2_commands/qt_ros_ws/install/neptune_2_description/share/neptune_2_description//meshes\n'}
[0.270491] (neptune_2_description) StdoutLine: {'line': b'-- Up-to-date: /home/vladi/Desktop/ros2_commands/qt_ros_ws/install/neptune_2_description/share/neptune_2_description//meshes/untitled.dae\n'}
[0.270639] (neptune_2_description) StdoutLine: {'line': b'-- Up-to-date: /home/vladi/Desktop/ros2_commands/qt_ros_ws/install/neptune_2_description/share/neptune_2_description//meshes/blueRov2.dae\n'}
[0.270804] (neptune_2_description) StdoutLine: {'line': b'-- Up-to-date: /home/vladi/Desktop/ros2_commands/qt_ros_ws/install/neptune_2_description/share/ament_index/resource_index/package_run_dependencies/neptune_2_description\n'}
[0.270960] (neptune_2_description) StdoutLine: {'line': b'-- Up-to-date: /home/vladi/Desktop/ros2_commands/qt_ros_ws/install/neptune_2_description/share/ament_index/resource_index/parent_prefix_path/neptune_2_description\n'}
[0.271104] (neptune_2_description) StdoutLine: {'line': b'-- Up-to-date: /home/vladi/Desktop/ros2_commands/qt_ros_ws/install/neptune_2_description/share/neptune_2_description/environment/ament_prefix_path.sh\n'}
[0.271249] (neptune_2_description) StdoutLine: {'line': b'-- Up-to-date: /home/vladi/Desktop/ros2_commands/qt_ros_ws/install/neptune_2_description/share/neptune_2_description/environment/ament_prefix_path.dsv\n'}
[0.271392] (neptune_2_description) StdoutLine: {'line': b'-- Up-to-date: /home/vladi/Desktop/ros2_commands/qt_ros_ws/install/neptune_2_description/share/neptune_2_description/environment/path.sh\n'}
[0.271535] (neptune_2_description) StdoutLine: {'line': b'-- Up-to-date: /home/vladi/Desktop/ros2_commands/qt_ros_ws/install/neptune_2_description/share/neptune_2_description/environment/path.dsv\n'}
[0.271677] (neptune_2_description) StdoutLine: {'line': b'-- Up-to-date: /home/vladi/Desktop/ros2_commands/qt_ros_ws/install/neptune_2_description/share/neptune_2_description/local_setup.bash\n'}
[0.271859] (neptune_2_description) StdoutLine: {'line': b'-- Up-to-date: /home/vladi/Desktop/ros2_commands/qt_ros_ws/install/neptune_2_description/share/neptune_2_description/local_setup.sh\n'}
[0.272010] (neptune_2_description) StdoutLine: {'line': b'-- Up-to-date: /home/vladi/Desktop/ros2_commands/qt_ros_ws/install/neptune_2_description/share/neptune_2_description/local_setup.zsh\n'}
[0.272151] (neptune_2_description) StdoutLine: {'line': b'-- Up-to-date: /home/vladi/Desktop/ros2_commands/qt_ros_ws/install/neptune_2_description/share/neptune_2_description/local_setup.dsv\n'}
[0.272294] (neptune_2_description) StdoutLine: {'line': b'-- Up-to-date: /home/vladi/Desktop/ros2_commands/qt_ros_ws/install/neptune_2_description/share/neptune_2_description/package.dsv\n'}
[0.272442] (neptune_2_description) StdoutLine: {'line': b'-- Up-to-date: /home/vladi/Desktop/ros2_commands/qt_ros_ws/install/neptune_2_description/share/ament_index/resource_index/packages/neptune_2_description\n'}
[0.272817] (neptune_2_description) StdoutLine: {'line': b'-- Up-to-date: /home/vladi/Desktop/ros2_commands/qt_ros_ws/install/neptune_2_description/share/neptune_2_description/cmake/neptune_2_descriptionConfig.cmake\n'}
[0.273026] (neptune_2_description) StdoutLine: {'line': b'-- Up-to-date: /home/vladi/Desktop/ros2_commands/qt_ros_ws/install/neptune_2_description/share/neptune_2_description/cmake/neptune_2_descriptionConfig-version.cmake\n'}
[0.273368] (neptune_2_description) StdoutLine: {'line': b'-- Up-to-date: /home/vladi/Desktop/ros2_commands/qt_ros_ws/install/neptune_2_description/share/neptune_2_description/package.xml\n'}
[0.273528] (neptune_2_description) CommandEnded: {'returncode': 0}
[0.300110] (-) TimerEvent: {}
[0.400504] (-) TimerEvent: {}
[0.422277] (neptune_2_description) JobEnded: {'identifier': 'neptune_2_description', 'rc': 0}
[0.423957] (neptune_2_bringup) JobStarted: {'identifier': 'neptune_2_bringup'}
[0.472428] (neptune_2_bringup) JobProgress: {'identifier': 'neptune_2_bringup', 'progress': 'cmake'}
[0.500639] (-) TimerEvent: {}
[0.512170] (neptune_2_bringup) JobProgress: {'identifier': 'neptune_2_bringup', 'progress': 'build'}
[0.512429] (neptune_2_bringup) Command: {'cmd': ['/usr/bin/cmake', '--build', '/home/vladi/Desktop/ros2_commands/qt_ros_ws/build/neptune_2_bringup', '--', '-j8', '-l8'], 'cwd': '/home/vladi/Desktop/ros2_commands/qt_ros_ws/build/neptune_2_bringup', 'env': OrderedDict([('GJS_DEBUG_TOPICS', 'JS ERROR;JS LOG'), ('LC_TIME', 'bg_BG.UTF-8'), ('SNAP_COMMON', '/var/snap/qtcreator-ros/common'), ('SNAP_INSTANCE_KEY', ''), ('USER', 'vladi'), ('XDG_SESSION_TYPE', 'wayland'), ('LD_LIBRARY_PATH', '/usr/lib/x86_64-linux-gnu/gazebo-11/plugins:/opt/ros/humble/opt/rviz_ogre_vendor/lib:/opt/ros/humble/lib/x86_64-linux-gnu:/opt/ros/humble/lib:/snap/qtcreator-ros/116/lib:/snap/qtcreator-ros/116/usr/lib/x86_64-linux-gnu'), ('SHLVL', '16'), ('SNAP_UID', '1000'), ('HOME', '/home/vladi'), ('SNAP_LIBRARY_PATH', '/var/lib/snapd/lib/gl:/var/lib/snapd/lib/gl32:/var/lib/snapd/void'), ('DESKTOP_SESSION', 'ubuntu'), ('SNAP_USER_DATA', '/home/vladi/snap/qtcreator-ros/116'), ('GIO_LAUNCHED_DESKTOP_FILE', '/var/lib/snapd/desktop/applications/qtcreator-ros_qtcreator-ros.desktop'), ('GNOME_SHELL_SESSION_MODE', 'ubuntu'), ('GTK_MODULES', 'gail:atk-bridge'), ('ROS_PYTHON_VERSION', '3'), ('LC_MONETARY', 'bg_BG.UTF-8'), ('MANAGERPID', '1773'), ('DBUS_SESSION_BUS_ADDRESS', 'unix:path'), ('SYSTEMD_EXEC_PID', '2082'), ('GIO_LAUNCHED_DESKTOP_FILE_PID', '22273'), ('SNAP_REVISION', '116'), ('COLCON_PREFIX_PATH', '/home/vladi/Desktop/ros2_commands/qt_ros_ws/install'), ('IM_CONFIG_PHASE', '1'), ('ROS_DISTRO', 'humble'), ('WAYLAND_DISPLAY', 'wayland-0'), ('LOGNAME', 'vladi'), ('JOURNAL_STREAM', '8:15644'), ('SNAP_CONTEXT', '9AQhm-7iBh1lwgl6IfdWCe-7k_maJqNDSaCQhaoB11QyL5Fia0df'), ('_', '/usr/bin/env'), ('ROS_VERSION', '2'), ('SNAP_VERSION', '13.0.2'), ('XDG_SESSION_CLASS', 'user'), ('QSG_RHI_BACKEND', 'opengl'), ('TERM', 'xterm'), ('USERNAME', 'vladi'), ('GNOME_DESKTOP_SESSION_ID', 'this-is-deprecated'), ('ROS_LOCALHOST_ONLY', '0'), ('SNAP_INSTANCE_NAME', 'qtcreator-ros'), ('PATH', '/opt/ros/humble/bin:/usr/local/sbin:/usr/local/bin:/usr/sbin:/usr/bin:/sbin:/bin:/usr/games:/usr/local/games:/snap/bin:/snap/bin'), ('INVOCATION_ID', '572e84759cfc4b2a9541b82afd5e6424'), ('SESSION_MANAGER', 'local/vladi:@/tmp/.ICE-unix/2051,unix/vladi:/tmp/.ICE-unix/2051'), ('BAMF_DESKTOP_FILE_HINT', '/var/lib/snapd/desktop/applications/qtcreator-ros_qtcreator-ros.desktop'), ('GNOME_SETUP_DISPLAY', ':1'), ('LC_ADDRESS', 'bg_BG.UTF-8'), ('SNAP_DATA', '/var/snap/qtcreator-ros/116'), ('XDG_MENU_PREFIX', 'gnome-'), ('XDG_RUNTIME_DIR', '/run/user/1000'), ('DISPLAY', ':0'), ('LANG', 'en_US.UTF-8'), ('LC_TELEPHONE', 'bg_BG.UTF-8'), ('XDG_CURRENT_DESKTOP', 'ubuntu:GNOME'), ('XAUTHORITY', '/run/user/1000/.mutter-Xwaylandauth.X62HV2'), ('XDG_SESSION_DESKTOP', 'ubuntu'), ('XMODIFIERS', '@im'), ('AMENT_PREFIX_PATH', '/home/vladi/Desktop/ros2_commands/qt_ros_ws/install/neptune_2_bringup:/home/vladi/Desktop/ros2_commands/qt_ros_ws/install/neptune_2_description:/opt/ros/humble'), ('SNAP_ARCH', 'amd64'), ('SNAP_COOKIE', '9AQhm-7iBh1lwgl6IfdWCe-7k_maJqNDSaCQhaoB11QyL5Fia0df'), ('SNAP_USER_COMMON', '/home/vladi/snap/qtcreator-ros/common'), ('SSH_AGENT_LAUNCHER', 'gnome-keyring'), ('SSH_AUTH_SOCK', '/run/user/1000/keyring/ssh'), ('LC_NAME', 'bg_BG.UTF-8'), ('SHELL', '/bin/bash'), ('GDMSESSION', 'ubuntu'), ('QT_ACCESSIBILITY', '1'), ('SNAP_REEXEC', ''), ('SNAP_NAME', 'qtcreator-ros'), ('LC_MEASUREMENT', 'bg_BG.UTF-8'), ('GJS_DEBUG_OUTPUT', 'stderr'), ('LC_IDENTIFICATION', 'bg_BG.UTF-8'), ('QT_IM_MODULE', 'ibus'), ('LC_ALL', 'en_US.UTF-8'), ('PWD', '/home/vladi/Desktop/ros2_commands/qt_ros_ws/build/neptune_2_bringup'), ('QT_QPA_PLATFORM', 'wayland;xcb'), ('SNAP_REAL_HOME', '/home/vladi'), ('XDG_CONFIG_DIRS', '/etc/xdg/xdg-ubuntu:/etc/xdg'), ('XDG_DATA_DIRS', '/usr/share/ubuntu:/usr/local/share/:/usr/share/:/var/lib/snapd/desktop'), ('LC_NUMERIC', 'bg_BG.UTF-8'), ('PYTHONPATH', '/opt/ros/humble/lib/python3.10/site-packages:/opt/ros/humble/local/lib/python3.10/dist-packages'), ('SNAP', '/snap/qtcreator-ros/116'), ('SNAP_EUID', '1000'), ('LC_PAPER', 'bg_BG.UTF-8'), ('COLCON', '1'), ('CMAKE_PREFIX_PATH', '/home/vladi/Desktop/ros2_commands/qt_ros_ws/install/neptune_2_description:/home/vladi/Desktop/ros2_commands/qt_ros_ws/install/neptune_2_bringup:/opt/ros/humble'), ('GTK_THEME', ':light'), ('LIBGL_DRIVERS_PATH', '/snap/qtcreator-ros/116/usr/lib/x86_64-linux-gnu/dri')]), 'shell': False}
[0.600787] (-) TimerEvent: {}
[0.701641] (-) TimerEvent: {}
[0.802094] (-) TimerEvent: {}
[0.825658] (neptune_2_bringup) StdoutLine: {'line': b'Consolidate compiler generated dependencies of target msg_to_pcl2\n'}
[0.862665] (neptune_2_bringup) StdoutLine: {'line': b'[ 50%] Building CXX object CMakeFiles/msg_to_pcl2.dir/src/msg_to_pcl2.cpp.o\n'}
[0.902577] (-) TimerEvent: {}
[1.003004] (-) TimerEvent: {}
[1.103413] (-) TimerEvent: {}
[1.203844] (-) TimerEvent: {}
[1.304258] (-) TimerEvent: {}
[1.404666] (-) TimerEvent: {}
[1.505143] (-) TimerEvent: {}
[1.605594] (-) TimerEvent: {}
[1.706044] (-) TimerEvent: {}
[1.806492] (-) TimerEvent: {}
[1.906961] (-) TimerEvent: {}
[2.007384] (-) TimerEvent: {}
[2.107836] (-) TimerEvent: {}
[2.208259] (-) TimerEvent: {}
[2.308705] (-) TimerEvent: {}
[2.409178] (-) TimerEvent: {}
[2.509502] (-) TimerEvent: {}
[2.609812] (-) TimerEvent: {}
[2.710130] (-) TimerEvent: {}
[2.810467] (-) TimerEvent: {}
[2.910794] (-) TimerEvent: {}
[3.011112] (-) TimerEvent: {}
[3.111431] (-) TimerEvent: {}
[3.211782] (-) TimerEvent: {}
[3.312125] (-) TimerEvent: {}
[3.412449] (-) TimerEvent: {}
[3.512797] (-) TimerEvent: {}
[3.613170] (-) TimerEvent: {}
[3.713498] (-) TimerEvent: {}
[3.813884] (-) TimerEvent: {}
[3.914230] (-) TimerEvent: {}
[4.014568] (-) TimerEvent: {}
[4.114895] (-) TimerEvent: {}
[4.215224] (-) TimerEvent: {}
[4.315592] (-) TimerEvent: {}
[4.415913] (-) TimerEvent: {}
[4.516214] (-) TimerEvent: {}
[4.616630] (-) TimerEvent: {}
[4.717042] (-) TimerEvent: {}
[4.817441] (-) TimerEvent: {}
[4.917816] (-) TimerEvent: {}
[5.018160] (-) TimerEvent: {}
[5.118493] (-) TimerEvent: {}
[5.218812] (-) TimerEvent: {}
[5.319121] (-) TimerEvent: {}
[5.419438] (-) TimerEvent: {}
[5.519831] (-) TimerEvent: {}
[5.620170] (-) TimerEvent: {}
[5.720477] (-) TimerEvent: {}
[5.820799] (-) TimerEvent: {}
[5.921138] (-) TimerEvent: {}
[6.021464] (-) TimerEvent: {}
[6.121797] (-) TimerEvent: {}
[6.222108] (-) TimerEvent: {}
[6.322411] (-) TimerEvent: {}
[6.422746] (-) TimerEvent: {}
[6.523065] (-) TimerEvent: {}
[6.623347] (-) TimerEvent: {}
[6.723678] (-) TimerEvent: {}
[6.824009] (-) TimerEvent: {}
[6.924317] (-) TimerEvent: {}
[7.024625] (-) TimerEvent: {}
[7.125032] (-) TimerEvent: {}
[7.225354] (-) TimerEvent: {}
[7.325638] (-) TimerEvent: {}
[7.425991] (-) TimerEvent: {}
[7.526392] (-) TimerEvent: {}
[7.626754] (-) TimerEvent: {}
[7.727110] (-) TimerEvent: {}
[7.828076] (-) TimerEvent: {}
[7.928785] (-) TimerEvent: {}
[8.029207] (-) TimerEvent: {}
[8.129637] (-) TimerEvent: {}
[8.230076] (-) TimerEvent: {}
[8.330484] (-) TimerEvent: {}
[8.430869] (-) TimerEvent: {}
[8.531285] (-) TimerEvent: {}
[8.631660] (-) TimerEvent: {}
[8.732045] (-) TimerEvent: {}
[8.832439] (-) TimerEvent: {}
[8.932879] (-) TimerEvent: {}
[9.033401] (-) TimerEvent: {}
[9.133802] (-) TimerEvent: {}
[9.234304] (-) TimerEvent: {}
[9.334738] (-) TimerEvent: {}
[9.435394] (-) TimerEvent: {}
[9.535841] (-) TimerEvent: {}
[9.636220] (-) TimerEvent: {}
[9.736608] (-) TimerEvent: {}
[9.837025] (-) TimerEvent: {}
[9.937410] (-) TimerEvent: {}
[10.037799] (-) TimerEvent: {}
[10.138180] (-) TimerEvent: {}
[10.238557] (-) TimerEvent: {}
[10.338957] (-) TimerEvent: {}
[10.439329] (-) TimerEvent: {}
[10.539745] (-) TimerEvent: {}
[10.640147] (-) TimerEvent: {}
[10.740542] (-) TimerEvent: {}
[10.840957] (-) TimerEvent: {}
[10.941343] (-) TimerEvent: {}
[11.041730] (-) TimerEvent: {}
[11.142128] (-) TimerEvent: {}
[11.242539] (-) TimerEvent: {}
[11.343003] (-) TimerEvent: {}
[11.443399] (-) TimerEvent: {}
[11.543805] (-) TimerEvent: {}
[11.644365] (-) TimerEvent: {}
[11.744813] (-) TimerEvent: {}
[11.845236] (-) TimerEvent: {}
[11.945650] (-) TimerEvent: {}
[12.046079] (-) TimerEvent: {}
[12.146503] (-) TimerEvent: {}
[12.246950] (-) TimerEvent: {}
[12.347381] (-) TimerEvent: {}
[12.447789] (-) TimerEvent: {}
[12.548201] (-) TimerEvent: {}
[12.648600] (-) TimerEvent: {}
[12.749034] (-) TimerEvent: {}
[12.849427] (-) TimerEvent: {}
[12.949944] (-) TimerEvent: {}
[12.977181] (neptune_2_bringup) StderrLine: {'line': b'/home/vladi/Desktop/ros2_commands/qt_ros_ws/src/neptune_2_bringup/src/msg_to_pcl2.cpp: In member function \xe2\x80\x98void MSGToPCL2::on_receive(sensor_msgs::msg::PointCloud2_<std::allocator<void> >::SharedPtr)\xe2\x80\x99:\n'}
[12.977621] (neptune_2_bringup) StderrLine: {'line': b'/home/vladi/Desktop/ros2_commands/qt_ros_ws/src/neptune_2_bringup/src/msg_to_pcl2.cpp:114:27: warning: comparison of integer expressions of different signedness: \xe2\x80\x98int\xe2\x80\x99 and \xe2\x80\x98size_t\xe2\x80\x99 {aka \xe2\x80\x98long unsigned int\xe2\x80\x99} [-Wsign-compare]\n'}
[12.977915] (neptune_2_bringup) StderrLine: {'line': b'  114 |         for (int i = 0; i < num_rays; ++i)\n'}
[12.978131] (neptune_2_bringup) StderrLine: {'line': b'      |                         ~~^~~~~~~~~~\n'}
[13.050061] (-) TimerEvent: {}
[13.150508] (-) TimerEvent: {}
[13.250926] (-) TimerEvent: {}
[13.351329] (-) TimerEvent: {}
[13.451664] (-) TimerEvent: {}
[13.552091] (-) TimerEvent: {}
[13.652471] (-) TimerEvent: {}
[13.752816] (-) TimerEvent: {}
[13.853179] (-) TimerEvent: {}
[13.953585] (-) TimerEvent: {}
[14.054014] (-) TimerEvent: {}
[14.154476] (-) TimerEvent: {}
[14.254904] (-) TimerEvent: {}
[14.355342] (-) TimerEvent: {}
[14.455753] (-) TimerEvent: {}
[14.556153] (-) TimerEvent: {}
[14.656544] (-) TimerEvent: {}
[14.756993] (-) TimerEvent: {}
[14.857396] (-) TimerEvent: {}
[14.957835] (-) TimerEvent: {}
[15.058235] (-) TimerEvent: {}
[15.158618] (-) TimerEvent: {}
[15.259029] (-) TimerEvent: {}
[15.359432] (-) TimerEvent: {}
[15.459837] (-) TimerEvent: {}
[15.560237] (-) TimerEvent: {}
[15.660610] (-) TimerEvent: {}
[15.760999] (-) TimerEvent: {}
[15.861436] (-) TimerEvent: {}
[15.961822] (-) TimerEvent: {}
[16.062206] (-) TimerEvent: {}
[16.162614] (-) TimerEvent: {}
[16.263070] (-) TimerEvent: {}
[16.363467] (-) TimerEvent: {}
[16.463886] (-) TimerEvent: {}
[16.564304] (-) TimerEvent: {}
[16.664748] (-) TimerEvent: {}
[16.765167] (-) TimerEvent: {}
[16.865570] (-) TimerEvent: {}
[16.965973] (-) TimerEvent: {}
[17.066387] (-) TimerEvent: {}
[17.166806] (-) TimerEvent: {}
[17.267217] (-) TimerEvent: {}
[17.367624] (-) TimerEvent: {}
[17.467990] (-) TimerEvent: {}
[17.568319] (-) TimerEvent: {}
[17.668744] (-) TimerEvent: {}
[17.769124] (-) TimerEvent: {}
[17.869458] (-) TimerEvent: {}
[17.969835] (-) TimerEvent: {}
[18.070154] (-) TimerEvent: {}
[18.170459] (-) TimerEvent: {}
[18.270785] (-) TimerEvent: {}
[18.371111] (-) TimerEvent: {}
[18.471435] (-) TimerEvent: {}
[18.571797] (-) TimerEvent: {}
[18.672134] (-) TimerEvent: {}
[18.772464] (-) TimerEvent: {}
[18.872833] (-) TimerEvent: {}
[18.973208] (-) TimerEvent: {}
[19.073539] (-) TimerEvent: {}
[19.173859] (-) TimerEvent: {}
[19.274184] (-) TimerEvent: {}
[19.374506] (-) TimerEvent: {}
[19.474799] (-) TimerEvent: {}
[19.575129] (-) TimerEvent: {}
[19.675453] (-) TimerEvent: {}
[19.775799] (-) TimerEvent: {}
[19.876098] (-) TimerEvent: {}
[19.976402] (-) TimerEvent: {}
[20.076738] (-) TimerEvent: {}
[20.177057] (-) TimerEvent: {}
[20.277360] (-) TimerEvent: {}
[20.377668] (-) TimerEvent: {}
[20.477999] (-) TimerEvent: {}
[20.578269] (-) TimerEvent: {}
[20.678554] (-) TimerEvent: {}
[20.778877] (-) TimerEvent: {}
[20.879260] (-) TimerEvent: {}
[20.979664] (-) TimerEvent: {}
[21.080287] (-) TimerEvent: {}
[21.180612] (-) TimerEvent: {}
[21.280935] (-) TimerEvent: {}
[21.381286] (-) TimerEvent: {}
[21.481622] (-) TimerEvent: {}
[21.582012] (-) TimerEvent: {}
[21.682342] (-) TimerEvent: {}
[21.782699] (-) TimerEvent: {}
[21.883163] (-) TimerEvent: {}
[21.983498] (-) TimerEvent: {}
[22.083833] (-) TimerEvent: {}
[22.184166] (-) TimerEvent: {}
[22.284500] (-) TimerEvent: {}
[22.384846] (-) TimerEvent: {}
[22.485199] (-) TimerEvent: {}
[22.585548] (-) TimerEvent: {}
[22.685897] (-) TimerEvent: {}
[22.786237] (-) TimerEvent: {}
[22.886580] (-) TimerEvent: {}
[22.986926] (-) TimerEvent: {}
[23.087352] (-) TimerEvent: {}
[23.187690] (-) TimerEvent: {}
[23.288027] (-) TimerEvent: {}
[23.388373] (-) TimerEvent: {}
[23.488702] (-) TimerEvent: {}
[23.589159] (-) TimerEvent: {}
[23.689521] (-) TimerEvent: {}
[23.789854] (-) TimerEvent: {}
[23.890167] (-) TimerEvent: {}
[23.990491] (-) TimerEvent: {}
[24.090864] (-) TimerEvent: {}
[24.191253] (-) TimerEvent: {}
[24.291598] (-) TimerEvent: {}
[24.391977] (-) TimerEvent: {}
[24.492302] (-) TimerEvent: {}
[24.592616] (-) TimerEvent: {}
[24.692917] (-) TimerEvent: {}
[24.793237] (-) TimerEvent: {}
[24.893550] (-) TimerEvent: {}
[24.993857] (-) TimerEvent: {}
[25.094189] (-) TimerEvent: {}
[25.194541] (-) TimerEvent: {}
[25.294980] (-) TimerEvent: {}
[25.395303] (-) TimerEvent: {}
[25.495638] (-) TimerEvent: {}
[25.596112] (-) TimerEvent: {}
[25.696427] (-) TimerEvent: {}
[25.796748] (-) TimerEvent: {}
[25.897074] (-) TimerEvent: {}
[25.997420] (-) TimerEvent: {}
[26.097793] (-) TimerEvent: {}
[26.318857] (-) TimerEvent: {}
[26.419197] (-) TimerEvent: {}
[26.519524] (-) TimerEvent: {}
[26.619897] (-) TimerEvent: {}
[26.720209] (-) TimerEvent: {}
[26.820548] (-) TimerEvent: {}
[26.920810] (-) TimerEvent: {}
[27.021118] (-) TimerEvent: {}
[27.121450] (-) TimerEvent: {}
[27.221809] (-) TimerEvent: {}
[27.322186] (-) TimerEvent: {}
[27.422510] (-) TimerEvent: {}
[27.522793] (-) TimerEvent: {}
[27.623101] (-) TimerEvent: {}
[27.723396] (-) TimerEvent: {}
[27.823714] (-) TimerEvent: {}
[27.924077] (-) TimerEvent: {}
[28.024414] (-) TimerEvent: {}
[28.124788] (-) TimerEvent: {}
[28.225094] (-) TimerEvent: {}
[28.325384] (-) TimerEvent: {}
[28.425738] (-) TimerEvent: {}
[28.464269] (neptune_2_bringup) StdoutLine: {'line': b'[100%] Linking CXX executable msg_to_pcl2\n'}
[28.525864] (-) TimerEvent: {}
[28.626169] (-) TimerEvent: {}
[28.726563] (-) TimerEvent: {}
[28.826971] (-) TimerEvent: {}
[28.927295] (-) TimerEvent: {}
[29.027645] (-) TimerEvent: {}
[29.127985] (-) TimerEvent: {}
[29.228319] (-) TimerEvent: {}
[29.328643] (-) TimerEvent: {}
[29.428992] (-) TimerEvent: {}
[29.529480] (-) TimerEvent: {}
[29.629938] (-) TimerEvent: {}
[29.730244] (-) TimerEvent: {}
[29.830610] (-) TimerEvent: {}
[29.931131] (-) TimerEvent: {}
[30.031428] (-) TimerEvent: {}
[30.131740] (-) TimerEvent: {}
[30.232052] (-) TimerEvent: {}
[30.332424] (-) TimerEvent: {}
[30.432765] (-) TimerEvent: {}
[30.533206] (-) TimerEvent: {}
[30.633574] (-) TimerEvent: {}
[30.733932] (-) TimerEvent: {}
[30.834387] (-) TimerEvent: {}
[30.934757] (-) TimerEvent: {}
[31.035127] (-) TimerEvent: {}
[31.135457] (-) TimerEvent: {}
[31.235901] (-) TimerEvent: {}
[31.336556] (-) TimerEvent: {}
[31.436889] (-) TimerEvent: {}
[31.537199] (-) TimerEvent: {}
[31.637700] (-) TimerEvent: {}
[31.738035] (-) TimerEvent: {}
[31.838350] (-) TimerEvent: {}
[31.938711] (-) TimerEvent: {}
[32.039094] (-) TimerEvent: {}
[32.139458] (-) TimerEvent: {}
[32.239920] (-) TimerEvent: {}
[32.340217] (-) TimerEvent: {}
[32.440541] (-) TimerEvent: {}
[32.540877] (-) TimerEvent: {}
[32.641182] (-) TimerEvent: {}
[32.741501] (-) TimerEvent: {}
[32.841821] (-) TimerEvent: {}
[32.942128] (-) TimerEvent: {}
[33.042429] (-) TimerEvent: {}
[33.142752] (-) TimerEvent: {}
[33.243108] (-) TimerEvent: {}
[33.343454] (-) TimerEvent: {}
[33.443770] (-) TimerEvent: {}
[33.544107] (-) TimerEvent: {}
[33.644440] (-) TimerEvent: {}
[33.744845] (-) TimerEvent: {}
[33.845216] (-) TimerEvent: {}
[33.945606] (-) TimerEvent: {}
[34.045988] (-) TimerEvent: {}
[34.146353] (-) TimerEvent: {}
[34.246783] (-) TimerEvent: {}
[34.347108] (-) TimerEvent: {}
[34.447525] (-) TimerEvent: {}
[34.547870] (-) TimerEvent: {}
[34.648197] (-) TimerEvent: {}
[34.748527] (-) TimerEvent: {}
[34.848967] (-) TimerEvent: {}
[34.949387] (-) TimerEvent: {}
[35.049755] (-) TimerEvent: {}
[35.125185] (neptune_2_bringup) StdoutLine: {'line': b'[100%] Built target msg_to_pcl2\n'}
[35.138268] (neptune_2_bringup) CommandEnded: {'returncode': 0}
[35.149816] (-) TimerEvent: {}
[35.172068] (neptune_2_bringup) JobProgress: {'identifier': 'neptune_2_bringup', 'progress': 'install'}
[35.172683] (neptune_2_bringup) Command: {'cmd': ['/usr/bin/cmake', '--install', '/home/vladi/Desktop/ros2_commands/qt_ros_ws/build/neptune_2_bringup'], 'cwd': '/home/vladi/Desktop/ros2_commands/qt_ros_ws/build/neptune_2_bringup', 'env': OrderedDict([('GJS_DEBUG_TOPICS', 'JS ERROR;JS LOG'), ('LC_TIME', 'bg_BG.UTF-8'), ('SNAP_COMMON', '/var/snap/qtcreator-ros/common'), ('SNAP_INSTANCE_KEY', ''), ('USER', 'vladi'), ('XDG_SESSION_TYPE', 'wayland'), ('LD_LIBRARY_PATH', '/usr/lib/x86_64-linux-gnu/gazebo-11/plugins:/opt/ros/humble/opt/rviz_ogre_vendor/lib:/opt/ros/humble/lib/x86_64-linux-gnu:/opt/ros/humble/lib:/snap/qtcreator-ros/116/lib:/snap/qtcreator-ros/116/usr/lib/x86_64-linux-gnu'), ('SHLVL', '16'), ('SNAP_UID', '1000'), ('HOME', '/home/vladi'), ('SNAP_LIBRARY_PATH', '/var/lib/snapd/lib/gl:/var/lib/snapd/lib/gl32:/var/lib/snapd/void'), ('DESKTOP_SESSION', 'ubuntu'), ('SNAP_USER_DATA', '/home/vladi/snap/qtcreator-ros/116'), ('GIO_LAUNCHED_DESKTOP_FILE', '/var/lib/snapd/desktop/applications/qtcreator-ros_qtcreator-ros.desktop'), ('GNOME_SHELL_SESSION_MODE', 'ubuntu'), ('GTK_MODULES', 'gail:atk-bridge'), ('ROS_PYTHON_VERSION', '3'), ('LC_MONETARY', 'bg_BG.UTF-8'), ('MANAGERPID', '1773'), ('DBUS_SESSION_BUS_ADDRESS', 'unix:path'), ('SYSTEMD_EXEC_PID', '2082'), ('GIO_LAUNCHED_DESKTOP_FILE_PID', '22273'), ('SNAP_REVISION', '116'), ('COLCON_PREFIX_PATH', '/home/vladi/Desktop/ros2_commands/qt_ros_ws/install'), ('IM_CONFIG_PHASE', '1'), ('ROS_DISTRO', 'humble'), ('WAYLAND_DISPLAY', 'wayland-0'), ('LOGNAME', 'vladi'), ('JOURNAL_STREAM', '8:15644'), ('SNAP_CONTEXT', '9AQhm-7iBh1lwgl6IfdWCe-7k_maJqNDSaCQhaoB11QyL5Fia0df'), ('_', '/usr/bin/env'), ('ROS_VERSION', '2'), ('SNAP_VERSION', '13.0.2'), ('XDG_SESSION_CLASS', 'user'), ('QSG_RHI_BACKEND', 'opengl'), ('TERM', 'xterm'), ('USERNAME', 'vladi'), ('GNOME_DESKTOP_SESSION_ID', 'this-is-deprecated'), ('ROS_LOCALHOST_ONLY', '0'), ('SNAP_INSTANCE_NAME', 'qtcreator-ros'), ('PATH', '/opt/ros/humble/bin:/usr/local/sbin:/usr/local/bin:/usr/sbin:/usr/bin:/sbin:/bin:/usr/games:/usr/local/games:/snap/bin:/snap/bin'), ('INVOCATION_ID', '572e84759cfc4b2a9541b82afd5e6424'), ('SESSION_MANAGER', 'local/vladi:@/tmp/.ICE-unix/2051,unix/vladi:/tmp/.ICE-unix/2051'), ('BAMF_DESKTOP_FILE_HINT', '/var/lib/snapd/desktop/applications/qtcreator-ros_qtcreator-ros.desktop'), ('GNOME_SETUP_DISPLAY', ':1'), ('LC_ADDRESS', 'bg_BG.UTF-8'), ('SNAP_DATA', '/var/snap/qtcreator-ros/116'), ('XDG_MENU_PREFIX', 'gnome-'), ('XDG_RUNTIME_DIR', '/run/user/1000'), ('DISPLAY', ':0'), ('LANG', 'en_US.UTF-8'), ('LC_TELEPHONE', 'bg_BG.UTF-8'), ('XDG_CURRENT_DESKTOP', 'ubuntu:GNOME'), ('XAUTHORITY', '/run/user/1000/.mutter-Xwaylandauth.X62HV2'), ('XDG_SESSION_DESKTOP', 'ubuntu'), ('XMODIFIERS', '@im'), ('AMENT_PREFIX_PATH', '/home/vladi/Desktop/ros2_commands/qt_ros_ws/install/neptune_2_bringup:/home/vladi/Desktop/ros2_commands/qt_ros_ws/install/neptune_2_description:/opt/ros/humble'), ('SNAP_ARCH', 'amd64'), ('SNAP_COOKIE', '9AQhm-7iBh1lwgl6IfdWCe-7k_maJqNDSaCQhaoB11QyL5Fia0df'), ('SNAP_USER_COMMON', '/home/vladi/snap/qtcreator-ros/common'), ('SSH_AGENT_LAUNCHER', 'gnome-keyring'), ('SSH_AUTH_SOCK', '/run/user/1000/keyring/ssh'), ('LC_NAME', 'bg_BG.UTF-8'), ('SHELL', '/bin/bash'), ('GDMSESSION', 'ubuntu'), ('QT_ACCESSIBILITY', '1'), ('SNAP_REEXEC', ''), ('SNAP_NAME', 'qtcreator-ros'), ('LC_MEASUREMENT', 'bg_BG.UTF-8'), ('GJS_DEBUG_OUTPUT', 'stderr'), ('LC_IDENTIFICATION', 'bg_BG.UTF-8'), ('QT_IM_MODULE', 'ibus'), ('LC_ALL', 'en_US.UTF-8'), ('PWD', '/home/vladi/Desktop/ros2_commands/qt_ros_ws/build/neptune_2_bringup'), ('QT_QPA_PLATFORM', 'wayland;xcb'), ('SNAP_REAL_HOME', '/home/vladi'), ('XDG_CONFIG_DIRS', '/etc/xdg/xdg-ubuntu:/etc/xdg'), ('XDG_DATA_DIRS', '/usr/share/ubuntu:/usr/local/share/:/usr/share/:/var/lib/snapd/desktop'), ('LC_NUMERIC', 'bg_BG.UTF-8'), ('PYTHONPATH', '/opt/ros/humble/lib/python3.10/site-packages:/opt/ros/humble/local/lib/python3.10/dist-packages'), ('SNAP', '/snap/qtcreator-ros/116'), ('SNAP_EUID', '1000'), ('LC_PAPER', 'bg_BG.UTF-8'), ('COLCON', '1'), ('CMAKE_PREFIX_PATH', '/home/vladi/Desktop/ros2_commands/qt_ros_ws/install/neptune_2_description:/home/vladi/Desktop/ros2_commands/qt_ros_ws/install/neptune_2_bringup:/opt/ros/humble'), ('GTK_THEME', ':light'), ('LIBGL_DRIVERS_PATH', '/snap/qtcreator-ros/116/usr/lib/x86_64-linux-gnu/dri')]), 'shell': False}
[35.182651] (neptune_2_bringup) StdoutLine: {'line': b'-- Install configuration: "Debug"\n'}
[35.183053] (neptune_2_bringup) StdoutLine: {'line': b'-- Up-to-date: /home/vladi/Desktop/ros2_commands/qt_ros_ws/install/neptune_2_bringup/share/neptune_2_bringup//launch\n'}
[35.183295] (neptune_2_bringup) StdoutLine: {'line': b'-- Up-to-date: /home/vladi/Desktop/ros2_commands/qt_ros_ws/install/neptune_2_bringup/share/neptune_2_bringup//launch/neptune_2_gazebo.launch.xml\n'}
[35.183416] (neptune_2_bringup) StdoutLine: {'line': b'-- Up-to-date: /home/vladi/Desktop/ros2_commands/qt_ros_ws/install/neptune_2_bringup/share/neptune_2_bringup//rviz\n'}
[35.183531] (neptune_2_bringup) StdoutLine: {'line': b'-- Up-to-date: /home/vladi/Desktop/ros2_commands/qt_ros_ws/install/neptune_2_bringup/share/neptune_2_bringup//rviz/urdf_config,rviz.rviz\n'}
[35.183644] (neptune_2_bringup) StdoutLine: {'line': b'-- Up-to-date: /home/vladi/Desktop/ros2_commands/qt_ros_ws/install/neptune_2_bringup/share/neptune_2_bringup//worlds\n'}
[35.183779] (neptune_2_bringup) StdoutLine: {'line': b'-- Up-to-date: /home/vladi/Desktop/ros2_commands/qt_ros_ws/install/neptune_2_bringup/share/neptune_2_bringup//worlds/pool_world.world\n'}
[35.183889] (neptune_2_bringup) StdoutLine: {'line': b'-- Up-to-date: /home/vladi/Desktop/ros2_commands/qt_ros_ws/install/neptune_2_bringup/share/neptune_2_bringup//worlds/basic_lidar\n'}
[35.183980] (neptune_2_bringup) StdoutLine: {'line': b'-- Up-to-date: /home/vladi/Desktop/ros2_commands/qt_ros_ws/install/neptune_2_bringup/share/neptune_2_bringup//worlds/pool_world (copy).xml\n'}
[35.218700] (neptune_2_bringup) StdoutLine: {'line': b'-- Installing: /home/vladi/Desktop/ros2_commands/qt_ros_ws/install/neptune_2_bringup/lib/neptune_2_bringup/msg_to_pcl2\n'}
[35.249936] (-) TimerEvent: {}
[35.255286] (neptune_2_bringup) StdoutLine: {'line': b'-- Set runtime path of "/home/vladi/Desktop/ros2_commands/qt_ros_ws/install/neptune_2_bringup/lib/neptune_2_bringup/msg_to_pcl2" to ""\n'}
[35.256023] (neptune_2_bringup) StdoutLine: {'line': b'-- Up-to-date: /home/vladi/Desktop/ros2_commands/qt_ros_ws/install/neptune_2_bringup/share/ament_index/resource_index/package_run_dependencies/neptune_2_bringup\n'}
[35.256332] (neptune_2_bringup) StdoutLine: {'line': b'-- Up-to-date: /home/vladi/Desktop/ros2_commands/qt_ros_ws/install/neptune_2_bringup/share/ament_index/resource_index/parent_prefix_path/neptune_2_bringup\n'}
[35.256551] (neptune_2_bringup) StdoutLine: {'line': b'-- Up-to-date: /home/vladi/Desktop/ros2_commands/qt_ros_ws/install/neptune_2_bringup/share/neptune_2_bringup/environment/ament_prefix_path.sh\n'}
[35.256757] (neptune_2_bringup) StdoutLine: {'line': b'-- Up-to-date: /home/vladi/Desktop/ros2_commands/qt_ros_ws/install/neptune_2_bringup/share/neptune_2_bringup/environment/ament_prefix_path.dsv\n'}
[35.256981] (neptune_2_bringup) StdoutLine: {'line': b'-- Up-to-date: /home/vladi/Desktop/ros2_commands/qt_ros_ws/install/neptune_2_bringup/share/neptune_2_bringup/environment/path.sh\n'}
[35.257308] (neptune_2_bringup) StdoutLine: {'line': b'-- Up-to-date: /home/vladi/Desktop/ros2_commands/qt_ros_ws/install/neptune_2_bringup/share/neptune_2_bringup/environment/path.dsv\n'}
[35.257601] (neptune_2_bringup) StdoutLine: {'line': b'-- Up-to-date: /home/vladi/Desktop/ros2_commands/qt_ros_ws/install/neptune_2_bringup/share/neptune_2_bringup/local_setup.bash\n'}
[35.257875] (neptune_2_bringup) StdoutLine: {'line': b'-- Up-to-date: /home/vladi/Desktop/ros2_commands/qt_ros_ws/install/neptune_2_bringup/share/neptune_2_bringup/local_setup.sh\n'}
[35.258493] (neptune_2_bringup) StdoutLine: {'line': b'-- Up-to-date: /home/vladi/Desktop/ros2_commands/qt_ros_ws/install/neptune_2_bringup/share/neptune_2_bringup/local_setup.zsh\n'}
[35.260040] (neptune_2_bringup) StdoutLine: {'line': b'-- Up-to-date: /home/vladi/Desktop/ros2_commands/qt_ros_ws/install/neptune_2_bringup/share/neptune_2_bringup/local_setup.dsv\n'}
[35.260674] (neptune_2_bringup) StdoutLine: {'line': b'-- Installing: /home/vladi/Desktop/ros2_commands/qt_ros_ws/install/neptune_2_bringup/share/neptune_2_bringup/package.dsv\n'}
[35.260969] (neptune_2_bringup) StdoutLine: {'line': b'-- Up-to-date: /home/vladi/Desktop/ros2_commands/qt_ros_ws/install/neptune_2_bringup/share/ament_index/resource_index/packages/neptune_2_bringup\n'}
[35.261126] (neptune_2_bringup) StdoutLine: {'line': b'-- Up-to-date: /home/vladi/Desktop/ros2_commands/qt_ros_ws/install/neptune_2_bringup/share/neptune_2_bringup/cmake/neptune_2_bringupConfig.cmake\n'}
[35.261314] (neptune_2_bringup) StdoutLine: {'line': b'-- Up-to-date: /home/vladi/Desktop/ros2_commands/qt_ros_ws/install/neptune_2_bringup/share/neptune_2_bringup/cmake/neptune_2_bringupConfig-version.cmake\n'}
[35.261482] (neptune_2_bringup) StdoutLine: {'line': b'-- Up-to-date: /home/vladi/Desktop/ros2_commands/qt_ros_ws/install/neptune_2_bringup/share/neptune_2_bringup/package.xml\n'}
[35.261697] (neptune_2_bringup) CommandEnded: {'returncode': 0}
[35.323525] (neptune_2_bringup) JobEnded: {'identifier': 'neptune_2_bringup', 'rc': 0}
[35.324524] (-) EventReactorShutdown: {}
