[0.025s] Invoking command in '/home/vladi/Desktop/ros2_commands/qt_ros_ws/build/neptune_2_bringup': CMAKE_PREFIX_PATH=/home/vladi/Desktop/ros2_commands/qt_ros_ws/install/neptune_2_description:/home/vladi/Desktop/ros2_commands/qt_ros_ws/install/vision:/home/vladi/Desktop/ros2_commands/qt_ros_ws/install/st_ligth:/home/vladi/Desktop/ros2_commands/qt_ros_ws/install/neptune_2_bringup:/opt/ros/humble /usr/bin/cmake --build /home/vladi/Desktop/ros2_commands/qt_ros_ws/build/neptune_2_bringup -- -j8 -l8
[0.059s] -- Found ament_cmake: 1.3.9 (/opt/ros/humble/share/ament_cmake/cmake)
[0.215s] -- Found rclcpp: 16.0.9 (/opt/ros/humble/share/rclcpp/cmake)
[0.253s] -- Found rosidl_generator_c: 3.1.5 (/opt/ros/humble/share/rosidl_generator_c/cmake)
[0.255s] -- Found rosidl_adapter: 3.1.5 (/opt/ros/humble/share/rosidl_adapter/cmake)
[0.265s] -- Found rosidl_generator_cpp: 3.1.5 (/opt/ros/humble/share/rosidl_generator_cpp/cmake)
[0.279s] -- Using all available rosidl_typesupport_c: rosidl_typesupport_fastrtps_c;rosidl_typesupport_introspection_c
[0.298s] -- Using all available rosidl_typesupport_cpp: rosidl_typesupport_fastrtps_cpp;rosidl_typesupport_introspection_cpp
[0.364s] -- Found rmw_implementation_cmake: 6.1.2 (/opt/ros/humble/share/rmw_implementation_cmake/cmake)
[0.366s] -- Found rmw_cyclonedds_cpp: 1.3.4 (/opt/ros/humble/share/rmw_cyclonedds_cpp/cmake)
[0.398s] -- Using RMW implementation 'rmw_cyclonedds_cpp' as default
[0.637s] -- Found sensor_msgs: 4.2.3 (/opt/ros/humble/share/sensor_msgs/cmake)
[0.777s] -- Found pcl_conversions: 2.4.0 (/opt/ros/humble/share/pcl_conversions/cmake)
[0.935s] -- Eigen found (include: /usr/include/eigen3, version: 3.4.0)
[0.972s] -- FLANN found (include: /usr/include, lib: /usr/lib/x86_64-linux-gnu/libflann_cpp.so)
[1.332s] -- OpenNI found (version: 1.5.4.0, include: /usr/include/ni, lib: /usr/lib/libOpenNI.so;libusb::libusb)
[1.339s] -- OpenNI2 found (version: 2.2.0.33, include: /usr/include/openni2, lib: /usr/lib/x86_64-linux-gnu/libOpenNI2.so;libusb::libusb)
[1.339s] [0m** WARNING ** io features related to pcap will be disabled[0m
[1.542s] -- Eigen found (include: /usr/include/eigen3, version: 3.4.0)
[1.554s] -- OpenNI found (version: 1.5.4.0, include: /usr/include/ni, lib: /usr/lib/libOpenNI.so;libusb::libusb)
[1.565s] -- OpenNI2 found (version: 2.2.0.33, include: /usr/include/openni2, lib: /usr/lib/x86_64-linux-gnu/libOpenNI2.so;libusb::libusb)
[1.742s] -- Found Qhull version 8.0.2
[1.906s] -- OpenNI found (version: 1.5.4.0, include: /usr/include/ni, lib: /usr/lib/libOpenNI.so;libusb::libusb)
[2.061s] -- looking for PCL_COMMON
[2.062s] -- looking for PCL_KDTREE
[2.062s] -- looking for PCL_OCTREE
[2.062s] -- looking for PCL_SEARCH
[2.063s] -- looking for PCL_SAMPLE_CONSENSUS
[2.064s] -- looking for PCL_FILTERS
[2.065s] -- looking for PCL_2D
[2.065s] -- looking for PCL_GEOMETRY
[2.065s] -- looking for PCL_IO
[2.066s] -- looking for PCL_FEATURES
[2.067s] -- looking for PCL_ML
[2.067s] -- looking for PCL_SEGMENTATION
[2.068s] -- looking for PCL_VISUALIZATION
[2.068s] -- looking for PCL_SURFACE
[2.069s] -- looking for PCL_REGISTRATION
[2.070s] -- looking for PCL_KEYPOINTS
[2.070s] -- looking for PCL_TRACKING
[2.071s] -- looking for PCL_RECOGNITION
[2.071s] -- looking for PCL_STEREO
[2.072s] -- looking for PCL_APPS
[2.073s] -- looking for PCL_IN_HAND_SCANNER
[2.073s] -- looking for PCL_MODELER
[2.074s] -- looking for PCL_POINT_CLOUD_EDITOR
[2.074s] -- looking for PCL_OUTOFCORE
[2.075s] -- looking for PCL_PEOPLE
[2.268s] -- Configuring done
[3.191s] -- Generating done
[3.196s] -- Build files have been written to: /home/vladi/Desktop/ros2_commands/qt_ros_ws/build/neptune_2_bringup
[3.251s] [ 50%] [32mBuilding CXX object CMakeFiles/msg_to_pcl2.dir/src/msg_to_pcl2.cpp.o[0m
[10.406s] [01m[K/home/vladi/Desktop/ros2_commands/qt_ros_ws/src/neptune_2_bringup/src/msg_to_pcl2.cpp:[m[K In constructor ‘[01m[KMSGToPCL2::MSGToPCL2(std::string, std::string, std::string)[m[K’:
[10.406s] [01m[K/home/vladi/Desktop/ros2_commands/qt_ros_ws/src/neptune_2_bringup/src/msg_to_pcl2.cpp:31:39:[m[K [01;31m[Kerror: [m[Kinvalid use of non-static member function ‘[01m[Kvoid MSGToPCL2::on_receive(sensor_msgs::msg::PointCloud2_<std::allocator<void> >::SharedPtr)[m[K’
[10.406s]    31 |                  std::bind([01;31m[KMSGToPCL2::on_receive[m[K,this,_1)
[10.406s]       |                            [01;31m[K~~~~~~~~~~~^~~~~~~~~~[m[K
[10.406s] [01m[K/home/vladi/Desktop/ros2_commands/qt_ros_ws/src/neptune_2_bringup/src/msg_to_pcl2.cpp:52:10:[m[K [01;36m[Knote: [m[Kdeclared here
[10.407s]    52 |     void [01;36m[Kon_receive[m[K(sensor_msgs::msg::PointCloud2::SharedPtr _msg)
[10.407s]       |          [01;36m[K^~~~~~~~~~[m[K
[10.434s] [01m[K/home/vladi/Desktop/ros2_commands/qt_ros_ws/src/neptune_2_bringup/src/msg_to_pcl2.cpp:[m[K In member function ‘[01m[Kvoid MSGToPCL2::on_receive(sensor_msgs::msg::PointCloud2_<std::allocator<void> >::SharedPtr)[m[K’:
[10.434s] [01m[K/home/vladi/Desktop/ros2_commands/qt_ros_ws/src/neptune_2_bringup/src/msg_to_pcl2.cpp:58:22:[m[K [01;35m[Kwarning: [m[Kunused variable ‘[01m[Kj[m[K’ [[01;35m[K]8;;https://gcc.gnu.org/onlinedocs/gcc/Warning-Options.html#index-Wunused-variable-Wunused-variable]8;;[m[K]
[10.434s]    58 |         unsigned int [01;35m[Kj[m[K = _msg->height;
[10.435s]       |                      [01;35m[K^[m[K
[11.485s] gmake[2]: *** [CMakeFiles/msg_to_pcl2.dir/build.make:76: CMakeFiles/msg_to_pcl2.dir/src/msg_to_pcl2.cpp.o] Error 1
[11.485s] gmake[1]: *** [CMakeFiles/Makefile2:137: CMakeFiles/msg_to_pcl2.dir/all] Error 2
[11.486s] gmake: *** [Makefile:146: all] Error 2
[11.488s] Invoked command in '/home/vladi/Desktop/ros2_commands/qt_ros_ws/build/neptune_2_bringup' returned '2': CMAKE_PREFIX_PATH=/home/vladi/Desktop/ros2_commands/qt_ros_ws/install/neptune_2_description:/home/vladi/Desktop/ros2_commands/qt_ros_ws/install/vision:/home/vladi/Desktop/ros2_commands/qt_ros_ws/install/st_ligth:/home/vladi/Desktop/ros2_commands/qt_ros_ws/install/neptune_2_bringup:/opt/ros/humble /usr/bin/cmake --build /home/vladi/Desktop/ros2_commands/qt_ros_ws/build/neptune_2_bringup -- -j8 -l8
