[0.029s] Invoking command in '/home/vladi/Desktop/ros2_commands/qt_ros_ws/build/neptune_2_bringup': CMAKE_PREFIX_PATH=/home/vladi/Desktop/ros2_commands/qt_ros_ws/install/neptune_2_description:/home/vladi/Desktop/ros2_commands/qt_ros_ws/install/vision:/home/vladi/Desktop/ros2_commands/qt_ros_ws/install/st_ligth:/home/vladi/Desktop/ros2_commands/qt_ros_ws/install/neptune_2_bringup:/opt/ros/humble /usr/bin/cmake --build /home/vladi/Desktop/ros2_commands/qt_ros_ws/build/neptune_2_bringup -- -j8 -l8
[0.063s] -- Found ament_cmake: 1.3.9 (/opt/ros/humble/share/ament_cmake/cmake)
[0.250s] -- Found rclcpp: 16.0.9 (/opt/ros/humble/share/rclcpp/cmake)
[0.292s] -- Found rosidl_generator_c: 3.1.5 (/opt/ros/humble/share/rosidl_generator_c/cmake)
[0.295s] -- Found rosidl_adapter: 3.1.5 (/opt/ros/humble/share/rosidl_adapter/cmake)
[0.304s] -- Found rosidl_generator_cpp: 3.1.5 (/opt/ros/humble/share/rosidl_generator_cpp/cmake)
[0.320s] -- Using all available rosidl_typesupport_c: rosidl_typesupport_fastrtps_c;rosidl_typesupport_introspection_c
[0.341s] -- Using all available rosidl_typesupport_cpp: rosidl_typesupport_fastrtps_cpp;rosidl_typesupport_introspection_cpp
[0.416s] -- Found rmw_implementation_cmake: 6.1.2 (/opt/ros/humble/share/rmw_implementation_cmake/cmake)
[0.418s] -- Found rmw_cyclonedds_cpp: 1.3.4 (/opt/ros/humble/share/rmw_cyclonedds_cpp/cmake)
[0.461s] -- Using RMW implementation 'rmw_cyclonedds_cpp' as default
[0.694s] -- Found sensor_msgs: 4.2.3 (/opt/ros/humble/share/sensor_msgs/cmake)
[0.837s] -- Found pcl_conversions: 2.4.0 (/opt/ros/humble/share/pcl_conversions/cmake)
[0.998s] -- Eigen found (include: /usr/include/eigen3, version: 3.4.0)
[1.039s] -- FLANN found (include: /usr/include, lib: /usr/lib/x86_64-linux-gnu/libflann_cpp.so)
[1.371s] -- OpenNI found (version: 1.5.4.0, include: /usr/include/ni, lib: /usr/lib/libOpenNI.so;libusb::libusb)
[1.379s] -- OpenNI2 found (version: 2.2.0.33, include: /usr/include/openni2, lib: /usr/lib/x86_64-linux-gnu/libOpenNI2.so;libusb::libusb)
[1.379s] [0m** WARNING ** io features related to pcap will be disabled[0m
[1.567s] -- Eigen found (include: /usr/include/eigen3, version: 3.4.0)
[1.576s] -- OpenNI found (version: 1.5.4.0, include: /usr/include/ni, lib: /usr/lib/libOpenNI.so;libusb::libusb)
[1.585s] -- OpenNI2 found (version: 2.2.0.33, include: /usr/include/openni2, lib: /usr/lib/x86_64-linux-gnu/libOpenNI2.so;libusb::libusb)
[1.742s] -- Found Qhull version 8.0.2
[1.901s] -- OpenNI found (version: 1.5.4.0, include: /usr/include/ni, lib: /usr/lib/libOpenNI.so;libusb::libusb)
[2.059s] -- looking for PCL_COMMON
[2.060s] -- looking for PCL_KDTREE
[2.060s] -- looking for PCL_OCTREE
[2.061s] -- looking for PCL_SEARCH
[2.061s] -- looking for PCL_SAMPLE_CONSENSUS
[2.062s] -- looking for PCL_FILTERS
[2.062s] -- looking for PCL_2D
[2.063s] -- looking for PCL_GEOMETRY
[2.063s] -- looking for PCL_IO
[2.064s] -- looking for PCL_FEATURES
[2.064s] -- looking for PCL_ML
[2.065s] -- looking for PCL_SEGMENTATION
[2.065s] -- looking for PCL_VISUALIZATION
[2.066s] -- looking for PCL_SURFACE
[2.066s] -- looking for PCL_REGISTRATION
[2.067s] -- looking for PCL_KEYPOINTS
[2.068s] -- looking for PCL_TRACKING
[2.068s] -- looking for PCL_RECOGNITION
[2.069s] -- looking for PCL_STEREO
[2.069s] -- looking for PCL_APPS
[2.070s] -- looking for PCL_IN_HAND_SCANNER
[2.071s] -- looking for PCL_MODELER
[2.071s] -- looking for PCL_POINT_CLOUD_EDITOR
[2.071s] -- looking for PCL_OUTOFCORE
[2.072s] -- looking for PCL_PEOPLE
[2.139s] [31mCMake Error at /opt/ros/humble/share/ament_cmake_target_dependencies/cmake/ament_target_dependencies.cmake:77 (message):
[2.139s]   ament_target_dependencies() the passed package name 'pcl-1.12' was not
[2.139s]   found before
[2.139s] Call Stack (most recent call first):
[2.139s]   CMakeLists.txt:30 (ament_target_dependencies)
[2.139s] 
[2.139s] [0m
[2.139s] -- Configuring incomplete, errors occurred!
[2.139s] See also "/home/vladi/Desktop/ros2_commands/qt_ros_ws/build/neptune_2_bringup/CMakeFiles/CMakeOutput.log".
[2.154s] gmake: *** [Makefile:267: cmake_check_build_system] Error 1
[2.156s] Invoked command in '/home/vladi/Desktop/ros2_commands/qt_ros_ws/build/neptune_2_bringup' returned '2': CMAKE_PREFIX_PATH=/home/vladi/Desktop/ros2_commands/qt_ros_ws/install/neptune_2_description:/home/vladi/Desktop/ros2_commands/qt_ros_ws/install/vision:/home/vladi/Desktop/ros2_commands/qt_ros_ws/install/st_ligth:/home/vladi/Desktop/ros2_commands/qt_ros_ws/install/neptune_2_bringup:/opt/ros/humble /usr/bin/cmake --build /home/vladi/Desktop/ros2_commands/qt_ros_ws/build/neptune_2_bringup -- -j8 -l8
