[0.275s] Invoking command in '/home/vladi/Desktop/ros2_commands/qt_ros_ws/build/vision': CMAKE_PREFIX_PATH=/opt/ros/humble /usr/bin/cmake --build /home/vladi/Desktop/ros2_commands/qt_ros_ws/build/vision -- -j8 -l8
[0.373s] -- Found ament_cmake: 1.3.5 (/opt/ros/humble/share/ament_cmake/cmake)
[1.024s] -- Found rclcpp: 16.0.6 (/opt/ros/humble/share/rclcpp/cmake)
[1.166s] -- Found rosidl_generator_c: 3.1.5 (/opt/ros/humble/share/rosidl_generator_c/cmake)
[1.177s] -- Found rosidl_adapter: 3.1.5 (/opt/ros/humble/share/rosidl_adapter/cmake)
[1.205s] -- Found rosidl_generator_cpp: 3.1.5 (/opt/ros/humble/share/rosidl_generator_cpp/cmake)
[1.271s] -- Using all available rosidl_typesupport_c: rosidl_typesupport_fastrtps_c;rosidl_typesupport_introspection_c
[1.350s] -- Using all available rosidl_typesupport_cpp: rosidl_typesupport_fastrtps_cpp;rosidl_typesupport_introspection_cpp
[1.620s] -- Found rmw_implementation_cmake: 6.1.1 (/opt/ros/humble/share/rmw_implementation_cmake/cmake)
[1.626s] -- Found rmw_fastrtps_cpp: 6.2.4 (/opt/ros/humble/share/rmw_fastrtps_cpp/cmake)
[2.165s] -- Using RMW implementation 'rmw_fastrtps_cpp' as default
[2.913s] -- Found sensor_msgs: 4.2.3 (/opt/ros/humble/share/sensor_msgs/cmake)
[3.539s] -- Found cv_bridge: 3.2.1 (/opt/ros/humble/share/cv_bridge/cmake)
[3.603s] -- Found image_transport: 3.1.7 (/opt/ros/humble/share/image_transport/cmake)
[3.783s] -- Found ament_lint_auto: 0.12.8 (/opt/ros/humble/share/ament_lint_auto/cmake)
[4.085s] -- Added test 'cppcheck' to perform static code analysis on C / C++ code
[4.086s] -- Configured cppcheck include dirs: 
[4.086s] -- Configured cppcheck exclude dirs and/or files: 
[4.088s] -- Added test 'lint_cmake' to check CMake code style
[4.094s] -- Added test 'uncrustify' to check C / C++ code style
[4.095s] -- Configured uncrustify additional arguments: 
[4.095s] -- Added test 'xmllint' to check XML markup files
[4.099s] -- Configuring done
[4.152s] -- Generating done
[4.161s] -- Build files have been written to: /home/vladi/Desktop/ros2_commands/qt_ros_ws/build/vision
[4.335s] [ 50%] [32mBuilding CXX object CMakeFiles/image_capture_node.dir/src/vision_capture_node.cpp.o[0m
[28.895s] [100%] [32m[1mLinking CXX executable image_capture_node[0m
[30.449s] [100%] Built target image_capture_node
[30.490s] Invoked command in '/home/vladi/Desktop/ros2_commands/qt_ros_ws/build/vision' returned '0': CMAKE_PREFIX_PATH=/opt/ros/humble /usr/bin/cmake --build /home/vladi/Desktop/ros2_commands/qt_ros_ws/build/vision -- -j8 -l8
[30.621s] Invoking command in '/home/vladi/Desktop/ros2_commands/qt_ros_ws/build/vision': CMAKE_PREFIX_PATH=/opt/ros/humble /usr/bin/cmake --install /home/vladi/Desktop/ros2_commands/qt_ros_ws/build/vision
[30.651s] -- Install configuration: ""
[30.651s] -- Installing: /home/vladi/Desktop/ros2_commands/qt_ros_ws/install/vision/lib/vision/image_capture_node
[30.658s] -- Set runtime path of "/home/vladi/Desktop/ros2_commands/qt_ros_ws/install/vision/lib/vision/image_capture_node" to ""
[30.659s] -- Up-to-date: /home/vladi/Desktop/ros2_commands/qt_ros_ws/install/vision/share/ament_index/resource_index/package_run_dependencies/vision
[30.660s] -- Up-to-date: /home/vladi/Desktop/ros2_commands/qt_ros_ws/install/vision/share/ament_index/resource_index/parent_prefix_path/vision
[30.661s] -- Up-to-date: /home/vladi/Desktop/ros2_commands/qt_ros_ws/install/vision/share/vision/environment/ament_prefix_path.sh
[30.662s] -- Installing: /home/vladi/Desktop/ros2_commands/qt_ros_ws/install/vision/share/vision/environment/ament_prefix_path.dsv
[30.663s] -- Up-to-date: /home/vladi/Desktop/ros2_commands/qt_ros_ws/install/vision/share/vision/environment/path.sh
[30.663s] -- Installing: /home/vladi/Desktop/ros2_commands/qt_ros_ws/install/vision/share/vision/environment/path.dsv
[30.664s] -- Up-to-date: /home/vladi/Desktop/ros2_commands/qt_ros_ws/install/vision/share/vision/local_setup.bash
[30.665s] -- Up-to-date: /home/vladi/Desktop/ros2_commands/qt_ros_ws/install/vision/share/vision/local_setup.sh
[30.666s] -- Up-to-date: /home/vladi/Desktop/ros2_commands/qt_ros_ws/install/vision/share/vision/local_setup.zsh
[30.666s] -- Installing: /home/vladi/Desktop/ros2_commands/qt_ros_ws/install/vision/share/vision/local_setup.dsv
[30.667s] -- Installing: /home/vladi/Desktop/ros2_commands/qt_ros_ws/install/vision/share/vision/package.dsv
[30.667s] -- Up-to-date: /home/vladi/Desktop/ros2_commands/qt_ros_ws/install/vision/share/ament_index/resource_index/packages/vision
[30.668s] -- Up-to-date: /home/vladi/Desktop/ros2_commands/qt_ros_ws/install/vision/share/vision/cmake/visionConfig.cmake
[30.669s] -- Up-to-date: /home/vladi/Desktop/ros2_commands/qt_ros_ws/install/vision/share/vision/cmake/visionConfig-version.cmake
[30.671s] -- Up-to-date: /home/vladi/Desktop/ros2_commands/qt_ros_ws/install/vision/share/vision/package.xml
[30.674s] Invoked command in '/home/vladi/Desktop/ros2_commands/qt_ros_ws/build/vision' returned '0': CMAKE_PREFIX_PATH=/opt/ros/humble /usr/bin/cmake --install /home/vladi/Desktop/ros2_commands/qt_ros_ws/build/vision
