[4.886s] DEBUG:colcon:Command line arguments: ['/usr/bin/colcon', 'build', '--event-handlers', 'console_direct+']
[4.886s] DEBUG:colcon:Parsed command line arguments: Namespace(log_base=None, log_level=None, verb_name='build', build_base='build', install_base='install', merge_install=False, symlink_install=False, test_result_base=None, continue_on_error=False, executor='parallel', parallel_workers=8, event_handlers=['console_direct+'], ignore_user_meta=False, metas=['./colcon.meta'], base_paths=['.'], packages_ignore=None, packages_ignore_regex=None, paths=None, packages_up_to=None, packages_up_to_regex=None, packages_above=None, packages_above_and_dependencies=None, packages_above_depth=None, packages_select_by_dep=None, packages_skip_by_dep=None, packages_skip_up_to=None, packages_select_build_failed=False, packages_skip_build_finished=False, packages_select_test_failures=False, packages_skip_test_passed=False, packages_select=None, packages_skip=None, packages_select_regex=None, packages_skip_regex=None, packages_start=None, packages_end=None, allow_overriding=[], cmake_args=None, cmake_target=None, cmake_target_skip_unavailable=False, cmake_clean_cache=False, cmake_clean_first=False, cmake_force_configure=False, ament_cmake_args=None, catkin_cmake_args=None, catkin_skip_building_tests=False, verb_parser=<colcon_defaults.argument_parser.defaults.DefaultArgumentsDecorator object at 0x7f6d45177310>, verb_extension=<colcon_core.verb.build.BuildVerb object at 0x7f6d45175120>, main=<bound method BuildVerb.main of <colcon_core.verb.build.BuildVerb object at 0x7f6d45175120>>)
[5.138s] Level 1:colcon.colcon_core.package_discovery:discover_packages(colcon_meta) check parameters
[5.138s] Level 1:colcon.colcon_core.package_discovery:discover_packages(recursive) check parameters
[5.138s] Level 1:colcon.colcon_core.package_discovery:discover_packages(ignore) check parameters
[5.138s] Level 1:colcon.colcon_core.package_discovery:discover_packages(path) check parameters
[5.139s] Level 1:colcon.colcon_core.package_discovery:discover_packages(colcon_meta) discover
[5.139s] Level 1:colcon.colcon_core.package_discovery:discover_packages(recursive) discover
[5.139s] INFO:colcon.colcon_core.package_discovery:Crawling recursively for packages in '/home/vladi/Desktop/ros2_commands/qt_ros_ws'
[5.139s] Level 1:colcon.colcon_core.package_identification:_identify(.) by extensions ['ignore', 'ignore_ament_install']
[5.140s] Level 1:colcon.colcon_core.package_identification:_identify(.) by extension 'ignore'
[5.140s] Level 1:colcon.colcon_core.package_identification:_identify(.) by extension 'ignore_ament_install'
[5.140s] Level 1:colcon.colcon_core.package_identification:_identify(.) by extensions ['colcon_pkg']
[5.141s] Level 1:colcon.colcon_core.package_identification:_identify(.) by extension 'colcon_pkg'
[5.141s] Level 1:colcon.colcon_core.package_identification:_identify(.) by extensions ['colcon_meta']
[5.141s] Level 1:colcon.colcon_core.package_identification:_identify(.) by extension 'colcon_meta'
[5.141s] Level 1:colcon.colcon_core.package_identification:_identify(.) by extensions ['ros']
[5.141s] Level 1:colcon.colcon_core.package_identification:_identify(.) by extension 'ros'
[5.191s] Level 1:colcon.colcon_core.package_identification:_identify(.) by extensions ['cmake', 'python']
[5.191s] Level 1:colcon.colcon_core.package_identification:_identify(.) by extension 'cmake'
[5.191s] Level 1:colcon.colcon_core.package_identification:_identify(.) by extension 'python'
[5.192s] Level 1:colcon.colcon_core.package_identification:_identify(.) by extensions ['python_setup_py']
[5.192s] Level 1:colcon.colcon_core.package_identification:_identify(.) by extension 'python_setup_py'
[5.193s] Level 1:colcon.colcon_core.package_identification:_identify(build) by extensions ['ignore', 'ignore_ament_install']
[5.193s] Level 1:colcon.colcon_core.package_identification:_identify(build) by extension 'ignore'
[5.194s] Level 1:colcon.colcon_core.package_identification:_identify(build) ignored
[5.194s] Level 1:colcon.colcon_core.package_identification:_identify(install) by extensions ['ignore', 'ignore_ament_install']
[5.195s] Level 1:colcon.colcon_core.package_identification:_identify(install) by extension 'ignore'
[5.195s] Level 1:colcon.colcon_core.package_identification:_identify(install) ignored
[5.196s] Level 1:colcon.colcon_core.package_identification:_identify(log) by extensions ['ignore', 'ignore_ament_install']
[5.196s] Level 1:colcon.colcon_core.package_identification:_identify(log) by extension 'ignore'
[5.196s] Level 1:colcon.colcon_core.package_identification:_identify(log) ignored
[5.196s] Level 1:colcon.colcon_core.package_identification:_identify(src) by extensions ['ignore', 'ignore_ament_install']
[5.197s] Level 1:colcon.colcon_core.package_identification:_identify(src) by extension 'ignore'
[5.197s] Level 1:colcon.colcon_core.package_identification:_identify(src) by extension 'ignore_ament_install'
[5.197s] Level 1:colcon.colcon_core.package_identification:_identify(src) by extensions ['colcon_pkg']
[5.198s] Level 1:colcon.colcon_core.package_identification:_identify(src) by extension 'colcon_pkg'
[5.198s] Level 1:colcon.colcon_core.package_identification:_identify(src) by extensions ['colcon_meta']
[5.198s] Level 1:colcon.colcon_core.package_identification:_identify(src) by extension 'colcon_meta'
[5.198s] Level 1:colcon.colcon_core.package_identification:_identify(src) by extensions ['ros']
[5.199s] Level 1:colcon.colcon_core.package_identification:_identify(src) by extension 'ros'
[5.199s] Level 1:colcon.colcon_core.package_identification:_identify(src) by extensions ['cmake', 'python']
[5.199s] Level 1:colcon.colcon_core.package_identification:_identify(src) by extension 'cmake'
[5.199s] Level 1:colcon.colcon_core.package_identification:_identify(src) by extension 'python'
[5.200s] Level 1:colcon.colcon_core.package_identification:_identify(src) by extensions ['python_setup_py']
[5.200s] Level 1:colcon.colcon_core.package_identification:_identify(src) by extension 'python_setup_py'
[5.200s] Level 1:colcon.colcon_core.package_identification:_identify(src/vision) by extensions ['ignore', 'ignore_ament_install']
[5.201s] Level 1:colcon.colcon_core.package_identification:_identify(src/vision) by extension 'ignore'
[5.201s] Level 1:colcon.colcon_core.package_identification:_identify(src/vision) by extension 'ignore_ament_install'
[5.201s] Level 1:colcon.colcon_core.package_identification:_identify(src/vision) by extensions ['colcon_pkg']
[5.201s] Level 1:colcon.colcon_core.package_identification:_identify(src/vision) by extension 'colcon_pkg'
[5.202s] Level 1:colcon.colcon_core.package_identification:_identify(src/vision) by extensions ['colcon_meta']
[5.202s] Level 1:colcon.colcon_core.package_identification:_identify(src/vision) by extension 'colcon_meta'
[5.202s] Level 1:colcon.colcon_core.package_identification:_identify(src/vision) by extensions ['ros']
[5.202s] Level 1:colcon.colcon_core.package_identification:_identify(src/vision) by extension 'ros'
[5.214s] DEBUG:colcon.colcon_core.package_identification:Package 'src/vision' with type 'ros.ament_cmake' and name 'vision'
[5.214s] Level 1:colcon.colcon_core.package_discovery:discover_packages(recursive) using defaults
[5.214s] Level 1:colcon.colcon_core.package_discovery:discover_packages(ignore) discover
[5.214s] Level 1:colcon.colcon_core.package_discovery:discover_packages(ignore) using defaults
[5.214s] Level 1:colcon.colcon_core.package_discovery:discover_packages(path) discover
[5.215s] Level 1:colcon.colcon_core.package_discovery:discover_packages(path) using defaults
[5.709s] Level 1:colcon.colcon_core.package_discovery:discover_packages(prefix_path) check parameters
[5.710s] Level 1:colcon.colcon_core.package_discovery:discover_packages(prefix_path) discover
[5.881s] DEBUG:colcon.colcon_installed_package_information.package_discovery:Found 371 installed packages in /opt/ros/humble
[5.890s] Level 1:colcon.colcon_core.package_discovery:discover_packages(prefix_path) using defaults
[6.457s] Level 5:colcon.colcon_core.verb:set package 'vision' build argument 'cmake_args' from command line to 'None'
[6.457s] Level 5:colcon.colcon_core.verb:set package 'vision' build argument 'cmake_target' from command line to 'None'
[6.457s] Level 5:colcon.colcon_core.verb:set package 'vision' build argument 'cmake_target_skip_unavailable' from command line to 'False'
[6.458s] Level 5:colcon.colcon_core.verb:set package 'vision' build argument 'cmake_clean_cache' from command line to 'False'
[6.458s] Level 5:colcon.colcon_core.verb:set package 'vision' build argument 'cmake_clean_first' from command line to 'False'
[6.458s] Level 5:colcon.colcon_core.verb:set package 'vision' build argument 'cmake_force_configure' from command line to 'False'
[6.458s] Level 5:colcon.colcon_core.verb:set package 'vision' build argument 'ament_cmake_args' from command line to 'None'
[6.458s] Level 5:colcon.colcon_core.verb:set package 'vision' build argument 'catkin_cmake_args' from command line to 'None'
[6.459s] Level 5:colcon.colcon_core.verb:set package 'vision' build argument 'catkin_skip_building_tests' from command line to 'False'
[6.459s] DEBUG:colcon.colcon_core.verb:Building package 'vision' with the following arguments: {'ament_cmake_args': None, 'build_base': '/home/vladi/Desktop/ros2_commands/qt_ros_ws/build/vision', 'catkin_cmake_args': None, 'catkin_skip_building_tests': False, 'cmake_args': None, 'cmake_clean_cache': False, 'cmake_clean_first': False, 'cmake_force_configure': False, 'cmake_target': None, 'cmake_target_skip_unavailable': False, 'install_base': '/home/vladi/Desktop/ros2_commands/qt_ros_ws/install/vision', 'merge_install': False, 'path': '/home/vladi/Desktop/ros2_commands/qt_ros_ws/src/vision', 'symlink_install': False, 'test_result_base': None}
[6.531s] INFO:colcon.colcon_core.executor:Executing jobs using 'parallel' executor
[6.606s] DEBUG:colcon.colcon_parallel_executor.executor.parallel:run_until_complete
[6.607s] INFO:colcon.colcon_ros.task.ament_cmake.build:Building ROS package in '/home/vladi/Desktop/ros2_commands/qt_ros_ws/src/vision' with build type 'ament_cmake'
[6.608s] INFO:colcon.colcon_cmake.task.cmake.build:Building CMake package in '/home/vladi/Desktop/ros2_commands/qt_ros_ws/src/vision'
[6.697s] INFO:colcon.colcon_core.plugin_system:Skipping extension 'colcon_core.shell.bat': Not used on non-Windows systems
[6.697s] INFO:colcon.colcon_core.shell:Skip shell extension 'powershell' for command environment: Not usable outside of PowerShell
[6.698s] DEBUG:colcon.colcon_core.shell:Skip shell extension 'dsv' for command environment
[6.898s] DEBUG:colcon.colcon_core.event_handler.log_command:Invoking command in '/home/vladi/Desktop/ros2_commands/qt_ros_ws/build/vision': CMAKE_PREFIX_PATH=/opt/ros/humble /usr/bin/cmake --build /home/vladi/Desktop/ros2_commands/qt_ros_ws/build/vision -- -j8 -l8
[33.423s] DEBUG:colcon.colcon_core.event_handler.log_command:Invoked command in '/home/vladi/Desktop/ros2_commands/qt_ros_ws/build/vision' returned '0': CMAKE_PREFIX_PATH=/opt/ros/humble /usr/bin/cmake --build /home/vladi/Desktop/ros2_commands/qt_ros_ws/build/vision -- -j8 -l8
[33.552s] DEBUG:colcon.colcon_core.event_handler.log_command:Invoking command in '/home/vladi/Desktop/ros2_commands/qt_ros_ws/build/vision': CMAKE_PREFIX_PATH=/opt/ros/humble /usr/bin/cmake --install /home/vladi/Desktop/ros2_commands/qt_ros_ws/build/vision
[33.605s] Level 1:colcon.colcon_core.environment:create_environment_scripts_only(vision)
[33.607s] DEBUG:colcon.colcon_core.event_handler.log_command:Invoked command in '/home/vladi/Desktop/ros2_commands/qt_ros_ws/build/vision' returned '0': CMAKE_PREFIX_PATH=/opt/ros/humble /usr/bin/cmake --install /home/vladi/Desktop/ros2_commands/qt_ros_ws/build/vision
[33.714s] Level 1:colcon.colcon_core.environment:checking '/home/vladi/Desktop/ros2_commands/qt_ros_ws/install/vision' for CMake module files
[33.717s] Level 1:colcon.colcon_core.environment:checking '/home/vladi/Desktop/ros2_commands/qt_ros_ws/install/vision' for CMake config files
[33.719s] Level 1:colcon.colcon_core.shell:create_environment_hook('vision', 'cmake_prefix_path')
[33.817s] INFO:colcon.colcon_core.shell:Creating environment hook '/home/vladi/Desktop/ros2_commands/qt_ros_ws/install/vision/share/vision/hook/cmake_prefix_path.ps1'
[33.819s] INFO:colcon.colcon_core.shell:Creating environment descriptor '/home/vladi/Desktop/ros2_commands/qt_ros_ws/install/vision/share/vision/hook/cmake_prefix_path.dsv'
[33.822s] INFO:colcon.colcon_core.shell:Creating environment hook '/home/vladi/Desktop/ros2_commands/qt_ros_ws/install/vision/share/vision/hook/cmake_prefix_path.sh'
[33.826s] Level 1:colcon.colcon_core.environment:checking '/home/vladi/Desktop/ros2_commands/qt_ros_ws/install/vision/lib'
[33.827s] Level 1:colcon.colcon_core.environment:checking '/home/vladi/Desktop/ros2_commands/qt_ros_ws/install/vision/bin'
[33.828s] Level 1:colcon.colcon_core.environment:checking '/home/vladi/Desktop/ros2_commands/qt_ros_ws/install/vision/lib/pkgconfig/vision.pc'
[33.829s] Level 1:colcon.colcon_core.environment:checking '/home/vladi/Desktop/ros2_commands/qt_ros_ws/install/vision/lib/python3.10/site-packages'
[33.830s] Level 1:colcon.colcon_core.environment:checking '/home/vladi/Desktop/ros2_commands/qt_ros_ws/install/vision/bin'
[33.919s] INFO:colcon.colcon_core.shell:Creating package script '/home/vladi/Desktop/ros2_commands/qt_ros_ws/install/vision/share/vision/package.ps1'
[33.923s] INFO:colcon.colcon_core.shell:Creating package descriptor '/home/vladi/Desktop/ros2_commands/qt_ros_ws/install/vision/share/vision/package.dsv'
[33.926s] INFO:colcon.colcon_core.shell:Creating package script '/home/vladi/Desktop/ros2_commands/qt_ros_ws/install/vision/share/vision/package.sh'
[33.929s] INFO:colcon.colcon_core.shell:Creating package script '/home/vladi/Desktop/ros2_commands/qt_ros_ws/install/vision/share/vision/package.bash'
[33.933s] INFO:colcon.colcon_core.shell:Creating package script '/home/vladi/Desktop/ros2_commands/qt_ros_ws/install/vision/share/vision/package.zsh'
[33.936s] Level 1:colcon.colcon_core.environment:create_file_with_runtime_dependencies(/home/vladi/Desktop/ros2_commands/qt_ros_ws/install/vision/share/colcon-core/packages/vision)
[34.169s] Level 1:colcon.colcon_core.environment:create_environment_scripts_only(vision)
[34.261s] Level 1:colcon.colcon_core.environment:checking '/home/vladi/Desktop/ros2_commands/qt_ros_ws/install/vision' for CMake module files
[34.265s] Level 1:colcon.colcon_core.environment:checking '/home/vladi/Desktop/ros2_commands/qt_ros_ws/install/vision' for CMake config files
[34.267s] Level 1:colcon.colcon_core.shell:create_environment_hook('vision', 'cmake_prefix_path')
[34.372s] INFO:colcon.colcon_core.shell:Creating environment hook '/home/vladi/Desktop/ros2_commands/qt_ros_ws/install/vision/share/vision/hook/cmake_prefix_path.ps1'
[34.374s] INFO:colcon.colcon_core.shell:Creating environment descriptor '/home/vladi/Desktop/ros2_commands/qt_ros_ws/install/vision/share/vision/hook/cmake_prefix_path.dsv'
[34.376s] INFO:colcon.colcon_core.shell:Creating environment hook '/home/vladi/Desktop/ros2_commands/qt_ros_ws/install/vision/share/vision/hook/cmake_prefix_path.sh'
[34.378s] Level 1:colcon.colcon_core.environment:checking '/home/vladi/Desktop/ros2_commands/qt_ros_ws/install/vision/lib'
[34.378s] Level 1:colcon.colcon_core.environment:checking '/home/vladi/Desktop/ros2_commands/qt_ros_ws/install/vision/bin'
[34.379s] Level 1:colcon.colcon_core.environment:checking '/home/vladi/Desktop/ros2_commands/qt_ros_ws/install/vision/lib/pkgconfig/vision.pc'
[34.380s] Level 1:colcon.colcon_core.environment:checking '/home/vladi/Desktop/ros2_commands/qt_ros_ws/install/vision/lib/python3.10/site-packages'
[34.381s] Level 1:colcon.colcon_core.environment:checking '/home/vladi/Desktop/ros2_commands/qt_ros_ws/install/vision/bin'
[34.469s] INFO:colcon.colcon_core.shell:Creating package script '/home/vladi/Desktop/ros2_commands/qt_ros_ws/install/vision/share/vision/package.ps1'
[34.472s] INFO:colcon.colcon_core.shell:Creating package descriptor '/home/vladi/Desktop/ros2_commands/qt_ros_ws/install/vision/share/vision/package.dsv'
[34.476s] INFO:colcon.colcon_core.shell:Creating package script '/home/vladi/Desktop/ros2_commands/qt_ros_ws/install/vision/share/vision/package.sh'
[34.479s] INFO:colcon.colcon_core.shell:Creating package script '/home/vladi/Desktop/ros2_commands/qt_ros_ws/install/vision/share/vision/package.bash'
[34.482s] INFO:colcon.colcon_core.shell:Creating package script '/home/vladi/Desktop/ros2_commands/qt_ros_ws/install/vision/share/vision/package.zsh'
[34.484s] Level 1:colcon.colcon_core.environment:create_file_with_runtime_dependencies(/home/vladi/Desktop/ros2_commands/qt_ros_ws/install/vision/share/colcon-core/packages/vision)
[34.486s] DEBUG:colcon.colcon_parallel_executor.executor.parallel:closing loop
[34.488s] DEBUG:colcon.colcon_parallel_executor.executor.parallel:loop closed
[34.489s] DEBUG:colcon.colcon_parallel_executor.executor.parallel:run_until_complete finished with '0'
[34.489s] DEBUG:colcon.colcon_core.event_reactor:joining thread
[34.601s] INFO:colcon.colcon_core.plugin_system:Skipping extension 'colcon_notification.desktop_notification.terminal_notifier': Not used on non-Darwin systems
[34.601s] INFO:colcon.colcon_core.plugin_system:Skipping extension 'colcon_notification.desktop_notification.win32': Not used on non-Windows systems
[34.602s] INFO:colcon.colcon_notification.desktop_notification:Sending desktop notification using 'notify2'
[34.656s] DEBUG:colcon.colcon_core.event_reactor:joined thread
[34.774s] INFO:colcon.colcon_core.shell:Creating prefix script '/home/vladi/Desktop/ros2_commands/qt_ros_ws/install/local_setup.ps1'
[34.778s] INFO:colcon.colcon_core.shell:Creating prefix util module '/home/vladi/Desktop/ros2_commands/qt_ros_ws/install/_local_setup_util_ps1.py'
[34.788s] INFO:colcon.colcon_core.shell:Creating prefix chain script '/home/vladi/Desktop/ros2_commands/qt_ros_ws/install/setup.ps1'
[34.884s] INFO:colcon.colcon_core.shell:Creating prefix script '/home/vladi/Desktop/ros2_commands/qt_ros_ws/install/local_setup.sh'
[34.888s] INFO:colcon.colcon_core.shell:Creating prefix util module '/home/vladi/Desktop/ros2_commands/qt_ros_ws/install/_local_setup_util_sh.py'
[34.890s] INFO:colcon.colcon_core.shell:Creating prefix chain script '/home/vladi/Desktop/ros2_commands/qt_ros_ws/install/setup.sh'
[34.977s] INFO:colcon.colcon_core.shell:Creating prefix script '/home/vladi/Desktop/ros2_commands/qt_ros_ws/install/local_setup.bash'
[34.980s] INFO:colcon.colcon_core.shell:Creating prefix chain script '/home/vladi/Desktop/ros2_commands/qt_ros_ws/install/setup.bash'
[35.074s] INFO:colcon.colcon_core.shell:Creating prefix script '/home/vladi/Desktop/ros2_commands/qt_ros_ws/install/local_setup.zsh'
[35.078s] INFO:colcon.colcon_core.shell:Creating prefix chain script '/home/vladi/Desktop/ros2_commands/qt_ros_ws/install/setup.zsh'
