[0.018s] Invoking command in '/home/vladi/Desktop/ros2_commands/qt_ros_ws/build/neptune_2_bringup': CMAKE_PREFIX_PATH=/home/vladi/Desktop/ros2_commands/qt_ros_ws/install/neptune_2_description:/home/vladi/Desktop/ros2_commands/qt_ros_ws/install/vision:/home/vladi/Desktop/ros2_commands/qt_ros_ws/install/st_ligth:/home/vladi/Desktop/ros2_commands/qt_ros_ws/install/neptune_2_bringup:/opt/ros/humble /usr/bin/cmake --build /home/vladi/Desktop/ros2_commands/qt_ros_ws/build/neptune_2_bringup -- -j8 -l8
[0.054s] -- Found ament_cmake: 1.3.9 (/opt/ros/humble/share/ament_cmake/cmake)
[0.256s] -- Found rclcpp: 16.0.9 (/opt/ros/humble/share/rclcpp/cmake)
[0.299s] -- Found rosidl_generator_c: 3.1.5 (/opt/ros/humble/share/rosidl_generator_c/cmake)
[0.302s] -- Found rosidl_adapter: 3.1.5 (/opt/ros/humble/share/rosidl_adapter/cmake)
[0.310s] -- Found rosidl_generator_cpp: 3.1.5 (/opt/ros/humble/share/rosidl_generator_cpp/cmake)
[0.324s] -- Using all available rosidl_typesupport_c: rosidl_typesupport_fastrtps_c;rosidl_typesupport_introspection_c
[0.345s] -- Using all available rosidl_typesupport_cpp: rosidl_typesupport_fastrtps_cpp;rosidl_typesupport_introspection_cpp
[0.432s] -- Found rmw_implementation_cmake: 6.1.2 (/opt/ros/humble/share/rmw_implementation_cmake/cmake)
[0.434s] -- Found rmw_cyclonedds_cpp: 1.3.4 (/opt/ros/humble/share/rmw_cyclonedds_cpp/cmake)
[0.475s] -- Using RMW implementation 'rmw_cyclonedds_cpp' as default
[0.693s] -- Found sensor_msgs: 4.2.3 (/opt/ros/humble/share/sensor_msgs/cmake)
[0.849s] -- Found pcl_conversions: 2.4.0 (/opt/ros/humble/share/pcl_conversions/cmake)
[1.014s] -- Eigen found (include: /usr/include/eigen3, version: 3.4.0)
[1.060s] -- FLANN found (include: /usr/include, lib: /usr/lib/x86_64-linux-gnu/libflann_cpp.so)
[1.442s] -- OpenNI found (version: 1.5.4.0, include: /usr/include/ni, lib: /usr/lib/libOpenNI.so;libusb::libusb)
[1.449s] -- OpenNI2 found (version: 2.2.0.33, include: /usr/include/openni2, lib: /usr/lib/x86_64-linux-gnu/libOpenNI2.so;libusb::libusb)
[1.450s] [0m** WARNING ** io features related to pcap will be disabled[0m
[1.698s] -- Eigen found (include: /usr/include/eigen3, version: 3.4.0)
[1.707s] -- OpenNI found (version: 1.5.4.0, include: /usr/include/ni, lib: /usr/lib/libOpenNI.so;libusb::libusb)
[1.715s] -- OpenNI2 found (version: 2.2.0.33, include: /usr/include/openni2, lib: /usr/lib/x86_64-linux-gnu/libOpenNI2.so;libusb::libusb)
[1.885s] -- Found Qhull version 8.0.2
[2.064s] -- OpenNI found (version: 1.5.4.0, include: /usr/include/ni, lib: /usr/lib/libOpenNI.so;libusb::libusb)
[2.232s] -- looking for PCL_COMMON
[2.232s] -- looking for PCL_KDTREE
[2.233s] -- looking for PCL_OCTREE
[2.233s] -- looking for PCL_SEARCH
[2.234s] -- looking for PCL_SAMPLE_CONSENSUS
[2.235s] -- looking for PCL_FILTERS
[2.235s] -- looking for PCL_2D
[2.236s] -- looking for PCL_GEOMETRY
[2.237s] -- looking for PCL_IO
[2.238s] -- looking for PCL_FEATURES
[2.239s] -- looking for PCL_ML
[2.239s] -- looking for PCL_SEGMENTATION
[2.241s] -- looking for PCL_VISUALIZATION
[2.241s] -- looking for PCL_SURFACE
[2.242s] -- looking for PCL_REGISTRATION
[2.243s] -- looking for PCL_KEYPOINTS
[2.244s] -- looking for PCL_TRACKING
[2.244s] -- looking for PCL_RECOGNITION
[2.245s] -- looking for PCL_STEREO
[2.246s] -- looking for PCL_APPS
[2.247s] -- looking for PCL_IN_HAND_SCANNER
[2.248s] -- looking for PCL_MODELER
[2.248s] -- looking for PCL_POINT_CLOUD_EDITOR
[2.249s] -- looking for PCL_OUTOFCORE
[2.249s] -- looking for PCL_PEOPLE
[2.469s] -- Configuring done
[2.476s] [31mCMake Error at CMakeLists.txt:20 (add_executable):
[2.477s]   Cannot find source file:
[2.477s] 
[2.477s]     src/msg_to_pcl2.cpp
[2.477s] 
[2.477s]   Tried extensions .c .C .c++ .cc .cpp .cxx .cu .mpp .m .M .mm .ixx .cppm .h
[2.478s]   .hh .h++ .hm .hpp .hxx .in .txx .f .F .for .f77 .f90 .f95 .f03 .hip .ispc
[2.478s] 
[2.478s] [0m
[2.481s] [31mCMake Error at CMakeLists.txt:20 (add_executable):
[2.481s]   No SOURCES given to target: msg_to_pcl2
[2.481s] 
[2.481s] [0m
[2.481s] [0mCMake Generate step failed.  Build files cannot be regenerated correctly.[0m
[2.500s] gmake: *** [Makefile:226: cmake_check_build_system] Error 1
[2.504s] Invoked command in '/home/vladi/Desktop/ros2_commands/qt_ros_ws/build/neptune_2_bringup' returned '2': CMAKE_PREFIX_PATH=/home/vladi/Desktop/ros2_commands/qt_ros_ws/install/neptune_2_description:/home/vladi/Desktop/ros2_commands/qt_ros_ws/install/vision:/home/vladi/Desktop/ros2_commands/qt_ros_ws/install/st_ligth:/home/vladi/Desktop/ros2_commands/qt_ros_ws/install/neptune_2_bringup:/opt/ros/humble /usr/bin/cmake --build /home/vladi/Desktop/ros2_commands/qt_ros_ws/build/neptune_2_bringup -- -j8 -l8
