[0.306s] Invoking command in '/home/vladi/Desktop/ros2_commands/qt_ros_ws/build/vision': CMAKE_PREFIX_PATH=/opt/ros/humble /usr/bin/cmake --build /home/vladi/Desktop/ros2_commands/qt_ros_ws/build/vision -- -j8 -l8
[0.404s] -- Found ament_cmake: 1.3.5 (/opt/ros/humble/share/ament_cmake/cmake)
[1.016s] -- Override CMake install command with custom implementation using symlinks instead of copying resources
[1.057s] -- Found rclcpp: 16.0.6 (/opt/ros/humble/share/rclcpp/cmake)
[1.207s] -- Found rosidl_generator_c: 3.1.5 (/opt/ros/humble/share/rosidl_generator_c/cmake)
[1.227s] -- Found rosidl_adapter: 3.1.5 (/opt/ros/humble/share/rosidl_adapter/cmake)
[1.273s] -- Found rosidl_generator_cpp: 3.1.5 (/opt/ros/humble/share/rosidl_generator_cpp/cmake)
[1.337s] -- Using all available rosidl_typesupport_c: rosidl_typesupport_fastrtps_c;rosidl_typesupport_introspection_c
[1.411s] -- Using all available rosidl_typesupport_cpp: rosidl_typesupport_fastrtps_cpp;rosidl_typesupport_introspection_cpp
[1.683s] -- Found rmw_implementation_cmake: 6.1.1 (/opt/ros/humble/share/rmw_implementation_cmake/cmake)
[1.689s] -- Found rmw_fastrtps_cpp: 6.2.4 (/opt/ros/humble/share/rmw_fastrtps_cpp/cmake)
[2.213s] -- Using RMW implementation 'rmw_fastrtps_cpp' as default
[2.960s] -- Found sensor_msgs: 4.2.3 (/opt/ros/humble/share/sensor_msgs/cmake)
[3.540s] -- Found cv_bridge: 3.2.1 (/opt/ros/humble/share/cv_bridge/cmake)
[3.607s] -- Found image_transport: 3.1.7 (/opt/ros/humble/share/image_transport/cmake)
[3.810s] -- Found ament_lint_auto: 0.12.8 (/opt/ros/humble/share/ament_lint_auto/cmake)
[4.110s] -- Added test 'cppcheck' to perform static code analysis on C / C++ code
[4.111s] -- Configured cppcheck include dirs: 
[4.112s] -- Configured cppcheck exclude dirs and/or files: 
[4.114s] -- Added test 'lint_cmake' to check CMake code style
[4.117s] -- Added test 'uncrustify' to check C / C++ code style
[4.118s] -- Configured uncrustify additional arguments: 
[4.119s] -- Added test 'xmllint' to check XML markup files
[4.126s] -- Configuring done
[4.227s] -- Generating done
[4.236s] -- Build files have been written to: /home/vladi/Desktop/ros2_commands/qt_ros_ws/build/vision
[4.349s] [35m[1mConsolidate compiler generated dependencies of target image_capture_node[0m
[4.350s] [35m[1mConsolidate compiler generated dependencies of target image_capture_subscriber_node[0m
[4.479s] [ 50%] [32mBuilding CXX object CMakeFiles/image_capture_subscriber_node.dir/src/vision_capture_subscriber.cpp.o[0m
[4.480s] [ 75%] Built target image_capture_node
[43.277s] [100%] [32m[1mLinking CXX executable image_capture_subscriber_node[0m
[46.501s] [100%] Built target image_capture_subscriber_node
[46.546s] Invoked command in '/home/vladi/Desktop/ros2_commands/qt_ros_ws/build/vision' returned '0': CMAKE_PREFIX_PATH=/opt/ros/humble /usr/bin/cmake --build /home/vladi/Desktop/ros2_commands/qt_ros_ws/build/vision -- -j8 -l8
[46.686s] Invoking command in '/home/vladi/Desktop/ros2_commands/qt_ros_ws/build/vision': CMAKE_PREFIX_PATH=/opt/ros/humble /usr/bin/cmake --install /home/vladi/Desktop/ros2_commands/qt_ros_ws/build/vision
[46.728s] -- Install configuration: ""
[46.730s] -- Execute custom install script
[46.732s] -- Up-to-date symlink: /home/vladi/Desktop/ros2_commands/qt_ros_ws/install/vision/lib/vision/image_capture_node
[46.734s] -- Up-to-date symlink: /home/vladi/Desktop/ros2_commands/qt_ros_ws/install/vision/lib/vision/image_capture_subscriber_node
[46.735s] -- Up-to-date symlink: /home/vladi/Desktop/ros2_commands/qt_ros_ws/install/vision/share/ament_index/resource_index/package_run_dependencies/vision
[46.737s] -- Up-to-date symlink: /home/vladi/Desktop/ros2_commands/qt_ros_ws/install/vision/share/ament_index/resource_index/parent_prefix_path/vision
[46.738s] -- Up-to-date symlink: /home/vladi/Desktop/ros2_commands/qt_ros_ws/install/vision/share/vision/environment/ament_prefix_path.sh
[46.739s] -- Up-to-date symlink: /home/vladi/Desktop/ros2_commands/qt_ros_ws/install/vision/share/vision/environment/ament_prefix_path.dsv
[46.740s] -- Up-to-date symlink: /home/vladi/Desktop/ros2_commands/qt_ros_ws/install/vision/share/vision/environment/path.sh
[46.742s] -- Up-to-date symlink: /home/vladi/Desktop/ros2_commands/qt_ros_ws/install/vision/share/vision/environment/path.dsv
[46.744s] -- Up-to-date symlink: /home/vladi/Desktop/ros2_commands/qt_ros_ws/install/vision/share/vision/local_setup.bash
[46.746s] -- Up-to-date symlink: /home/vladi/Desktop/ros2_commands/qt_ros_ws/install/vision/share/vision/local_setup.sh
[46.747s] -- Up-to-date symlink: /home/vladi/Desktop/ros2_commands/qt_ros_ws/install/vision/share/vision/local_setup.zsh
[46.748s] -- Up-to-date symlink: /home/vladi/Desktop/ros2_commands/qt_ros_ws/install/vision/share/vision/local_setup.dsv
[46.748s] -- Symlinking: /home/vladi/Desktop/ros2_commands/qt_ros_ws/install/vision/share/vision/package.dsv
[46.790s] -- Up-to-date symlink: /home/vladi/Desktop/ros2_commands/qt_ros_ws/install/vision/share/ament_index/resource_index/packages/vision
[46.792s] -- Up-to-date symlink: /home/vladi/Desktop/ros2_commands/qt_ros_ws/install/vision/share/vision/cmake/ament_cmake_export_dependencies-extras.cmake
[46.793s] -- Up-to-date symlink: /home/vladi/Desktop/ros2_commands/qt_ros_ws/install/vision/share/vision/cmake/visionConfig.cmake
[46.794s] -- Up-to-date symlink: /home/vladi/Desktop/ros2_commands/qt_ros_ws/install/vision/share/vision/cmake/visionConfig-version.cmake
[46.796s] -- Up-to-date symlink: /home/vladi/Desktop/ros2_commands/qt_ros_ws/install/vision/share/vision/package.xml
[46.807s] Invoked command in '/home/vladi/Desktop/ros2_commands/qt_ros_ws/build/vision' returned '0': CMAKE_PREFIX_PATH=/opt/ros/humble /usr/bin/cmake --install /home/vladi/Desktop/ros2_commands/qt_ros_ws/build/vision
