[1.131s] DEBUG:colcon:Command line arguments: ['/usr/bin/colcon', 'build']
[1.131s] DEBUG:colcon:Parsed command line arguments: Namespace(log_base=None, log_level=None, verb_name='build', build_base='build', install_base='install', merge_install=False, symlink_install=False, test_result_base=None, continue_on_error=False, executor='parallel', parallel_workers=8, event_handlers=None, ignore_user_meta=False, metas=['./colcon.meta'], base_paths=['.'], packages_ignore=None, packages_ignore_regex=None, paths=None, packages_up_to=None, packages_up_to_regex=None, packages_above=None, packages_above_and_dependencies=None, packages_above_depth=None, packages_select_by_dep=None, packages_skip_by_dep=None, packages_skip_up_to=None, packages_select_build_failed=False, packages_skip_build_finished=False, packages_select_test_failures=False, packages_skip_test_passed=False, packages_select=None, packages_skip=None, packages_select_regex=None, packages_skip_regex=None, packages_start=None, packages_end=None, allow_overriding=[], cmake_args=None, cmake_target=None, cmake_target_skip_unavailable=False, cmake_clean_cache=False, cmake_clean_first=False, cmake_force_configure=False, ament_cmake_args=None, catkin_cmake_args=None, catkin_skip_building_tests=False, verb_parser=<colcon_defaults.argument_parser.defaults.DefaultArgumentsDecorator object at 0x7fdd814ecd00>, verb_extension=<colcon_core.verb.build.BuildVerb object at 0x7fdd814ecc70>, main=<bound method BuildVerb.main of <colcon_core.verb.build.BuildVerb object at 0x7fdd814ecc70>>)
[1.199s] Level 1:colcon.colcon_core.package_discovery:discover_packages(colcon_meta) check parameters
[1.199s] Level 1:colcon.colcon_core.package_discovery:discover_packages(recursive) check parameters
[1.199s] Level 1:colcon.colcon_core.package_discovery:discover_packages(ignore) check parameters
[1.199s] Level 1:colcon.colcon_core.package_discovery:discover_packages(path) check parameters
[1.199s] Level 1:colcon.colcon_core.package_discovery:discover_packages(colcon_meta) discover
[1.199s] Level 1:colcon.colcon_core.package_discovery:discover_packages(recursive) discover
[1.200s] INFO:colcon.colcon_core.package_discovery:Crawling recursively for packages in '/home/vladi/Desktop/ros2_commands/qt_ros_ws'
[1.200s] Level 1:colcon.colcon_core.package_identification:_identify(.) by extensions ['ignore', 'ignore_ament_install']
[1.200s] Level 1:colcon.colcon_core.package_identification:_identify(.) by extension 'ignore'
[1.200s] Level 1:colcon.colcon_core.package_identification:_identify(.) by extension 'ignore_ament_install'
[1.200s] Level 1:colcon.colcon_core.package_identification:_identify(.) by extensions ['colcon_pkg']
[1.200s] Level 1:colcon.colcon_core.package_identification:_identify(.) by extension 'colcon_pkg'
[1.200s] Level 1:colcon.colcon_core.package_identification:_identify(.) by extensions ['colcon_meta']
[1.200s] Level 1:colcon.colcon_core.package_identification:_identify(.) by extension 'colcon_meta'
[1.200s] Level 1:colcon.colcon_core.package_identification:_identify(.) by extensions ['ros']
[1.200s] Level 1:colcon.colcon_core.package_identification:_identify(.) by extension 'ros'
[1.215s] Level 1:colcon.colcon_core.package_identification:_identify(.) by extensions ['cmake', 'python']
[1.215s] Level 1:colcon.colcon_core.package_identification:_identify(.) by extension 'cmake'
[1.215s] Level 1:colcon.colcon_core.package_identification:_identify(.) by extension 'python'
[1.215s] Level 1:colcon.colcon_core.package_identification:_identify(.) by extensions ['python_setup_py']
[1.215s] Level 1:colcon.colcon_core.package_identification:_identify(.) by extension 'python_setup_py'
[1.216s] Level 1:colcon.colcon_core.package_identification:_identify(build) by extensions ['ignore', 'ignore_ament_install']
[1.216s] Level 1:colcon.colcon_core.package_identification:_identify(build) by extension 'ignore'
[1.216s] Level 1:colcon.colcon_core.package_identification:_identify(build) ignored
[1.216s] Level 1:colcon.colcon_core.package_identification:_identify(install) by extensions ['ignore', 'ignore_ament_install']
[1.216s] Level 1:colcon.colcon_core.package_identification:_identify(install) by extension 'ignore'
[1.216s] Level 1:colcon.colcon_core.package_identification:_identify(install) ignored
[1.216s] Level 1:colcon.colcon_core.package_identification:_identify(log) by extensions ['ignore', 'ignore_ament_install']
[1.217s] Level 1:colcon.colcon_core.package_identification:_identify(log) by extension 'ignore'
[1.217s] Level 1:colcon.colcon_core.package_identification:_identify(log) ignored
[1.217s] Level 1:colcon.colcon_core.package_identification:_identify(src) by extensions ['ignore', 'ignore_ament_install']
[1.217s] Level 1:colcon.colcon_core.package_identification:_identify(src) by extension 'ignore'
[1.217s] Level 1:colcon.colcon_core.package_identification:_identify(src) by extension 'ignore_ament_install'
[1.217s] Level 1:colcon.colcon_core.package_identification:_identify(src) by extensions ['colcon_pkg']
[1.217s] Level 1:colcon.colcon_core.package_identification:_identify(src) by extension 'colcon_pkg'
[1.217s] Level 1:colcon.colcon_core.package_identification:_identify(src) by extensions ['colcon_meta']
[1.217s] Level 1:colcon.colcon_core.package_identification:_identify(src) by extension 'colcon_meta'
[1.217s] Level 1:colcon.colcon_core.package_identification:_identify(src) by extensions ['ros']
[1.217s] Level 1:colcon.colcon_core.package_identification:_identify(src) by extension 'ros'
[1.217s] Level 1:colcon.colcon_core.package_identification:_identify(src) by extensions ['cmake', 'python']
[1.217s] Level 1:colcon.colcon_core.package_identification:_identify(src) by extension 'cmake'
[1.217s] Level 1:colcon.colcon_core.package_identification:_identify(src) by extension 'python'
[1.217s] Level 1:colcon.colcon_core.package_identification:_identify(src) by extensions ['python_setup_py']
[1.217s] Level 1:colcon.colcon_core.package_identification:_identify(src) by extension 'python_setup_py'
[1.218s] Level 1:colcon.colcon_core.package_identification:_identify(src/neptune_2_bringup) by extensions ['ignore', 'ignore_ament_install']
[1.218s] Level 1:colcon.colcon_core.package_identification:_identify(src/neptune_2_bringup) by extension 'ignore'
[1.218s] Level 1:colcon.colcon_core.package_identification:_identify(src/neptune_2_bringup) by extension 'ignore_ament_install'
[1.218s] Level 1:colcon.colcon_core.package_identification:_identify(src/neptune_2_bringup) by extensions ['colcon_pkg']
[1.218s] Level 1:colcon.colcon_core.package_identification:_identify(src/neptune_2_bringup) by extension 'colcon_pkg'
[1.218s] Level 1:colcon.colcon_core.package_identification:_identify(src/neptune_2_bringup) by extensions ['colcon_meta']
[1.218s] Level 1:colcon.colcon_core.package_identification:_identify(src/neptune_2_bringup) by extension 'colcon_meta'
[1.218s] Level 1:colcon.colcon_core.package_identification:_identify(src/neptune_2_bringup) by extensions ['ros']
[1.218s] Level 1:colcon.colcon_core.package_identification:_identify(src/neptune_2_bringup) by extension 'ros'
[1.221s] DEBUG:colcon.colcon_core.package_identification:Package 'src/neptune_2_bringup' with type 'ros.ament_cmake' and name 'neptune_2_bringup'
[1.221s] Level 1:colcon.colcon_core.package_identification:_identify(src/neptune_2_description) by extensions ['ignore', 'ignore_ament_install']
[1.221s] Level 1:colcon.colcon_core.package_identification:_identify(src/neptune_2_description) by extension 'ignore'
[1.221s] Level 1:colcon.colcon_core.package_identification:_identify(src/neptune_2_description) by extension 'ignore_ament_install'
[1.222s] Level 1:colcon.colcon_core.package_identification:_identify(src/neptune_2_description) by extensions ['colcon_pkg']
[1.222s] Level 1:colcon.colcon_core.package_identification:_identify(src/neptune_2_description) by extension 'colcon_pkg'
[1.222s] Level 1:colcon.colcon_core.package_identification:_identify(src/neptune_2_description) by extensions ['colcon_meta']
[1.222s] Level 1:colcon.colcon_core.package_identification:_identify(src/neptune_2_description) by extension 'colcon_meta'
[1.222s] Level 1:colcon.colcon_core.package_identification:_identify(src/neptune_2_description) by extensions ['ros']
[1.222s] Level 1:colcon.colcon_core.package_identification:_identify(src/neptune_2_description) by extension 'ros'
[1.222s] DEBUG:colcon.colcon_core.package_identification:Package 'src/neptune_2_description' with type 'ros.ament_cmake' and name 'neptune_2_description'
[1.222s] Level 1:colcon.colcon_core.package_discovery:discover_packages(recursive) using defaults
[1.223s] Level 1:colcon.colcon_core.package_discovery:discover_packages(ignore) discover
[1.223s] Level 1:colcon.colcon_core.package_discovery:discover_packages(ignore) using defaults
[1.223s] Level 1:colcon.colcon_core.package_discovery:discover_packages(path) discover
[1.223s] Level 1:colcon.colcon_core.package_discovery:discover_packages(path) using defaults
[1.339s] Level 1:colcon.colcon_core.package_discovery:discover_packages(prefix_path) check parameters
[1.339s] Level 1:colcon.colcon_core.package_discovery:discover_packages(prefix_path) discover
[1.376s] DEBUG:colcon.colcon_installed_package_information.package_discovery:Found 3 installed packages in /home/vladi/Desktop/ros2_commands/qt_ros_ws/install
[1.394s] DEBUG:colcon.colcon_installed_package_information.package_discovery:Found 393 installed packages in /opt/ros/humble
[1.396s] Level 1:colcon.colcon_core.package_discovery:discover_packages(prefix_path) using defaults
[1.524s] Level 5:colcon.colcon_core.verb:set package 'neptune_2_description' build argument 'cmake_args' from command line to 'None'
[1.524s] Level 5:colcon.colcon_core.verb:set package 'neptune_2_description' build argument 'cmake_target' from command line to 'None'
[1.524s] Level 5:colcon.colcon_core.verb:set package 'neptune_2_description' build argument 'cmake_target_skip_unavailable' from command line to 'False'
[1.524s] Level 5:colcon.colcon_core.verb:set package 'neptune_2_description' build argument 'cmake_clean_cache' from command line to 'False'
[1.524s] Level 5:colcon.colcon_core.verb:set package 'neptune_2_description' build argument 'cmake_clean_first' from command line to 'False'
[1.524s] Level 5:colcon.colcon_core.verb:set package 'neptune_2_description' build argument 'cmake_force_configure' from command line to 'False'
[1.524s] Level 5:colcon.colcon_core.verb:set package 'neptune_2_description' build argument 'ament_cmake_args' from command line to 'None'
[1.524s] Level 5:colcon.colcon_core.verb:set package 'neptune_2_description' build argument 'catkin_cmake_args' from command line to 'None'
[1.524s] Level 5:colcon.colcon_core.verb:set package 'neptune_2_description' build argument 'catkin_skip_building_tests' from command line to 'False'
[1.524s] DEBUG:colcon.colcon_core.verb:Building package 'neptune_2_description' with the following arguments: {'ament_cmake_args': None, 'build_base': '/home/vladi/Desktop/ros2_commands/qt_ros_ws/build/neptune_2_description', 'catkin_cmake_args': None, 'catkin_skip_building_tests': False, 'cmake_args': None, 'cmake_clean_cache': False, 'cmake_clean_first': False, 'cmake_force_configure': False, 'cmake_target': None, 'cmake_target_skip_unavailable': False, 'install_base': '/home/vladi/Desktop/ros2_commands/qt_ros_ws/install/neptune_2_description', 'merge_install': False, 'path': '/home/vladi/Desktop/ros2_commands/qt_ros_ws/src/neptune_2_description', 'symlink_install': False, 'test_result_base': None}
[1.541s] Level 5:colcon.colcon_core.verb:set package 'neptune_2_bringup' build argument 'cmake_args' from command line to 'None'
[1.542s] Level 5:colcon.colcon_core.verb:set package 'neptune_2_bringup' build argument 'cmake_target' from command line to 'None'
[1.542s] Level 5:colcon.colcon_core.verb:set package 'neptune_2_bringup' build argument 'cmake_target_skip_unavailable' from command line to 'False'
[1.542s] Level 5:colcon.colcon_core.verb:set package 'neptune_2_bringup' build argument 'cmake_clean_cache' from command line to 'False'
[1.542s] Level 5:colcon.colcon_core.verb:set package 'neptune_2_bringup' build argument 'cmake_clean_first' from command line to 'False'
[1.542s] Level 5:colcon.colcon_core.verb:set package 'neptune_2_bringup' build argument 'cmake_force_configure' from command line to 'False'
[1.542s] Level 5:colcon.colcon_core.verb:set package 'neptune_2_bringup' build argument 'ament_cmake_args' from command line to 'None'
[1.542s] Level 5:colcon.colcon_core.verb:set package 'neptune_2_bringup' build argument 'catkin_cmake_args' from command line to 'None'
[1.542s] Level 5:colcon.colcon_core.verb:set package 'neptune_2_bringup' build argument 'catkin_skip_building_tests' from command line to 'False'
[1.542s] DEBUG:colcon.colcon_core.verb:Building package 'neptune_2_bringup' with the following arguments: {'ament_cmake_args': None, 'build_base': '/home/vladi/Desktop/ros2_commands/qt_ros_ws/build/neptune_2_bringup', 'catkin_cmake_args': None, 'catkin_skip_building_tests': False, 'cmake_args': None, 'cmake_clean_cache': False, 'cmake_clean_first': False, 'cmake_force_configure': False, 'cmake_target': None, 'cmake_target_skip_unavailable': False, 'install_base': '/home/vladi/Desktop/ros2_commands/qt_ros_ws/install/neptune_2_bringup', 'merge_install': False, 'path': '/home/vladi/Desktop/ros2_commands/qt_ros_ws/src/neptune_2_bringup', 'symlink_install': False, 'test_result_base': None}
[1.558s] INFO:colcon.colcon_core.executor:Executing jobs using 'parallel' executor
[1.577s] DEBUG:colcon.colcon_parallel_executor.executor.parallel:run_until_complete
[1.577s] INFO:colcon.colcon_ros.task.ament_cmake.build:Building ROS package in '/home/vladi/Desktop/ros2_commands/qt_ros_ws/src/neptune_2_description' with build type 'ament_cmake'
[1.578s] INFO:colcon.colcon_cmake.task.cmake.build:Building CMake package in '/home/vladi/Desktop/ros2_commands/qt_ros_ws/src/neptune_2_description'
[1.600s] INFO:colcon.colcon_core.plugin_system:Skipping extension 'colcon_core.shell.bat': Not used on non-Windows systems
[1.601s] INFO:colcon.colcon_core.shell:Skip shell extension 'powershell' for command environment: Not usable outside of PowerShell
[1.601s] DEBUG:colcon.colcon_core.shell:Skip shell extension 'dsv' for command environment
[1.668s] DEBUG:colcon.colcon_core.event_handler.log_command:Invoking command in '/home/vladi/Desktop/ros2_commands/qt_ros_ws/build/neptune_2_description': CMAKE_PREFIX_PATH=${CMAKE_PREFIX_PATH}:/opt/ros/humble /usr/bin/cmake --build /home/vladi/Desktop/ros2_commands/qt_ros_ws/build/neptune_2_description -- -j8 -l8
[1.720s] DEBUG:colcon.colcon_core.event_handler.log_command:Invoked command in '/home/vladi/Desktop/ros2_commands/qt_ros_ws/build/neptune_2_description' returned '0': CMAKE_PREFIX_PATH=${CMAKE_PREFIX_PATH}:/opt/ros/humble /usr/bin/cmake --build /home/vladi/Desktop/ros2_commands/qt_ros_ws/build/neptune_2_description -- -j8 -l8
[1.768s] DEBUG:colcon.colcon_core.event_handler.log_command:Invoking command in '/home/vladi/Desktop/ros2_commands/qt_ros_ws/build/neptune_2_description': CMAKE_PREFIX_PATH=${CMAKE_PREFIX_PATH}:/opt/ros/humble /usr/bin/cmake --install /home/vladi/Desktop/ros2_commands/qt_ros_ws/build/neptune_2_description
[1.802s] Level 1:colcon.colcon_core.environment:create_environment_scripts_only(neptune_2_description)
[1.804s] DEBUG:colcon.colcon_core.event_handler.log_command:Invoked command in '/home/vladi/Desktop/ros2_commands/qt_ros_ws/build/neptune_2_description' returned '0': CMAKE_PREFIX_PATH=${CMAKE_PREFIX_PATH}:/opt/ros/humble /usr/bin/cmake --install /home/vladi/Desktop/ros2_commands/qt_ros_ws/build/neptune_2_description
[1.835s] Level 1:colcon.colcon_core.environment:checking '/home/vladi/Desktop/ros2_commands/qt_ros_ws/install/neptune_2_description' for CMake module files
[1.836s] Level 1:colcon.colcon_core.environment:checking '/home/vladi/Desktop/ros2_commands/qt_ros_ws/install/neptune_2_description' for CMake config files
[1.836s] Level 1:colcon.colcon_core.shell:create_environment_hook('neptune_2_description', 'cmake_prefix_path')
[1.858s] INFO:colcon.colcon_core.shell:Creating environment hook '/home/vladi/Desktop/ros2_commands/qt_ros_ws/install/neptune_2_description/share/neptune_2_description/hook/cmake_prefix_path.ps1'
[1.859s] INFO:colcon.colcon_core.shell:Creating environment descriptor '/home/vladi/Desktop/ros2_commands/qt_ros_ws/install/neptune_2_description/share/neptune_2_description/hook/cmake_prefix_path.dsv'
[1.860s] INFO:colcon.colcon_core.shell:Creating environment hook '/home/vladi/Desktop/ros2_commands/qt_ros_ws/install/neptune_2_description/share/neptune_2_description/hook/cmake_prefix_path.sh'
[1.861s] Level 1:colcon.colcon_core.environment:checking '/home/vladi/Desktop/ros2_commands/qt_ros_ws/install/neptune_2_description/bin'
[1.861s] Level 1:colcon.colcon_core.environment:checking '/home/vladi/Desktop/ros2_commands/qt_ros_ws/install/neptune_2_description/lib/pkgconfig/neptune_2_description.pc'
[1.861s] Level 1:colcon.colcon_core.environment:checking '/home/vladi/Desktop/ros2_commands/qt_ros_ws/install/neptune_2_description/lib/python3.10/site-packages'
[1.862s] Level 1:colcon.colcon_core.environment:checking '/home/vladi/Desktop/ros2_commands/qt_ros_ws/install/neptune_2_description/bin'
[1.890s] INFO:colcon.colcon_core.shell:Creating package script '/home/vladi/Desktop/ros2_commands/qt_ros_ws/install/neptune_2_description/share/neptune_2_description/package.ps1'
[1.891s] INFO:colcon.colcon_core.shell:Creating package descriptor '/home/vladi/Desktop/ros2_commands/qt_ros_ws/install/neptune_2_description/share/neptune_2_description/package.dsv'
[1.892s] INFO:colcon.colcon_core.shell:Creating package script '/home/vladi/Desktop/ros2_commands/qt_ros_ws/install/neptune_2_description/share/neptune_2_description/package.sh'
[1.893s] INFO:colcon.colcon_core.shell:Creating package script '/home/vladi/Desktop/ros2_commands/qt_ros_ws/install/neptune_2_description/share/neptune_2_description/package.bash'
[1.893s] INFO:colcon.colcon_core.shell:Creating package script '/home/vladi/Desktop/ros2_commands/qt_ros_ws/install/neptune_2_description/share/neptune_2_description/package.zsh'
[1.894s] Level 1:colcon.colcon_core.environment:create_file_with_runtime_dependencies(/home/vladi/Desktop/ros2_commands/qt_ros_ws/install/neptune_2_description/share/colcon-core/packages/neptune_2_description)
[1.938s] Level 1:colcon.colcon_core.environment:create_environment_scripts_only(neptune_2_description)
[1.963s] Level 1:colcon.colcon_core.environment:checking '/home/vladi/Desktop/ros2_commands/qt_ros_ws/install/neptune_2_description' for CMake module files
[1.964s] Level 1:colcon.colcon_core.environment:checking '/home/vladi/Desktop/ros2_commands/qt_ros_ws/install/neptune_2_description' for CMake config files
[1.965s] Level 1:colcon.colcon_core.shell:create_environment_hook('neptune_2_description', 'cmake_prefix_path')
[1.987s] INFO:colcon.colcon_core.shell:Creating environment hook '/home/vladi/Desktop/ros2_commands/qt_ros_ws/install/neptune_2_description/share/neptune_2_description/hook/cmake_prefix_path.ps1'
[1.988s] INFO:colcon.colcon_core.shell:Creating environment descriptor '/home/vladi/Desktop/ros2_commands/qt_ros_ws/install/neptune_2_description/share/neptune_2_description/hook/cmake_prefix_path.dsv'
[1.988s] INFO:colcon.colcon_core.shell:Creating environment hook '/home/vladi/Desktop/ros2_commands/qt_ros_ws/install/neptune_2_description/share/neptune_2_description/hook/cmake_prefix_path.sh'
[1.989s] Level 1:colcon.colcon_core.environment:checking '/home/vladi/Desktop/ros2_commands/qt_ros_ws/install/neptune_2_description/bin'
[1.990s] Level 1:colcon.colcon_core.environment:checking '/home/vladi/Desktop/ros2_commands/qt_ros_ws/install/neptune_2_description/lib/pkgconfig/neptune_2_description.pc'
[1.990s] Level 1:colcon.colcon_core.environment:checking '/home/vladi/Desktop/ros2_commands/qt_ros_ws/install/neptune_2_description/lib/python3.10/site-packages'
[1.991s] Level 1:colcon.colcon_core.environment:checking '/home/vladi/Desktop/ros2_commands/qt_ros_ws/install/neptune_2_description/bin'
[2.017s] INFO:colcon.colcon_core.shell:Creating package script '/home/vladi/Desktop/ros2_commands/qt_ros_ws/install/neptune_2_description/share/neptune_2_description/package.ps1'
[2.018s] INFO:colcon.colcon_core.shell:Creating package descriptor '/home/vladi/Desktop/ros2_commands/qt_ros_ws/install/neptune_2_description/share/neptune_2_description/package.dsv'
[2.019s] INFO:colcon.colcon_core.shell:Creating package script '/home/vladi/Desktop/ros2_commands/qt_ros_ws/install/neptune_2_description/share/neptune_2_description/package.sh'
[2.019s] INFO:colcon.colcon_core.shell:Creating package script '/home/vladi/Desktop/ros2_commands/qt_ros_ws/install/neptune_2_description/share/neptune_2_description/package.bash'
[2.020s] INFO:colcon.colcon_core.shell:Creating package script '/home/vladi/Desktop/ros2_commands/qt_ros_ws/install/neptune_2_description/share/neptune_2_description/package.zsh'
[2.020s] Level 1:colcon.colcon_core.environment:create_file_with_runtime_dependencies(/home/vladi/Desktop/ros2_commands/qt_ros_ws/install/neptune_2_description/share/colcon-core/packages/neptune_2_description)
[2.021s] INFO:colcon.colcon_ros.task.ament_cmake.build:Building ROS package in '/home/vladi/Desktop/ros2_commands/qt_ros_ws/src/neptune_2_bringup' with build type 'ament_cmake'
[2.021s] INFO:colcon.colcon_cmake.task.cmake.build:Building CMake package in '/home/vladi/Desktop/ros2_commands/qt_ros_ws/src/neptune_2_bringup'
[2.045s] INFO:colcon.colcon_core.shell:Skip shell extension 'powershell' for command environment: Not usable outside of PowerShell
[2.045s] DEBUG:colcon.colcon_core.shell:Skip shell extension 'dsv' for command environment
[2.196s] DEBUG:colcon.colcon_core.event_handler.log_command:Invoking command in '/home/vladi/Desktop/ros2_commands/qt_ros_ws/build/neptune_2_bringup': CMAKE_PREFIX_PATH=/home/vladi/Desktop/ros2_commands/qt_ros_ws/install/neptune_2_description:/home/vladi/Desktop/ros2_commands/qt_ros_ws/install/vision:/home/vladi/Desktop/ros2_commands/qt_ros_ws/install/neptune_2_bringup:/opt/ros/humble /usr/bin/cmake --build /home/vladi/Desktop/ros2_commands/qt_ros_ws/build/neptune_2_bringup -- -j8 -l8
[2.238s] DEBUG:colcon.colcon_core.event_handler.log_command:Invoked command in '/home/vladi/Desktop/ros2_commands/qt_ros_ws/build/neptune_2_bringup' returned '0': CMAKE_PREFIX_PATH=/home/vladi/Desktop/ros2_commands/qt_ros_ws/install/neptune_2_description:/home/vladi/Desktop/ros2_commands/qt_ros_ws/install/vision:/home/vladi/Desktop/ros2_commands/qt_ros_ws/install/neptune_2_bringup:/opt/ros/humble /usr/bin/cmake --build /home/vladi/Desktop/ros2_commands/qt_ros_ws/build/neptune_2_bringup -- -j8 -l8
[2.271s] DEBUG:colcon.colcon_core.event_handler.log_command:Invoking command in '/home/vladi/Desktop/ros2_commands/qt_ros_ws/build/neptune_2_bringup': CMAKE_PREFIX_PATH=/home/vladi/Desktop/ros2_commands/qt_ros_ws/install/neptune_2_description:/home/vladi/Desktop/ros2_commands/qt_ros_ws/install/vision:/home/vladi/Desktop/ros2_commands/qt_ros_ws/install/neptune_2_bringup:/opt/ros/humble /usr/bin/cmake --install /home/vladi/Desktop/ros2_commands/qt_ros_ws/build/neptune_2_bringup
[2.285s] Level 1:colcon.colcon_core.environment:create_environment_scripts_only(neptune_2_bringup)
[2.288s] DEBUG:colcon.colcon_core.event_handler.log_command:Invoked command in '/home/vladi/Desktop/ros2_commands/qt_ros_ws/build/neptune_2_bringup' returned '0': CMAKE_PREFIX_PATH=/home/vladi/Desktop/ros2_commands/qt_ros_ws/install/neptune_2_description:/home/vladi/Desktop/ros2_commands/qt_ros_ws/install/vision:/home/vladi/Desktop/ros2_commands/qt_ros_ws/install/neptune_2_bringup:/opt/ros/humble /usr/bin/cmake --install /home/vladi/Desktop/ros2_commands/qt_ros_ws/build/neptune_2_bringup
[2.309s] Level 1:colcon.colcon_core.environment:checking '/home/vladi/Desktop/ros2_commands/qt_ros_ws/install/neptune_2_bringup' for CMake module files
[2.310s] Level 1:colcon.colcon_core.environment:checking '/home/vladi/Desktop/ros2_commands/qt_ros_ws/install/neptune_2_bringup' for CMake config files
[2.310s] Level 1:colcon.colcon_core.shell:create_environment_hook('neptune_2_bringup', 'cmake_prefix_path')
[2.336s] INFO:colcon.colcon_core.shell:Creating environment hook '/home/vladi/Desktop/ros2_commands/qt_ros_ws/install/neptune_2_bringup/share/neptune_2_bringup/hook/cmake_prefix_path.ps1'
[2.337s] INFO:colcon.colcon_core.shell:Creating environment descriptor '/home/vladi/Desktop/ros2_commands/qt_ros_ws/install/neptune_2_bringup/share/neptune_2_bringup/hook/cmake_prefix_path.dsv'
[2.337s] INFO:colcon.colcon_core.shell:Creating environment hook '/home/vladi/Desktop/ros2_commands/qt_ros_ws/install/neptune_2_bringup/share/neptune_2_bringup/hook/cmake_prefix_path.sh'
[2.338s] Level 1:colcon.colcon_core.environment:checking '/home/vladi/Desktop/ros2_commands/qt_ros_ws/install/neptune_2_bringup/bin'
[2.338s] Level 1:colcon.colcon_core.environment:checking '/home/vladi/Desktop/ros2_commands/qt_ros_ws/install/neptune_2_bringup/lib/pkgconfig/neptune_2_bringup.pc'
[2.339s] Level 1:colcon.colcon_core.environment:checking '/home/vladi/Desktop/ros2_commands/qt_ros_ws/install/neptune_2_bringup/lib/python3.10/site-packages'
[2.339s] Level 1:colcon.colcon_core.environment:checking '/home/vladi/Desktop/ros2_commands/qt_ros_ws/install/neptune_2_bringup/bin'
[2.360s] INFO:colcon.colcon_core.shell:Creating package script '/home/vladi/Desktop/ros2_commands/qt_ros_ws/install/neptune_2_bringup/share/neptune_2_bringup/package.ps1'
[2.361s] INFO:colcon.colcon_core.shell:Creating package descriptor '/home/vladi/Desktop/ros2_commands/qt_ros_ws/install/neptune_2_bringup/share/neptune_2_bringup/package.dsv'
[2.362s] INFO:colcon.colcon_core.shell:Creating package script '/home/vladi/Desktop/ros2_commands/qt_ros_ws/install/neptune_2_bringup/share/neptune_2_bringup/package.sh'
[2.362s] INFO:colcon.colcon_core.shell:Creating package script '/home/vladi/Desktop/ros2_commands/qt_ros_ws/install/neptune_2_bringup/share/neptune_2_bringup/package.bash'
[2.363s] INFO:colcon.colcon_core.shell:Creating package script '/home/vladi/Desktop/ros2_commands/qt_ros_ws/install/neptune_2_bringup/share/neptune_2_bringup/package.zsh'
[2.363s] Level 1:colcon.colcon_core.environment:create_file_with_runtime_dependencies(/home/vladi/Desktop/ros2_commands/qt_ros_ws/install/neptune_2_bringup/share/colcon-core/packages/neptune_2_bringup)
[2.413s] Level 1:colcon.colcon_core.environment:create_environment_scripts_only(neptune_2_bringup)
[2.440s] Level 1:colcon.colcon_core.environment:checking '/home/vladi/Desktop/ros2_commands/qt_ros_ws/install/neptune_2_bringup' for CMake module files
[2.440s] Level 1:colcon.colcon_core.environment:checking '/home/vladi/Desktop/ros2_commands/qt_ros_ws/install/neptune_2_bringup' for CMake config files
[2.441s] Level 1:colcon.colcon_core.shell:create_environment_hook('neptune_2_bringup', 'cmake_prefix_path')
[2.462s] INFO:colcon.colcon_core.shell:Creating environment hook '/home/vladi/Desktop/ros2_commands/qt_ros_ws/install/neptune_2_bringup/share/neptune_2_bringup/hook/cmake_prefix_path.ps1'
[2.463s] INFO:colcon.colcon_core.shell:Creating environment descriptor '/home/vladi/Desktop/ros2_commands/qt_ros_ws/install/neptune_2_bringup/share/neptune_2_bringup/hook/cmake_prefix_path.dsv'
[2.463s] INFO:colcon.colcon_core.shell:Creating environment hook '/home/vladi/Desktop/ros2_commands/qt_ros_ws/install/neptune_2_bringup/share/neptune_2_bringup/hook/cmake_prefix_path.sh'
[2.464s] Level 1:colcon.colcon_core.environment:checking '/home/vladi/Desktop/ros2_commands/qt_ros_ws/install/neptune_2_bringup/bin'
[2.464s] Level 1:colcon.colcon_core.environment:checking '/home/vladi/Desktop/ros2_commands/qt_ros_ws/install/neptune_2_bringup/lib/pkgconfig/neptune_2_bringup.pc'
[2.464s] Level 1:colcon.colcon_core.environment:checking '/home/vladi/Desktop/ros2_commands/qt_ros_ws/install/neptune_2_bringup/lib/python3.10/site-packages'
[2.465s] Level 1:colcon.colcon_core.environment:checking '/home/vladi/Desktop/ros2_commands/qt_ros_ws/install/neptune_2_bringup/bin'
[2.485s] INFO:colcon.colcon_core.shell:Creating package script '/home/vladi/Desktop/ros2_commands/qt_ros_ws/install/neptune_2_bringup/share/neptune_2_bringup/package.ps1'
[2.486s] INFO:colcon.colcon_core.shell:Creating package descriptor '/home/vladi/Desktop/ros2_commands/qt_ros_ws/install/neptune_2_bringup/share/neptune_2_bringup/package.dsv'
[2.487s] INFO:colcon.colcon_core.shell:Creating package script '/home/vladi/Desktop/ros2_commands/qt_ros_ws/install/neptune_2_bringup/share/neptune_2_bringup/package.sh'
[2.487s] INFO:colcon.colcon_core.shell:Creating package script '/home/vladi/Desktop/ros2_commands/qt_ros_ws/install/neptune_2_bringup/share/neptune_2_bringup/package.bash'
[2.488s] INFO:colcon.colcon_core.shell:Creating package script '/home/vladi/Desktop/ros2_commands/qt_ros_ws/install/neptune_2_bringup/share/neptune_2_bringup/package.zsh'
[2.488s] Level 1:colcon.colcon_core.environment:create_file_with_runtime_dependencies(/home/vladi/Desktop/ros2_commands/qt_ros_ws/install/neptune_2_bringup/share/colcon-core/packages/neptune_2_bringup)
[2.488s] DEBUG:colcon.colcon_parallel_executor.executor.parallel:closing loop
[2.489s] DEBUG:colcon.colcon_parallel_executor.executor.parallel:loop closed
[2.489s] DEBUG:colcon.colcon_parallel_executor.executor.parallel:run_until_complete finished with '0'
[2.489s] DEBUG:colcon.colcon_core.event_reactor:joining thread
[2.521s] INFO:colcon.colcon_core.plugin_system:Skipping extension 'colcon_notification.desktop_notification.terminal_notifier': Not used on non-Darwin systems
[2.522s] INFO:colcon.colcon_core.plugin_system:Skipping extension 'colcon_notification.desktop_notification.win32': Not used on non-Windows systems
[2.522s] INFO:colcon.colcon_notification.desktop_notification:Sending desktop notification using 'notify2'
[2.537s] DEBUG:colcon.colcon_core.event_reactor:joined thread
[2.559s] INFO:colcon.colcon_core.shell:Creating prefix script '/home/vladi/Desktop/ros2_commands/qt_ros_ws/install/local_setup.ps1'
[2.561s] INFO:colcon.colcon_core.shell:Creating prefix util module '/home/vladi/Desktop/ros2_commands/qt_ros_ws/install/_local_setup_util_ps1.py'
[2.563s] INFO:colcon.colcon_core.shell:Creating prefix chain script '/home/vladi/Desktop/ros2_commands/qt_ros_ws/install/setup.ps1'
[2.585s] INFO:colcon.colcon_core.shell:Creating prefix script '/home/vladi/Desktop/ros2_commands/qt_ros_ws/install/local_setup.sh'
[2.586s] INFO:colcon.colcon_core.shell:Creating prefix util module '/home/vladi/Desktop/ros2_commands/qt_ros_ws/install/_local_setup_util_sh.py'
[2.586s] INFO:colcon.colcon_core.shell:Creating prefix chain script '/home/vladi/Desktop/ros2_commands/qt_ros_ws/install/setup.sh'
[2.611s] INFO:colcon.colcon_core.shell:Creating prefix script '/home/vladi/Desktop/ros2_commands/qt_ros_ws/install/local_setup.bash'
[2.612s] INFO:colcon.colcon_core.shell:Creating prefix chain script '/home/vladi/Desktop/ros2_commands/qt_ros_ws/install/setup.bash'
[2.637s] INFO:colcon.colcon_core.shell:Creating prefix script '/home/vladi/Desktop/ros2_commands/qt_ros_ws/install/local_setup.zsh'
[2.638s] INFO:colcon.colcon_core.shell:Creating prefix chain script '/home/vladi/Desktop/ros2_commands/qt_ros_ws/install/setup.zsh'
