[0.015s] Invoking command in '/home/vladi/Desktop/ros2_commands/qt_ros_ws/build/neptune_2_bringup': CMAKE_PREFIX_PATH=/home/vladi/Desktop/ros2_commands/qt_ros_ws/install/neptune_2_description:/home/vladi/Desktop/ros2_commands/qt_ros_ws/install/vision:/home/vladi/Desktop/ros2_commands/qt_ros_ws/install/st_ligth:/home/vladi/Desktop/ros2_commands/qt_ros_ws/install/neptune_2_bringup:/opt/ros/humble /usr/bin/cmake --build /home/vladi/Desktop/ros2_commands/qt_ros_ws/build/neptune_2_bringup -- -j8 -l8
[0.049s] -- Found ament_cmake: 1.3.9 (/opt/ros/humble/share/ament_cmake/cmake)
[0.231s] -- Found rclcpp: 16.0.9 (/opt/ros/humble/share/rclcpp/cmake)
[0.269s] -- Found rosidl_generator_c: 3.1.5 (/opt/ros/humble/share/rosidl_generator_c/cmake)
[0.273s] -- Found rosidl_adapter: 3.1.5 (/opt/ros/humble/share/rosidl_adapter/cmake)
[0.282s] -- Found rosidl_generator_cpp: 3.1.5 (/opt/ros/humble/share/rosidl_generator_cpp/cmake)
[0.296s] -- Using all available rosidl_typesupport_c: rosidl_typesupport_fastrtps_c;rosidl_typesupport_introspection_c
[0.318s] -- Using all available rosidl_typesupport_cpp: rosidl_typesupport_fastrtps_cpp;rosidl_typesupport_introspection_cpp
[0.395s] -- Found rmw_implementation_cmake: 6.1.2 (/opt/ros/humble/share/rmw_implementation_cmake/cmake)
[0.397s] -- Found rmw_cyclonedds_cpp: 1.3.4 (/opt/ros/humble/share/rmw_cyclonedds_cpp/cmake)
[0.437s] -- Using RMW implementation 'rmw_cyclonedds_cpp' as default
[0.652s] -- Found sensor_msgs: 4.2.3 (/opt/ros/humble/share/sensor_msgs/cmake)
[0.803s] -- Found pcl_conversions: 2.4.0 (/opt/ros/humble/share/pcl_conversions/cmake)
[0.963s] -- Eigen found (include: /usr/include/eigen3, version: 3.4.0)
[1.003s] -- FLANN found (include: /usr/include, lib: /usr/lib/x86_64-linux-gnu/libflann_cpp.so)
[1.381s] -- OpenNI found (version: 1.5.4.0, include: /usr/include/ni, lib: /usr/lib/libOpenNI.so;libusb::libusb)
[1.387s] -- OpenNI2 found (version: 2.2.0.33, include: /usr/include/openni2, lib: /usr/lib/x86_64-linux-gnu/libOpenNI2.so;libusb::libusb)
[1.388s] [0m** WARNING ** io features related to pcap will be disabled[0m
[1.584s] -- Eigen found (include: /usr/include/eigen3, version: 3.4.0)
[1.593s] -- OpenNI found (version: 1.5.4.0, include: /usr/include/ni, lib: /usr/lib/libOpenNI.so;libusb::libusb)
[1.601s] -- OpenNI2 found (version: 2.2.0.33, include: /usr/include/openni2, lib: /usr/lib/x86_64-linux-gnu/libOpenNI2.so;libusb::libusb)
[1.794s] -- Found Qhull version 8.0.2
[1.976s] -- OpenNI found (version: 1.5.4.0, include: /usr/include/ni, lib: /usr/lib/libOpenNI.so;libusb::libusb)
[2.149s] -- looking for PCL_COMMON
[2.149s] -- looking for PCL_KDTREE
[2.150s] -- looking for PCL_OCTREE
[2.150s] -- looking for PCL_SEARCH
[2.151s] -- looking for PCL_SAMPLE_CONSENSUS
[2.152s] -- looking for PCL_FILTERS
[2.152s] -- looking for PCL_2D
[2.152s] -- looking for PCL_GEOMETRY
[2.153s] -- looking for PCL_IO
[2.153s] -- looking for PCL_FEATURES
[2.154s] -- looking for PCL_ML
[2.154s] -- looking for PCL_SEGMENTATION
[2.155s] -- looking for PCL_VISUALIZATION
[2.155s] -- looking for PCL_SURFACE
[2.156s] -- looking for PCL_REGISTRATION
[2.156s] -- looking for PCL_KEYPOINTS
[2.157s] -- looking for PCL_TRACKING
[2.157s] -- looking for PCL_RECOGNITION
[2.158s] -- looking for PCL_STEREO
[2.159s] -- looking for PCL_APPS
[2.160s] -- looking for PCL_IN_HAND_SCANNER
[2.160s] -- looking for PCL_MODELER
[2.160s] -- looking for PCL_POINT_CLOUD_EDITOR
[2.161s] -- looking for PCL_OUTOFCORE
[2.161s] -- looking for PCL_PEOPLE
[2.310s] -- Configuring done
[2.316s] [31mCMake Error at CMakeLists.txt:20 (add_executable):
[2.316s]   Cannot find source file:
[2.316s] 
[2.316s]     src/neptune_2_bringup/msg_to_pcl2.cpp
[2.316s] 
[2.316s]   Tried extensions .c .C .c++ .cc .cpp .cxx .cu .mpp .m .M .mm .ixx .cppm .h
[2.316s]   .hh .h++ .hm .hpp .hxx .in .txx .f .F .for .f77 .f90 .f95 .f03 .hip .ispc
[2.317s] 
[2.317s] [0m
[2.320s] [31mCMake Error at CMakeLists.txt:20 (add_executable):
[2.320s]   No SOURCES given to target: msg_to_pcl2
[2.321s] 
[2.321s] [0m
[2.321s] [0mCMake Generate step failed.  Build files cannot be regenerated correctly.[0m
[2.344s] gmake: *** [Makefile:226: cmake_check_build_system] Error 1
[2.348s] Invoked command in '/home/vladi/Desktop/ros2_commands/qt_ros_ws/build/neptune_2_bringup' returned '2': CMAKE_PREFIX_PATH=/home/vladi/Desktop/ros2_commands/qt_ros_ws/install/neptune_2_description:/home/vladi/Desktop/ros2_commands/qt_ros_ws/install/vision:/home/vladi/Desktop/ros2_commands/qt_ros_ws/install/st_ligth:/home/vladi/Desktop/ros2_commands/qt_ros_ws/install/neptune_2_bringup:/opt/ros/humble /usr/bin/cmake --build /home/vladi/Desktop/ros2_commands/qt_ros_ws/build/neptune_2_bringup -- -j8 -l8
