[0.272s] Invoking command in '/home/vladi/Desktop/ros2_commands/qt_ros_ws/build/vision': CMAKE_PREFIX_PATH=/opt/ros/humble /usr/bin/cmake /home/vladi/Desktop/ros2_commands/qt_ros_ws/src/vision -DCMAKE_INSTALL_PREFIX=/home/vladi/Desktop/ros2_commands/qt_ros_ws/install/vision
[0.330s] -- Found ament_cmake: 1.3.5 (/opt/ros/humble/share/ament_cmake/cmake)
[0.935s] -- Override CMake install command with custom implementation using symlinks instead of copying resources
[0.978s] -- Found rclcpp: 16.0.6 (/opt/ros/humble/share/rclcpp/cmake)
[1.165s] -- Found rosidl_generator_c: 3.1.5 (/opt/ros/humble/share/rosidl_generator_c/cmake)
[1.177s] -- Found rosidl_adapter: 3.1.5 (/opt/ros/humble/share/rosidl_adapter/cmake)
[1.204s] -- Found rosidl_generator_cpp: 3.1.5 (/opt/ros/humble/share/rosidl_generator_cpp/cmake)
[1.257s] -- Using all available rosidl_typesupport_c: rosidl_typesupport_fastrtps_c;rosidl_typesupport_introspection_c
[1.340s] -- Using all available rosidl_typesupport_cpp: rosidl_typesupport_fastrtps_cpp;rosidl_typesupport_introspection_cpp
[1.618s] -- Found rmw_implementation_cmake: 6.1.1 (/opt/ros/humble/share/rmw_implementation_cmake/cmake)
[1.624s] -- Found rmw_fastrtps_cpp: 6.2.4 (/opt/ros/humble/share/rmw_fastrtps_cpp/cmake)
[2.167s] -- Using RMW implementation 'rmw_fastrtps_cpp' as default
[2.928s] -- Found sensor_msgs: 4.2.3 (/opt/ros/humble/share/sensor_msgs/cmake)
[3.529s] -- Found cv_bridge: 3.2.1 (/opt/ros/humble/share/cv_bridge/cmake)
[3.593s] -- Found image_transport: 3.1.7 (/opt/ros/humble/share/image_transport/cmake)
[3.784s] [31mCMake Error at /opt/ros/humble/share/ament_cmake_core/cmake/symlink_install/ament_cmake_symlink_install_targets.cmake:67 (message):
[3.784s]   ament_cmake_symlink_install_targets() 'vision,' is not a target
[3.785s] Call Stack (most recent call first):
[3.785s]   /opt/ros/humble/share/ament_cmake_core/cmake/symlink_install/install.cmake:37 (ament_cmake_symlink_install_targets)
[3.786s]   CMakeLists.txt:30 (install)
[3.787s] 
[3.787s] [0m
[3.788s] -- Configuring incomplete, errors occurred!
[3.788s] See also "/home/vladi/Desktop/ros2_commands/qt_ros_ws/build/vision/CMakeFiles/CMakeOutput.log".
[3.817s] Invoked command in '/home/vladi/Desktop/ros2_commands/qt_ros_ws/build/vision' returned '1': CMAKE_PREFIX_PATH=/opt/ros/humble /usr/bin/cmake /home/vladi/Desktop/ros2_commands/qt_ros_ws/src/vision -DCMAKE_INSTALL_PREFIX=/home/vladi/Desktop/ros2_commands/qt_ros_ws/install/vision
