[5.287s] DEBUG:colcon:Command line arguments: ['/usr/bin/colcon', 'build', '--event-handlers', 'console_direct+']
[5.288s] DEBUG:colcon:Parsed command line arguments: Namespace(log_base=None, log_level=None, verb_name='build', build_base='build', install_base='install', merge_install=False, symlink_install=False, test_result_base=None, continue_on_error=False, executor='parallel', parallel_workers=8, event_handlers=['console_direct+'], ignore_user_meta=False, metas=['./colcon.meta'], base_paths=['.'], packages_ignore=None, packages_ignore_regex=None, paths=None, packages_up_to=None, packages_up_to_regex=None, packages_above=None, packages_above_and_dependencies=None, packages_above_depth=None, packages_select_by_dep=None, packages_skip_by_dep=None, packages_skip_up_to=None, packages_select_build_failed=False, packages_skip_build_finished=False, packages_select_test_failures=False, packages_skip_test_passed=False, packages_select=None, packages_skip=None, packages_select_regex=None, packages_skip_regex=None, packages_start=None, packages_end=None, allow_overriding=[], cmake_args=None, cmake_target=None, cmake_target_skip_unavailable=False, cmake_clean_cache=False, cmake_clean_first=False, cmake_force_configure=False, ament_cmake_args=None, catkin_cmake_args=None, catkin_skip_building_tests=False, verb_parser=<colcon_defaults.argument_parser.defaults.DefaultArgumentsDecorator object at 0x7f156798d8d0>, verb_extension=<colcon_core.verb.build.BuildVerb object at 0x7f156798c550>, main=<bound method BuildVerb.main of <colcon_core.verb.build.BuildVerb object at 0x7f156798c550>>)
[5.577s] Level 1:colcon.colcon_core.package_discovery:discover_packages(colcon_meta) check parameters
[5.578s] Level 1:colcon.colcon_core.package_discovery:discover_packages(recursive) check parameters
[5.578s] Level 1:colcon.colcon_core.package_discovery:discover_packages(ignore) check parameters
[5.578s] Level 1:colcon.colcon_core.package_discovery:discover_packages(path) check parameters
[5.579s] Level 1:colcon.colcon_core.package_discovery:discover_packages(colcon_meta) discover
[5.579s] Level 1:colcon.colcon_core.package_discovery:discover_packages(recursive) discover
[5.579s] INFO:colcon.colcon_core.package_discovery:Crawling recursively for packages in '/home/vladi/Desktop/ros2_commands/qt_ros_ws'
[5.580s] Level 1:colcon.colcon_core.package_identification:_identify(.) by extensions ['ignore', 'ignore_ament_install']
[5.580s] Level 1:colcon.colcon_core.package_identification:_identify(.) by extension 'ignore'
[5.581s] Level 1:colcon.colcon_core.package_identification:_identify(.) by extension 'ignore_ament_install'
[5.581s] Level 1:colcon.colcon_core.package_identification:_identify(.) by extensions ['colcon_pkg']
[5.582s] Level 1:colcon.colcon_core.package_identification:_identify(.) by extension 'colcon_pkg'
[5.582s] Level 1:colcon.colcon_core.package_identification:_identify(.) by extensions ['colcon_meta']
[5.582s] Level 1:colcon.colcon_core.package_identification:_identify(.) by extension 'colcon_meta'
[5.582s] Level 1:colcon.colcon_core.package_identification:_identify(.) by extensions ['ros']
[5.583s] Level 1:colcon.colcon_core.package_identification:_identify(.) by extension 'ros'
[5.646s] Level 1:colcon.colcon_core.package_identification:_identify(.) by extensions ['cmake', 'python']
[5.646s] Level 1:colcon.colcon_core.package_identification:_identify(.) by extension 'cmake'
[5.647s] Level 1:colcon.colcon_core.package_identification:_identify(.) by extension 'python'
[5.647s] Level 1:colcon.colcon_core.package_identification:_identify(.) by extensions ['python_setup_py']
[5.647s] Level 1:colcon.colcon_core.package_identification:_identify(.) by extension 'python_setup_py'
[5.648s] Level 1:colcon.colcon_core.package_identification:_identify(build) by extensions ['ignore', 'ignore_ament_install']
[5.649s] Level 1:colcon.colcon_core.package_identification:_identify(build) by extension 'ignore'
[5.649s] Level 1:colcon.colcon_core.package_identification:_identify(build) ignored
[5.650s] Level 1:colcon.colcon_core.package_identification:_identify(install) by extensions ['ignore', 'ignore_ament_install']
[5.651s] Level 1:colcon.colcon_core.package_identification:_identify(install) by extension 'ignore'
[5.651s] Level 1:colcon.colcon_core.package_identification:_identify(install) ignored
[5.652s] Level 1:colcon.colcon_core.package_identification:_identify(log) by extensions ['ignore', 'ignore_ament_install']
[5.653s] Level 1:colcon.colcon_core.package_identification:_identify(log) by extension 'ignore'
[5.653s] Level 1:colcon.colcon_core.package_identification:_identify(log) ignored
[5.654s] Level 1:colcon.colcon_core.package_identification:_identify(src) by extensions ['ignore', 'ignore_ament_install']
[5.654s] Level 1:colcon.colcon_core.package_identification:_identify(src) by extension 'ignore'
[5.655s] Level 1:colcon.colcon_core.package_identification:_identify(src) by extension 'ignore_ament_install'
[5.655s] Level 1:colcon.colcon_core.package_identification:_identify(src) by extensions ['colcon_pkg']
[5.655s] Level 1:colcon.colcon_core.package_identification:_identify(src) by extension 'colcon_pkg'
[5.656s] Level 1:colcon.colcon_core.package_identification:_identify(src) by extensions ['colcon_meta']
[5.656s] Level 1:colcon.colcon_core.package_identification:_identify(src) by extension 'colcon_meta'
[5.656s] Level 1:colcon.colcon_core.package_identification:_identify(src) by extensions ['ros']
[5.656s] Level 1:colcon.colcon_core.package_identification:_identify(src) by extension 'ros'
[5.657s] Level 1:colcon.colcon_core.package_identification:_identify(src) by extensions ['cmake', 'python']
[5.657s] Level 1:colcon.colcon_core.package_identification:_identify(src) by extension 'cmake'
[5.657s] Level 1:colcon.colcon_core.package_identification:_identify(src) by extension 'python'
[5.658s] Level 1:colcon.colcon_core.package_identification:_identify(src) by extensions ['python_setup_py']
[5.658s] Level 1:colcon.colcon_core.package_identification:_identify(src) by extension 'python_setup_py'
[5.659s] Level 1:colcon.colcon_core.package_identification:_identify(src/vision) by extensions ['ignore', 'ignore_ament_install']
[5.659s] Level 1:colcon.colcon_core.package_identification:_identify(src/vision) by extension 'ignore'
[5.660s] Level 1:colcon.colcon_core.package_identification:_identify(src/vision) by extension 'ignore_ament_install'
[5.660s] Level 1:colcon.colcon_core.package_identification:_identify(src/vision) by extensions ['colcon_pkg']
[5.661s] Level 1:colcon.colcon_core.package_identification:_identify(src/vision) by extension 'colcon_pkg'
[5.661s] Level 1:colcon.colcon_core.package_identification:_identify(src/vision) by extensions ['colcon_meta']
[5.661s] Level 1:colcon.colcon_core.package_identification:_identify(src/vision) by extension 'colcon_meta'
[5.662s] Level 1:colcon.colcon_core.package_identification:_identify(src/vision) by extensions ['ros']
[5.662s] Level 1:colcon.colcon_core.package_identification:_identify(src/vision) by extension 'ros'
[5.678s] DEBUG:colcon.colcon_core.package_identification:Package 'src/vision' with type 'ros.ament_cmake' and name 'vision'
[5.679s] Level 1:colcon.colcon_core.package_discovery:discover_packages(recursive) using defaults
[5.679s] Level 1:colcon.colcon_core.package_discovery:discover_packages(ignore) discover
[5.679s] Level 1:colcon.colcon_core.package_discovery:discover_packages(ignore) using defaults
[5.679s] Level 1:colcon.colcon_core.package_discovery:discover_packages(path) discover
[5.680s] Level 1:colcon.colcon_core.package_discovery:discover_packages(path) using defaults
[6.167s] Level 1:colcon.colcon_core.package_discovery:discover_packages(prefix_path) check parameters
[6.167s] Level 1:colcon.colcon_core.package_discovery:discover_packages(prefix_path) discover
[6.336s] DEBUG:colcon.colcon_installed_package_information.package_discovery:Found 371 installed packages in /opt/ros/humble
[6.347s] Level 1:colcon.colcon_core.package_discovery:discover_packages(prefix_path) using defaults
[6.965s] Level 5:colcon.colcon_core.verb:set package 'vision' build argument 'cmake_args' from command line to 'None'
[6.965s] Level 5:colcon.colcon_core.verb:set package 'vision' build argument 'cmake_target' from command line to 'None'
[6.965s] Level 5:colcon.colcon_core.verb:set package 'vision' build argument 'cmake_target_skip_unavailable' from command line to 'False'
[6.965s] Level 5:colcon.colcon_core.verb:set package 'vision' build argument 'cmake_clean_cache' from command line to 'False'
[6.965s] Level 5:colcon.colcon_core.verb:set package 'vision' build argument 'cmake_clean_first' from command line to 'False'
[6.966s] Level 5:colcon.colcon_core.verb:set package 'vision' build argument 'cmake_force_configure' from command line to 'False'
[6.966s] Level 5:colcon.colcon_core.verb:set package 'vision' build argument 'ament_cmake_args' from command line to 'None'
[6.966s] Level 5:colcon.colcon_core.verb:set package 'vision' build argument 'catkin_cmake_args' from command line to 'None'
[6.966s] Level 5:colcon.colcon_core.verb:set package 'vision' build argument 'catkin_skip_building_tests' from command line to 'False'
[6.966s] DEBUG:colcon.colcon_core.verb:Building package 'vision' with the following arguments: {'ament_cmake_args': None, 'build_base': '/home/vladi/Desktop/ros2_commands/qt_ros_ws/build/vision', 'catkin_cmake_args': None, 'catkin_skip_building_tests': False, 'cmake_args': None, 'cmake_clean_cache': False, 'cmake_clean_first': False, 'cmake_force_configure': False, 'cmake_target': None, 'cmake_target_skip_unavailable': False, 'install_base': '/home/vladi/Desktop/ros2_commands/qt_ros_ws/install/vision', 'merge_install': False, 'path': '/home/vladi/Desktop/ros2_commands/qt_ros_ws/src/vision', 'symlink_install': False, 'test_result_base': None}
[7.050s] INFO:colcon.colcon_core.executor:Executing jobs using 'parallel' executor
[7.144s] DEBUG:colcon.colcon_parallel_executor.executor.parallel:run_until_complete
[7.146s] INFO:colcon.colcon_ros.task.ament_cmake.build:Building ROS package in '/home/vladi/Desktop/ros2_commands/qt_ros_ws/src/vision' with build type 'ament_cmake'
[7.146s] INFO:colcon.colcon_cmake.task.cmake.build:Building CMake package in '/home/vladi/Desktop/ros2_commands/qt_ros_ws/src/vision'
[7.232s] INFO:colcon.colcon_core.plugin_system:Skipping extension 'colcon_core.shell.bat': Not used on non-Windows systems
[7.233s] INFO:colcon.colcon_core.shell:Skip shell extension 'powershell' for command environment: Not usable outside of PowerShell
[7.233s] DEBUG:colcon.colcon_core.shell:Skip shell extension 'dsv' for command environment
[7.437s] DEBUG:colcon.colcon_core.event_handler.log_command:Invoking command in '/home/vladi/Desktop/ros2_commands/qt_ros_ws/build/vision': CMAKE_PREFIX_PATH=/opt/ros/humble /usr/bin/cmake /home/vladi/Desktop/ros2_commands/qt_ros_ws/src/vision -DCMAKE_INSTALL_PREFIX=/home/vladi/Desktop/ros2_commands/qt_ros_ws/install/vision
[11.305s] DEBUG:colcon.colcon_core.event_handler.log_command:Invoked command in '/home/vladi/Desktop/ros2_commands/qt_ros_ws/build/vision' returned '1': CMAKE_PREFIX_PATH=/opt/ros/humble /usr/bin/cmake /home/vladi/Desktop/ros2_commands/qt_ros_ws/src/vision -DCMAKE_INSTALL_PREFIX=/home/vladi/Desktop/ros2_commands/qt_ros_ws/install/vision
[11.367s] Level 1:colcon.colcon_core.environment:create_environment_scripts_only(vision)
[11.464s] Level 1:colcon.colcon_core.environment:checking '/home/vladi/Desktop/ros2_commands/qt_ros_ws/install/vision' for CMake module files
[11.466s] Level 1:colcon.colcon_core.environment:checking '/home/vladi/Desktop/ros2_commands/qt_ros_ws/install/vision' for CMake config files
[11.468s] Level 1:colcon.colcon_core.environment:checking '/home/vladi/Desktop/ros2_commands/qt_ros_ws/install/vision/bin'
[11.468s] Level 1:colcon.colcon_core.environment:checking '/home/vladi/Desktop/ros2_commands/qt_ros_ws/install/vision/lib/pkgconfig/vision.pc'
[11.469s] Level 1:colcon.colcon_core.environment:checking '/home/vladi/Desktop/ros2_commands/qt_ros_ws/install/vision/lib/python3.10/site-packages'
[11.471s] Level 1:colcon.colcon_core.environment:checking '/home/vladi/Desktop/ros2_commands/qt_ros_ws/install/vision/bin'
[11.566s] INFO:colcon.colcon_core.shell:Creating package script '/home/vladi/Desktop/ros2_commands/qt_ros_ws/install/vision/share/vision/package.ps1'
[11.569s] INFO:colcon.colcon_core.shell:Creating package descriptor '/home/vladi/Desktop/ros2_commands/qt_ros_ws/install/vision/share/vision/package.dsv'
[11.571s] INFO:colcon.colcon_core.shell:Creating package script '/home/vladi/Desktop/ros2_commands/qt_ros_ws/install/vision/share/vision/package.sh'
[11.576s] INFO:colcon.colcon_core.shell:Creating package script '/home/vladi/Desktop/ros2_commands/qt_ros_ws/install/vision/share/vision/package.bash'
[11.581s] INFO:colcon.colcon_core.shell:Creating package script '/home/vladi/Desktop/ros2_commands/qt_ros_ws/install/vision/share/vision/package.zsh'
[11.584s] Level 1:colcon.colcon_core.environment:create_file_with_runtime_dependencies(/home/vladi/Desktop/ros2_commands/qt_ros_ws/install/vision/share/colcon-core/packages/vision)
[11.596s] DEBUG:colcon.colcon_parallel_executor.executor.parallel:closing loop
[11.596s] DEBUG:colcon.colcon_parallel_executor.executor.parallel:loop closed
[11.596s] DEBUG:colcon.colcon_parallel_executor.executor.parallel:run_until_complete finished with '1'
[11.597s] DEBUG:colcon.colcon_core.event_reactor:joining thread
[11.732s] INFO:colcon.colcon_core.plugin_system:Skipping extension 'colcon_notification.desktop_notification.terminal_notifier': Not used on non-Darwin systems
[11.732s] INFO:colcon.colcon_core.plugin_system:Skipping extension 'colcon_notification.desktop_notification.win32': Not used on non-Windows systems
[11.733s] INFO:colcon.colcon_notification.desktop_notification:Sending desktop notification using 'notify2'
[11.790s] DEBUG:colcon.colcon_core.event_reactor:joined thread
[11.889s] INFO:colcon.colcon_core.shell:Creating prefix script '/home/vladi/Desktop/ros2_commands/qt_ros_ws/install/local_setup.ps1'
[11.894s] INFO:colcon.colcon_core.shell:Creating prefix util module '/home/vladi/Desktop/ros2_commands/qt_ros_ws/install/_local_setup_util_ps1.py'
[11.904s] INFO:colcon.colcon_core.shell:Creating prefix chain script '/home/vladi/Desktop/ros2_commands/qt_ros_ws/install/setup.ps1'
[12.012s] INFO:colcon.colcon_core.shell:Creating prefix script '/home/vladi/Desktop/ros2_commands/qt_ros_ws/install/local_setup.sh'
[12.015s] INFO:colcon.colcon_core.shell:Creating prefix util module '/home/vladi/Desktop/ros2_commands/qt_ros_ws/install/_local_setup_util_sh.py'
[12.018s] INFO:colcon.colcon_core.shell:Creating prefix chain script '/home/vladi/Desktop/ros2_commands/qt_ros_ws/install/setup.sh'
[12.136s] INFO:colcon.colcon_core.shell:Creating prefix script '/home/vladi/Desktop/ros2_commands/qt_ros_ws/install/local_setup.bash'
[12.140s] INFO:colcon.colcon_core.shell:Creating prefix chain script '/home/vladi/Desktop/ros2_commands/qt_ros_ws/install/setup.bash'
[12.249s] INFO:colcon.colcon_core.shell:Creating prefix script '/home/vladi/Desktop/ros2_commands/qt_ros_ws/install/local_setup.zsh'
[12.252s] INFO:colcon.colcon_core.shell:Creating prefix chain script '/home/vladi/Desktop/ros2_commands/qt_ros_ws/install/setup.zsh'
