[5.052s] DEBUG:colcon:Command line arguments: ['/usr/bin/colcon', 'build', '--symlink-instal', '--event-handlers', 'console_direct+']
[5.053s] DEBUG:colcon:Parsed command line arguments: Namespace(log_base=None, log_level=None, verb_name='build', build_base='build', install_base='install', merge_install=False, symlink_install=True, test_result_base=None, continue_on_error=False, executor='parallel', parallel_workers=8, event_handlers=['console_direct+'], ignore_user_meta=False, metas=['./colcon.meta'], base_paths=['.'], packages_ignore=None, packages_ignore_regex=None, paths=None, packages_up_to=None, packages_up_to_regex=None, packages_above=None, packages_above_and_dependencies=None, packages_above_depth=None, packages_select_by_dep=None, packages_skip_by_dep=None, packages_skip_up_to=None, packages_select_build_failed=False, packages_skip_build_finished=False, packages_select_test_failures=False, packages_skip_test_passed=False, packages_select=None, packages_skip=None, packages_select_regex=None, packages_skip_regex=None, packages_start=None, packages_end=None, allow_overriding=[], cmake_args=None, cmake_target=None, cmake_target_skip_unavailable=False, cmake_clean_cache=False, cmake_clean_first=False, cmake_force_configure=False, ament_cmake_args=None, catkin_cmake_args=None, catkin_skip_building_tests=False, verb_parser=<colcon_defaults.argument_parser.defaults.DefaultArgumentsDecorator object at 0x7f1ad7f85390>, verb_extension=<colcon_core.verb.build.BuildVerb object at 0x7f1ad7f84eb0>, main=<bound method BuildVerb.main of <colcon_core.verb.build.BuildVerb object at 0x7f1ad7f84eb0>>)
[5.295s] Level 1:colcon.colcon_core.package_discovery:discover_packages(colcon_meta) check parameters
[5.296s] Level 1:colcon.colcon_core.package_discovery:discover_packages(recursive) check parameters
[5.296s] Level 1:colcon.colcon_core.package_discovery:discover_packages(ignore) check parameters
[5.296s] Level 1:colcon.colcon_core.package_discovery:discover_packages(path) check parameters
[5.296s] Level 1:colcon.colcon_core.package_discovery:discover_packages(colcon_meta) discover
[5.297s] Level 1:colcon.colcon_core.package_discovery:discover_packages(recursive) discover
[5.297s] INFO:colcon.colcon_core.package_discovery:Crawling recursively for packages in '/home/vladi/Desktop/ros2_commands/qt_ros_ws'
[5.297s] Level 1:colcon.colcon_core.package_identification:_identify(.) by extensions ['ignore', 'ignore_ament_install']
[5.298s] Level 1:colcon.colcon_core.package_identification:_identify(.) by extension 'ignore'
[5.298s] Level 1:colcon.colcon_core.package_identification:_identify(.) by extension 'ignore_ament_install'
[5.298s] Level 1:colcon.colcon_core.package_identification:_identify(.) by extensions ['colcon_pkg']
[5.299s] Level 1:colcon.colcon_core.package_identification:_identify(.) by extension 'colcon_pkg'
[5.299s] Level 1:colcon.colcon_core.package_identification:_identify(.) by extensions ['colcon_meta']
[5.299s] Level 1:colcon.colcon_core.package_identification:_identify(.) by extension 'colcon_meta'
[5.300s] Level 1:colcon.colcon_core.package_identification:_identify(.) by extensions ['ros']
[5.300s] Level 1:colcon.colcon_core.package_identification:_identify(.) by extension 'ros'
[5.354s] Level 1:colcon.colcon_core.package_identification:_identify(.) by extensions ['cmake', 'python']
[5.354s] Level 1:colcon.colcon_core.package_identification:_identify(.) by extension 'cmake'
[5.354s] Level 1:colcon.colcon_core.package_identification:_identify(.) by extension 'python'
[5.355s] Level 1:colcon.colcon_core.package_identification:_identify(.) by extensions ['python_setup_py']
[5.355s] Level 1:colcon.colcon_core.package_identification:_identify(.) by extension 'python_setup_py'
[5.355s] Level 1:colcon.colcon_core.package_identification:_identify(build) by extensions ['ignore', 'ignore_ament_install']
[5.356s] Level 1:colcon.colcon_core.package_identification:_identify(build) by extension 'ignore'
[5.356s] Level 1:colcon.colcon_core.package_identification:_identify(build) ignored
[5.356s] Level 1:colcon.colcon_core.package_identification:_identify(install) by extensions ['ignore', 'ignore_ament_install']
[5.357s] Level 1:colcon.colcon_core.package_identification:_identify(install) by extension 'ignore'
[5.357s] Level 1:colcon.colcon_core.package_identification:_identify(install) ignored
[5.358s] Level 1:colcon.colcon_core.package_identification:_identify(log) by extensions ['ignore', 'ignore_ament_install']
[5.358s] Level 1:colcon.colcon_core.package_identification:_identify(log) by extension 'ignore'
[5.358s] Level 1:colcon.colcon_core.package_identification:_identify(log) ignored
[5.359s] Level 1:colcon.colcon_core.package_identification:_identify(src) by extensions ['ignore', 'ignore_ament_install']
[5.359s] Level 1:colcon.colcon_core.package_identification:_identify(src) by extension 'ignore'
[5.359s] Level 1:colcon.colcon_core.package_identification:_identify(src) by extension 'ignore_ament_install'
[5.360s] Level 1:colcon.colcon_core.package_identification:_identify(src) by extensions ['colcon_pkg']
[5.360s] Level 1:colcon.colcon_core.package_identification:_identify(src) by extension 'colcon_pkg'
[5.360s] Level 1:colcon.colcon_core.package_identification:_identify(src) by extensions ['colcon_meta']
[5.360s] Level 1:colcon.colcon_core.package_identification:_identify(src) by extension 'colcon_meta'
[5.360s] Level 1:colcon.colcon_core.package_identification:_identify(src) by extensions ['ros']
[5.361s] Level 1:colcon.colcon_core.package_identification:_identify(src) by extension 'ros'
[5.361s] Level 1:colcon.colcon_core.package_identification:_identify(src) by extensions ['cmake', 'python']
[5.361s] Level 1:colcon.colcon_core.package_identification:_identify(src) by extension 'cmake'
[5.361s] Level 1:colcon.colcon_core.package_identification:_identify(src) by extension 'python'
[5.361s] Level 1:colcon.colcon_core.package_identification:_identify(src) by extensions ['python_setup_py']
[5.362s] Level 1:colcon.colcon_core.package_identification:_identify(src) by extension 'python_setup_py'
[5.362s] Level 1:colcon.colcon_core.package_identification:_identify(src/vision) by extensions ['ignore', 'ignore_ament_install']
[5.362s] Level 1:colcon.colcon_core.package_identification:_identify(src/vision) by extension 'ignore'
[5.363s] Level 1:colcon.colcon_core.package_identification:_identify(src/vision) by extension 'ignore_ament_install'
[5.363s] Level 1:colcon.colcon_core.package_identification:_identify(src/vision) by extensions ['colcon_pkg']
[5.363s] Level 1:colcon.colcon_core.package_identification:_identify(src/vision) by extension 'colcon_pkg'
[5.363s] Level 1:colcon.colcon_core.package_identification:_identify(src/vision) by extensions ['colcon_meta']
[5.364s] Level 1:colcon.colcon_core.package_identification:_identify(src/vision) by extension 'colcon_meta'
[5.364s] Level 1:colcon.colcon_core.package_identification:_identify(src/vision) by extensions ['ros']
[5.364s] Level 1:colcon.colcon_core.package_identification:_identify(src/vision) by extension 'ros'
[5.376s] DEBUG:colcon.colcon_core.package_identification:Package 'src/vision' with type 'ros.ament_cmake' and name 'vision'
[5.376s] Level 1:colcon.colcon_core.package_discovery:discover_packages(recursive) using defaults
[5.376s] Level 1:colcon.colcon_core.package_discovery:discover_packages(ignore) discover
[5.376s] Level 1:colcon.colcon_core.package_discovery:discover_packages(ignore) using defaults
[5.376s] Level 1:colcon.colcon_core.package_discovery:discover_packages(path) discover
[5.377s] Level 1:colcon.colcon_core.package_discovery:discover_packages(path) using defaults
[5.848s] Level 1:colcon.colcon_core.package_discovery:discover_packages(prefix_path) check parameters
[5.849s] Level 1:colcon.colcon_core.package_discovery:discover_packages(prefix_path) discover
[6.006s] DEBUG:colcon.colcon_installed_package_information.package_discovery:Found 371 installed packages in /opt/ros/humble
[6.013s] Level 1:colcon.colcon_core.package_discovery:discover_packages(prefix_path) using defaults
[6.541s] Level 5:colcon.colcon_core.verb:set package 'vision' build argument 'cmake_args' from command line to 'None'
[6.542s] Level 5:colcon.colcon_core.verb:set package 'vision' build argument 'cmake_target' from command line to 'None'
[6.542s] Level 5:colcon.colcon_core.verb:set package 'vision' build argument 'cmake_target_skip_unavailable' from command line to 'False'
[6.542s] Level 5:colcon.colcon_core.verb:set package 'vision' build argument 'cmake_clean_cache' from command line to 'False'
[6.542s] Level 5:colcon.colcon_core.verb:set package 'vision' build argument 'cmake_clean_first' from command line to 'False'
[6.542s] Level 5:colcon.colcon_core.verb:set package 'vision' build argument 'cmake_force_configure' from command line to 'False'
[6.542s] Level 5:colcon.colcon_core.verb:set package 'vision' build argument 'ament_cmake_args' from command line to 'None'
[6.543s] Level 5:colcon.colcon_core.verb:set package 'vision' build argument 'catkin_cmake_args' from command line to 'None'
[6.543s] Level 5:colcon.colcon_core.verb:set package 'vision' build argument 'catkin_skip_building_tests' from command line to 'False'
[6.543s] DEBUG:colcon.colcon_core.verb:Building package 'vision' with the following arguments: {'ament_cmake_args': None, 'build_base': '/home/vladi/Desktop/ros2_commands/qt_ros_ws/build/vision', 'catkin_cmake_args': None, 'catkin_skip_building_tests': False, 'cmake_args': None, 'cmake_clean_cache': False, 'cmake_clean_first': False, 'cmake_force_configure': False, 'cmake_target': None, 'cmake_target_skip_unavailable': False, 'install_base': '/home/vladi/Desktop/ros2_commands/qt_ros_ws/install/vision', 'merge_install': False, 'path': '/home/vladi/Desktop/ros2_commands/qt_ros_ws/src/vision', 'symlink_install': True, 'test_result_base': None}
[6.616s] INFO:colcon.colcon_core.executor:Executing jobs using 'parallel' executor
[6.692s] DEBUG:colcon.colcon_parallel_executor.executor.parallel:run_until_complete
[6.693s] INFO:colcon.colcon_ros.task.ament_cmake.build:Building ROS package in '/home/vladi/Desktop/ros2_commands/qt_ros_ws/src/vision' with build type 'ament_cmake'
[6.693s] INFO:colcon.colcon_cmake.task.cmake.build:Building CMake package in '/home/vladi/Desktop/ros2_commands/qt_ros_ws/src/vision'
[6.775s] INFO:colcon.colcon_core.plugin_system:Skipping extension 'colcon_core.shell.bat': Not used on non-Windows systems
[6.776s] INFO:colcon.colcon_core.shell:Skip shell extension 'powershell' for command environment: Not usable outside of PowerShell
[6.776s] DEBUG:colcon.colcon_core.shell:Skip shell extension 'dsv' for command environment
[6.971s] DEBUG:colcon.colcon_core.event_handler.log_command:Invoking command in '/home/vladi/Desktop/ros2_commands/qt_ros_ws/build/vision': CMAKE_PREFIX_PATH=/opt/ros/humble /usr/bin/cmake --build /home/vladi/Desktop/ros2_commands/qt_ros_ws/build/vision -- -j8 -l8
[31.688s] DEBUG:colcon.colcon_core.event_handler.log_command:Invoked command in '/home/vladi/Desktop/ros2_commands/qt_ros_ws/build/vision' returned '2': CMAKE_PREFIX_PATH=/opt/ros/humble /usr/bin/cmake --build /home/vladi/Desktop/ros2_commands/qt_ros_ws/build/vision -- -j8 -l8
[31.868s] Level 1:colcon.colcon_core.environment:create_environment_scripts_only(vision)
[31.963s] Level 1:colcon.colcon_core.environment:checking '/home/vladi/Desktop/ros2_commands/qt_ros_ws/install/vision' for CMake module files
[31.966s] Level 1:colcon.colcon_core.environment:checking '/home/vladi/Desktop/ros2_commands/qt_ros_ws/install/vision' for CMake config files
[31.967s] Level 1:colcon.colcon_core.shell:create_environment_hook('vision', 'cmake_prefix_path')
[32.058s] INFO:colcon.colcon_core.shell:Creating environment hook '/home/vladi/Desktop/ros2_commands/qt_ros_ws/install/vision/share/vision/hook/cmake_prefix_path.ps1'
[32.061s] INFO:colcon.colcon_core.shell:Creating environment descriptor '/home/vladi/Desktop/ros2_commands/qt_ros_ws/install/vision/share/vision/hook/cmake_prefix_path.dsv'
[32.062s] INFO:colcon.colcon_core.shell:Creating environment hook '/home/vladi/Desktop/ros2_commands/qt_ros_ws/install/vision/share/vision/hook/cmake_prefix_path.sh'
[32.066s] Level 1:colcon.colcon_core.environment:checking '/home/vladi/Desktop/ros2_commands/qt_ros_ws/install/vision/lib'
[32.067s] Level 1:colcon.colcon_core.environment:checking '/home/vladi/Desktop/ros2_commands/qt_ros_ws/install/vision/bin'
[32.067s] Level 1:colcon.colcon_core.environment:checking '/home/vladi/Desktop/ros2_commands/qt_ros_ws/install/vision/lib/pkgconfig/vision.pc'
[32.068s] Level 1:colcon.colcon_core.environment:checking '/home/vladi/Desktop/ros2_commands/qt_ros_ws/install/vision/lib/python3.10/site-packages'
[32.069s] Level 1:colcon.colcon_core.environment:checking '/home/vladi/Desktop/ros2_commands/qt_ros_ws/install/vision/bin'
[32.153s] INFO:colcon.colcon_core.shell:Creating package script '/home/vladi/Desktop/ros2_commands/qt_ros_ws/install/vision/share/vision/package.ps1'
[32.159s] INFO:colcon.colcon_core.shell:Creating package descriptor '/home/vladi/Desktop/ros2_commands/qt_ros_ws/install/vision/share/vision/package.dsv'
[32.162s] INFO:colcon.colcon_core.shell:Creating package script '/home/vladi/Desktop/ros2_commands/qt_ros_ws/install/vision/share/vision/package.sh'
[32.165s] INFO:colcon.colcon_core.shell:Creating package script '/home/vladi/Desktop/ros2_commands/qt_ros_ws/install/vision/share/vision/package.bash'
[32.168s] INFO:colcon.colcon_core.shell:Creating package script '/home/vladi/Desktop/ros2_commands/qt_ros_ws/install/vision/share/vision/package.zsh'
[32.172s] Level 1:colcon.colcon_core.environment:create_file_with_runtime_dependencies(/home/vladi/Desktop/ros2_commands/qt_ros_ws/install/vision/share/colcon-core/packages/vision)
[32.183s] DEBUG:colcon.colcon_parallel_executor.executor.parallel:closing loop
[32.184s] DEBUG:colcon.colcon_parallel_executor.executor.parallel:loop closed
[32.184s] DEBUG:colcon.colcon_parallel_executor.executor.parallel:run_until_complete finished with '2'
[32.185s] DEBUG:colcon.colcon_core.event_reactor:joining thread
[32.297s] INFO:colcon.colcon_core.plugin_system:Skipping extension 'colcon_notification.desktop_notification.terminal_notifier': Not used on non-Darwin systems
[32.298s] INFO:colcon.colcon_core.plugin_system:Skipping extension 'colcon_notification.desktop_notification.win32': Not used on non-Windows systems
[32.298s] INFO:colcon.colcon_notification.desktop_notification:Sending desktop notification using 'notify2'
[32.347s] DEBUG:colcon.colcon_core.event_reactor:joined thread
[32.423s] INFO:colcon.colcon_core.shell:Creating prefix script '/home/vladi/Desktop/ros2_commands/qt_ros_ws/install/local_setup.ps1'
[32.427s] INFO:colcon.colcon_core.shell:Creating prefix util module '/home/vladi/Desktop/ros2_commands/qt_ros_ws/install/_local_setup_util_ps1.py'
[32.432s] INFO:colcon.colcon_core.shell:Creating prefix chain script '/home/vladi/Desktop/ros2_commands/qt_ros_ws/install/setup.ps1'
[32.514s] INFO:colcon.colcon_core.shell:Creating prefix script '/home/vladi/Desktop/ros2_commands/qt_ros_ws/install/local_setup.sh'
[32.516s] INFO:colcon.colcon_core.shell:Creating prefix util module '/home/vladi/Desktop/ros2_commands/qt_ros_ws/install/_local_setup_util_sh.py'
[32.518s] INFO:colcon.colcon_core.shell:Creating prefix chain script '/home/vladi/Desktop/ros2_commands/qt_ros_ws/install/setup.sh'
[32.604s] INFO:colcon.colcon_core.shell:Creating prefix script '/home/vladi/Desktop/ros2_commands/qt_ros_ws/install/local_setup.bash'
[32.606s] INFO:colcon.colcon_core.shell:Creating prefix chain script '/home/vladi/Desktop/ros2_commands/qt_ros_ws/install/setup.bash'
[32.690s] INFO:colcon.colcon_core.shell:Creating prefix script '/home/vladi/Desktop/ros2_commands/qt_ros_ws/install/local_setup.zsh'
[32.693s] INFO:colcon.colcon_core.shell:Creating prefix chain script '/home/vladi/Desktop/ros2_commands/qt_ros_ws/install/setup.zsh'
