[0.196s] Invoking command in '/home/vladi/Desktop/ros2_commands/qt_ros_ws/build/neptune_2_description': CMAKE_PREFIX_PATH=${CMAKE_PREFIX_PATH}:/opt/ros/humble /usr/bin/cmake --build /home/vladi/Desktop/ros2_commands/qt_ros_ws/build/neptune_2_description -- -j8 -l8
[0.197s] Invoked command in '/home/vladi/Desktop/ros2_commands/qt_ros_ws/build/neptune_2_description' returned '0': CMAKE_PREFIX_PATH=${CMAKE_PREFIX_PATH}:/opt/ros/humble /usr/bin/cmake --build /home/vladi/Desktop/ros2_commands/qt_ros_ws/build/neptune_2_description -- -j8 -l8
[0.242s] Invoking command in '/home/vladi/Desktop/ros2_commands/qt_ros_ws/build/neptune_2_description': CMAKE_PREFIX_PATH=${CMAKE_PREFIX_PATH}:/opt/ros/humble /usr/bin/cmake --install /home/vladi/Desktop/ros2_commands/qt_ros_ws/build/neptune_2_description
[0.252s] -- Install configuration: ""
[0.276s] -- Execute custom install script
[0.297s] -- Up-to-date symlink: /home/vladi/Desktop/ros2_commands/qt_ros_ws/install/neptune_2_description/share/neptune_2_description//urdf/blueRov2.dae
[0.298s] -- Up-to-date symlink: /home/vladi/Desktop/ros2_commands/qt_ros_ws/install/neptune_2_description/share/neptune_2_description//urdf/common_properties.xacro
[0.365s] -- Up-to-date symlink: /home/vladi/Desktop/ros2_commands/qt_ros_ws/install/neptune_2_description/share/neptune_2_description//urdf/mobile.xacro
[0.378s] -- Up-to-date symlink: /home/vladi/Desktop/ros2_commands/qt_ros_ws/install/neptune_2_description/share/neptune_2_description//urdf/neptune_2.urdf.xacro
[0.408s] -- Up-to-date symlink: /home/vladi/Desktop/ros2_commands/qt_ros_ws/install/neptune_2_description/share/neptune_2_description//urdf/neptune_2_gazebo.xacro
[0.460s] -- Up-to-date symlink: /home/vladi/Desktop/ros2_commands/qt_ros_ws/install/neptune_2_description/share/neptune_2_description//urdf/neptune_2_gazebo_master.xacro
[0.464s] -- Up-to-date symlink: /home/vladi/Desktop/ros2_commands/qt_ros_ws/install/neptune_2_description/share/neptune_2_description//launch/display.launch.xml
[0.470s] -- Up-to-date symlink: /home/vladi/Desktop/ros2_commands/qt_ros_ws/install/neptune_2_description/share/neptune_2_description//rviz/urdf_config,rviz.rviz
[0.471s] -- Up-to-date symlink: /home/vladi/Desktop/ros2_commands/qt_ros_ws/install/neptune_2_description/share/neptune_2_description//meshes/blueRov2.dae
[0.472s] -- Up-to-date symlink: /home/vladi/Desktop/ros2_commands/qt_ros_ws/install/neptune_2_description/share/neptune_2_description//meshes/untitled.dae
[0.473s] -- Up-to-date symlink: /home/vladi/Desktop/ros2_commands/qt_ros_ws/install/neptune_2_description/share/ament_index/resource_index/package_run_dependencies/neptune_2_description
[0.473s] -- Up-to-date symlink: /home/vladi/Desktop/ros2_commands/qt_ros_ws/install/neptune_2_description/share/ament_index/resource_index/parent_prefix_path/neptune_2_description
[0.474s] -- Up-to-date symlink: /home/vladi/Desktop/ros2_commands/qt_ros_ws/install/neptune_2_description/share/neptune_2_description/environment/ament_prefix_path.sh
[0.475s] -- Up-to-date symlink: /home/vladi/Desktop/ros2_commands/qt_ros_ws/install/neptune_2_description/share/neptune_2_description/environment/ament_prefix_path.dsv
[0.476s] -- Up-to-date symlink: /home/vladi/Desktop/ros2_commands/qt_ros_ws/install/neptune_2_description/share/neptune_2_description/environment/path.sh
[0.476s] -- Up-to-date symlink: /home/vladi/Desktop/ros2_commands/qt_ros_ws/install/neptune_2_description/share/neptune_2_description/environment/path.dsv
[0.477s] -- Up-to-date symlink: /home/vladi/Desktop/ros2_commands/qt_ros_ws/install/neptune_2_description/share/neptune_2_description/local_setup.bash
[0.478s] -- Up-to-date symlink: /home/vladi/Desktop/ros2_commands/qt_ros_ws/install/neptune_2_description/share/neptune_2_description/local_setup.sh
[0.478s] -- Up-to-date symlink: /home/vladi/Desktop/ros2_commands/qt_ros_ws/install/neptune_2_description/share/neptune_2_description/local_setup.zsh
[0.479s] -- Up-to-date symlink: /home/vladi/Desktop/ros2_commands/qt_ros_ws/install/neptune_2_description/share/neptune_2_description/local_setup.dsv
[0.479s] -- Symlinking: /home/vladi/Desktop/ros2_commands/qt_ros_ws/install/neptune_2_description/share/neptune_2_description/package.dsv
[0.617s] -- Up-to-date symlink: /home/vladi/Desktop/ros2_commands/qt_ros_ws/install/neptune_2_description/share/ament_index/resource_index/packages/neptune_2_description
[0.618s] -- Up-to-date symlink: /home/vladi/Desktop/ros2_commands/qt_ros_ws/install/neptune_2_description/share/neptune_2_description/cmake/neptune_2_descriptionConfig.cmake
[0.638s] -- Up-to-date symlink: /home/vladi/Desktop/ros2_commands/qt_ros_ws/install/neptune_2_description/share/neptune_2_description/cmake/neptune_2_descriptionConfig-version.cmake
[0.639s] -- Up-to-date symlink: /home/vladi/Desktop/ros2_commands/qt_ros_ws/install/neptune_2_description/share/neptune_2_description/package.xml
[0.642s] Invoked command in '/home/vladi/Desktop/ros2_commands/qt_ros_ws/build/neptune_2_description' returned '0': CMAKE_PREFIX_PATH=${CMAKE_PREFIX_PATH}:/opt/ros/humble /usr/bin/cmake --install /home/vladi/Desktop/ros2_commands/qt_ros_ws/build/neptune_2_description
