[0.353s] Invoking command in '/home/vladi/Desktop/ros2_commands/qt_ros_ws/build/neptune_2_description': CMAKE_PREFIX_PATH=${CMAKE_PREFIX_PATH}:/opt/ros/humble /usr/bin/cmake --build /home/vladi/Desktop/ros2_commands/qt_ros_ws/build/neptune_2_description -- -j8 -l8
[0.622s] Invoked command in '/home/vladi/Desktop/ros2_commands/qt_ros_ws/build/neptune_2_description' returned '0': CMAKE_PREFIX_PATH=${CMAKE_PREFIX_PATH}:/opt/ros/humble /usr/bin/cmake --build /home/vladi/Desktop/ros2_commands/qt_ros_ws/build/neptune_2_description -- -j8 -l8
[0.746s] Invoking command in '/home/vladi/Desktop/ros2_commands/qt_ros_ws/build/neptune_2_description': CMAKE_PREFIX_PATH=${CMAKE_PREFIX_PATH}:/opt/ros/humble /usr/bin/cmake --install /home/vladi/Desktop/ros2_commands/qt_ros_ws/build/neptune_2_description
[0.798s] -- Install configuration: ""
[0.799s] -- Up-to-date: /home/vladi/Desktop/ros2_commands/qt_ros_ws/install/neptune_2_description/share/neptune_2_description//urdf
[0.800s] -- Up-to-date: /home/vladi/Desktop/ros2_commands/qt_ros_ws/install/neptune_2_description/share/neptune_2_description//urdf/neptune_2.urdf
[0.800s] -- Up-to-date: /home/vladi/Desktop/ros2_commands/qt_ros_ws/install/neptune_2_description/share/neptune_2_description//launch
[0.801s] -- Up-to-date: /home/vladi/Desktop/ros2_commands/qt_ros_ws/install/neptune_2_description/share/neptune_2_description//launch/display.launch.xml
[0.801s] -- Up-to-date: /home/vladi/Desktop/ros2_commands/qt_ros_ws/install/neptune_2_description/share/ament_index/resource_index/package_run_dependencies/neptune_2_description
[0.802s] -- Up-to-date: /home/vladi/Desktop/ros2_commands/qt_ros_ws/install/neptune_2_description/share/ament_index/resource_index/parent_prefix_path/neptune_2_description
[0.802s] -- Up-to-date: /home/vladi/Desktop/ros2_commands/qt_ros_ws/install/neptune_2_description/share/neptune_2_description/environment/ament_prefix_path.sh
[0.803s] -- Up-to-date: /home/vladi/Desktop/ros2_commands/qt_ros_ws/install/neptune_2_description/share/neptune_2_description/environment/ament_prefix_path.dsv
[0.803s] -- Up-to-date: /home/vladi/Desktop/ros2_commands/qt_ros_ws/install/neptune_2_description/share/neptune_2_description/environment/path.sh
[0.803s] -- Up-to-date: /home/vladi/Desktop/ros2_commands/qt_ros_ws/install/neptune_2_description/share/neptune_2_description/environment/path.dsv
[0.804s] -- Up-to-date: /home/vladi/Desktop/ros2_commands/qt_ros_ws/install/neptune_2_description/share/neptune_2_description/local_setup.bash
[0.804s] -- Up-to-date: /home/vladi/Desktop/ros2_commands/qt_ros_ws/install/neptune_2_description/share/neptune_2_description/local_setup.sh
[0.804s] -- Up-to-date: /home/vladi/Desktop/ros2_commands/qt_ros_ws/install/neptune_2_description/share/neptune_2_description/local_setup.zsh
[0.805s] -- Up-to-date: /home/vladi/Desktop/ros2_commands/qt_ros_ws/install/neptune_2_description/share/neptune_2_description/local_setup.dsv
[0.805s] -- Installing: /home/vladi/Desktop/ros2_commands/qt_ros_ws/install/neptune_2_description/share/neptune_2_description/package.dsv
[0.805s] -- Up-to-date: /home/vladi/Desktop/ros2_commands/qt_ros_ws/install/neptune_2_description/share/ament_index/resource_index/packages/neptune_2_description
[0.805s] -- Up-to-date: /home/vladi/Desktop/ros2_commands/qt_ros_ws/install/neptune_2_description/share/neptune_2_description/cmake/neptune_2_descriptionConfig.cmake
[0.806s] -- Up-to-date: /home/vladi/Desktop/ros2_commands/qt_ros_ws/install/neptune_2_description/share/neptune_2_description/cmake/neptune_2_descriptionConfig-version.cmake
[0.806s] -- Up-to-date: /home/vladi/Desktop/ros2_commands/qt_ros_ws/install/neptune_2_description/share/neptune_2_description/package.xml
[0.810s] Invoked command in '/home/vladi/Desktop/ros2_commands/qt_ros_ws/build/neptune_2_description' returned '0': CMAKE_PREFIX_PATH=${CMAKE_PREFIX_PATH}:/opt/ros/humble /usr/bin/cmake --install /home/vladi/Desktop/ros2_commands/qt_ros_ws/build/neptune_2_description
