[1.066s] DEBUG:colcon:Command line arguments: ['/usr/bin/colcon', 'build']
[1.066s] DEBUG:colcon:Parsed command line arguments: Namespace(log_base=None, log_level=None, verb_name='build', build_base='build', install_base='install', merge_install=False, symlink_install=False, test_result_base=None, continue_on_error=False, executor='parallel', parallel_workers=8, event_handlers=None, ignore_user_meta=False, metas=['./colcon.meta'], base_paths=['.'], packages_ignore=None, packages_ignore_regex=None, paths=None, packages_up_to=None, packages_up_to_regex=None, packages_above=None, packages_above_and_dependencies=None, packages_above_depth=None, packages_select_by_dep=None, packages_skip_by_dep=None, packages_skip_up_to=None, packages_select_build_failed=False, packages_skip_build_finished=False, packages_select_test_failures=False, packages_skip_test_passed=False, packages_select=None, packages_skip=None, packages_select_regex=None, packages_skip_regex=None, packages_start=None, packages_end=None, allow_overriding=[], cmake_args=None, cmake_target=None, cmake_target_skip_unavailable=False, cmake_clean_cache=False, cmake_clean_first=False, cmake_force_configure=False, ament_cmake_args=None, catkin_cmake_args=None, catkin_skip_building_tests=False, verb_parser=<colcon_defaults.argument_parser.defaults.DefaultArgumentsDecorator object at 0x7f78efa8fac0>, verb_extension=<colcon_core.verb.build.BuildVerb object at 0x7f78efa8d060>, main=<bound method BuildVerb.main of <colcon_core.verb.build.BuildVerb object at 0x7f78efa8d060>>)
[1.117s] Level 1:colcon.colcon_core.package_discovery:discover_packages(colcon_meta) check parameters
[1.117s] Level 1:colcon.colcon_core.package_discovery:discover_packages(recursive) check parameters
[1.117s] Level 1:colcon.colcon_core.package_discovery:discover_packages(ignore) check parameters
[1.117s] Level 1:colcon.colcon_core.package_discovery:discover_packages(path) check parameters
[1.118s] Level 1:colcon.colcon_core.package_discovery:discover_packages(colcon_meta) discover
[1.118s] Level 1:colcon.colcon_core.package_discovery:discover_packages(recursive) discover
[1.118s] INFO:colcon.colcon_core.package_discovery:Crawling recursively for packages in '/home/vladi/Desktop/ros2_commands/qt_ros_ws'
[1.118s] Level 1:colcon.colcon_core.package_identification:_identify(.) by extensions ['ignore', 'ignore_ament_install']
[1.118s] Level 1:colcon.colcon_core.package_identification:_identify(.) by extension 'ignore'
[1.118s] Level 1:colcon.colcon_core.package_identification:_identify(.) by extension 'ignore_ament_install'
[1.118s] Level 1:colcon.colcon_core.package_identification:_identify(.) by extensions ['colcon_pkg']
[1.118s] Level 1:colcon.colcon_core.package_identification:_identify(.) by extension 'colcon_pkg'
[1.118s] Level 1:colcon.colcon_core.package_identification:_identify(.) by extensions ['colcon_meta']
[1.118s] Level 1:colcon.colcon_core.package_identification:_identify(.) by extension 'colcon_meta'
[1.118s] Level 1:colcon.colcon_core.package_identification:_identify(.) by extensions ['ros']
[1.118s] Level 1:colcon.colcon_core.package_identification:_identify(.) by extension 'ros'
[1.129s] Level 1:colcon.colcon_core.package_identification:_identify(.) by extensions ['cmake', 'python']
[1.129s] Level 1:colcon.colcon_core.package_identification:_identify(.) by extension 'cmake'
[1.129s] Level 1:colcon.colcon_core.package_identification:_identify(.) by extension 'python'
[1.129s] Level 1:colcon.colcon_core.package_identification:_identify(.) by extensions ['python_setup_py']
[1.129s] Level 1:colcon.colcon_core.package_identification:_identify(.) by extension 'python_setup_py'
[1.129s] Level 1:colcon.colcon_core.package_identification:_identify(build) by extensions ['ignore', 'ignore_ament_install']
[1.129s] Level 1:colcon.colcon_core.package_identification:_identify(build) by extension 'ignore'
[1.129s] Level 1:colcon.colcon_core.package_identification:_identify(build) ignored
[1.129s] Level 1:colcon.colcon_core.package_identification:_identify(install) by extensions ['ignore', 'ignore_ament_install']
[1.129s] Level 1:colcon.colcon_core.package_identification:_identify(install) by extension 'ignore'
[1.129s] Level 1:colcon.colcon_core.package_identification:_identify(install) ignored
[1.130s] Level 1:colcon.colcon_core.package_identification:_identify(log) by extensions ['ignore', 'ignore_ament_install']
[1.130s] Level 1:colcon.colcon_core.package_identification:_identify(log) by extension 'ignore'
[1.130s] Level 1:colcon.colcon_core.package_identification:_identify(log) ignored
[1.130s] Level 1:colcon.colcon_core.package_identification:_identify(src) by extensions ['ignore', 'ignore_ament_install']
[1.130s] Level 1:colcon.colcon_core.package_identification:_identify(src) by extension 'ignore'
[1.130s] Level 1:colcon.colcon_core.package_identification:_identify(src) by extension 'ignore_ament_install'
[1.130s] Level 1:colcon.colcon_core.package_identification:_identify(src) by extensions ['colcon_pkg']
[1.130s] Level 1:colcon.colcon_core.package_identification:_identify(src) by extension 'colcon_pkg'
[1.130s] Level 1:colcon.colcon_core.package_identification:_identify(src) by extensions ['colcon_meta']
[1.130s] Level 1:colcon.colcon_core.package_identification:_identify(src) by extension 'colcon_meta'
[1.130s] Level 1:colcon.colcon_core.package_identification:_identify(src) by extensions ['ros']
[1.130s] Level 1:colcon.colcon_core.package_identification:_identify(src) by extension 'ros'
[1.130s] Level 1:colcon.colcon_core.package_identification:_identify(src) by extensions ['cmake', 'python']
[1.130s] Level 1:colcon.colcon_core.package_identification:_identify(src) by extension 'cmake'
[1.130s] Level 1:colcon.colcon_core.package_identification:_identify(src) by extension 'python'
[1.130s] Level 1:colcon.colcon_core.package_identification:_identify(src) by extensions ['python_setup_py']
[1.131s] Level 1:colcon.colcon_core.package_identification:_identify(src) by extension 'python_setup_py'
[1.131s] Level 1:colcon.colcon_core.package_identification:_identify(src/neptune_2_bringup) by extensions ['ignore', 'ignore_ament_install']
[1.131s] Level 1:colcon.colcon_core.package_identification:_identify(src/neptune_2_bringup) by extension 'ignore'
[1.131s] Level 1:colcon.colcon_core.package_identification:_identify(src/neptune_2_bringup) by extension 'ignore_ament_install'
[1.131s] Level 1:colcon.colcon_core.package_identification:_identify(src/neptune_2_bringup) by extensions ['colcon_pkg']
[1.131s] Level 1:colcon.colcon_core.package_identification:_identify(src/neptune_2_bringup) by extension 'colcon_pkg'
[1.131s] Level 1:colcon.colcon_core.package_identification:_identify(src/neptune_2_bringup) by extensions ['colcon_meta']
[1.131s] Level 1:colcon.colcon_core.package_identification:_identify(src/neptune_2_bringup) by extension 'colcon_meta'
[1.131s] Level 1:colcon.colcon_core.package_identification:_identify(src/neptune_2_bringup) by extensions ['ros']
[1.131s] Level 1:colcon.colcon_core.package_identification:_identify(src/neptune_2_bringup) by extension 'ros'
[1.133s] DEBUG:colcon.colcon_core.package_identification:Package 'src/neptune_2_bringup' with type 'ros.ament_cmake' and name 'neptune_2_bringup'
[1.134s] Level 1:colcon.colcon_core.package_identification:_identify(src/neptune_2_description) by extensions ['ignore', 'ignore_ament_install']
[1.134s] Level 1:colcon.colcon_core.package_identification:_identify(src/neptune_2_description) by extension 'ignore'
[1.134s] Level 1:colcon.colcon_core.package_identification:_identify(src/neptune_2_description) by extension 'ignore_ament_install'
[1.134s] Level 1:colcon.colcon_core.package_identification:_identify(src/neptune_2_description) by extensions ['colcon_pkg']
[1.134s] Level 1:colcon.colcon_core.package_identification:_identify(src/neptune_2_description) by extension 'colcon_pkg'
[1.134s] Level 1:colcon.colcon_core.package_identification:_identify(src/neptune_2_description) by extensions ['colcon_meta']
[1.134s] Level 1:colcon.colcon_core.package_identification:_identify(src/neptune_2_description) by extension 'colcon_meta'
[1.134s] Level 1:colcon.colcon_core.package_identification:_identify(src/neptune_2_description) by extensions ['ros']
[1.134s] Level 1:colcon.colcon_core.package_identification:_identify(src/neptune_2_description) by extension 'ros'
[1.135s] DEBUG:colcon.colcon_core.package_identification:Package 'src/neptune_2_description' with type 'ros.ament_cmake' and name 'neptune_2_description'
[1.135s] Level 1:colcon.colcon_core.package_discovery:discover_packages(recursive) using defaults
[1.135s] Level 1:colcon.colcon_core.package_discovery:discover_packages(ignore) discover
[1.135s] Level 1:colcon.colcon_core.package_discovery:discover_packages(ignore) using defaults
[1.135s] Level 1:colcon.colcon_core.package_discovery:discover_packages(path) discover
[1.135s] Level 1:colcon.colcon_core.package_discovery:discover_packages(path) using defaults
[1.239s] Level 1:colcon.colcon_core.package_discovery:discover_packages(prefix_path) check parameters
[1.239s] Level 1:colcon.colcon_core.package_discovery:discover_packages(prefix_path) discover
[1.273s] DEBUG:colcon.colcon_installed_package_information.package_discovery:Found 393 installed packages in /opt/ros/humble
[1.275s] Level 1:colcon.colcon_core.package_discovery:discover_packages(prefix_path) using defaults
[1.401s] Level 5:colcon.colcon_core.verb:set package 'neptune_2_description' build argument 'cmake_args' from command line to 'None'
[1.401s] Level 5:colcon.colcon_core.verb:set package 'neptune_2_description' build argument 'cmake_target' from command line to 'None'
[1.401s] Level 5:colcon.colcon_core.verb:set package 'neptune_2_description' build argument 'cmake_target_skip_unavailable' from command line to 'False'
[1.401s] Level 5:colcon.colcon_core.verb:set package 'neptune_2_description' build argument 'cmake_clean_cache' from command line to 'False'
[1.401s] Level 5:colcon.colcon_core.verb:set package 'neptune_2_description' build argument 'cmake_clean_first' from command line to 'False'
[1.401s] Level 5:colcon.colcon_core.verb:set package 'neptune_2_description' build argument 'cmake_force_configure' from command line to 'False'
[1.401s] Level 5:colcon.colcon_core.verb:set package 'neptune_2_description' build argument 'ament_cmake_args' from command line to 'None'
[1.401s] Level 5:colcon.colcon_core.verb:set package 'neptune_2_description' build argument 'catkin_cmake_args' from command line to 'None'
[1.401s] Level 5:colcon.colcon_core.verb:set package 'neptune_2_description' build argument 'catkin_skip_building_tests' from command line to 'False'
[1.401s] DEBUG:colcon.colcon_core.verb:Building package 'neptune_2_description' with the following arguments: {'ament_cmake_args': None, 'build_base': '/home/vladi/Desktop/ros2_commands/qt_ros_ws/build/neptune_2_description', 'catkin_cmake_args': None, 'catkin_skip_building_tests': False, 'cmake_args': None, 'cmake_clean_cache': False, 'cmake_clean_first': False, 'cmake_force_configure': False, 'cmake_target': None, 'cmake_target_skip_unavailable': False, 'install_base': '/home/vladi/Desktop/ros2_commands/qt_ros_ws/install/neptune_2_description', 'merge_install': False, 'path': '/home/vladi/Desktop/ros2_commands/qt_ros_ws/src/neptune_2_description', 'symlink_install': False, 'test_result_base': None}
[1.417s] Level 5:colcon.colcon_core.verb:set package 'neptune_2_bringup' build argument 'cmake_args' from command line to 'None'
[1.417s] Level 5:colcon.colcon_core.verb:set package 'neptune_2_bringup' build argument 'cmake_target' from command line to 'None'
[1.417s] Level 5:colcon.colcon_core.verb:set package 'neptune_2_bringup' build argument 'cmake_target_skip_unavailable' from command line to 'False'
[1.417s] Level 5:colcon.colcon_core.verb:set package 'neptune_2_bringup' build argument 'cmake_clean_cache' from command line to 'False'
[1.417s] Level 5:colcon.colcon_core.verb:set package 'neptune_2_bringup' build argument 'cmake_clean_first' from command line to 'False'
[1.417s] Level 5:colcon.colcon_core.verb:set package 'neptune_2_bringup' build argument 'cmake_force_configure' from command line to 'False'
[1.417s] Level 5:colcon.colcon_core.verb:set package 'neptune_2_bringup' build argument 'ament_cmake_args' from command line to 'None'
[1.417s] Level 5:colcon.colcon_core.verb:set package 'neptune_2_bringup' build argument 'catkin_cmake_args' from command line to 'None'
[1.418s] Level 5:colcon.colcon_core.verb:set package 'neptune_2_bringup' build argument 'catkin_skip_building_tests' from command line to 'False'
[1.418s] DEBUG:colcon.colcon_core.verb:Building package 'neptune_2_bringup' with the following arguments: {'ament_cmake_args': None, 'build_base': '/home/vladi/Desktop/ros2_commands/qt_ros_ws/build/neptune_2_bringup', 'catkin_cmake_args': None, 'catkin_skip_building_tests': False, 'cmake_args': None, 'cmake_clean_cache': False, 'cmake_clean_first': False, 'cmake_force_configure': False, 'cmake_target': None, 'cmake_target_skip_unavailable': False, 'install_base': '/home/vladi/Desktop/ros2_commands/qt_ros_ws/install/neptune_2_bringup', 'merge_install': False, 'path': '/home/vladi/Desktop/ros2_commands/qt_ros_ws/src/neptune_2_bringup', 'symlink_install': False, 'test_result_base': None}
[1.434s] INFO:colcon.colcon_core.executor:Executing jobs using 'parallel' executor
[1.451s] DEBUG:colcon.colcon_parallel_executor.executor.parallel:run_until_complete
[1.451s] INFO:colcon.colcon_ros.task.ament_cmake.build:Building ROS package in '/home/vladi/Desktop/ros2_commands/qt_ros_ws/src/neptune_2_description' with build type 'ament_cmake'
[1.451s] INFO:colcon.colcon_cmake.task.cmake.build:Building CMake package in '/home/vladi/Desktop/ros2_commands/qt_ros_ws/src/neptune_2_description'
[1.470s] INFO:colcon.colcon_core.plugin_system:Skipping extension 'colcon_core.shell.bat': Not used on non-Windows systems
[1.470s] INFO:colcon.colcon_core.shell:Skip shell extension 'powershell' for command environment: Not usable outside of PowerShell
[1.470s] DEBUG:colcon.colcon_core.shell:Skip shell extension 'dsv' for command environment
[1.513s] DEBUG:colcon.colcon_core.event_handler.log_command:Invoking command in '/home/vladi/Desktop/ros2_commands/qt_ros_ws/build/neptune_2_description': CMAKE_PREFIX_PATH=/opt/ros/humble /usr/bin/cmake --build /home/vladi/Desktop/ros2_commands/qt_ros_ws/build/neptune_2_description -- -j8 -l8
[1.548s] DEBUG:colcon.colcon_core.event_handler.log_command:Invoked command in '/home/vladi/Desktop/ros2_commands/qt_ros_ws/build/neptune_2_description' returned '0': CMAKE_PREFIX_PATH=/opt/ros/humble /usr/bin/cmake --build /home/vladi/Desktop/ros2_commands/qt_ros_ws/build/neptune_2_description -- -j8 -l8
[1.581s] DEBUG:colcon.colcon_core.event_handler.log_command:Invoking command in '/home/vladi/Desktop/ros2_commands/qt_ros_ws/build/neptune_2_description': CMAKE_PREFIX_PATH=/opt/ros/humble /usr/bin/cmake --install /home/vladi/Desktop/ros2_commands/qt_ros_ws/build/neptune_2_description
[1.603s] Level 1:colcon.colcon_core.environment:create_environment_scripts_only(neptune_2_description)
[1.604s] DEBUG:colcon.colcon_core.event_handler.log_command:Invoked command in '/home/vladi/Desktop/ros2_commands/qt_ros_ws/build/neptune_2_description' returned '0': CMAKE_PREFIX_PATH=/opt/ros/humble /usr/bin/cmake --install /home/vladi/Desktop/ros2_commands/qt_ros_ws/build/neptune_2_description
[1.622s] Level 1:colcon.colcon_core.environment:checking '/home/vladi/Desktop/ros2_commands/qt_ros_ws/install/neptune_2_description' for CMake module files
[1.622s] Level 1:colcon.colcon_core.environment:checking '/home/vladi/Desktop/ros2_commands/qt_ros_ws/install/neptune_2_description' for CMake config files
[1.623s] Level 1:colcon.colcon_core.shell:create_environment_hook('neptune_2_description', 'cmake_prefix_path')
[1.639s] INFO:colcon.colcon_core.shell:Creating environment hook '/home/vladi/Desktop/ros2_commands/qt_ros_ws/install/neptune_2_description/share/neptune_2_description/hook/cmake_prefix_path.ps1'
[1.639s] INFO:colcon.colcon_core.shell:Creating environment descriptor '/home/vladi/Desktop/ros2_commands/qt_ros_ws/install/neptune_2_description/share/neptune_2_description/hook/cmake_prefix_path.dsv'
[1.640s] INFO:colcon.colcon_core.shell:Creating environment hook '/home/vladi/Desktop/ros2_commands/qt_ros_ws/install/neptune_2_description/share/neptune_2_description/hook/cmake_prefix_path.sh'
[1.641s] Level 1:colcon.colcon_core.environment:checking '/home/vladi/Desktop/ros2_commands/qt_ros_ws/install/neptune_2_description/bin'
[1.641s] Level 1:colcon.colcon_core.environment:checking '/home/vladi/Desktop/ros2_commands/qt_ros_ws/install/neptune_2_description/lib/pkgconfig/neptune_2_description.pc'
[1.641s] Level 1:colcon.colcon_core.environment:checking '/home/vladi/Desktop/ros2_commands/qt_ros_ws/install/neptune_2_description/lib/python3.10/site-packages'
[1.641s] Level 1:colcon.colcon_core.environment:checking '/home/vladi/Desktop/ros2_commands/qt_ros_ws/install/neptune_2_description/bin'
[1.662s] INFO:colcon.colcon_core.shell:Creating package script '/home/vladi/Desktop/ros2_commands/qt_ros_ws/install/neptune_2_description/share/neptune_2_description/package.ps1'
[1.663s] INFO:colcon.colcon_core.shell:Creating package descriptor '/home/vladi/Desktop/ros2_commands/qt_ros_ws/install/neptune_2_description/share/neptune_2_description/package.dsv'
[1.663s] INFO:colcon.colcon_core.shell:Creating package script '/home/vladi/Desktop/ros2_commands/qt_ros_ws/install/neptune_2_description/share/neptune_2_description/package.sh'
[1.664s] INFO:colcon.colcon_core.shell:Creating package script '/home/vladi/Desktop/ros2_commands/qt_ros_ws/install/neptune_2_description/share/neptune_2_description/package.bash'
[1.665s] INFO:colcon.colcon_core.shell:Creating package script '/home/vladi/Desktop/ros2_commands/qt_ros_ws/install/neptune_2_description/share/neptune_2_description/package.zsh'
[1.666s] Level 1:colcon.colcon_core.environment:create_file_with_runtime_dependencies(/home/vladi/Desktop/ros2_commands/qt_ros_ws/install/neptune_2_description/share/colcon-core/packages/neptune_2_description)
[1.708s] Level 1:colcon.colcon_core.environment:create_environment_scripts_only(neptune_2_description)
[1.726s] Level 1:colcon.colcon_core.environment:checking '/home/vladi/Desktop/ros2_commands/qt_ros_ws/install/neptune_2_description' for CMake module files
[1.726s] Level 1:colcon.colcon_core.environment:checking '/home/vladi/Desktop/ros2_commands/qt_ros_ws/install/neptune_2_description' for CMake config files
[1.727s] Level 1:colcon.colcon_core.shell:create_environment_hook('neptune_2_description', 'cmake_prefix_path')
[1.743s] INFO:colcon.colcon_core.shell:Creating environment hook '/home/vladi/Desktop/ros2_commands/qt_ros_ws/install/neptune_2_description/share/neptune_2_description/hook/cmake_prefix_path.ps1'
[1.743s] INFO:colcon.colcon_core.shell:Creating environment descriptor '/home/vladi/Desktop/ros2_commands/qt_ros_ws/install/neptune_2_description/share/neptune_2_description/hook/cmake_prefix_path.dsv'
[1.744s] INFO:colcon.colcon_core.shell:Creating environment hook '/home/vladi/Desktop/ros2_commands/qt_ros_ws/install/neptune_2_description/share/neptune_2_description/hook/cmake_prefix_path.sh'
[1.745s] Level 1:colcon.colcon_core.environment:checking '/home/vladi/Desktop/ros2_commands/qt_ros_ws/install/neptune_2_description/bin'
[1.745s] Level 1:colcon.colcon_core.environment:checking '/home/vladi/Desktop/ros2_commands/qt_ros_ws/install/neptune_2_description/lib/pkgconfig/neptune_2_description.pc'
[1.745s] Level 1:colcon.colcon_core.environment:checking '/home/vladi/Desktop/ros2_commands/qt_ros_ws/install/neptune_2_description/lib/python3.10/site-packages'
[1.745s] Level 1:colcon.colcon_core.environment:checking '/home/vladi/Desktop/ros2_commands/qt_ros_ws/install/neptune_2_description/bin'
[1.763s] INFO:colcon.colcon_core.shell:Creating package script '/home/vladi/Desktop/ros2_commands/qt_ros_ws/install/neptune_2_description/share/neptune_2_description/package.ps1'
[1.763s] INFO:colcon.colcon_core.shell:Creating package descriptor '/home/vladi/Desktop/ros2_commands/qt_ros_ws/install/neptune_2_description/share/neptune_2_description/package.dsv'
[1.764s] INFO:colcon.colcon_core.shell:Creating package script '/home/vladi/Desktop/ros2_commands/qt_ros_ws/install/neptune_2_description/share/neptune_2_description/package.sh'
[1.765s] INFO:colcon.colcon_core.shell:Creating package script '/home/vladi/Desktop/ros2_commands/qt_ros_ws/install/neptune_2_description/share/neptune_2_description/package.bash'
[1.765s] INFO:colcon.colcon_core.shell:Creating package script '/home/vladi/Desktop/ros2_commands/qt_ros_ws/install/neptune_2_description/share/neptune_2_description/package.zsh'
[1.766s] Level 1:colcon.colcon_core.environment:create_file_with_runtime_dependencies(/home/vladi/Desktop/ros2_commands/qt_ros_ws/install/neptune_2_description/share/colcon-core/packages/neptune_2_description)
[1.766s] INFO:colcon.colcon_ros.task.ament_cmake.build:Building ROS package in '/home/vladi/Desktop/ros2_commands/qt_ros_ws/src/neptune_2_bringup' with build type 'ament_cmake'
[1.766s] INFO:colcon.colcon_cmake.task.cmake.build:Building CMake package in '/home/vladi/Desktop/ros2_commands/qt_ros_ws/src/neptune_2_bringup'
[1.788s] INFO:colcon.colcon_core.shell:Skip shell extension 'powershell' for command environment: Not usable outside of PowerShell
[1.788s] DEBUG:colcon.colcon_core.shell:Skip shell extension 'dsv' for command environment
[1.831s] DEBUG:colcon.colcon_core.event_handler.log_command:Invoking command in '/home/vladi/Desktop/ros2_commands/qt_ros_ws/build/neptune_2_bringup': AMENT_PREFIX_PATH=/home/vladi/Desktop/ros2_commands/qt_ros_ws/install/neptune_2_description:${AMENT_PREFIX_PATH} CMAKE_PREFIX_PATH=/home/vladi/Desktop/ros2_commands/qt_ros_ws/install/neptune_2_description:/opt/ros/humble /usr/bin/cmake --build /home/vladi/Desktop/ros2_commands/qt_ros_ws/build/neptune_2_bringup -- -j8 -l8
[1.869s] DEBUG:colcon.colcon_core.event_handler.log_command:Invoked command in '/home/vladi/Desktop/ros2_commands/qt_ros_ws/build/neptune_2_bringup' returned '0': AMENT_PREFIX_PATH=/home/vladi/Desktop/ros2_commands/qt_ros_ws/install/neptune_2_description:${AMENT_PREFIX_PATH} CMAKE_PREFIX_PATH=/home/vladi/Desktop/ros2_commands/qt_ros_ws/install/neptune_2_description:/opt/ros/humble /usr/bin/cmake --build /home/vladi/Desktop/ros2_commands/qt_ros_ws/build/neptune_2_bringup -- -j8 -l8
[1.896s] DEBUG:colcon.colcon_core.event_handler.log_command:Invoking command in '/home/vladi/Desktop/ros2_commands/qt_ros_ws/build/neptune_2_bringup': AMENT_PREFIX_PATH=/home/vladi/Desktop/ros2_commands/qt_ros_ws/install/neptune_2_description:${AMENT_PREFIX_PATH} CMAKE_PREFIX_PATH=/home/vladi/Desktop/ros2_commands/qt_ros_ws/install/neptune_2_description:/opt/ros/humble /usr/bin/cmake --install /home/vladi/Desktop/ros2_commands/qt_ros_ws/build/neptune_2_bringup
[1.907s] Level 1:colcon.colcon_core.environment:create_environment_scripts_only(neptune_2_bringup)
[1.908s] DEBUG:colcon.colcon_core.event_handler.log_command:Invoked command in '/home/vladi/Desktop/ros2_commands/qt_ros_ws/build/neptune_2_bringup' returned '0': AMENT_PREFIX_PATH=/home/vladi/Desktop/ros2_commands/qt_ros_ws/install/neptune_2_description:${AMENT_PREFIX_PATH} CMAKE_PREFIX_PATH=/home/vladi/Desktop/ros2_commands/qt_ros_ws/install/neptune_2_description:/opt/ros/humble /usr/bin/cmake --install /home/vladi/Desktop/ros2_commands/qt_ros_ws/build/neptune_2_bringup
[1.925s] Level 1:colcon.colcon_core.environment:checking '/home/vladi/Desktop/ros2_commands/qt_ros_ws/install/neptune_2_bringup' for CMake module files
[1.925s] Level 1:colcon.colcon_core.environment:checking '/home/vladi/Desktop/ros2_commands/qt_ros_ws/install/neptune_2_bringup' for CMake config files
[1.926s] Level 1:colcon.colcon_core.shell:create_environment_hook('neptune_2_bringup', 'cmake_prefix_path')
[1.942s] INFO:colcon.colcon_core.shell:Creating environment hook '/home/vladi/Desktop/ros2_commands/qt_ros_ws/install/neptune_2_bringup/share/neptune_2_bringup/hook/cmake_prefix_path.ps1'
[1.942s] INFO:colcon.colcon_core.shell:Creating environment descriptor '/home/vladi/Desktop/ros2_commands/qt_ros_ws/install/neptune_2_bringup/share/neptune_2_bringup/hook/cmake_prefix_path.dsv'
[1.943s] INFO:colcon.colcon_core.shell:Creating environment hook '/home/vladi/Desktop/ros2_commands/qt_ros_ws/install/neptune_2_bringup/share/neptune_2_bringup/hook/cmake_prefix_path.sh'
[1.943s] Level 1:colcon.colcon_core.environment:checking '/home/vladi/Desktop/ros2_commands/qt_ros_ws/install/neptune_2_bringup/bin'
[1.943s] Level 1:colcon.colcon_core.environment:checking '/home/vladi/Desktop/ros2_commands/qt_ros_ws/install/neptune_2_bringup/lib/pkgconfig/neptune_2_bringup.pc'
[1.944s] Level 1:colcon.colcon_core.environment:checking '/home/vladi/Desktop/ros2_commands/qt_ros_ws/install/neptune_2_bringup/lib/python3.10/site-packages'
[1.944s] Level 1:colcon.colcon_core.environment:checking '/home/vladi/Desktop/ros2_commands/qt_ros_ws/install/neptune_2_bringup/bin'
[1.960s] INFO:colcon.colcon_core.shell:Creating package script '/home/vladi/Desktop/ros2_commands/qt_ros_ws/install/neptune_2_bringup/share/neptune_2_bringup/package.ps1'
[1.961s] INFO:colcon.colcon_core.shell:Creating package descriptor '/home/vladi/Desktop/ros2_commands/qt_ros_ws/install/neptune_2_bringup/share/neptune_2_bringup/package.dsv'
[1.961s] INFO:colcon.colcon_core.shell:Creating package script '/home/vladi/Desktop/ros2_commands/qt_ros_ws/install/neptune_2_bringup/share/neptune_2_bringup/package.sh'
[1.962s] INFO:colcon.colcon_core.shell:Creating package script '/home/vladi/Desktop/ros2_commands/qt_ros_ws/install/neptune_2_bringup/share/neptune_2_bringup/package.bash'
[1.962s] INFO:colcon.colcon_core.shell:Creating package script '/home/vladi/Desktop/ros2_commands/qt_ros_ws/install/neptune_2_bringup/share/neptune_2_bringup/package.zsh'
[1.962s] Level 1:colcon.colcon_core.environment:create_file_with_runtime_dependencies(/home/vladi/Desktop/ros2_commands/qt_ros_ws/install/neptune_2_bringup/share/colcon-core/packages/neptune_2_bringup)
[2.000s] Level 1:colcon.colcon_core.environment:create_environment_scripts_only(neptune_2_bringup)
[2.018s] Level 1:colcon.colcon_core.environment:checking '/home/vladi/Desktop/ros2_commands/qt_ros_ws/install/neptune_2_bringup' for CMake module files
[2.019s] Level 1:colcon.colcon_core.environment:checking '/home/vladi/Desktop/ros2_commands/qt_ros_ws/install/neptune_2_bringup' for CMake config files
[2.019s] Level 1:colcon.colcon_core.shell:create_environment_hook('neptune_2_bringup', 'cmake_prefix_path')
[2.037s] INFO:colcon.colcon_core.shell:Creating environment hook '/home/vladi/Desktop/ros2_commands/qt_ros_ws/install/neptune_2_bringup/share/neptune_2_bringup/hook/cmake_prefix_path.ps1'
[2.037s] INFO:colcon.colcon_core.shell:Creating environment descriptor '/home/vladi/Desktop/ros2_commands/qt_ros_ws/install/neptune_2_bringup/share/neptune_2_bringup/hook/cmake_prefix_path.dsv'
[2.037s] INFO:colcon.colcon_core.shell:Creating environment hook '/home/vladi/Desktop/ros2_commands/qt_ros_ws/install/neptune_2_bringup/share/neptune_2_bringup/hook/cmake_prefix_path.sh'
[2.038s] Level 1:colcon.colcon_core.environment:checking '/home/vladi/Desktop/ros2_commands/qt_ros_ws/install/neptune_2_bringup/bin'
[2.038s] Level 1:colcon.colcon_core.environment:checking '/home/vladi/Desktop/ros2_commands/qt_ros_ws/install/neptune_2_bringup/lib/pkgconfig/neptune_2_bringup.pc'
[2.038s] Level 1:colcon.colcon_core.environment:checking '/home/vladi/Desktop/ros2_commands/qt_ros_ws/install/neptune_2_bringup/lib/python3.10/site-packages'
[2.039s] Level 1:colcon.colcon_core.environment:checking '/home/vladi/Desktop/ros2_commands/qt_ros_ws/install/neptune_2_bringup/bin'
[2.055s] INFO:colcon.colcon_core.shell:Creating package script '/home/vladi/Desktop/ros2_commands/qt_ros_ws/install/neptune_2_bringup/share/neptune_2_bringup/package.ps1'
[2.056s] INFO:colcon.colcon_core.shell:Creating package descriptor '/home/vladi/Desktop/ros2_commands/qt_ros_ws/install/neptune_2_bringup/share/neptune_2_bringup/package.dsv'
[2.056s] INFO:colcon.colcon_core.shell:Creating package script '/home/vladi/Desktop/ros2_commands/qt_ros_ws/install/neptune_2_bringup/share/neptune_2_bringup/package.sh'
[2.057s] INFO:colcon.colcon_core.shell:Creating package script '/home/vladi/Desktop/ros2_commands/qt_ros_ws/install/neptune_2_bringup/share/neptune_2_bringup/package.bash'
[2.057s] INFO:colcon.colcon_core.shell:Creating package script '/home/vladi/Desktop/ros2_commands/qt_ros_ws/install/neptune_2_bringup/share/neptune_2_bringup/package.zsh'
[2.058s] Level 1:colcon.colcon_core.environment:create_file_with_runtime_dependencies(/home/vladi/Desktop/ros2_commands/qt_ros_ws/install/neptune_2_bringup/share/colcon-core/packages/neptune_2_bringup)
[2.058s] DEBUG:colcon.colcon_parallel_executor.executor.parallel:closing loop
[2.058s] DEBUG:colcon.colcon_parallel_executor.executor.parallel:loop closed
[2.058s] DEBUG:colcon.colcon_parallel_executor.executor.parallel:run_until_complete finished with '0'
[2.058s] DEBUG:colcon.colcon_core.event_reactor:joining thread
[2.080s] INFO:colcon.colcon_core.plugin_system:Skipping extension 'colcon_notification.desktop_notification.terminal_notifier': Not used on non-Darwin systems
[2.080s] INFO:colcon.colcon_core.plugin_system:Skipping extension 'colcon_notification.desktop_notification.win32': Not used on non-Windows systems
[2.080s] INFO:colcon.colcon_notification.desktop_notification:Sending desktop notification using 'notify2'
[2.091s] DEBUG:colcon.colcon_core.event_reactor:joined thread
[2.109s] INFO:colcon.colcon_core.shell:Creating prefix script '/home/vladi/Desktop/ros2_commands/qt_ros_ws/install/local_setup.ps1'
[2.110s] INFO:colcon.colcon_core.shell:Creating prefix util module '/home/vladi/Desktop/ros2_commands/qt_ros_ws/install/_local_setup_util_ps1.py'
[2.111s] INFO:colcon.colcon_core.shell:Creating prefix chain script '/home/vladi/Desktop/ros2_commands/qt_ros_ws/install/setup.ps1'
[2.130s] INFO:colcon.colcon_core.shell:Creating prefix script '/home/vladi/Desktop/ros2_commands/qt_ros_ws/install/local_setup.sh'
[2.130s] INFO:colcon.colcon_core.shell:Creating prefix util module '/home/vladi/Desktop/ros2_commands/qt_ros_ws/install/_local_setup_util_sh.py'
[2.131s] INFO:colcon.colcon_core.shell:Creating prefix chain script '/home/vladi/Desktop/ros2_commands/qt_ros_ws/install/setup.sh'
[2.150s] INFO:colcon.colcon_core.shell:Creating prefix script '/home/vladi/Desktop/ros2_commands/qt_ros_ws/install/local_setup.bash'
[2.150s] INFO:colcon.colcon_core.shell:Creating prefix chain script '/home/vladi/Desktop/ros2_commands/qt_ros_ws/install/setup.bash'
[2.168s] INFO:colcon.colcon_core.shell:Creating prefix script '/home/vladi/Desktop/ros2_commands/qt_ros_ws/install/local_setup.zsh'
[2.169s] INFO:colcon.colcon_core.shell:Creating prefix chain script '/home/vladi/Desktop/ros2_commands/qt_ros_ws/install/setup.zsh'
