[0.109s] Invoking command in '/home/vladi/Desktop/ros2_commands/qt_ros_ws/build/st_ligth': CMAKE_PREFIX_PATH=${CMAKE_PREFIX_PATH}:/opt/ros/humble /usr/bin/cmake --build /home/vladi/Desktop/ros2_commands/qt_ros_ws/build/st_ligth -- -j8 -l8
[0.465s] Invoked command in '/home/vladi/Desktop/ros2_commands/qt_ros_ws/build/st_ligth' returned '0': CMAKE_PREFIX_PATH=${CMAKE_PREFIX_PATH}:/opt/ros/humble /usr/bin/cmake --build /home/vladi/Desktop/ros2_commands/qt_ros_ws/build/st_ligth -- -j8 -l8
[0.721s] Invoking command in '/home/vladi/Desktop/ros2_commands/qt_ros_ws/build/st_ligth': CMAKE_PREFIX_PATH=${CMAKE_PREFIX_PATH}:/opt/ros/humble /usr/bin/cmake --install /home/vladi/Desktop/ros2_commands/qt_ros_ws/build/st_ligth
[0.773s] -- Install configuration: ""
[0.773s] -- Up-to-date: /home/vladi/Desktop/ros2_commands/qt_ros_ws/install/st_ligth/share/ament_index/resource_index/package_run_dependencies/st_ligth
[0.774s] -- Up-to-date: /home/vladi/Desktop/ros2_commands/qt_ros_ws/install/st_ligth/share/ament_index/resource_index/parent_prefix_path/st_ligth
[0.774s] -- Up-to-date: /home/vladi/Desktop/ros2_commands/qt_ros_ws/install/st_ligth/share/st_ligth/environment/ament_prefix_path.sh
[0.774s] -- Up-to-date: /home/vladi/Desktop/ros2_commands/qt_ros_ws/install/st_ligth/share/st_ligth/environment/ament_prefix_path.dsv
[0.774s] -- Up-to-date: /home/vladi/Desktop/ros2_commands/qt_ros_ws/install/st_ligth/share/st_ligth/environment/path.sh
[0.774s] -- Up-to-date: /home/vladi/Desktop/ros2_commands/qt_ros_ws/install/st_ligth/share/st_ligth/environment/path.dsv
[0.775s] -- Up-to-date: /home/vladi/Desktop/ros2_commands/qt_ros_ws/install/st_ligth/share/st_ligth/local_setup.bash
[0.775s] -- Up-to-date: /home/vladi/Desktop/ros2_commands/qt_ros_ws/install/st_ligth/share/st_ligth/local_setup.sh
[0.777s] -- Up-to-date: /home/vladi/Desktop/ros2_commands/qt_ros_ws/install/st_ligth/share/st_ligth/local_setup.zsh
[0.778s] -- Up-to-date: /home/vladi/Desktop/ros2_commands/qt_ros_ws/install/st_ligth/share/st_ligth/local_setup.dsv
[0.779s] -- Installing: /home/vladi/Desktop/ros2_commands/qt_ros_ws/install/st_ligth/share/st_ligth/package.dsv
[0.780s] -- Up-to-date: /home/vladi/Desktop/ros2_commands/qt_ros_ws/install/st_ligth/share/ament_index/resource_index/packages/st_ligth
[0.780s] -- Up-to-date: /home/vladi/Desktop/ros2_commands/qt_ros_ws/install/st_ligth/share/st_ligth/cmake/st_ligthConfig.cmake
[0.780s] -- Up-to-date: /home/vladi/Desktop/ros2_commands/qt_ros_ws/install/st_ligth/share/st_ligth/cmake/st_ligthConfig-version.cmake
[0.785s] -- Up-to-date: /home/vladi/Desktop/ros2_commands/qt_ros_ws/install/st_ligth/share/st_ligth/package.xml
[0.788s] Invoked command in '/home/vladi/Desktop/ros2_commands/qt_ros_ws/build/st_ligth' returned '0': CMAKE_PREFIX_PATH=${CMAKE_PREFIX_PATH}:/opt/ros/humble /usr/bin/cmake --install /home/vladi/Desktop/ros2_commands/qt_ros_ws/build/st_ligth
