[0.266s] Invoking command in '/home/vladi/Desktop/ros2_commands/qt_ros_ws/build/vision': CMAKE_PREFIX_PATH=/opt/ros/humble /usr/bin/cmake /home/vladi/Desktop/ros2_commands/qt_ros_ws/src/vision -DCMAKE_INSTALL_PREFIX=/home/vladi/Desktop/ros2_commands/qt_ros_ws/install/vision
[0.314s] -- Found ament_cmake: 1.3.5 (/opt/ros/humble/share/ament_cmake/cmake)
[0.890s] -- Override CMake install command with custom implementation using symlinks instead of copying resources
[0.933s] -- Found rclcpp: 16.0.6 (/opt/ros/humble/share/rclcpp/cmake)
[1.074s] -- Found rosidl_generator_c: 3.1.5 (/opt/ros/humble/share/rosidl_generator_c/cmake)
[1.085s] -- Found rosidl_adapter: 3.1.5 (/opt/ros/humble/share/rosidl_adapter/cmake)
[1.115s] -- Found rosidl_generator_cpp: 3.1.5 (/opt/ros/humble/share/rosidl_generator_cpp/cmake)
[1.170s] -- Using all available rosidl_typesupport_c: rosidl_typesupport_fastrtps_c;rosidl_typesupport_introspection_c
[1.247s] -- Using all available rosidl_typesupport_cpp: rosidl_typesupport_fastrtps_cpp;rosidl_typesupport_introspection_cpp
[1.517s] -- Found rmw_implementation_cmake: 6.1.1 (/opt/ros/humble/share/rmw_implementation_cmake/cmake)
[1.523s] -- Found rmw_fastrtps_cpp: 6.2.4 (/opt/ros/humble/share/rmw_fastrtps_cpp/cmake)
[2.046s] -- Using RMW implementation 'rmw_fastrtps_cpp' as default
[2.765s] -- Found sensor_msgs: 4.2.3 (/opt/ros/humble/share/sensor_msgs/cmake)
[3.325s] -- Found cv_bridge: 3.2.1 (/opt/ros/humble/share/cv_bridge/cmake)
[3.386s] -- Found image_transport: 3.1.7 (/opt/ros/humble/share/image_transport/cmake)
[3.591s] -- Found ament_lint_auto: 0.12.8 (/opt/ros/humble/share/ament_lint_auto/cmake)
[4.154s] -- Added test 'cppcheck' to perform static code analysis on C / C++ code
[4.155s] -- Configured cppcheck include dirs: 
[4.155s] -- Configured cppcheck exclude dirs and/or files: 
[4.159s] -- Added test 'lint_cmake' to check CMake code style
[4.164s] -- Added test 'uncrustify' to check C / C++ code style
[4.165s] -- Configured uncrustify additional arguments: 
[4.167s] -- Added test 'xmllint' to check XML markup files
[4.176s] -- Configuring done
[4.258s] -- Generating done
[4.268s] -- Build files have been written to: /home/vladi/Desktop/ros2_commands/qt_ros_ws/build/vision
[4.298s] Invoked command in '/home/vladi/Desktop/ros2_commands/qt_ros_ws/build/vision' returned '0': CMAKE_PREFIX_PATH=/opt/ros/humble /usr/bin/cmake /home/vladi/Desktop/ros2_commands/qt_ros_ws/src/vision -DCMAKE_INSTALL_PREFIX=/home/vladi/Desktop/ros2_commands/qt_ros_ws/install/vision
[4.306s] Invoking command in '/home/vladi/Desktop/ros2_commands/qt_ros_ws/build/vision': CMAKE_PREFIX_PATH=/opt/ros/humble /usr/bin/cmake --build /home/vladi/Desktop/ros2_commands/qt_ros_ws/build/vision -- -j8 -l8
[4.517s] [ 50%] [32mBuilding CXX object CMakeFiles/vision_capture_node.dir/src/vision_capture_node.cpp.o[0m
[4.739s] [100%] [32m[1mLinking CXX executable vision_capture_node[0m
[6.050s] /usr/bin/ld: /usr/lib/gcc/x86_64-linux-gnu/11/../../../x86_64-linux-gnu/Scrt1.o: in function `_start':
[6.051s] (.text+0x1b): undefined reference to `main'
[6.058s] collect2: error: ld returned 1 exit status
[6.064s] gmake[2]: *** [CMakeFiles/vision_capture_node.dir/build.make:181: vision_capture_node] Error 1
[6.065s] gmake[1]: *** [CMakeFiles/Makefile2:137: CMakeFiles/vision_capture_node.dir/all] Error 2
[6.065s] gmake: *** [Makefile:146: all] Error 2
[6.075s] Invoked command in '/home/vladi/Desktop/ros2_commands/qt_ros_ws/build/vision' returned '2': CMAKE_PREFIX_PATH=/opt/ros/humble /usr/bin/cmake --build /home/vladi/Desktop/ros2_commands/qt_ros_ws/build/vision -- -j8 -l8
