[35m[1mConsolidate compiler generated dependencies of target cam_process[0m
[ 50%] Built target msg_to_pcl2
[ 75%] [32mBuilding CXX object CMakeFiles/cam_process.dir/src/cam_process.cpp.o[0m
[01m[K/home/vladi/Desktop/ros2_commands/qt_ros_ws/src/neptune_2_bringup/src/cam_process.cpp:[m[K In constructor ‘[01m[KCamProcess::CamProcess(std::string, std::string)[m[K’:
[01m[K/home/vladi/Desktop/ros2_commands/qt_ros_ws/src/neptune_2_bringup/src/cam_process.cpp:34:17:[m[K [01;31m[Kerror: [m[Kno match for ‘[01m[Koperator=[m[K’ (operand types are ‘[01m[Krclcpp::Subscription<sensor_msgs::msg::Image_<std::allocator<void> > >::SharedPtr[m[K’ {aka ‘[01m[Kstd::shared_ptr<rclcpp::Subscription<sensor_msgs::msg::Image_<std::allocator<void> > > >[m[K’} and ‘[01m[Kstd::shared_ptr<rclcpp::Subscription<std::shared_ptr<sensor_msgs::msg::Image_<std::allocator<void> > >, std::allocator<void>, std::shared_ptr<sensor_msgs::msg::Image_<std::allocator<void> > >, std::shared_ptr<sensor_msgs::msg::Image_<std::allocator<void> > >, rclcpp::message_memory_strategy::MessageMemoryStrategy<std::shared_ptr<sensor_msgs::msg::Image_<std::allocator<void> > >, std::allocator<void> > > >[m[K’)
   34 |                 [01;31m[K)[m[K;
      |                 [01;31m[K^[m[K
In file included from [01m[K/usr/include/c++/11/memory:77[m[K,
                 from [01m[K/opt/ros/humble/include/rclcpp/rclcpp/rclcpp.hpp:153[m[K,
                 from [01m[K/home/vladi/Desktop/ros2_commands/qt_ros_ws/src/neptune_2_bringup/src/cam_process.cpp:1[m[K:
[01m[K/usr/include/c++/11/bits/shared_ptr.h:363:9:[m[K [01;36m[Knote: [m[Kcandidate: ‘[01m[Ktemplate<class _Yp> std::shared_ptr<_Tp>::_Assignable<const std::shared_ptr<_Yp>&> std::shared_ptr<_Tp>::operator=(const std::shared_ptr<_Yp>&) [with _Yp = _Yp; _Tp = rclcpp::Subscription<sensor_msgs::msg::Image_<std::allocator<void> > >][m[K’
  363 |         [01;36m[Koperator[m[K=(const shared_ptr<_Yp>& __r) noexcept
      |         [01;36m[K^~~~~~~~[m[K
[01m[K/usr/include/c++/11/bits/shared_ptr.h:363:9:[m[K [01;36m[Knote: [m[K  template argument deduction/substitution failed:
/usr/include/c++/11/bits/shared_ptr.h: In substitution of ‘[01m[Ktemplate<class _Tp> template<class _Arg> using _Assignable = typename std::enable_if<std::is_assignable<std::__shared_ptr<_Tp>&, _Arg>::value, std::shared_ptr<_Tp>&>::type [with _Arg = const std::shared_ptr<rclcpp::Subscription<std::shared_ptr<sensor_msgs::msg::Image_<std::allocator<void> > >, std::allocator<void>, std::shared_ptr<sensor_msgs::msg::Image_<std::allocator<void> > >, std::shared_ptr<sensor_msgs::msg::Image_<std::allocator<void> > >, rclcpp::message_memory_strategy::MessageMemoryStrategy<std::shared_ptr<sensor_msgs::msg::Image_<std::allocator<void> > >, std::allocator<void> > > >&; _Tp = rclcpp::Subscription<sensor_msgs::msg::Image_<std::allocator<void> > >][m[K’:
[01m[K/usr/include/c++/11/bits/shared_ptr.h:363:2:[m[K   required by substitution of ‘[01m[Ktemplate<class _Yp> std::shared_ptr<rclcpp::Subscription<sensor_msgs::msg::Image_<std::allocator<void> > > >::_Assignable<const std::shared_ptr<_Tp>&> std::shared_ptr<rclcpp::Subscription<sensor_msgs::msg::Image_<std::allocator<void> > > >::operator=<_Yp>(const std::shared_ptr<_Tp>&) [with _Yp = rclcpp::Subscription<std::shared_ptr<sensor_msgs::msg::Image_<std::allocator<void> > >, std::allocator<void>, std::shared_ptr<sensor_msgs::msg::Image_<std::allocator<void> > >, std::shared_ptr<sensor_msgs::msg::Image_<std::allocator<void> > >, rclcpp::message_memory_strategy::MessageMemoryStrategy<std::shared_ptr<sensor_msgs::msg::Image_<std::allocator<void> > >, std::allocator<void> > >][m[K’
[01m[K/home/vladi/Desktop/ros2_commands/qt_ros_ws/src/neptune_2_bringup/src/cam_process.cpp:34:17:[m[K   required from here
[01m[K/usr/include/c++/11/bits/shared_ptr.h:130:15:[m[K [01;31m[Kerror: [m[Kno type named ‘[01m[Ktype[m[K’ in ‘[01m[Kstruct std::enable_if<false, std::shared_ptr<rclcpp::Subscription<sensor_msgs::msg::Image_<std::allocator<void> > > >&>[m[K’
  130 |         using [01;31m[K_Assignable[m[K = typename enable_if<
      |               [01;31m[K^~~~~~~~~~~[m[K
[01m[K/usr/include/c++/11/bits/shared_ptr.h:374:9:[m[K [01;36m[Knote: [m[Kcandidate: ‘[01m[Ktemplate<class _Yp> std::shared_ptr<_Tp>::_Assignable<std::auto_ptr<_Up> > std::shared_ptr<_Tp>::operator=(std::auto_ptr<_Up>&&) [with _Yp = _Yp; _Tp = rclcpp::Subscription<sensor_msgs::msg::Image_<std::allocator<void> > >][m[K’
  374 |         [01;36m[Koperator[m[K=(auto_ptr<_Yp>&& __r)
      |         [01;36m[K^~~~~~~~[m[K
[01m[K/usr/include/c++/11/bits/shared_ptr.h:374:9:[m[K [01;36m[Knote: [m[K  template argument deduction/substitution failed:
[01m[K/home/vladi/Desktop/ros2_commands/qt_ros_ws/src/neptune_2_bringup/src/cam_process.cpp:34:17:[m[K [01;36m[Knote: [m[K  ‘[01m[Kstd::shared_ptr<rclcpp::Subscription<std::shared_ptr<sensor_msgs::msg::Image_<std::allocator<void> > >, std::allocator<void>, std::shared_ptr<sensor_msgs::msg::Image_<std::allocator<void> > >, std::shared_ptr<sensor_msgs::msg::Image_<std::allocator<void> > >, rclcpp::message_memory_strategy::MessageMemoryStrategy<std::shared_ptr<sensor_msgs::msg::Image_<std::allocator<void> > >, std::allocator<void> > > >[m[K’ is not derived from ‘[01m[Kstd::auto_ptr<_Up>[m[K’
   34 |                 [01;36m[K)[m[K;
      |                 [01;36m[K^[m[K
In file included from [01m[K/usr/include/c++/11/memory:77[m[K,
                 from [01m[K/opt/ros/humble/include/rclcpp/rclcpp/rclcpp.hpp:153[m[K,
                 from [01m[K/home/vladi/Desktop/ros2_commands/qt_ros_ws/src/neptune_2_bringup/src/cam_process.cpp:1[m[K:
[01m[K/usr/include/c++/11/bits/shared_ptr.h:391:9:[m[K [01;36m[Knote: [m[Kcandidate: ‘[01m[Ktemplate<class _Yp> std::shared_ptr<_Tp>::_Assignable<std::shared_ptr<_Yp> > std::shared_ptr<_Tp>::operator=(std::shared_ptr<_Yp>&&) [with _Yp = _Yp; _Tp = rclcpp::Subscription<sensor_msgs::msg::Image_<std::allocator<void> > >][m[K’
  391 |         [01;36m[Koperator[m[K=(shared_ptr<_Yp>&& __r) noexcept
      |         [01;36m[K^~~~~~~~[m[K
[01m[K/usr/include/c++/11/bits/shared_ptr.h:391:9:[m[K [01;36m[Knote: [m[K  template argument deduction/substitution failed:
/usr/include/c++/11/bits/shared_ptr.h: In substitution of ‘[01m[Ktemplate<class _Tp> template<class _Arg> using _Assignable = typename std::enable_if<std::is_assignable<std::__shared_ptr<_Tp>&, _Arg>::value, std::shared_ptr<_Tp>&>::type [with _Arg = std::shared_ptr<rclcpp::Subscription<std::shared_ptr<sensor_msgs::msg::Image_<std::allocator<void> > >, std::allocator<void>, std::shared_ptr<sensor_msgs::msg::Image_<std::allocator<void> > >, std::shared_ptr<sensor_msgs::msg::Image_<std::allocator<void> > >, rclcpp::message_memory_strategy::MessageMemoryStrategy<std::shared_ptr<sensor_msgs::msg::Image_<std::allocator<void> > >, std::allocator<void> > > >; _Tp = rclcpp::Subscription<sensor_msgs::msg::Image_<std::allocator<void> > >][m[K’:
[01m[K/usr/include/c++/11/bits/shared_ptr.h:391:2:[m[K   required by substitution of ‘[01m[Ktemplate<class _Yp> std::shared_ptr<rclcpp::Subscription<sensor_msgs::msg::Image_<std::allocator<void> > > >::_Assignable<std::shared_ptr<_Tp> > std::shared_ptr<rclcpp::Subscription<sensor_msgs::msg::Image_<std::allocator<void> > > >::operator=<_Yp>(std::shared_ptr<_Tp>&&) [with _Yp = rclcpp::Subscription<std::shared_ptr<sensor_msgs::msg::Image_<std::allocator<void> > >, std::allocator<void>, std::shared_ptr<sensor_msgs::msg::Image_<std::allocator<void> > >, std::shared_ptr<sensor_msgs::msg::Image_<std::allocator<void> > >, rclcpp::message_memory_strategy::MessageMemoryStrategy<std::shared_ptr<sensor_msgs::msg::Image_<std::allocator<void> > >, std::allocator<void> > >][m[K’
[01m[K/home/vladi/Desktop/ros2_commands/qt_ros_ws/src/neptune_2_bringup/src/cam_process.cpp:34:17:[m[K   required from here
[01m[K/usr/include/c++/11/bits/shared_ptr.h:130:15:[m[K [01;31m[Kerror: [m[Kno type named ‘[01m[Ktype[m[K’ in ‘[01m[Kstruct std::enable_if<false, std::shared_ptr<rclcpp::Subscription<sensor_msgs::msg::Image_<std::allocator<void> > > >&>[m[K’
  130 |         using [01;31m[K_Assignable[m[K = typename enable_if<
      |               [01;31m[K^~~~~~~~~~~[m[K
[01m[K/usr/include/c++/11/bits/shared_ptr.h:399:9:[m[K [01;36m[Knote: [m[Kcandidate: ‘[01m[Ktemplate<class _Yp, class _Del> std::shared_ptr<_Tp>::_Assignable<std::unique_ptr<_Up, _Ep> > std::shared_ptr<_Tp>::operator=(std::unique_ptr<_Up, _Ep>&&) [with _Yp = _Yp; _Del = _Del; _Tp = rclcpp::Subscription<sensor_msgs::msg::Image_<std::allocator<void> > >][m[K’
  399 |         [01;36m[Koperator[m[K=(unique_ptr<_Yp, _Del>&& __r)
      |         [01;36m[K^~~~~~~~[m[K
[01m[K/usr/include/c++/11/bits/shared_ptr.h:399:9:[m[K [01;36m[Knote: [m[K  template argument deduction/substitution failed:
[01m[K/home/vladi/Desktop/ros2_commands/qt_ros_ws/src/neptune_2_bringup/src/cam_process.cpp:34:17:[m[K [01;36m[Knote: [m[K  ‘[01m[Kstd::shared_ptr<rclcpp::Subscription<std::shared_ptr<sensor_msgs::msg::Image_<std::allocator<void> > >, std::allocator<void>, std::shared_ptr<sensor_msgs::msg::Image_<std::allocator<void> > >, std::shared_ptr<sensor_msgs::msg::Image_<std::allocator<void> > >, rclcpp::message_memory_strategy::MessageMemoryStrategy<std::shared_ptr<sensor_msgs::msg::Image_<std::allocator<void> > >, std::allocator<void> > > >[m[K’ is not derived from ‘[01m[Kstd::unique_ptr<_Tp, _Dp>[m[K’
   34 |                 [01;36m[K)[m[K;
      |                 [01;36m[K^[m[K
In file included from [01m[K/usr/include/c++/11/memory:77[m[K,
                 from [01m[K/opt/ros/humble/include/rclcpp/rclcpp/rclcpp.hpp:153[m[K,
                 from [01m[K/home/vladi/Desktop/ros2_commands/qt_ros_ws/src/neptune_2_bringup/src/cam_process.cpp:1[m[K:
[01m[K/usr/include/c++/11/bits/shared_ptr.h:359:19:[m[K [01;36m[Knote: [m[Kcandidate: ‘[01m[Kstd::shared_ptr<_Tp>& std::shared_ptr<_Tp>::operator=(const std::shared_ptr<_Tp>&) [with _Tp = rclcpp::Subscription<sensor_msgs::msg::Image_<std::allocator<void> > >][m[K’
  359 |       shared_ptr& [01;36m[Koperator[m[K=(const shared_ptr&) noexcept = default;
      |                   [01;36m[K^~~~~~~~[m[K
[01m[K/usr/include/c++/11/bits/shared_ptr.h:359:29:[m[K [01;36m[Knote: [m[K  no known conversion for argument 1 from ‘[01m[Kstd::shared_ptr<rclcpp::Subscription<std::shared_ptr<sensor_msgs::msg::Image_<std::allocator<void> > >, std::allocator<void>, std::shared_ptr<sensor_msgs::msg::Image_<std::allocator<void> > >, std::shared_ptr<sensor_msgs::msg::Image_<std::allocator<void> > >, rclcpp::message_memory_strategy::MessageMemoryStrategy<std::shared_ptr<sensor_msgs::msg::Image_<std::allocator<void> > >, std::allocator<void> > > >[m[K’ to ‘[01m[Kconst std::shared_ptr<rclcpp::Subscription<sensor_msgs::msg::Image_<std::allocator<void> > > >&[m[K’
  359 |       shared_ptr& operator=([01;36m[Kconst shared_ptr&[m[K) noexcept = default;
      |                             [01;36m[K^~~~~~~~~~~~~~~~~[m[K
[01m[K/usr/include/c++/11/bits/shared_ptr.h:383:7:[m[K [01;36m[Knote: [m[Kcandidate: ‘[01m[Kstd::shared_ptr<_Tp>& std::shared_ptr<_Tp>::operator=(std::shared_ptr<_Tp>&&) [with _Tp = rclcpp::Subscription<sensor_msgs::msg::Image_<std::allocator<void> > >][m[K’
  383 |       [01;36m[Koperator[m[K=(shared_ptr&& __r) noexcept
      |       [01;36m[K^~~~~~~~[m[K
[01m[K/usr/include/c++/11/bits/shared_ptr.h:383:30:[m[K [01;36m[Knote: [m[K  no known conversion for argument 1 from ‘[01m[Kstd::shared_ptr<rclcpp::Subscription<std::shared_ptr<sensor_msgs::msg::Image_<std::allocator<void> > >, std::allocator<void>, std::shared_ptr<sensor_msgs::msg::Image_<std::allocator<void> > >, std::shared_ptr<sensor_msgs::msg::Image_<std::allocator<void> > >, rclcpp::message_memory_strategy::MessageMemoryStrategy<std::shared_ptr<sensor_msgs::msg::Image_<std::allocator<void> > >, std::allocator<void> > > >[m[K’ to ‘[01m[Kstd::shared_ptr<rclcpp::Subscription<sensor_msgs::msg::Image_<std::allocator<void> > > >&&[m[K’
  383 |       operator=([01;36m[Kshared_ptr&& __r[m[K) noexcept
      |                 [01;36m[K~~~~~~~~~~~~~^~~[m[K
In file included from [01m[K/opt/ros/humble/include/rclcpp/rclcpp/subscription_base.hpp:32[m[K,
                 from [01m[K/opt/ros/humble/include/rclcpp/rclcpp/callback_group.hpp:29[m[K,
                 from [01m[K/opt/ros/humble/include/rclcpp/rclcpp/any_executable.hpp:20[m[K,
                 from [01m[K/opt/ros/humble/include/rclcpp/rclcpp/memory_strategy.hpp:25[m[K,
                 from [01m[K/opt/ros/humble/include/rclcpp/rclcpp/memory_strategies.hpp:18[m[K,
                 from [01m[K/opt/ros/humble/include/rclcpp/rclcpp/executor_options.hpp:20[m[K,
                 from [01m[K/opt/ros/humble/include/rclcpp/rclcpp/executor.hpp:37[m[K,
                 from [01m[K/opt/ros/humble/include/rclcpp/rclcpp/executors/multi_threaded_executor.hpp:25[m[K,
                 from [01m[K/opt/ros/humble/include/rclcpp/rclcpp/executors.hpp:21[m[K,
                 from [01m[K/opt/ros/humble/include/rclcpp/rclcpp/rclcpp.hpp:155[m[K,
                 from [01m[K/home/vladi/Desktop/ros2_commands/qt_ros_ws/src/neptune_2_bringup/src/cam_process.cpp:1[m[K:
/opt/ros/humble/include/rclcpp/rclcpp/any_subscription_callback.hpp: In instantiation of ‘[01m[Krclcpp::AnySubscriptionCallback<MessageT, AllocatorT> rclcpp::AnySubscriptionCallback<MessageT, AllocatorT>::set(CallbackT) [with CallbackT = std::_Bind<void (CamProcess::*(CamProcess*, std::_Placeholder<2>))(std::shared_ptr<sensor_msgs::msg::Image_<std::allocator<void> > >)>; MessageT = std::shared_ptr<sensor_msgs::msg::Image_<std::allocator<void> > >; AllocatorT = std::allocator<void>][m[K’:
[01m[K/opt/ros/humble/include/rclcpp/rclcpp/subscription_factory.hpp:94:32:[m[K   required from ‘[01m[Krclcpp::SubscriptionFactory rclcpp::create_subscription_factory(CallbackT&&, const rclcpp::SubscriptionOptionsWithAllocator<AllocatorT>&, typename MessageMemoryStrategyT::SharedPtr, std::shared_ptr<rclcpp::topic_statistics::SubscriptionTopicStatistics<ROSMessageType> >) [with MessageT = std::shared_ptr<sensor_msgs::msg::Image_<std::allocator<void> > >; CallbackT = std::_Bind<void (CamProcess::*(CamProcess*, std::_Placeholder<2>))(std::shared_ptr<sensor_msgs::msg::Image_<std::allocator<void> > >)>; AllocatorT = std::allocator<void>; SubscriptionT = rclcpp::Subscription<std::shared_ptr<sensor_msgs::msg::Image_<std::allocator<void> > >, std::allocator<void>, std::shared_ptr<sensor_msgs::msg::Image_<std::allocator<void> > >, std::shared_ptr<sensor_msgs::msg::Image_<std::allocator<void> > >, rclcpp::message_memory_strategy::MessageMemoryStrategy<std::shared_ptr<sensor_msgs::msg::Image_<std::allocator<void> > >, std::allocator<void> > >; MessageMemoryStrategyT = rclcpp::message_memory_strategy::MessageMemoryStrategy<std::shared_ptr<sensor_msgs::msg::Image_<std::allocator<void> > >, std::allocator<void> >; ROSMessageType = std::shared_ptr<sensor_msgs::msg::Image_<std::allocator<void> > >; typename MessageMemoryStrategyT::SharedPtr = std::shared_ptr<rclcpp::message_memory_strategy::MessageMemoryStrategy<std::shared_ptr<sensor_msgs::msg::Image_<std::allocator<void> > >, std::allocator<void> > >][m[K’
[01m[K/opt/ros/humble/include/rclcpp/rclcpp/create_subscription.hpp:122:63:[m[K   required from ‘[01m[Kstd::shared_ptr<ROSMessageT> rclcpp::detail::create_subscription(NodeParametersT&, NodeTopicsT&, const string&, const rclcpp::QoS&, CallbackT&&, const rclcpp::SubscriptionOptionsWithAllocator<AllocatorT>&, typename MessageMemoryStrategyT::SharedPtr) [with MessageT = std::shared_ptr<sensor_msgs::msg::Image_<std::allocator<void> > >; CallbackT = std::_Bind<void (CamProcess::*(CamProcess*, std::_Placeholder<2>))(std::shared_ptr<sensor_msgs::msg::Image_<std::allocator<void> > >)>; AllocatorT = std::allocator<void>; SubscriptionT = rclcpp::Subscription<std::shared_ptr<sensor_msgs::msg::Image_<std::allocator<void> > >, std::allocator<void>, std::shared_ptr<sensor_msgs::msg::Image_<std::allocator<void> > >, std::shared_ptr<sensor_msgs::msg::Image_<std::allocator<void> > >, rclcpp::message_memory_strategy::MessageMemoryStrategy<std::shared_ptr<sensor_msgs::msg::Image_<std::allocator<void> > >, std::allocator<void> > >; MessageMemoryStrategyT = rclcpp::message_memory_strategy::MessageMemoryStrategy<std::shared_ptr<sensor_msgs::msg::Image_<std::allocator<void> > >, std::allocator<void> >; NodeParametersT = rclcpp::Node; NodeTopicsT = rclcpp::Node; ROSMessageType = std::shared_ptr<sensor_msgs::msg::Image_<std::allocator<void> > >; std::string = std::__cxx11::basic_string<char>; typename MessageMemoryStrategyT::SharedPtr = std::shared_ptr<rclcpp::message_memory_strategy::MessageMemoryStrategy<std::shared_ptr<sensor_msgs::msg::Image_<std::allocator<void> > >, std::allocator<void> > >][m[K’
[01m[K/opt/ros/humble/include/rclcpp/rclcpp/create_subscription.hpp:191:76:[m[K   required from ‘[01m[Kstd::shared_ptr<ROSMessageT> rclcpp::create_subscription(NodeT&, const string&, const rclcpp::QoS&, CallbackT&&, const rclcpp::SubscriptionOptionsWithAllocator<AllocatorT>&, typename MessageMemoryStrategyT::SharedPtr) [with MessageT = std::shared_ptr<sensor_msgs::msg::Image_<std::allocator<void> > >; CallbackT = std::_Bind<void (CamProcess::*(CamProcess*, std::_Placeholder<2>))(std::shared_ptr<sensor_msgs::msg::Image_<std::allocator<void> > >)>; AllocatorT = std::allocator<void>; SubscriptionT = rclcpp::Subscription<std::shared_ptr<sensor_msgs::msg::Image_<std::allocator<void> > >, std::allocator<void>, std::shared_ptr<sensor_msgs::msg::Image_<std::allocator<void> > >, std::shared_ptr<sensor_msgs::msg::Image_<std::allocator<void> > >, rclcpp::message_memory_strategy::MessageMemoryStrategy<std::shared_ptr<sensor_msgs::msg::Image_<std::allocator<void> > >, std::allocator<void> > >; MessageMemoryStrategyT = rclcpp::message_memory_strategy::MessageMemoryStrategy<std::shared_ptr<sensor_msgs::msg::Image_<std::allocator<void> > >, std::allocator<void> >; NodeT = rclcpp::Node; std::string = std::__cxx11::basic_string<char>; typename MessageMemoryStrategyT::SharedPtr = std::shared_ptr<rclcpp::message_memory_strategy::MessageMemoryStrategy<std::shared_ptr<sensor_msgs::msg::Image_<std::allocator<void> > >, std::allocator<void> > >][m[K’
[01m[K/opt/ros/humble/include/rclcpp/rclcpp/node_impl.hpp:99:47:[m[K   required from ‘[01m[Kstd::shared_ptr<ROSMessageT> rclcpp::Node::create_subscription(const string&, const rclcpp::QoS&, CallbackT&&, const rclcpp::SubscriptionOptionsWithAllocator<AllocatorT>&, typename MessageMemoryStrategyT::SharedPtr) [with MessageT = std::shared_ptr<sensor_msgs::msg::Image_<std::allocator<void> > >; CallbackT = std::_Bind<void (CamProcess::*(CamProcess*, std::_Placeholder<2>))(std::shared_ptr<sensor_msgs::msg::Image_<std::allocator<void> > >)>; AllocatorT = std::allocator<void>; SubscriptionT = rclcpp::Subscription<std::shared_ptr<sensor_msgs::msg::Image_<std::allocator<void> > >, std::allocator<void>, std::shared_ptr<sensor_msgs::msg::Image_<std::allocator<void> > >, std::shared_ptr<sensor_msgs::msg::Image_<std::allocator<void> > >, rclcpp::message_memory_strategy::MessageMemoryStrategy<std::shared_ptr<sensor_msgs::msg::Image_<std::allocator<void> > >, std::allocator<void> > >; MessageMemoryStrategyT = rclcpp::message_memory_strategy::MessageMemoryStrategy<std::shared_ptr<sensor_msgs::msg::Image_<std::allocator<void> > >, std::allocator<void> >; std::string = std::__cxx11::basic_string<char>; typename MessageMemoryStrategyT::SharedPtr = std::shared_ptr<rclcpp::message_memory_strategy::MessageMemoryStrategy<std::shared_ptr<sensor_msgs::msg::Image_<std::allocator<void> > >, std::allocator<void> > >][m[K’
[01m[K/home/vladi/Desktop/ros2_commands/qt_ros_ws/src/neptune_2_bringup/src/cam_process.cpp:29:17:[m[K   required from here
[01m[K/opt/ros/humble/include/rclcpp/rclcpp/any_subscription_callback.hpp:394:27:[m[K [01;31m[Kerror: [m[Kno matching function for call to ‘[01m[Kstd::function<void(std::shared_ptr<sensor_msgs::msg::Image_<std::allocator<void> > >)>::function(std::_Bind<void (CamProcess::*(CamProcess*, std::_Placeholder<2>))(std::shared_ptr<sensor_msgs::msg::Image_<std::allocator<void> > >)>&)[m[K’
  394 |       callback_variant_ = [01;31m[Kstatic_cast<typename scbth::callback_type>(callback)[m[K;
      |                           [01;31m[K^~~~~~~~~~~~~~~~~~~~~~~~~~~~~~~~~~~~~~~~~~~~~~~~~~~~[m[K
In file included from [01m[K/usr/include/c++/11/future:47[m[K,
                 from [01m[K/opt/ros/humble/include/rclcpp/rclcpp/executors.hpp:18[m[K,
                 from [01m[K/opt/ros/humble/include/rclcpp/rclcpp/rclcpp.hpp:155[m[K,
                 from [01m[K/home/vladi/Desktop/ros2_commands/qt_ros_ws/src/neptune_2_bringup/src/cam_process.cpp:1[m[K:
[01m[K/usr/include/c++/11/bits/std_function.h:435:9:[m[K [01;36m[Knote: [m[Kcandidate: ‘[01m[Ktemplate<class _Functor, class _Constraints> std::function<_Res(_ArgTypes ...)>::function(_Functor&&) [with _Functor = _Functor; _Constraints = _Constraints; _Res = void; _ArgTypes = {std::shared_ptr<sensor_msgs::msg::Image_<std::allocator<void> > >}][m[K’
  435 |         [01;36m[Kfunction[m[K(_Functor&& __f)
      |         [01;36m[K^~~~~~~~[m[K
[01m[K/usr/include/c++/11/bits/std_function.h:435:9:[m[K [01;36m[Knote: [m[K  template argument deduction/substitution failed:
In file included from [01m[K/usr/include/c++/11/bits/move.h:57[m[K,
                 from [01m[K/usr/include/c++/11/bits/stl_pair.h:59[m[K,
                 from [01m[K/usr/include/c++/11/bits/stl_algobase.h:64[m[K,
                 from [01m[K/usr/include/c++/11/memory:63[m[K,
                 from [01m[K/opt/ros/humble/include/rclcpp/rclcpp/rclcpp.hpp:153[m[K,
                 from [01m[K/home/vladi/Desktop/ros2_commands/qt_ros_ws/src/neptune_2_bringup/src/cam_process.cpp:1[m[K:
/usr/include/c++/11/type_traits: In substitution of ‘[01m[Ktemplate<bool _Cond, class _Tp> using __enable_if_t = typename std::enable_if::type [with bool _Cond = false; _Tp = void][m[K’:
[01m[K/usr/include/c++/11/bits/std_function.h:353:8:[m[K   required by substitution of ‘[01m[Ktemplate<class _Res, class ... _ArgTypes> template<class _Cond, class _Tp> using _Requires = std::__enable_if_t<_Cond::value, _Tp> [with _Cond = std::function<void(std::shared_ptr<sensor_msgs::msg::Image_<std::allocator<void> > >)>::_Callable<std::_Bind<void (CamProcess::*(CamProcess*, std::_Placeholder<2>))(std::shared_ptr<sensor_msgs::msg::Image_<std::allocator<void> > >)>&, std::_Bind<void (CamProcess::*(CamProcess*, std::_Placeholder<2>))(std::shared_ptr<sensor_msgs::msg::Image_<std::allocator<void> > >)>, std::__invoke_result<std::_Bind<void (CamProcess::*(CamProcess*, std::_Placeholder<2>))(std::shared_ptr<sensor_msgs::msg::Image_<std::allocator<void> > >)>&, std::shared_ptr<sensor_msgs::msg::Image_<std::allocator<void> > > > >; _Tp = void; _Res = void; _ArgTypes = {std::shared_ptr<sensor_msgs::msg::Image_<std::allocator<void> > >}][m[K’
[01m[K/usr/include/c++/11/bits/std_function.h:434:9:[m[K   required from ‘[01m[Krclcpp::AnySubscriptionCallback<MessageT, AllocatorT> rclcpp::AnySubscriptionCallback<MessageT, AllocatorT>::set(CallbackT) [with CallbackT = std::_Bind<void (CamProcess::*(CamProcess*, std::_Placeholder<2>))(std::shared_ptr<sensor_msgs::msg::Image_<std::allocator<void> > >)>; MessageT = std::shared_ptr<sensor_msgs::msg::Image_<std::allocator<void> > >; AllocatorT = std::allocator<void>][m[K’
[01m[K/opt/ros/humble/include/rclcpp/rclcpp/subscription_factory.hpp:94:32:[m[K   required from ‘[01m[Krclcpp::SubscriptionFactory rclcpp::create_subscription_factory(CallbackT&&, const rclcpp::SubscriptionOptionsWithAllocator<AllocatorT>&, typename MessageMemoryStrategyT::SharedPtr, std::shared_ptr<rclcpp::topic_statistics::SubscriptionTopicStatistics<ROSMessageType> >) [with MessageT = std::shared_ptr<sensor_msgs::msg::Image_<std::allocator<void> > >; CallbackT = std::_Bind<void (CamProcess::*(CamProcess*, std::_Placeholder<2>))(std::shared_ptr<sensor_msgs::msg::Image_<std::allocator<void> > >)>; AllocatorT = std::allocator<void>; SubscriptionT = rclcpp::Subscription<std::shared_ptr<sensor_msgs::msg::Image_<std::allocator<void> > >, std::allocator<void>, std::shared_ptr<sensor_msgs::msg::Image_<std::allocator<void> > >, std::shared_ptr<sensor_msgs::msg::Image_<std::allocator<void> > >, rclcpp::message_memory_strategy::MessageMemoryStrategy<std::shared_ptr<sensor_msgs::msg::Image_<std::allocator<void> > >, std::allocator<void> > >; MessageMemoryStrategyT = rclcpp::message_memory_strategy::MessageMemoryStrategy<std::shared_ptr<sensor_msgs::msg::Image_<std::allocator<void> > >, std::allocator<void> >; ROSMessageType = std::shared_ptr<sensor_msgs::msg::Image_<std::allocator<void> > >; typename MessageMemoryStrategyT::SharedPtr = std::shared_ptr<rclcpp::message_memory_strategy::MessageMemoryStrategy<std::shared_ptr<sensor_msgs::msg::Image_<std::allocator<void> > >, std::allocator<void> > >][m[K’
[01m[K/opt/ros/humble/include/rclcpp/rclcpp/create_subscription.hpp:122:63:[m[K   required from ‘[01m[Kstd::shared_ptr<ROSMessageT> rclcpp::detail::create_subscription(NodeParametersT&, NodeTopicsT&, const string&, const rclcpp::QoS&, CallbackT&&, const rclcpp::SubscriptionOptionsWithAllocator<AllocatorT>&, typename MessageMemoryStrategyT::SharedPtr) [with MessageT = std::shared_ptr<sensor_msgs::msg::Image_<std::allocator<void> > >; CallbackT = std::_Bind<void (CamProcess::*(CamProcess*, std::_Placeholder<2>))(std::shared_ptr<sensor_msgs::msg::Image_<std::allocator<void> > >)>; AllocatorT = std::allocator<void>; SubscriptionT = rclcpp::Subscription<std::shared_ptr<sensor_msgs::msg::Image_<std::allocator<void> > >, std::allocator<void>, std::shared_ptr<sensor_msgs::msg::Image_<std::allocator<void> > >, std::shared_ptr<sensor_msgs::msg::Image_<std::allocator<void> > >, rclcpp::message_memory_strategy::MessageMemoryStrategy<std::shared_ptr<sensor_msgs::msg::Image_<std::allocator<void> > >, std::allocator<void> > >; MessageMemoryStrategyT = rclcpp::message_memory_strategy::MessageMemoryStrategy<std::shared_ptr<sensor_msgs::msg::Image_<std::allocator<void> > >, std::allocator<void> >; NodeParametersT = rclcpp::Node; NodeTopicsT = rclcpp::Node; ROSMessageType = std::shared_ptr<sensor_msgs::msg::Image_<std::allocator<void> > >; std::string = std::__cxx11::basic_string<char>; typename MessageMemoryStrategyT::SharedPtr = std::shared_ptr<rclcpp::message_memory_strategy::MessageMemoryStrategy<std::shared_ptr<sensor_msgs::msg::Image_<std::allocator<void> > >, std::allocator<void> > >][m[K’
[01m[K/opt/ros/humble/include/rclcpp/rclcpp/create_subscription.hpp:191:76:[m[K   required from ‘[01m[Kstd::shared_ptr<ROSMessageT> rclcpp::create_subscription(NodeT&, const string&, const rclcpp::QoS&, CallbackT&&, const rclcpp::SubscriptionOptionsWithAllocator<AllocatorT>&, typename MessageMemoryStrategyT::SharedPtr) [with MessageT = std::shared_ptr<sensor_msgs::msg::Image_<std::allocator<void> > >; CallbackT = std::_Bind<void (CamProcess::*(CamProcess*, std::_Placeholder<2>))(std::shared_ptr<sensor_msgs::msg::Image_<std::allocator<void> > >)>; AllocatorT = std::allocator<void>; SubscriptionT = rclcpp::Subscription<std::shared_ptr<sensor_msgs::msg::Image_<std::allocator<void> > >, std::allocator<void>, std::shared_ptr<sensor_msgs::msg::Image_<std::allocator<void> > >, std::shared_ptr<sensor_msgs::msg::Image_<std::allocator<void> > >, rclcpp::message_memory_strategy::MessageMemoryStrategy<std::shared_ptr<sensor_msgs::msg::Image_<std::allocator<void> > >, std::allocator<void> > >; MessageMemoryStrategyT = rclcpp::message_memory_strategy::MessageMemoryStrategy<std::shared_ptr<sensor_msgs::msg::Image_<std::allocator<void> > >, std::allocator<void> >; NodeT = rclcpp::Node; std::string = std::__cxx11::basic_string<char>; typename MessageMemoryStrategyT::SharedPtr = std::shared_ptr<rclcpp::message_memory_strategy::MessageMemoryStrategy<std::shared_ptr<sensor_msgs::msg::Image_<std::allocator<void> > >, std::allocator<void> > >][m[K’
[01m[K/opt/ros/humble/include/rclcpp/rclcpp/node_impl.hpp:99:47:[m[K   required from ‘[01m[Kstd::shared_ptr<ROSMessageT> rclcpp::Node::create_subscription(const string&, const rclcpp::QoS&, CallbackT&&, const rclcpp::SubscriptionOptionsWithAllocator<AllocatorT>&, typename MessageMemoryStrategyT::SharedPtr) [with MessageT = std::shared_ptr<sensor_msgs::msg::Image_<std::allocator<void> > >; CallbackT = std::_Bind<void (CamProcess::*(CamProcess*, std::_Placeholder<2>))(std::shared_ptr<sensor_msgs::msg::Image_<std::allocator<void> > >)>; AllocatorT = std::allocator<void>; SubscriptionT = rclcpp::Subscription<std::shared_ptr<sensor_msgs::msg::Image_<std::allocator<void> > >, std::allocator<void>, std::shared_ptr<sensor_msgs::msg::Image_<std::allocator<void> > >, std::shared_ptr<sensor_msgs::msg::Image_<std::allocator<void> > >, rclcpp::message_memory_strategy::MessageMemoryStrategy<std::shared_ptr<sensor_msgs::msg::Image_<std::allocator<void> > >, std::allocator<void> > >; MessageMemoryStrategyT = rclcpp::message_memory_strategy::MessageMemoryStrategy<std::shared_ptr<sensor_msgs::msg::Image_<std::allocator<void> > >, std::allocator<void> >; std::string = std::__cxx11::basic_string<char>; typename MessageMemoryStrategyT::SharedPtr = std::shared_ptr<rclcpp::message_memory_strategy::MessageMemoryStrategy<std::shared_ptr<sensor_msgs::msg::Image_<std::allocator<void> > >, std::allocator<void> > >][m[K’
[01m[K/home/vladi/Desktop/ros2_commands/qt_ros_ws/src/neptune_2_bringup/src/cam_process.cpp:29:17:[m[K   required from here
[01m[K/usr/include/c++/11/type_traits:2205:11:[m[K [01;31m[Kerror: [m[Kno type named ‘[01m[Ktype[m[K’ in ‘[01m[Kstruct std::enable_if<false, void>[m[K’
 2205 |     using [01;31m[K__enable_if_t[m[K = typename enable_if<_Cond, _Tp>::type;
      |           [01;31m[K^~~~~~~~~~~~~[m[K
In file included from [01m[K/usr/include/c++/11/future:47[m[K,
                 from [01m[K/opt/ros/humble/include/rclcpp/rclcpp/executors.hpp:18[m[K,
                 from [01m[K/opt/ros/humble/include/rclcpp/rclcpp/rclcpp.hpp:155[m[K,
                 from [01m[K/home/vladi/Desktop/ros2_commands/qt_ros_ws/src/neptune_2_bringup/src/cam_process.cpp:1[m[K:
/opt/ros/humble/include/rclcpp/rclcpp/any_subscription_callback.hpp: In instantiation of ‘[01m[Krclcpp::AnySubscriptionCallback<MessageT, AllocatorT> rclcpp::AnySubscriptionCallback<MessageT, AllocatorT>::set(CallbackT) [with CallbackT = std::_Bind<void (CamProcess::*(CamProcess*, std::_Placeholder<2>))(std::shared_ptr<sensor_msgs::msg::Image_<std::allocator<void> > >)>; MessageT = std::shared_ptr<sensor_msgs::msg::Image_<std::allocator<void> > >; AllocatorT = std::allocator<void>][m[K’:
[01m[K/opt/ros/humble/include/rclcpp/rclcpp/subscription_factory.hpp:94:32:[m[K   required from ‘[01m[Krclcpp::SubscriptionFactory rclcpp::create_subscription_factory(CallbackT&&, const rclcpp::SubscriptionOptionsWithAllocator<AllocatorT>&, typename MessageMemoryStrategyT::SharedPtr, std::shared_ptr<rclcpp::topic_statistics::SubscriptionTopicStatistics<ROSMessageType> >) [with MessageT = std::shared_ptr<sensor_msgs::msg::Image_<std::allocator<void> > >; CallbackT = std::_Bind<void (CamProcess::*(CamProcess*, std::_Placeholder<2>))(std::shared_ptr<sensor_msgs::msg::Image_<std::allocator<void> > >)>; AllocatorT = std::allocator<void>; SubscriptionT = rclcpp::Subscription<std::shared_ptr<sensor_msgs::msg::Image_<std::allocator<void> > >, std::allocator<void>, std::shared_ptr<sensor_msgs::msg::Image_<std::allocator<void> > >, std::shared_ptr<sensor_msgs::msg::Image_<std::allocator<void> > >, rclcpp::message_memory_strategy::MessageMemoryStrategy<std::shared_ptr<sensor_msgs::msg::Image_<std::allocator<void> > >, std::allocator<void> > >; MessageMemoryStrategyT = rclcpp::message_memory_strategy::MessageMemoryStrategy<std::shared_ptr<sensor_msgs::msg::Image_<std::allocator<void> > >, std::allocator<void> >; ROSMessageType = std::shared_ptr<sensor_msgs::msg::Image_<std::allocator<void> > >; typename MessageMemoryStrategyT::SharedPtr = std::shared_ptr<rclcpp::message_memory_strategy::MessageMemoryStrategy<std::shared_ptr<sensor_msgs::msg::Image_<std::allocator<void> > >, std::allocator<void> > >][m[K’
[01m[K/opt/ros/humble/include/rclcpp/rclcpp/create_subscription.hpp:122:63:[m[K   required from ‘[01m[Kstd::shared_ptr<ROSMessageT> rclcpp::detail::create_subscription(NodeParametersT&, NodeTopicsT&, const string&, const rclcpp::QoS&, CallbackT&&, const rclcpp::SubscriptionOptionsWithAllocator<AllocatorT>&, typename MessageMemoryStrategyT::SharedPtr) [with MessageT = std::shared_ptr<sensor_msgs::msg::Image_<std::allocator<void> > >; CallbackT = std::_Bind<void (CamProcess::*(CamProcess*, std::_Placeholder<2>))(std::shared_ptr<sensor_msgs::msg::Image_<std::allocator<void> > >)>; AllocatorT = std::allocator<void>; SubscriptionT = rclcpp::Subscription<std::shared_ptr<sensor_msgs::msg::Image_<std::allocator<void> > >, std::allocator<void>, std::shared_ptr<sensor_msgs::msg::Image_<std::allocator<void> > >, std::shared_ptr<sensor_msgs::msg::Image_<std::allocator<void> > >, rclcpp::message_memory_strategy::MessageMemoryStrategy<std::shared_ptr<sensor_msgs::msg::Image_<std::allocator<void> > >, std::allocator<void> > >; MessageMemoryStrategyT = rclcpp::message_memory_strategy::MessageMemoryStrategy<std::shared_ptr<sensor_msgs::msg::Image_<std::allocator<void> > >, std::allocator<void> >; NodeParametersT = rclcpp::Node; NodeTopicsT = rclcpp::Node; ROSMessageType = std::shared_ptr<sensor_msgs::msg::Image_<std::allocator<void> > >; std::string = std::__cxx11::basic_string<char>; typename MessageMemoryStrategyT::SharedPtr = std::shared_ptr<rclcpp::message_memory_strategy::MessageMemoryStrategy<std::shared_ptr<sensor_msgs::msg::Image_<std::allocator<void> > >, std::allocator<void> > >][m[K’
[01m[K/opt/ros/humble/include/rclcpp/rclcpp/create_subscription.hpp:191:76:[m[K   required from ‘[01m[Kstd::shared_ptr<ROSMessageT> rclcpp::create_subscription(NodeT&, const string&, const rclcpp::QoS&, CallbackT&&, const rclcpp::SubscriptionOptionsWithAllocator<AllocatorT>&, typename MessageMemoryStrategyT::SharedPtr) [with MessageT = std::shared_ptr<sensor_msgs::msg::Image_<std::allocator<void> > >; CallbackT = std::_Bind<void (CamProcess::*(CamProcess*, std::_Placeholder<2>))(std::shared_ptr<sensor_msgs::msg::Image_<std::allocator<void> > >)>; AllocatorT = std::allocator<void>; SubscriptionT = rclcpp::Subscription<std::shared_ptr<sensor_msgs::msg::Image_<std::allocator<void> > >, std::allocator<void>, std::shared_ptr<sensor_msgs::msg::Image_<std::allocator<void> > >, std::shared_ptr<sensor_msgs::msg::Image_<std::allocator<void> > >, rclcpp::message_memory_strategy::MessageMemoryStrategy<std::shared_ptr<sensor_msgs::msg::Image_<std::allocator<void> > >, std::allocator<void> > >; MessageMemoryStrategyT = rclcpp::message_memory_strategy::MessageMemoryStrategy<std::shared_ptr<sensor_msgs::msg::Image_<std::allocator<void> > >, std::allocator<void> >; NodeT = rclcpp::Node; std::string = std::__cxx11::basic_string<char>; typename MessageMemoryStrategyT::SharedPtr = std::shared_ptr<rclcpp::message_memory_strategy::MessageMemoryStrategy<std::shared_ptr<sensor_msgs::msg::Image_<std::allocator<void> > >, std::allocator<void> > >][m[K’
[01m[K/opt/ros/humble/include/rclcpp/rclcpp/node_impl.hpp:99:47:[m[K   required from ‘[01m[Kstd::shared_ptr<ROSMessageT> rclcpp::Node::create_subscription(const string&, const rclcpp::QoS&, CallbackT&&, const rclcpp::SubscriptionOptionsWithAllocator<AllocatorT>&, typename MessageMemoryStrategyT::SharedPtr) [with MessageT = std::shared_ptr<sensor_msgs::msg::Image_<std::allocator<void> > >; CallbackT = std::_Bind<void (CamProcess::*(CamProcess*, std::_Placeholder<2>))(std::shared_ptr<sensor_msgs::msg::Image_<std::allocator<void> > >)>; AllocatorT = std::allocator<void>; SubscriptionT = rclcpp::Subscription<std::shared_ptr<sensor_msgs::msg::Image_<std::allocator<void> > >, std::allocator<void>, std::shared_ptr<sensor_msgs::msg::Image_<std::allocator<void> > >, std::shared_ptr<sensor_msgs::msg::Image_<std::allocator<void> > >, rclcpp::message_memory_strategy::MessageMemoryStrategy<std::shared_ptr<sensor_msgs::msg::Image_<std::allocator<void> > >, std::allocator<void> > >; MessageMemoryStrategyT = rclcpp::message_memory_strategy::MessageMemoryStrategy<std::shared_ptr<sensor_msgs::msg::Image_<std::allocator<void> > >, std::allocator<void> >; std::string = std::__cxx11::basic_string<char>; typename MessageMemoryStrategyT::SharedPtr = std::shared_ptr<rclcpp::message_memory_strategy::MessageMemoryStrategy<std::shared_ptr<sensor_msgs::msg::Image_<std::allocator<void> > >, std::allocator<void> > >][m[K’
[01m[K/home/vladi/Desktop/ros2_commands/qt_ros_ws/src/neptune_2_bringup/src/cam_process.cpp:29:17:[m[K   required from here
[01m[K/usr/include/c++/11/bits/std_function.h:404:7:[m[K [01;36m[Knote: [m[Kcandidate: ‘[01m[Kstd::function<_Res(_ArgTypes ...)>::function(std::function<_Res(_ArgTypes ...)>&&) [with _Res = void; _ArgTypes = {std::shared_ptr<sensor_msgs::msg::Image_<std::allocator<void> > >}][m[K’
  404 |       [01;36m[Kfunction[m[K(function&& __x) noexcept
      |       [01;36m[K^~~~~~~~[m[K
[01m[K/usr/include/c++/11/bits/std_function.h:404:27:[m[K [01;36m[Knote: [m[K  no known conversion for argument 1 from ‘[01m[Kstd::_Bind<void (CamProcess::*(CamProcess*, std::_Placeholder<2>))(std::shared_ptr<sensor_msgs::msg::Image_<std::allocator<void> > >)>[m[K’ to ‘[01m[Kstd::function<void(std::shared_ptr<sensor_msgs::msg::Image_<std::allocator<void> > >)>&&[m[K’
  404 |       function([01;36m[Kfunction&& __x[m[K) noexcept
      |                [01;36m[K~~~~~~~~~~~^~~[m[K
[01m[K/usr/include/c++/11/bits/std_function.h:386:7:[m[K [01;36m[Knote: [m[Kcandidate: ‘[01m[Kstd::function<_Res(_ArgTypes ...)>::function(const std::function<_Res(_ArgTypes ...)>&) [with _Res = void; _ArgTypes = {std::shared_ptr<sensor_msgs::msg::Image_<std::allocator<void> > >}][m[K’
  386 |       [01;36m[Kfunction[m[K(const function& __x)
      |       [01;36m[K^~~~~~~~[m[K
[01m[K/usr/include/c++/11/bits/std_function.h:386:32:[m[K [01;36m[Knote: [m[K  no known conversion for argument 1 from ‘[01m[Kstd::_Bind<void (CamProcess::*(CamProcess*, std::_Placeholder<2>))(std::shared_ptr<sensor_msgs::msg::Image_<std::allocator<void> > >)>[m[K’ to ‘[01m[Kconst std::function<void(std::shared_ptr<sensor_msgs::msg::Image_<std::allocator<void> > >)>&[m[K’
  386 |       function([01;36m[Kconst function& __x[m[K)
      |                [01;36m[K~~~~~~~~~~~~~~~~^~~[m[K
[01m[K/usr/include/c++/11/bits/std_function.h:375:7:[m[K [01;36m[Knote: [m[Kcandidate: ‘[01m[Kstd::function<_Res(_ArgTypes ...)>::function(std::nullptr_t) [with _Res = void; _ArgTypes = {std::shared_ptr<sensor_msgs::msg::Image_<std::allocator<void> > >}; std::nullptr_t = std::nullptr_t][m[K’
  375 |       [01;36m[Kfunction[m[K(nullptr_t) noexcept
      |       [01;36m[K^~~~~~~~[m[K
[01m[K/usr/include/c++/11/bits/std_function.h:375:16:[m[K [01;36m[Knote: [m[K  no known conversion for argument 1 from ‘[01m[Kstd::_Bind<void (CamProcess::*(CamProcess*, std::_Placeholder<2>))(std::shared_ptr<sensor_msgs::msg::Image_<std::allocator<void> > >)>[m[K’ to ‘[01m[Kstd::nullptr_t[m[K’
  375 |       function([01;36m[Knullptr_t[m[K) noexcept
      |                [01;36m[K^~~~~~~~~[m[K
[01m[K/usr/include/c++/11/bits/std_function.h:368:7:[m[K [01;36m[Knote: [m[Kcandidate: ‘[01m[Kstd::function<_Res(_ArgTypes ...)>::function() [with _Res = void; _ArgTypes = {std::shared_ptr<sensor_msgs::msg::Image_<std::allocator<void> > >}][m[K’
  368 |       [01;36m[Kfunction[m[K() noexcept
      |       [01;36m[K^~~~~~~~[m[K
[01m[K/usr/include/c++/11/bits/std_function.h:368:7:[m[K [01;36m[Knote: [m[K  candidate expects 0 arguments, 1 provided
gmake[2]: *** [CMakeFiles/cam_process.dir/build.make:76: CMakeFiles/cam_process.dir/src/cam_process.cpp.o] Error 1
gmake[1]: *** [CMakeFiles/Makefile2:165: CMakeFiles/cam_process.dir/all] Error 2
gmake: *** [Makefile:146: all] Error 2
