[0.382s] Invoking command in '/home/vladi/Desktop/ros2_commands/qt_ros_ws/build/vision': CMAKE_PREFIX_PATH=/opt/ros/humble /usr/bin/cmake --build /home/vladi/Desktop/ros2_commands/qt_ros_ws/build/vision -- -j8 -l8
[0.520s] -- Found ament_cmake: 1.3.5 (/opt/ros/humble/share/ament_cmake/cmake)
[1.257s] -- Found rclcpp: 16.0.6 (/opt/ros/humble/share/rclcpp/cmake)
[1.447s] -- Found rosidl_generator_c: 3.1.5 (/opt/ros/humble/share/rosidl_generator_c/cmake)
[1.466s] -- Found rosidl_adapter: 3.1.5 (/opt/ros/humble/share/rosidl_adapter/cmake)
[1.509s] -- Found rosidl_generator_cpp: 3.1.5 (/opt/ros/humble/share/rosidl_generator_cpp/cmake)
[1.573s] -- Using all available rosidl_typesupport_c: rosidl_typesupport_fastrtps_c;rosidl_typesupport_introspection_c
[1.660s] -- Using all available rosidl_typesupport_cpp: rosidl_typesupport_fastrtps_cpp;rosidl_typesupport_introspection_cpp
[1.948s] -- Found rmw_implementation_cmake: 6.1.1 (/opt/ros/humble/share/rmw_implementation_cmake/cmake)
[1.954s] -- Found rmw_fastrtps_cpp: 6.2.4 (/opt/ros/humble/share/rmw_fastrtps_cpp/cmake)
[2.490s] -- Using RMW implementation 'rmw_fastrtps_cpp' as default
[3.243s] -- Found sensor_msgs: 4.2.3 (/opt/ros/humble/share/sensor_msgs/cmake)
[3.823s] -- Found cv_bridge: 3.2.1 (/opt/ros/humble/share/cv_bridge/cmake)
[3.887s] -- Found image_transport: 3.1.7 (/opt/ros/humble/share/image_transport/cmake)
[4.070s] -- Found ament_lint_auto: 0.12.8 (/opt/ros/humble/share/ament_lint_auto/cmake)
[4.369s] -- Added test 'cppcheck' to perform static code analysis on C / C++ code
[4.369s] -- Configured cppcheck include dirs: 
[4.370s] -- Configured cppcheck exclude dirs and/or files: 
[4.372s] -- Added test 'lint_cmake' to check CMake code style
[4.376s] -- Added test 'uncrustify' to check C / C++ code style
[4.376s] -- Configured uncrustify additional arguments: 
[4.377s] -- Added test 'xmllint' to check XML markup files
[4.380s] -- Configuring done
[4.427s] -- Generating done
[4.439s] -- Build files have been written to: /home/vladi/Desktop/ros2_commands/qt_ros_ws/build/vision
[4.546s] [35m[1mConsolidate compiler generated dependencies of target vision_capture_node[0m
[4.598s] [ 50%] [32m[1mLinking CXX executable vision_capture_node[0m
[4.971s] /usr/bin/ld: /usr/lib/gcc/x86_64-linux-gnu/11/../../../x86_64-linux-gnu/Scrt1.o: in function `_start':
[4.972s] (.text+0x1b): undefined reference to `main'
[4.982s] collect2: error: ld returned 1 exit status
[4.988s] gmake[2]: *** [CMakeFiles/vision_capture_node.dir/build.make:181: vision_capture_node] Error 1
[4.989s] gmake[1]: *** [CMakeFiles/Makefile2:137: CMakeFiles/vision_capture_node.dir/all] Error 2
[4.990s] gmake: *** [Makefile:146: all] Error 2
[4.999s] Invoked command in '/home/vladi/Desktop/ros2_commands/qt_ros_ws/build/vision' returned '2': CMAKE_PREFIX_PATH=/opt/ros/humble /usr/bin/cmake --build /home/vladi/Desktop/ros2_commands/qt_ros_ws/build/vision -- -j8 -l8
