In file included from [01m[K/opt/ros/humble/include/rclcpp/rclcpp/logging.hpp:24[m[K,
                 from [01m[K/opt/ros/humble/include/rclcpp/rclcpp/client.hpp:40[m[K,
                 from [01m[K/opt/ros/humble/include/rclcpp/rclcpp/callback_group.hpp:24[m[K,
                 from [01m[K/opt/ros/humble/include/rclcpp/rclcpp/any_executable.hpp:20[m[K,
                 from [01m[K/opt/ros/humble/include/rclcpp/rclcpp/memory_strategy.hpp:25[m[K,
                 from [01m[K/opt/ros/humble/include/rclcpp/rclcpp/memory_strategies.hpp:18[m[K,
                 from [01m[K/opt/ros/humble/include/rclcpp/rclcpp/executor_options.hpp:20[m[K,
                 from [01m[K/opt/ros/humble/include/rclcpp/rclcpp/executor.hpp:37[m[K,
                 from [01m[K/opt/ros/humble/include/rclcpp/rclcpp/executors/multi_threaded_executor.hpp:25[m[K,
                 from [01m[K/opt/ros/humble/include/rclcpp/rclcpp/executors.hpp:21[m[K,
                 from [01m[K/opt/ros/humble/include/rclcpp/rclcpp/rclcpp.hpp:155[m[K,
                 from [01m[K/home/vladi/Desktop/ros2_commands/qt_ros_ws/src/neptune_2_bringup/src/msg_to_pcl2.cpp:1[m[K:
[01m[K/home/vladi/Desktop/ros2_commands/qt_ros_ws/src/neptune_2_bringup/src/msg_to_pcl2.cpp:[m[K In member function ‘[01m[Kvoid MSGToPCL2::on_receive(sensor_msgs::msg::PointCloud2_<std::allocator<void> >::SharedPtr)[m[K’:
[01m[K/home/vladi/Desktop/ros2_commands/qt_ros_ws/src/neptune_2_bringup/src/msg_to_pcl2.cpp:94:46:[m[K [01;35m[Kwarning: [m[Kformat ‘[01m[K%i[m[K’ expects argument of type ‘[01m[Kint[m[K’, but argument 5 has type ‘[01m[Ksize_t[m[K’ {aka ‘[01m[Klong unsigned int[m[K’} [[01;35m[K]8;;https://gcc.gnu.org/onlinedocs/gcc/Warning-Options.html#index-Wformat=-Wformat=]8;;[m[K]
   94 |  RCLCPP_INFO(this->get_logger(), [01;35m[K"before iter: %i"[m[K, [32m[Ki[m[K);
      |                                  [01;35m[K^~~~~~~~~~~~~~~~~[m[K  [32m[K~[m[K
      |                                                     [32m[K|[m[K
      |                                                     [32m[Ksize_t {aka long unsigned int}[m[K

[01m[K/home/vladi/Desktop/ros2_commands/qt_ros_ws/src/neptune_2_bringup/src/msg_to_pcl2.cpp:94:61:[m[K [01;36m[Knote: [m[Kformat string is defined here
   94 | O(this->get_logger(), "before iter: [01;36m[K%i[m[K", i);
      |                                     [01;36m[K~^[m[K
      |                                      [01;36m[K|[m[K
      |                                      [01;36m[Kint[m[K
      |                                     [32m[K%li[m[K
In file included from [01m[K/opt/ros/humble/include/rclcpp/rclcpp/logging.hpp:24[m[K,
                 from [01m[K/opt/ros/humble/include/rclcpp/rclcpp/client.hpp:40[m[K,
                 from [01m[K/opt/ros/humble/include/rclcpp/rclcpp/callback_group.hpp:24[m[K,
                 from [01m[K/opt/ros/humble/include/rclcpp/rclcpp/any_executable.hpp:20[m[K,
                 from [01m[K/opt/ros/humble/include/rclcpp/rclcpp/memory_strategy.hpp:25[m[K,
                 from [01m[K/opt/ros/humble/include/rclcpp/rclcpp/memory_strategies.hpp:18[m[K,
                 from [01m[K/opt/ros/humble/include/rclcpp/rclcpp/executor_options.hpp:20[m[K,
                 from [01m[K/opt/ros/humble/include/rclcpp/rclcpp/executor.hpp:37[m[K,
                 from [01m[K/opt/ros/humble/include/rclcpp/rclcpp/executors/multi_threaded_executor.hpp:25[m[K,
                 from [01m[K/opt/ros/humble/include/rclcpp/rclcpp/executors.hpp:21[m[K,
                 from [01m[K/opt/ros/humble/include/rclcpp/rclcpp/rclcpp.hpp:155[m[K,
                 from [01m[K/home/vladi/Desktop/ros2_commands/qt_ros_ws/src/neptune_2_bringup/src/msg_to_pcl2.cpp:1[m[K:
[01m[K/home/vladi/Desktop/ros2_commands/qt_ros_ws/src/neptune_2_bringup/src/msg_to_pcl2.cpp:98:45:[m[K [01;35m[Kwarning: [m[Kformat ‘[01m[K%i[m[K’ expects argument of type ‘[01m[Kint[m[K’, but argument 5 has type ‘[01m[Ksize_t[m[K’ {aka ‘[01m[Klong unsigned int[m[K’} [[01;35m[K]8;;https://gcc.gnu.org/onlinedocs/gcc/Warning-Options.html#index-Wformat=-Wformat=]8;;[m[K]
   98 |  RCLCPP_INFO(this->get_logger(), [01;35m[K"after iter: %i"[m[K, [32m[Ki[m[K);
      |                                  [01;35m[K^~~~~~~~~~~~~~~~[m[K  [32m[K~[m[K
      |                                                    [32m[K|[m[K
      |                                                    [32m[Ksize_t {aka long unsigned int}[m[K

[01m[K/home/vladi/Desktop/ros2_commands/qt_ros_ws/src/neptune_2_bringup/src/msg_to_pcl2.cpp:98:59:[m[K [01;36m[Knote: [m[Kformat string is defined here
   98 | FO(this->get_logger(), "after iter: [01;36m[K%i[m[K", i);
      |                                     [01;36m[K~^[m[K
      |                                      [01;36m[K|[m[K
      |                                      [01;36m[Kint[m[K
      |                                     [32m[K%li[m[K
