[0.276s] Invoking command in '/home/vladi/Desktop/ros2_commands/qt_ros_ws/build/vision': CMAKE_PREFIX_PATH=/opt/ros/humble /usr/bin/cmake --build /home/vladi/Desktop/ros2_commands/qt_ros_ws/build/vision -- -j8 -l8
[0.479s] [35m[1mConsolidate compiler generated dependencies of target image_capture_subscriber_node[0m
[0.561s] [ 50%] Built target image_capture_node
[0.613s] [ 75%] [32mBuilding CXX object CMakeFiles/image_capture_subscriber_node.dir/src/vision_capture_subscriber.cpp.o[0m
[14.305s] [01m[K/home/vladi/Desktop/ros2_commands/qt_ros_ws/src/vision/src/vision_capture_subscriber.cpp:16:74:[m[K [01;35m[Kwarning: [m[K‘[01m[Kusing ConstMessageSharedPtr = class std::shared_ptr<const sensor_msgs::msg::Image_<std::allocator<void> > >[m[K’ is deprecated [[01;35m[K]8;;https://gcc.gnu.org/onlinedocs/gcc/Warning-Options.html#index-Wdeprecated-declarations-Wdeprecated-declarations]8;;[m[K]
[14.306s]    16 |     rclcpp::Subscription<sensor_msgs::msg::Image>::ConstMessageSharedPtr [01;35m[K_subscrption[m[K;
[14.306s]       |                                                                          [01;35m[K^~~~~~~~~~~~[m[K
[14.307s] In file included from [01m[K/opt/ros/humble/include/rclcpp/rclcpp/any_executable.hpp:25[m[K,
[14.307s]                  from [01m[K/opt/ros/humble/include/rclcpp/rclcpp/memory_strategy.hpp:25[m[K,
[14.308s]                  from [01m[K/opt/ros/humble/include/rclcpp/rclcpp/memory_strategies.hpp:18[m[K,
[14.308s]                  from [01m[K/opt/ros/humble/include/rclcpp/rclcpp/executor_options.hpp:20[m[K,
[14.309s]                  from [01m[K/opt/ros/humble/include/rclcpp/rclcpp/executor.hpp:37[m[K,
[14.309s]                  from [01m[K/opt/ros/humble/include/rclcpp/rclcpp/executors/multi_threaded_executor.hpp:25[m[K,
[14.309s]                  from [01m[K/opt/ros/humble/include/rclcpp/rclcpp/executors.hpp:21[m[K,
[14.310s]                  from [01m[K/opt/ros/humble/include/rclcpp/rclcpp/rclcpp.hpp:155[m[K,
[14.310s]                  from [01m[K/home/vladi/Desktop/ros2_commands/qt_ros_ws/src/vision/src/vision_capture_subscriber.cpp:1[m[K:
[14.311s] [01m[K/opt/ros/humble/include/rclcpp/rclcpp/subscription.hpp:100:9:[m[K [01;36m[Knote: [m[Kdeclared here
[14.311s]   100 |   using [01;36m[KConstMessageSharedPtr[m[K [[deprecated]] = std::shared_ptr<const ROSMessageType>;
[14.311s]       |         [01;36m[K^~~~~~~~~~~~~~~~~~~~~[m[K
[14.365s] [01m[K/home/vladi/Desktop/ros2_commands/qt_ros_ws/src/vision/src/vision_capture_subscriber.cpp:[m[K In constructor ‘[01m[KImageSubscriber::ImageSubscriber()[m[K’:
[14.365s] [01m[K/home/vladi/Desktop/ros2_commands/qt_ros_ws/src/vision/src/vision_capture_subscriber.cpp:28:9:[m[K [01;31m[Kerror: [m[Kno match for ‘[01m[Koperator=[m[K’ (operand types are ‘[01m[Krclcpp::Subscription<sensor_msgs::msg::Image_<std::allocator<void> > >::ConstMessageSharedPtr[m[K’ {aka ‘[01m[Kstd::shared_ptr<const sensor_msgs::msg::Image_<std::allocator<void> > >[m[K’} and ‘[01m[Kstd::shared_ptr<rclcpp::Subscription<sensor_msgs::msg::Image_<std::allocator<void> > > >[m[K’)
[14.366s]    28 |         [01;31m[K)[m[K;
[14.366s]       |         [01;31m[K^[m[K
[14.367s] In file included from [01m[K/usr/include/c++/11/memory:77[m[K,
[14.367s]                  from [01m[K/opt/ros/humble/include/rclcpp/rclcpp/rclcpp.hpp:153[m[K,
[14.368s]                  from [01m[K/home/vladi/Desktop/ros2_commands/qt_ros_ws/src/vision/src/vision_capture_subscriber.cpp:1[m[K:
[14.368s] [01m[K/usr/include/c++/11/bits/shared_ptr.h:363:9:[m[K [01;36m[Knote: [m[Kcandidate: ‘[01m[Ktemplate<class _Yp> std::shared_ptr<_Tp>::_Assignable<const std::shared_ptr<_Yp>&> std::shared_ptr<_Tp>::operator=(const std::shared_ptr<_Yp>&) [with _Yp = _Yp; _Tp = const sensor_msgs::msg::Image_<std::allocator<void> >][m[K’
[14.368s]   363 |         [01;36m[Koperator[m[K=(const shared_ptr<_Yp>& __r) noexcept
[14.369s]       |         [01;36m[K^~~~~~~~[m[K
[14.369s] [01m[K/usr/include/c++/11/bits/shared_ptr.h:363:9:[m[K [01;36m[Knote: [m[K  template argument deduction/substitution failed:
[14.370s] /usr/include/c++/11/bits/shared_ptr.h: In substitution of ‘[01m[Ktemplate<class _Tp> template<class _Arg> using _Assignable = typename std::enable_if<std::is_assignable<std::__shared_ptr<_Tp>&, _Arg>::value, std::shared_ptr<_Tp>&>::type [with _Arg = const std::shared_ptr<rclcpp::Subscription<sensor_msgs::msg::Image_<std::allocator<void> > > >&; _Tp = const sensor_msgs::msg::Image_<std::allocator<void> >][m[K’:
[14.370s] [01m[K/usr/include/c++/11/bits/shared_ptr.h:363:2:[m[K   required by substitution of ‘[01m[Ktemplate<class _Yp> std::shared_ptr<const sensor_msgs::msg::Image_<std::allocator<void> > >::_Assignable<const std::shared_ptr<_Tp>&> std::shared_ptr<const sensor_msgs::msg::Image_<std::allocator<void> > >::operator=<_Yp>(const std::shared_ptr<_Tp>&) [with _Yp = rclcpp::Subscription<sensor_msgs::msg::Image_<std::allocator<void> > >][m[K’
[14.371s] [01m[K/home/vladi/Desktop/ros2_commands/qt_ros_ws/src/vision/src/vision_capture_subscriber.cpp:28:9:[m[K   required from here
[14.371s] [01m[K/usr/include/c++/11/bits/shared_ptr.h:130:15:[m[K [01;31m[Kerror: [m[Kno type named ‘[01m[Ktype[m[K’ in ‘[01m[Kstruct std::enable_if<false, std::shared_ptr<const sensor_msgs::msg::Image_<std::allocator<void> > >&>[m[K’
[14.371s]   130 |         using [01;31m[K_Assignable[m[K = typename enable_if<
[14.372s]       |               [01;31m[K^~~~~~~~~~~[m[K
[14.372s] [01m[K/usr/include/c++/11/bits/shared_ptr.h:374:9:[m[K [01;36m[Knote: [m[Kcandidate: ‘[01m[Ktemplate<class _Yp> std::shared_ptr<_Tp>::_Assignable<std::auto_ptr<_Up> > std::shared_ptr<_Tp>::operator=(std::auto_ptr<_Up>&&) [with _Yp = _Yp; _Tp = const sensor_msgs::msg::Image_<std::allocator<void> >][m[K’
[14.373s]   374 |         [01;36m[Koperator[m[K=(auto_ptr<_Yp>&& __r)
[14.373s]       |         [01;36m[K^~~~~~~~[m[K
[14.373s] [01m[K/usr/include/c++/11/bits/shared_ptr.h:374:9:[m[K [01;36m[Knote: [m[K  template argument deduction/substitution failed:
[14.374s] [01m[K/home/vladi/Desktop/ros2_commands/qt_ros_ws/src/vision/src/vision_capture_subscriber.cpp:28:9:[m[K [01;36m[Knote: [m[K  ‘[01m[Kstd::shared_ptr<rclcpp::Subscription<sensor_msgs::msg::Image_<std::allocator<void> > > >[m[K’ is not derived from ‘[01m[Kstd::auto_ptr<_Up>[m[K’
[14.374s]    28 |         [01;36m[K)[m[K;
[14.375s]       |         [01;36m[K^[m[K
[14.375s] In file included from [01m[K/usr/include/c++/11/memory:77[m[K,
[14.375s]                  from [01m[K/opt/ros/humble/include/rclcpp/rclcpp/rclcpp.hpp:153[m[K,
[14.376s]                  from [01m[K/home/vladi/Desktop/ros2_commands/qt_ros_ws/src/vision/src/vision_capture_subscriber.cpp:1[m[K:
[14.377s] [01m[K/usr/include/c++/11/bits/shared_ptr.h:391:9:[m[K [01;36m[Knote: [m[Kcandidate: ‘[01m[Ktemplate<class _Yp> std::shared_ptr<_Tp>::_Assignable<std::shared_ptr<_Yp> > std::shared_ptr<_Tp>::operator=(std::shared_ptr<_Yp>&&) [with _Yp = _Yp; _Tp = const sensor_msgs::msg::Image_<std::allocator<void> >][m[K’
[14.377s]   391 |         [01;36m[Koperator[m[K=(shared_ptr<_Yp>&& __r) noexcept
[14.378s]       |         [01;36m[K^~~~~~~~[m[K
[14.378s] [01m[K/usr/include/c++/11/bits/shared_ptr.h:391:9:[m[K [01;36m[Knote: [m[K  template argument deduction/substitution failed:
[14.379s] /usr/include/c++/11/bits/shared_ptr.h: In substitution of ‘[01m[Ktemplate<class _Tp> template<class _Arg> using _Assignable = typename std::enable_if<std::is_assignable<std::__shared_ptr<_Tp>&, _Arg>::value, std::shared_ptr<_Tp>&>::type [with _Arg = std::shared_ptr<rclcpp::Subscription<sensor_msgs::msg::Image_<std::allocator<void> > > >; _Tp = const sensor_msgs::msg::Image_<std::allocator<void> >][m[K’:
[14.380s] [01m[K/usr/include/c++/11/bits/shared_ptr.h:391:2:[m[K   required by substitution of ‘[01m[Ktemplate<class _Yp> std::shared_ptr<const sensor_msgs::msg::Image_<std::allocator<void> > >::_Assignable<std::shared_ptr<_Tp> > std::shared_ptr<const sensor_msgs::msg::Image_<std::allocator<void> > >::operator=<_Yp>(std::shared_ptr<_Tp>&&) [with _Yp = rclcpp::Subscription<sensor_msgs::msg::Image_<std::allocator<void> > >][m[K’
[14.380s] [01m[K/home/vladi/Desktop/ros2_commands/qt_ros_ws/src/vision/src/vision_capture_subscriber.cpp:28:9:[m[K   required from here
[14.381s] [01m[K/usr/include/c++/11/bits/shared_ptr.h:130:15:[m[K [01;31m[Kerror: [m[Kno type named ‘[01m[Ktype[m[K’ in ‘[01m[Kstruct std::enable_if<false, std::shared_ptr<const sensor_msgs::msg::Image_<std::allocator<void> > >&>[m[K’
[14.381s]   130 |         using [01;31m[K_Assignable[m[K = typename enable_if<
[14.381s]       |               [01;31m[K^~~~~~~~~~~[m[K
[14.382s] [01m[K/usr/include/c++/11/bits/shared_ptr.h:399:9:[m[K [01;36m[Knote: [m[Kcandidate: ‘[01m[Ktemplate<class _Yp, class _Del> std::shared_ptr<_Tp>::_Assignable<std::unique_ptr<_Up, _Ep> > std::shared_ptr<_Tp>::operator=(std::unique_ptr<_Up, _Ep>&&) [with _Yp = _Yp; _Del = _Del; _Tp = const sensor_msgs::msg::Image_<std::allocator<void> >][m[K’
[14.382s]   399 |         [01;36m[Koperator[m[K=(unique_ptr<_Yp, _Del>&& __r)
[14.383s]       |         [01;36m[K^~~~~~~~[m[K
[14.383s] [01m[K/usr/include/c++/11/bits/shared_ptr.h:399:9:[m[K [01;36m[Knote: [m[K  template argument deduction/substitution failed:
[14.384s] [01m[K/home/vladi/Desktop/ros2_commands/qt_ros_ws/src/vision/src/vision_capture_subscriber.cpp:28:9:[m[K [01;36m[Knote: [m[K  ‘[01m[Kstd::shared_ptr<rclcpp::Subscription<sensor_msgs::msg::Image_<std::allocator<void> > > >[m[K’ is not derived from ‘[01m[Kstd::unique_ptr<_Tp, _Dp>[m[K’
[14.384s]    28 |         [01;36m[K)[m[K;
[14.384s]       |         [01;36m[K^[m[K
[14.385s] In file included from [01m[K/usr/include/c++/11/memory:77[m[K,
[14.385s]                  from [01m[K/opt/ros/humble/include/rclcpp/rclcpp/rclcpp.hpp:153[m[K,
[14.386s]                  from [01m[K/home/vladi/Desktop/ros2_commands/qt_ros_ws/src/vision/src/vision_capture_subscriber.cpp:1[m[K:
[14.386s] [01m[K/usr/include/c++/11/bits/shared_ptr.h:359:19:[m[K [01;36m[Knote: [m[Kcandidate: ‘[01m[Kstd::shared_ptr<_Tp>& std::shared_ptr<_Tp>::operator=(const std::shared_ptr<_Tp>&) [with _Tp = const sensor_msgs::msg::Image_<std::allocator<void> >][m[K’
[14.386s]   359 |       shared_ptr& [01;36m[Koperator[m[K=(const shared_ptr&) noexcept = default;
[14.387s]       |                   [01;36m[K^~~~~~~~[m[K
[14.387s] [01m[K/usr/include/c++/11/bits/shared_ptr.h:359:29:[m[K [01;36m[Knote: [m[K  no known conversion for argument 1 from ‘[01m[Kstd::shared_ptr<rclcpp::Subscription<sensor_msgs::msg::Image_<std::allocator<void> > > >[m[K’ to ‘[01m[Kconst std::shared_ptr<const sensor_msgs::msg::Image_<std::allocator<void> > >&[m[K’
[14.388s]   359 |       shared_ptr& operator=([01;36m[Kconst shared_ptr&[m[K) noexcept = default;
[14.388s]       |                             [01;36m[K^~~~~~~~~~~~~~~~~[m[K
[14.388s] [01m[K/usr/include/c++/11/bits/shared_ptr.h:383:7:[m[K [01;36m[Knote: [m[Kcandidate: ‘[01m[Kstd::shared_ptr<_Tp>& std::shared_ptr<_Tp>::operator=(std::shared_ptr<_Tp>&&) [with _Tp = const sensor_msgs::msg::Image_<std::allocator<void> >][m[K’
[14.389s]   383 |       [01;36m[Koperator[m[K=(shared_ptr&& __r) noexcept
[14.389s]       |       [01;36m[K^~~~~~~~[m[K
[14.390s] [01m[K/usr/include/c++/11/bits/shared_ptr.h:383:30:[m[K [01;36m[Knote: [m[K  no known conversion for argument 1 from ‘[01m[Kstd::shared_ptr<rclcpp::Subscription<sensor_msgs::msg::Image_<std::allocator<void> > > >[m[K’ to ‘[01m[Kstd::shared_ptr<const sensor_msgs::msg::Image_<std::allocator<void> > >&&[m[K’
[14.390s]   383 |       operator=([01;36m[Kshared_ptr&& __r[m[K) noexcept
[14.390s]       |                 [01;36m[K~~~~~~~~~~~~~^~~[m[K
[24.985s] gmake[2]: *** [CMakeFiles/image_capture_subscriber_node.dir/build.make:76: CMakeFiles/image_capture_subscriber_node.dir/src/vision_capture_subscriber.cpp.o] Error 1
[24.986s] gmake[1]: *** [CMakeFiles/Makefile2:165: CMakeFiles/image_capture_subscriber_node.dir/all] Error 2
[24.987s] gmake: *** [Makefile:146: all] Error 2
[24.994s] Invoked command in '/home/vladi/Desktop/ros2_commands/qt_ros_ws/build/vision' returned '2': CMAKE_PREFIX_PATH=/opt/ros/humble /usr/bin/cmake --build /home/vladi/Desktop/ros2_commands/qt_ros_ws/build/vision -- -j8 -l8
