[0.362s] Invoking command in '/home/vladi/Desktop/ros2_commands/qt_ros_ws/build/neptune_2_description': CMAKE_PREFIX_PATH=${CMAKE_PREFIX_PATH}:/opt/ros/humble /usr/bin/cmake --build /home/vladi/Desktop/ros2_commands/qt_ros_ws/build/neptune_2_description -- -j8 -l8
[0.517s] Invoked command in '/home/vladi/Desktop/ros2_commands/qt_ros_ws/build/neptune_2_description' returned '0': CMAKE_PREFIX_PATH=${CMAKE_PREFIX_PATH}:/opt/ros/humble /usr/bin/cmake --build /home/vladi/Desktop/ros2_commands/qt_ros_ws/build/neptune_2_description -- -j8 -l8
[0.652s] Invoking command in '/home/vladi/Desktop/ros2_commands/qt_ros_ws/build/neptune_2_description': CMAKE_PREFIX_PATH=${CMAKE_PREFIX_PATH}:/opt/ros/humble /usr/bin/cmake --install /home/vladi/Desktop/ros2_commands/qt_ros_ws/build/neptune_2_description
[0.691s] -- Install configuration: ""
[0.692s] -- Execute custom install script
[0.694s] -- Up-to-date symlink: /home/vladi/Desktop/ros2_commands/qt_ros_ws/install/neptune_2_description/share/neptune_2_description//urdf/common_properties.xacro
[0.695s] -- Up-to-date symlink: /home/vladi/Desktop/ros2_commands/qt_ros_ws/install/neptune_2_description/share/neptune_2_description//urdf/mobile.xacro
[0.696s] -- Up-to-date symlink: /home/vladi/Desktop/ros2_commands/qt_ros_ws/install/neptune_2_description/share/neptune_2_description//urdf/neptune_2.urdf.xacro
[0.697s] -- Up-to-date symlink: /home/vladi/Desktop/ros2_commands/qt_ros_ws/install/neptune_2_description/share/neptune_2_description//launch/display.launch.xml
[0.697s] -- Up-to-date symlink: /home/vladi/Desktop/ros2_commands/qt_ros_ws/install/neptune_2_description/share/neptune_2_description//rviz/urdf_config,rviz.rviz
[0.699s] -- Up-to-date symlink: /home/vladi/Desktop/ros2_commands/qt_ros_ws/install/neptune_2_description/share/neptune_2_description//meshes/BlueRov2.dae
[0.700s] -- Up-to-date symlink: /home/vladi/Desktop/ros2_commands/qt_ros_ws/install/neptune_2_description/share/ament_index/resource_index/package_run_dependencies/neptune_2_description
[0.701s] -- Up-to-date symlink: /home/vladi/Desktop/ros2_commands/qt_ros_ws/install/neptune_2_description/share/ament_index/resource_index/parent_prefix_path/neptune_2_description
[0.702s] -- Up-to-date symlink: /home/vladi/Desktop/ros2_commands/qt_ros_ws/install/neptune_2_description/share/neptune_2_description/environment/ament_prefix_path.sh
[0.702s] -- Up-to-date symlink: /home/vladi/Desktop/ros2_commands/qt_ros_ws/install/neptune_2_description/share/neptune_2_description/environment/ament_prefix_path.dsv
[0.703s] -- Up-to-date symlink: /home/vladi/Desktop/ros2_commands/qt_ros_ws/install/neptune_2_description/share/neptune_2_description/environment/path.sh
[0.704s] -- Up-to-date symlink: /home/vladi/Desktop/ros2_commands/qt_ros_ws/install/neptune_2_description/share/neptune_2_description/environment/path.dsv
[0.704s] -- Up-to-date symlink: /home/vladi/Desktop/ros2_commands/qt_ros_ws/install/neptune_2_description/share/neptune_2_description/local_setup.bash
[0.705s] -- Up-to-date symlink: /home/vladi/Desktop/ros2_commands/qt_ros_ws/install/neptune_2_description/share/neptune_2_description/local_setup.sh
[0.706s] -- Up-to-date symlink: /home/vladi/Desktop/ros2_commands/qt_ros_ws/install/neptune_2_description/share/neptune_2_description/local_setup.zsh
[0.707s] -- Up-to-date symlink: /home/vladi/Desktop/ros2_commands/qt_ros_ws/install/neptune_2_description/share/neptune_2_description/local_setup.dsv
[0.708s] -- Symlinking: /home/vladi/Desktop/ros2_commands/qt_ros_ws/install/neptune_2_description/share/neptune_2_description/package.dsv
[0.748s] -- Up-to-date symlink: /home/vladi/Desktop/ros2_commands/qt_ros_ws/install/neptune_2_description/share/ament_index/resource_index/packages/neptune_2_description
[0.749s] -- Up-to-date symlink: /home/vladi/Desktop/ros2_commands/qt_ros_ws/install/neptune_2_description/share/neptune_2_description/cmake/neptune_2_descriptionConfig.cmake
[0.750s] -- Up-to-date symlink: /home/vladi/Desktop/ros2_commands/qt_ros_ws/install/neptune_2_description/share/neptune_2_description/cmake/neptune_2_descriptionConfig-version.cmake
[0.751s] -- Up-to-date symlink: /home/vladi/Desktop/ros2_commands/qt_ros_ws/install/neptune_2_description/share/neptune_2_description/package.xml
[0.759s] Invoked command in '/home/vladi/Desktop/ros2_commands/qt_ros_ws/build/neptune_2_description' returned '0': CMAKE_PREFIX_PATH=${CMAKE_PREFIX_PATH}:/opt/ros/humble /usr/bin/cmake --install /home/vladi/Desktop/ros2_commands/qt_ros_ws/build/neptune_2_description
