[0.286s] Invoking command in '/home/vladi/Desktop/ros2_commands/qt_ros_ws/build/vision': CMAKE_PREFIX_PATH=/opt/ros/humble /usr/bin/cmake --build /home/vladi/Desktop/ros2_commands/qt_ros_ws/build/vision -- -j8 -l8
[0.384s] -- Found ament_cmake: 1.3.5 (/opt/ros/humble/share/ament_cmake/cmake)
[1.021s] -- Found rclcpp: 16.0.6 (/opt/ros/humble/share/rclcpp/cmake)
[1.167s] -- Found rosidl_generator_c: 3.1.5 (/opt/ros/humble/share/rosidl_generator_c/cmake)
[1.188s] -- Found rosidl_adapter: 3.1.5 (/opt/ros/humble/share/rosidl_adapter/cmake)
[1.234s] -- Found rosidl_generator_cpp: 3.1.5 (/opt/ros/humble/share/rosidl_generator_cpp/cmake)
[1.299s] -- Using all available rosidl_typesupport_c: rosidl_typesupport_fastrtps_c;rosidl_typesupport_introspection_c
[1.375s] -- Using all available rosidl_typesupport_cpp: rosidl_typesupport_fastrtps_cpp;rosidl_typesupport_introspection_cpp
[1.647s] -- Found rmw_implementation_cmake: 6.1.1 (/opt/ros/humble/share/rmw_implementation_cmake/cmake)
[1.655s] -- Found rmw_fastrtps_cpp: 6.2.4 (/opt/ros/humble/share/rmw_fastrtps_cpp/cmake)
[2.171s] -- Using RMW implementation 'rmw_fastrtps_cpp' as default
[2.911s] -- Found sensor_msgs: 4.2.3 (/opt/ros/humble/share/sensor_msgs/cmake)
[3.487s] -- Found cv_bridge: 3.2.1 (/opt/ros/humble/share/cv_bridge/cmake)
[3.552s] -- Found image_transport: 3.1.7 (/opt/ros/humble/share/image_transport/cmake)
[3.728s] -- Found ament_lint_auto: 0.12.8 (/opt/ros/humble/share/ament_lint_auto/cmake)
[4.018s] -- Added test 'cppcheck' to perform static code analysis on C / C++ code
[4.018s] -- Configured cppcheck include dirs: 
[4.019s] -- Configured cppcheck exclude dirs and/or files: 
[4.021s] -- Added test 'lint_cmake' to check CMake code style
[4.026s] -- Added test 'uncrustify' to check C / C++ code style
[4.027s] -- Configured uncrustify additional arguments: 
[4.028s] -- Added test 'xmllint' to check XML markup files
[4.032s] -- Configuring done
[4.046s] [31mCMake Error at CMakeLists.txt:17 (add_executable):
[4.047s]   Cannot find source file:
[4.047s] 
[4.048s]     [src/vision_capture_node.cpp]
[4.049s] 
[4.050s]   Tried extensions .c .C .c++ .cc .cpp .cxx .cu .mpp .m .M .mm .ixx .cppm .h
[4.051s]   .hh .h++ .hm .hpp .hxx .in .txx .f .F .for .f77 .f90 .f95 .f03 .hip .ispc
[4.052s] 
[4.052s] [0m
[4.053s] [31mCMake Error at CMakeLists.txt:17 (add_executable):
[4.053s]   No SOURCES given to target: image_capture_node
[4.053s] 
[4.054s] [0m
[4.054s] [0mCMake Generate step failed.  Build files cannot be regenerated correctly.[0m
[4.080s] gmake: *** [Makefile:267: cmake_check_build_system] Error 1
[4.089s] Invoked command in '/home/vladi/Desktop/ros2_commands/qt_ros_ws/build/vision' returned '2': CMAKE_PREFIX_PATH=/opt/ros/humble /usr/bin/cmake --build /home/vladi/Desktop/ros2_commands/qt_ros_ws/build/vision -- -j8 -l8
