[0.114s] Invoking command in '/home/vladi/Desktop/ros2_commands/qt_ros_ws/build/neptune_2_description': CMAKE_PREFIX_PATH=${CMAKE_PREFIX_PATH}:/opt/ros/humble /usr/bin/cmake --build /home/vladi/Desktop/ros2_commands/qt_ros_ws/build/neptune_2_description -- -j8 -l8
[0.384s] Invoked command in '/home/vladi/Desktop/ros2_commands/qt_ros_ws/build/neptune_2_description' returned '0': CMAKE_PREFIX_PATH=${CMAKE_PREFIX_PATH}:/opt/ros/humble /usr/bin/cmake --build /home/vladi/Desktop/ros2_commands/qt_ros_ws/build/neptune_2_description -- -j8 -l8
[0.552s] Invoking command in '/home/vladi/Desktop/ros2_commands/qt_ros_ws/build/neptune_2_description': CMAKE_PREFIX_PATH=${CMAKE_PREFIX_PATH}:/opt/ros/humble /usr/bin/cmake --install /home/vladi/Desktop/ros2_commands/qt_ros_ws/build/neptune_2_description
[0.602s] -- Install configuration: ""
[0.602s] -- Execute custom install script
[0.604s] -- Up-to-date symlink: /home/vladi/Desktop/ros2_commands/qt_ros_ws/install/neptune_2_description/share/neptune_2_description//urdf/blueRov2.dae
[0.605s] -- Up-to-date symlink: /home/vladi/Desktop/ros2_commands/qt_ros_ws/install/neptune_2_description/share/neptune_2_description//urdf/camera.xacro
[0.605s] -- Up-to-date symlink: /home/vladi/Desktop/ros2_commands/qt_ros_ws/install/neptune_2_description/share/neptune_2_description//urdf/common_properties.xacro
[0.609s] -- Up-to-date symlink: /home/vladi/Desktop/ros2_commands/qt_ros_ws/install/neptune_2_description/share/neptune_2_description//urdf/mobile.xacro
[0.609s] -- Up-to-date symlink: /home/vladi/Desktop/ros2_commands/qt_ros_ws/install/neptune_2_description/share/neptune_2_description//urdf/neptune_2.urdf.xacro
[0.610s] -- Up-to-date symlink: /home/vladi/Desktop/ros2_commands/qt_ros_ws/install/neptune_2_description/share/neptune_2_description//urdf/neptune_2_gazebo.xacro
[0.618s] -- Up-to-date symlink: /home/vladi/Desktop/ros2_commands/qt_ros_ws/install/neptune_2_description/share/neptune_2_description//urdf/projector.xacro
[0.619s] -- Up-to-date symlink: /home/vladi/Desktop/ros2_commands/qt_ros_ws/install/neptune_2_description/share/neptune_2_description//launch/display.launch.xml
[0.619s] -- Up-to-date symlink: /home/vladi/Desktop/ros2_commands/qt_ros_ws/install/neptune_2_description/share/neptune_2_description//rviz/urdf_config,rviz.rviz
[0.620s] -- Up-to-date symlink: /home/vladi/Desktop/ros2_commands/qt_ros_ws/install/neptune_2_description/share/neptune_2_description//meshes/blueRov2.dae
[0.620s] -- Up-to-date symlink: /home/vladi/Desktop/ros2_commands/qt_ros_ws/install/neptune_2_description/share/neptune_2_description//meshes/untitled.dae
[0.621s] -- Up-to-date symlink: /home/vladi/Desktop/ros2_commands/qt_ros_ws/install/neptune_2_description/share/ament_index/resource_index/package_run_dependencies/neptune_2_description
[0.621s] -- Up-to-date symlink: /home/vladi/Desktop/ros2_commands/qt_ros_ws/install/neptune_2_description/share/ament_index/resource_index/parent_prefix_path/neptune_2_description
[0.622s] -- Up-to-date symlink: /home/vladi/Desktop/ros2_commands/qt_ros_ws/install/neptune_2_description/share/neptune_2_description/environment/ament_prefix_path.sh
[0.635s] -- Up-to-date symlink: /home/vladi/Desktop/ros2_commands/qt_ros_ws/install/neptune_2_description/share/neptune_2_description/environment/ament_prefix_path.dsv
[0.635s] -- Up-to-date symlink: /home/vladi/Desktop/ros2_commands/qt_ros_ws/install/neptune_2_description/share/neptune_2_description/environment/path.sh
[0.636s] -- Up-to-date symlink: /home/vladi/Desktop/ros2_commands/qt_ros_ws/install/neptune_2_description/share/neptune_2_description/environment/path.dsv
[0.636s] -- Up-to-date symlink: /home/vladi/Desktop/ros2_commands/qt_ros_ws/install/neptune_2_description/share/neptune_2_description/local_setup.bash
[0.637s] -- Up-to-date symlink: /home/vladi/Desktop/ros2_commands/qt_ros_ws/install/neptune_2_description/share/neptune_2_description/local_setup.sh
[0.637s] -- Up-to-date symlink: /home/vladi/Desktop/ros2_commands/qt_ros_ws/install/neptune_2_description/share/neptune_2_description/local_setup.zsh
[0.638s] -- Up-to-date symlink: /home/vladi/Desktop/ros2_commands/qt_ros_ws/install/neptune_2_description/share/neptune_2_description/local_setup.dsv
[0.639s] -- Symlinking: /home/vladi/Desktop/ros2_commands/qt_ros_ws/install/neptune_2_description/share/neptune_2_description/package.dsv
[0.679s] -- Up-to-date symlink: /home/vladi/Desktop/ros2_commands/qt_ros_ws/install/neptune_2_description/share/ament_index/resource_index/packages/neptune_2_description
[0.680s] -- Up-to-date symlink: /home/vladi/Desktop/ros2_commands/qt_ros_ws/install/neptune_2_description/share/neptune_2_description/cmake/neptune_2_descriptionConfig.cmake
[0.680s] -- Up-to-date symlink: /home/vladi/Desktop/ros2_commands/qt_ros_ws/install/neptune_2_description/share/neptune_2_description/cmake/neptune_2_descriptionConfig-version.cmake
[0.681s] -- Up-to-date symlink: /home/vladi/Desktop/ros2_commands/qt_ros_ws/install/neptune_2_description/share/neptune_2_description/package.xml
[0.689s] Invoked command in '/home/vladi/Desktop/ros2_commands/qt_ros_ws/build/neptune_2_description' returned '0': CMAKE_PREFIX_PATH=${CMAKE_PREFIX_PATH}:/opt/ros/humble /usr/bin/cmake --install /home/vladi/Desktop/ros2_commands/qt_ros_ws/build/neptune_2_description
