[6.302s] DEBUG:colcon:Command line arguments: ['/usr/bin/colcon', 'list', '-p', '--base-paths', '/home/vladi/Desktop/ros2_commands/qt_ros_ws']
[6.303s] DEBUG:colcon:Parsed command line arguments: Namespace(log_base=None, log_level=None, verb_name='list', build_base='build', ignore_user_meta=False, metas=['./colcon.meta'], base_paths=['/home/vladi/Desktop/ros2_commands/qt_ros_ws'], packages_ignore=None, packages_ignore_regex=None, paths=None, packages_up_to=None, packages_up_to_regex=None, packages_above=None, packages_above_and_dependencies=None, packages_above_depth=None, packages_select_by_dep=None, packages_skip_by_dep=None, packages_skip_up_to=None, packages_select_build_failed=False, packages_skip_build_finished=False, packages_select_test_failures=False, packages_skip_test_passed=False, packages_select=None, packages_skip=None, packages_select_regex=None, packages_skip_regex=None, packages_start=None, packages_end=None, allow_overriding=[], topological_order=False, names_only=False, paths_only=True, topological_graph=False, topological_graph_dot=False, topological_graph_density=False, topological_graph_legend=False, topological_graph_dot_cluster=False, topological_graph_dot_include_skipped=False, verb_parser=<colcon_defaults.argument_parser.defaults.DefaultArgumentsDecorator object at 0x7f18e1111de0>, verb_extension=<colcon_package_information.verb.list.ListVerb object at 0x7f18e10dea70>, main=<bound method ListVerb.main of <colcon_package_information.verb.list.ListVerb object at 0x7f18e10dea70>>)
[6.541s] Level 1:colcon.colcon_core.package_discovery:discover_packages(colcon_meta) check parameters
[6.542s] Level 1:colcon.colcon_core.package_discovery:discover_packages(recursive) check parameters
[6.542s] Level 1:colcon.colcon_core.package_discovery:discover_packages(ignore) check parameters
[6.542s] Level 1:colcon.colcon_core.package_discovery:discover_packages(path) check parameters
[6.542s] Level 1:colcon.colcon_core.package_discovery:discover_packages(recursive) discover
[6.543s] INFO:colcon.colcon_core.package_discovery:Crawling recursively for packages in '/home/vladi/Desktop/ros2_commands/qt_ros_ws'
[6.543s] Level 1:colcon.colcon_core.package_identification:_identify(/home/vladi/Desktop/ros2_commands/qt_ros_ws) by extensions ['ignore', 'ignore_ament_install']
[6.544s] Level 1:colcon.colcon_core.package_identification:_identify(/home/vladi/Desktop/ros2_commands/qt_ros_ws) by extension 'ignore'
[6.544s] Level 1:colcon.colcon_core.package_identification:_identify(/home/vladi/Desktop/ros2_commands/qt_ros_ws) by extension 'ignore_ament_install'
[6.544s] Level 1:colcon.colcon_core.package_identification:_identify(/home/vladi/Desktop/ros2_commands/qt_ros_ws) by extensions ['colcon_pkg']
[6.544s] Level 1:colcon.colcon_core.package_identification:_identify(/home/vladi/Desktop/ros2_commands/qt_ros_ws) by extension 'colcon_pkg'
[6.545s] Level 1:colcon.colcon_core.package_identification:_identify(/home/vladi/Desktop/ros2_commands/qt_ros_ws) by extensions ['colcon_meta']
[6.545s] Level 1:colcon.colcon_core.package_identification:_identify(/home/vladi/Desktop/ros2_commands/qt_ros_ws) by extension 'colcon_meta'
[6.545s] Level 1:colcon.colcon_core.package_identification:_identify(/home/vladi/Desktop/ros2_commands/qt_ros_ws) by extensions ['ros']
[6.545s] Level 1:colcon.colcon_core.package_identification:_identify(/home/vladi/Desktop/ros2_commands/qt_ros_ws) by extension 'ros'
[6.592s] Level 1:colcon.colcon_core.package_identification:_identify(/home/vladi/Desktop/ros2_commands/qt_ros_ws) by extensions ['cmake', 'python']
[6.592s] Level 1:colcon.colcon_core.package_identification:_identify(/home/vladi/Desktop/ros2_commands/qt_ros_ws) by extension 'cmake'
[6.593s] Level 1:colcon.colcon_core.package_identification:_identify(/home/vladi/Desktop/ros2_commands/qt_ros_ws) by extension 'python'
[6.593s] Level 1:colcon.colcon_core.package_identification:_identify(/home/vladi/Desktop/ros2_commands/qt_ros_ws) by extensions ['python_setup_py']
[6.593s] Level 1:colcon.colcon_core.package_identification:_identify(/home/vladi/Desktop/ros2_commands/qt_ros_ws) by extension 'python_setup_py'
[6.594s] Level 1:colcon.colcon_core.package_identification:_identify(/home/vladi/Desktop/ros2_commands/qt_ros_ws/build) by extensions ['ignore', 'ignore_ament_install']
[6.594s] Level 1:colcon.colcon_core.package_identification:_identify(/home/vladi/Desktop/ros2_commands/qt_ros_ws/build) by extension 'ignore'
[6.595s] Level 1:colcon.colcon_core.package_identification:_identify(/home/vladi/Desktop/ros2_commands/qt_ros_ws/build) ignored
[6.595s] Level 1:colcon.colcon_core.package_identification:_identify(/home/vladi/Desktop/ros2_commands/qt_ros_ws/install) by extensions ['ignore', 'ignore_ament_install']
[6.596s] Level 1:colcon.colcon_core.package_identification:_identify(/home/vladi/Desktop/ros2_commands/qt_ros_ws/install) by extension 'ignore'
[6.596s] Level 1:colcon.colcon_core.package_identification:_identify(/home/vladi/Desktop/ros2_commands/qt_ros_ws/install) ignored
[6.597s] Level 1:colcon.colcon_core.package_identification:_identify(/home/vladi/Desktop/ros2_commands/qt_ros_ws/log) by extensions ['ignore', 'ignore_ament_install']
[6.597s] Level 1:colcon.colcon_core.package_identification:_identify(/home/vladi/Desktop/ros2_commands/qt_ros_ws/log) by extension 'ignore'
[6.597s] Level 1:colcon.colcon_core.package_identification:_identify(/home/vladi/Desktop/ros2_commands/qt_ros_ws/log) ignored
[6.598s] Level 1:colcon.colcon_core.package_identification:_identify(/home/vladi/Desktop/ros2_commands/qt_ros_ws/src) by extensions ['ignore', 'ignore_ament_install']
[6.598s] Level 1:colcon.colcon_core.package_identification:_identify(/home/vladi/Desktop/ros2_commands/qt_ros_ws/src) by extension 'ignore'
[6.599s] Level 1:colcon.colcon_core.package_identification:_identify(/home/vladi/Desktop/ros2_commands/qt_ros_ws/src) by extension 'ignore_ament_install'
[6.599s] Level 1:colcon.colcon_core.package_identification:_identify(/home/vladi/Desktop/ros2_commands/qt_ros_ws/src) by extensions ['colcon_pkg']
[6.599s] Level 1:colcon.colcon_core.package_identification:_identify(/home/vladi/Desktop/ros2_commands/qt_ros_ws/src) by extension 'colcon_pkg'
[6.599s] Level 1:colcon.colcon_core.package_identification:_identify(/home/vladi/Desktop/ros2_commands/qt_ros_ws/src) by extensions ['colcon_meta']
[6.599s] Level 1:colcon.colcon_core.package_identification:_identify(/home/vladi/Desktop/ros2_commands/qt_ros_ws/src) by extension 'colcon_meta'
[6.600s] Level 1:colcon.colcon_core.package_identification:_identify(/home/vladi/Desktop/ros2_commands/qt_ros_ws/src) by extensions ['ros']
[6.600s] Level 1:colcon.colcon_core.package_identification:_identify(/home/vladi/Desktop/ros2_commands/qt_ros_ws/src) by extension 'ros'
[6.600s] Level 1:colcon.colcon_core.package_identification:_identify(/home/vladi/Desktop/ros2_commands/qt_ros_ws/src) by extensions ['cmake', 'python']
[6.600s] Level 1:colcon.colcon_core.package_identification:_identify(/home/vladi/Desktop/ros2_commands/qt_ros_ws/src) by extension 'cmake'
[6.601s] Level 1:colcon.colcon_core.package_identification:_identify(/home/vladi/Desktop/ros2_commands/qt_ros_ws/src) by extension 'python'
[6.601s] Level 1:colcon.colcon_core.package_identification:_identify(/home/vladi/Desktop/ros2_commands/qt_ros_ws/src) by extensions ['python_setup_py']
[6.601s] Level 1:colcon.colcon_core.package_identification:_identify(/home/vladi/Desktop/ros2_commands/qt_ros_ws/src) by extension 'python_setup_py'
[6.601s] Level 1:colcon.colcon_core.package_identification:_identify(/home/vladi/Desktop/ros2_commands/qt_ros_ws/src/vision) by extensions ['ignore', 'ignore_ament_install']
[6.602s] Level 1:colcon.colcon_core.package_identification:_identify(/home/vladi/Desktop/ros2_commands/qt_ros_ws/src/vision) by extension 'ignore'
[6.602s] Level 1:colcon.colcon_core.package_identification:_identify(/home/vladi/Desktop/ros2_commands/qt_ros_ws/src/vision) by extension 'ignore_ament_install'
[6.602s] Level 1:colcon.colcon_core.package_identification:_identify(/home/vladi/Desktop/ros2_commands/qt_ros_ws/src/vision) by extensions ['colcon_pkg']
[6.603s] Level 1:colcon.colcon_core.package_identification:_identify(/home/vladi/Desktop/ros2_commands/qt_ros_ws/src/vision) by extension 'colcon_pkg'
[6.603s] Level 1:colcon.colcon_core.package_identification:_identify(/home/vladi/Desktop/ros2_commands/qt_ros_ws/src/vision) by extensions ['colcon_meta']
[6.603s] Level 1:colcon.colcon_core.package_identification:_identify(/home/vladi/Desktop/ros2_commands/qt_ros_ws/src/vision) by extension 'colcon_meta'
[6.603s] Level 1:colcon.colcon_core.package_identification:_identify(/home/vladi/Desktop/ros2_commands/qt_ros_ws/src/vision) by extensions ['ros']
[6.603s] Level 1:colcon.colcon_core.package_identification:_identify(/home/vladi/Desktop/ros2_commands/qt_ros_ws/src/vision) by extension 'ros'
[6.615s] DEBUG:colcon.colcon_core.package_identification:Package '/home/vladi/Desktop/ros2_commands/qt_ros_ws/src/vision' with type 'ros.ament_cmake' and name 'vision'
[6.615s] Level 1:colcon.colcon_core.package_discovery:discover_packages(recursive) using defaults
