[0.297s] Invoking command in '/home/vladi/Desktop/ros2_commands/qt_ros_ws/build/vision': CMAKE_PREFIX_PATH=/opt/ros/humble /usr/bin/cmake /home/vladi/Desktop/ros2_commands/qt_ros_ws/src/vision -DCMAKE_INSTALL_PREFIX=/home/vladi/Desktop/ros2_commands/qt_ros_ws/install/vision
[1.238s] -- The C compiler identification is GNU 11.4.0
[1.902s] -- The CXX compiler identification is GNU 11.4.0
[2.006s] -- Detecting C compiler ABI info
[2.395s] -- Detecting C compiler ABI info - done
[2.442s] -- Check for working C compiler: /usr/bin/cc - skipped
[2.443s] -- Detecting C compile features
[2.464s] -- Detecting C compile features - done
[2.481s] -- Detecting CXX compiler ABI info
[2.839s] -- Detecting CXX compiler ABI info - done
[2.878s] -- Check for working CXX compiler: /usr/bin/c++ - skipped
[2.879s] -- Detecting CXX compile features
[2.881s] -- Detecting CXX compile features - done
[2.955s] -- Found ament_cmake: 1.3.5 (/opt/ros/humble/share/ament_cmake/cmake)
[3.837s] -- Found Python3: /usr/bin/python3.10 (found version "3.10.12") found components: Interpreter 
[4.562s] -- Found rclcpp: 16.0.6 (/opt/ros/humble/share/rclcpp/cmake)
[4.945s] -- Found rosidl_generator_c: 3.1.5 (/opt/ros/humble/share/rosidl_generator_c/cmake)
[4.998s] -- Found rosidl_adapter: 3.1.5 (/opt/ros/humble/share/rosidl_adapter/cmake)
[5.062s] -- Found rosidl_generator_cpp: 3.1.5 (/opt/ros/humble/share/rosidl_generator_cpp/cmake)
[5.173s] -- Using all available rosidl_typesupport_c: rosidl_typesupport_fastrtps_c;rosidl_typesupport_introspection_c
[5.279s] -- Using all available rosidl_typesupport_cpp: rosidl_typesupport_fastrtps_cpp;rosidl_typesupport_introspection_cpp
[5.718s] -- Found rmw_implementation_cmake: 6.1.1 (/opt/ros/humble/share/rmw_implementation_cmake/cmake)
[5.734s] -- Found rmw_fastrtps_cpp: 6.2.4 (/opt/ros/humble/share/rmw_fastrtps_cpp/cmake)
[6.312s] -- Found OpenSSL: /usr/lib/x86_64-linux-gnu/libcrypto.so (found version "3.0.2")  
[6.502s] -- Found FastRTPS: /opt/ros/humble/include  
[6.707s] -- Using RMW implementation 'rmw_fastrtps_cpp' as default
[6.772s] -- Looking for pthread.h
[7.123s] -- Looking for pthread.h - found
[7.126s] -- Performing Test CMAKE_HAVE_LIBC_PTHREAD
[7.444s] -- Performing Test CMAKE_HAVE_LIBC_PTHREAD - Success
[7.449s] -- Found Threads: TRUE  
[8.368s] -- Found sensor_msgs: 4.2.3 (/opt/ros/humble/share/sensor_msgs/cmake)
[9.063s] -- Found cv_bridge: 3.2.1 (/opt/ros/humble/share/cv_bridge/cmake)
[9.185s] -- Found image_transport: 3.1.7 (/opt/ros/humble/share/image_transport/cmake)
[9.539s] -- Found OpenCV: /usr (found version "4.5.4") 
[9.540s] [31mCMake Error at /opt/ros/humble/share/ament_cmake_target_dependencies/cmake/ament_target_dependencies.cmake:77 (message):
[9.541s]   ament_target_dependencies() the passed package name 'rclcpp,' was not found
[9.541s]   before
[9.542s] Call Stack (most recent call first):
[9.542s]   CMakeLists.txt:25 (ament_target_dependencies)
[9.543s] 
[9.543s] [0m
[9.544s] -- Configuring incomplete, errors occurred!
[9.544s] See also "/home/vladi/Desktop/ros2_commands/qt_ros_ws/build/vision/CMakeFiles/CMakeOutput.log".
[9.573s] Invoked command in '/home/vladi/Desktop/ros2_commands/qt_ros_ws/build/vision' returned '1': CMAKE_PREFIX_PATH=/opt/ros/humble /usr/bin/cmake /home/vladi/Desktop/ros2_commands/qt_ros_ws/src/vision -DCMAKE_INSTALL_PREFIX=/home/vladi/Desktop/ros2_commands/qt_ros_ws/install/vision
