-- Found ament_cmake: 1.3.10 (/opt/ros/humble/share/ament_cmake/cmake)
-- Found ament_lint_auto: 0.12.11 (/opt/ros/humble/share/ament_lint_auto/cmake)
-- Added test 'lint_cmake' to check CMake code style
-- Added test 'xmllint' to check XML markup files
-- Configuring done
-- Generating done
-- Build files have been written to: /home/vladi/Desktop/ros2_commands/qt_ros_ws/build/st_ligth
-- Install configuration: ""
-- Up-to-date: /home/vladi/Desktop/ros2_commands/qt_ros_ws/install/st_ligth/share/ament_index/resource_index/package_run_dependencies/st_ligth
-- Up-to-date: /home/vladi/Desktop/ros2_commands/qt_ros_ws/install/st_ligth/share/ament_index/resource_index/parent_prefix_path/st_ligth
-- Installing: /home/vladi/Desktop/ros2_commands/qt_ros_ws/install/st_ligth/share/st_ligth/environment/ament_prefix_path.sh
-- Installing: /home/vladi/Desktop/ros2_commands/qt_ros_ws/install/st_ligth/share/st_ligth/environment/ament_prefix_path.dsv
-- Installing: /home/vladi/Desktop/ros2_commands/qt_ros_ws/install/st_ligth/share/st_ligth/environment/path.sh
-- Installing: /home/vladi/Desktop/ros2_commands/qt_ros_ws/install/st_ligth/share/st_ligth/environment/path.dsv
-- Up-to-date: /home/vladi/Desktop/ros2_commands/qt_ros_ws/install/st_ligth/share/st_ligth/local_setup.bash
-- Up-to-date: /home/vladi/Desktop/ros2_commands/qt_ros_ws/install/st_ligth/share/st_ligth/local_setup.sh
-- Up-to-date: /home/vladi/Desktop/ros2_commands/qt_ros_ws/install/st_ligth/share/st_ligth/local_setup.zsh
-- Installing: /home/vladi/Desktop/ros2_commands/qt_ros_ws/install/st_ligth/share/st_ligth/local_setup.dsv
-- Installing: /home/vladi/Desktop/ros2_commands/qt_ros_ws/install/st_ligth/share/st_ligth/package.dsv
-- Up-to-date: /home/vladi/Desktop/ros2_commands/qt_ros_ws/install/st_ligth/share/ament_index/resource_index/packages/st_ligth
-- Up-to-date: /home/vladi/Desktop/ros2_commands/qt_ros_ws/install/st_ligth/share/st_ligth/cmake/st_ligthConfig.cmake
-- Up-to-date: /home/vladi/Desktop/ros2_commands/qt_ros_ws/install/st_ligth/share/st_ligth/cmake/st_ligthConfig-version.cmake
-- Up-to-date: /home/vladi/Desktop/ros2_commands/qt_ros_ws/install/st_ligth/share/st_ligth/package.xml
