[0.287s] Invoking command in '/home/vladi/Desktop/ros2_commands/qt_ros_ws/build/vision': CMAKE_PREFIX_PATH=/opt/ros/humble /usr/bin/cmake --build /home/vladi/Desktop/ros2_commands/qt_ros_ws/build/vision -- -j8 -l8
[0.455s] [35m[1mConsolidate compiler generated dependencies of target vision_capture_node[0m
[0.570s] [ 50%] [32mBuilding CXX object CMakeFiles/vision_capture_node.dir/src/vision_capture_node.cpp.o[0m
[13.610s] In file included from [01m[K/opt/ros/humble/include/rclcpp/rclcpp/logging.hpp:24[m[K,
[13.611s]                  from [01m[K/opt/ros/humble/include/rclcpp/rclcpp/client.hpp:40[m[K,
[13.612s]                  from [01m[K/opt/ros/humble/include/rclcpp/rclcpp/callback_group.hpp:24[m[K,
[13.612s]                  from [01m[K/opt/ros/humble/include/rclcpp/rclcpp/any_executable.hpp:20[m[K,
[13.613s]                  from [01m[K/opt/ros/humble/include/rclcpp/rclcpp/memory_strategy.hpp:25[m[K,
[13.614s]                  from [01m[K/opt/ros/humble/include/rclcpp/rclcpp/memory_strategies.hpp:18[m[K,
[13.614s]                  from [01m[K/opt/ros/humble/include/rclcpp/rclcpp/executor_options.hpp:20[m[K,
[13.615s]                  from [01m[K/opt/ros/humble/include/rclcpp/rclcpp/executor.hpp:37[m[K,
[13.616s]                  from [01m[K/opt/ros/humble/include/rclcpp/rclcpp/executors/multi_threaded_executor.hpp:25[m[K,
[13.616s]                  from [01m[K/opt/ros/humble/include/rclcpp/rclcpp/executors.hpp:21[m[K,
[13.617s]                  from [01m[K/opt/ros/humble/include/rclcpp/rclcpp/rclcpp.hpp:155[m[K,
[13.618s]                  from [01m[K/home/vladi/Desktop/ros2_commands/qt_ros_ws/src/vision/src/vision_capture_node.cpp:1[m[K:
[13.619s] [01m[K/home/vladi/Desktop/ros2_commands/qt_ros_ws/src/vision/src/vision_capture_node.cpp:[m[K In member function ‘[01m[Kvoid ImagePublisher::timer_callback()[m[K’:
[13.619s] [01m[K/home/vladi/Desktop/ros2_commands/qt_ros_ws/src/vision/src/vision_capture_node.cpp:28:41:[m[K [01;35m[Kwarning: [m[Kformat ‘[01m[K%s[m[K’ expects argument of type ‘[01m[Kchar*[m[K’, but argument 5 has type ‘[01m[Ksize_t[m[K’ {aka ‘[01m[Klong unsigned int[m[K’} [[01;35m[K]8;;https://gcc.gnu.org/onlinedocs/gcc/Warning-Options.html#index-Wformat=-Wformat=]8;;[m[K]
[13.620s]    28 |         RCLCPP_INFO(this->get_logger(), [01;35m[K"image %s  published"[m[K, [32m[K_count[m[K);
[13.621s]       |                                         [01;35m[K^~~~~~~~~~~~~~~~~~~~~[m[K  [32m[K~~~~~~[m[K
[13.622s]       |                                                                [32m[K|[m[K
[13.622s]       |                                                                [32m[Ksize_t {aka long unsigned int}[m[K
[13.623s] [01m[K/home/vladi/Desktop/ros2_commands/qt_ros_ws/src/vision/src/vision_capture_node.cpp:28:49:[m[K [01;36m[Knote: [m[Kformat string is defined here
[13.624s]    28 |         RCLCPP_INFO(this->get_logger(), "image [01;36m[K%s[m[K  published", _count);
[13.624s]       |                                                [01;36m[K~^[m[K
[13.625s]       |                                                 [01;36m[K|[m[K
[13.626s]       |                                                 [01;36m[Kchar*[m[K
[13.626s]       |                                                [32m[K%ld[m[K
[25.208s] [100%] [32m[1mLinking CXX executable vision_capture_node[0m
[26.760s] [100%] Built target vision_capture_node
[26.813s] Invoked command in '/home/vladi/Desktop/ros2_commands/qt_ros_ws/build/vision' returned '0': CMAKE_PREFIX_PATH=/opt/ros/humble /usr/bin/cmake --build /home/vladi/Desktop/ros2_commands/qt_ros_ws/build/vision -- -j8 -l8
[26.942s] Invoking command in '/home/vladi/Desktop/ros2_commands/qt_ros_ws/build/vision': CMAKE_PREFIX_PATH=/opt/ros/humble /usr/bin/cmake --install /home/vladi/Desktop/ros2_commands/qt_ros_ws/build/vision
[26.973s] -- Install configuration: ""
[26.974s] -- Installing: /home/vladi/Desktop/ros2_commands/qt_ros_ws/install/vision/lib/vision/vision_capture_node
[26.985s] -- Set runtime path of "/home/vladi/Desktop/ros2_commands/qt_ros_ws/install/vision/lib/vision/vision_capture_node" to ""
[26.986s] -- Up-to-date: /home/vladi/Desktop/ros2_commands/qt_ros_ws/install/vision/share/ament_index/resource_index/package_run_dependencies/vision
[26.987s] -- Up-to-date: /home/vladi/Desktop/ros2_commands/qt_ros_ws/install/vision/share/ament_index/resource_index/parent_prefix_path/vision
[26.987s] -- Up-to-date: /home/vladi/Desktop/ros2_commands/qt_ros_ws/install/vision/share/vision/environment/ament_prefix_path.sh
[26.988s] -- Up-to-date: /home/vladi/Desktop/ros2_commands/qt_ros_ws/install/vision/share/vision/environment/ament_prefix_path.dsv
[26.989s] -- Up-to-date: /home/vladi/Desktop/ros2_commands/qt_ros_ws/install/vision/share/vision/environment/path.sh
[26.989s] -- Up-to-date: /home/vladi/Desktop/ros2_commands/qt_ros_ws/install/vision/share/vision/environment/path.dsv
[26.989s] -- Up-to-date: /home/vladi/Desktop/ros2_commands/qt_ros_ws/install/vision/share/vision/local_setup.bash
[26.990s] -- Up-to-date: /home/vladi/Desktop/ros2_commands/qt_ros_ws/install/vision/share/vision/local_setup.sh
[26.990s] -- Up-to-date: /home/vladi/Desktop/ros2_commands/qt_ros_ws/install/vision/share/vision/local_setup.zsh
[26.991s] -- Up-to-date: /home/vladi/Desktop/ros2_commands/qt_ros_ws/install/vision/share/vision/local_setup.dsv
[26.991s] -- Installing: /home/vladi/Desktop/ros2_commands/qt_ros_ws/install/vision/share/vision/package.dsv
[26.991s] -- Up-to-date: /home/vladi/Desktop/ros2_commands/qt_ros_ws/install/vision/share/ament_index/resource_index/packages/vision
[26.992s] -- Up-to-date: /home/vladi/Desktop/ros2_commands/qt_ros_ws/install/vision/share/vision/cmake/visionConfig.cmake
[26.993s] -- Up-to-date: /home/vladi/Desktop/ros2_commands/qt_ros_ws/install/vision/share/vision/cmake/visionConfig-version.cmake
[26.996s] -- Up-to-date: /home/vladi/Desktop/ros2_commands/qt_ros_ws/install/vision/share/vision/package.xml
[26.998s] Invoked command in '/home/vladi/Desktop/ros2_commands/qt_ros_ws/build/vision' returned '0': CMAKE_PREFIX_PATH=/opt/ros/humble /usr/bin/cmake --install /home/vladi/Desktop/ros2_commands/qt_ros_ws/build/vision
