[0.277s] Invoking command in '/home/vladi/Desktop/ros2_commands/qt_ros_ws/build/vision': CMAKE_PREFIX_PATH=/opt/ros/humble /usr/bin/cmake --build /home/vladi/Desktop/ros2_commands/qt_ros_ws/build/vision -- -j8 -l8
[0.382s] -- Found ament_cmake: 1.3.5 (/opt/ros/humble/share/ament_cmake/cmake)
[0.978s] -- Override CMake install command with custom implementation using symlinks instead of copying resources
[1.016s] -- Found rclcpp: 16.0.6 (/opt/ros/humble/share/rclcpp/cmake)
[1.160s] -- Found rosidl_generator_c: 3.1.5 (/opt/ros/humble/share/rosidl_generator_c/cmake)
[1.172s] -- Found rosidl_adapter: 3.1.5 (/opt/ros/humble/share/rosidl_adapter/cmake)
[1.201s] -- Found rosidl_generator_cpp: 3.1.5 (/opt/ros/humble/share/rosidl_generator_cpp/cmake)
[1.254s] -- Using all available rosidl_typesupport_c: rosidl_typesupport_fastrtps_c;rosidl_typesupport_introspection_c
[1.328s] -- Using all available rosidl_typesupport_cpp: rosidl_typesupport_fastrtps_cpp;rosidl_typesupport_introspection_cpp
[1.595s] -- Found rmw_implementation_cmake: 6.1.1 (/opt/ros/humble/share/rmw_implementation_cmake/cmake)
[1.601s] -- Found rmw_fastrtps_cpp: 6.2.4 (/opt/ros/humble/share/rmw_fastrtps_cpp/cmake)
[2.119s] -- Using RMW implementation 'rmw_fastrtps_cpp' as default
[2.830s] -- Found sensor_msgs: 4.2.3 (/opt/ros/humble/share/sensor_msgs/cmake)
[3.392s] -- Found cv_bridge: 3.2.1 (/opt/ros/humble/share/cv_bridge/cmake)
[3.454s] -- Found image_transport: 3.1.7 (/opt/ros/humble/share/image_transport/cmake)
[3.635s] -- Found ament_lint_auto: 0.12.8 (/opt/ros/humble/share/ament_lint_auto/cmake)
[3.989s] -- Added test 'cppcheck' to perform static code analysis on C / C++ code
[3.992s] -- Configured cppcheck include dirs: 
[3.992s] -- Configured cppcheck exclude dirs and/or files: 
[3.994s] -- Added test 'lint_cmake' to check CMake code style
[4.001s] -- Added test 'uncrustify' to check C / C++ code style
[4.002s] -- Configured uncrustify additional arguments: 
[4.006s] -- Added test 'xmllint' to check XML markup files
[4.017s] -- Configuring done
[4.096s] -- Generating done
[4.104s] -- Build files have been written to: /home/vladi/Desktop/ros2_commands/qt_ros_ws/build/vision
[4.211s] [35m[1mConsolidate compiler generated dependencies of target image_capture_node[0m
[4.264s] [ 25%] [32mBuilding CXX object CMakeFiles/image_capture_subscriber_node.dir/src/vision_capture_node.cpp.o[0m
[4.320s] [ 75%] Built target image_capture_node
[28.594s] [100%] [32m[1mLinking CXX executable image_capture_subscriber_node[0m
[30.197s] [100%] Built target image_capture_subscriber_node
[30.243s] Invoked command in '/home/vladi/Desktop/ros2_commands/qt_ros_ws/build/vision' returned '0': CMAKE_PREFIX_PATH=/opt/ros/humble /usr/bin/cmake --build /home/vladi/Desktop/ros2_commands/qt_ros_ws/build/vision -- -j8 -l8
[30.374s] Invoking command in '/home/vladi/Desktop/ros2_commands/qt_ros_ws/build/vision': CMAKE_PREFIX_PATH=/opt/ros/humble /usr/bin/cmake --install /home/vladi/Desktop/ros2_commands/qt_ros_ws/build/vision
[30.403s] -- Install configuration: ""
[30.405s] -- Execute custom install script
[30.406s] -- Symlinking: /home/vladi/Desktop/ros2_commands/qt_ros_ws/install/vision/lib/vision/image_capture_node
[30.464s] -- Symlinking: /home/vladi/Desktop/ros2_commands/qt_ros_ws/install/vision/lib/vision/image_capture_subscriber_node
[30.498s] -- Symlinking: /home/vladi/Desktop/ros2_commands/qt_ros_ws/install/vision/share/ament_index/resource_index/package_run_dependencies/vision
[30.534s] -- Symlinking: /home/vladi/Desktop/ros2_commands/qt_ros_ws/install/vision/share/ament_index/resource_index/parent_prefix_path/vision
[30.570s] -- Symlinking: /home/vladi/Desktop/ros2_commands/qt_ros_ws/install/vision/share/vision/environment/ament_prefix_path.sh
[30.609s] -- Symlinking: /home/vladi/Desktop/ros2_commands/qt_ros_ws/install/vision/share/vision/environment/ament_prefix_path.dsv
[30.657s] -- Symlinking: /home/vladi/Desktop/ros2_commands/qt_ros_ws/install/vision/share/vision/environment/path.sh
[30.696s] -- Symlinking: /home/vladi/Desktop/ros2_commands/qt_ros_ws/install/vision/share/vision/environment/path.dsv
[30.743s] -- Symlinking: /home/vladi/Desktop/ros2_commands/qt_ros_ws/install/vision/share/vision/local_setup.bash
[30.787s] -- Symlinking: /home/vladi/Desktop/ros2_commands/qt_ros_ws/install/vision/share/vision/local_setup.sh
[30.823s] -- Symlinking: /home/vladi/Desktop/ros2_commands/qt_ros_ws/install/vision/share/vision/local_setup.zsh
[30.863s] -- Symlinking: /home/vladi/Desktop/ros2_commands/qt_ros_ws/install/vision/share/vision/local_setup.dsv
[30.908s] -- Symlinking: /home/vladi/Desktop/ros2_commands/qt_ros_ws/install/vision/share/vision/package.dsv
[30.945s] -- Symlinking: /home/vladi/Desktop/ros2_commands/qt_ros_ws/install/vision/share/ament_index/resource_index/packages/vision
[30.980s] -- Symlinking: /home/vladi/Desktop/ros2_commands/qt_ros_ws/install/vision/share/vision/cmake/ament_cmake_export_dependencies-extras.cmake
[31.013s] -- Symlinking: /home/vladi/Desktop/ros2_commands/qt_ros_ws/install/vision/share/vision/cmake/visionConfig.cmake
[31.050s] -- Symlinking: /home/vladi/Desktop/ros2_commands/qt_ros_ws/install/vision/share/vision/cmake/visionConfig-version.cmake
[31.088s] -- Symlinking: /home/vladi/Desktop/ros2_commands/qt_ros_ws/install/vision/share/vision/package.xml
[31.131s] Invoked command in '/home/vladi/Desktop/ros2_commands/qt_ros_ws/build/vision' returned '0': CMAKE_PREFIX_PATH=/opt/ros/humble /usr/bin/cmake --install /home/vladi/Desktop/ros2_commands/qt_ros_ws/build/vision
