[0.066s] Invoking command in '/home/vladi/Desktop/ros2_commands/qt_ros_ws/build/neptune_2_bringup': AMENT_PREFIX_PATH=/home/vladi/Desktop/ros2_commands/qt_ros_ws/install/neptune_2_description:${AMENT_PREFIX_PATH} CMAKE_PREFIX_PATH=/home/vladi/Desktop/ros2_commands/qt_ros_ws/install/neptune_2_description:/opt/ros/humble /usr/bin/cmake --build /home/vladi/Desktop/ros2_commands/qt_ros_ws/build/neptune_2_bringup -- -j8 -l8
[0.107s] Invoked command in '/home/vladi/Desktop/ros2_commands/qt_ros_ws/build/neptune_2_bringup' returned '0': AMENT_PREFIX_PATH=/home/vladi/Desktop/ros2_commands/qt_ros_ws/install/neptune_2_description:${AMENT_PREFIX_PATH} CMAKE_PREFIX_PATH=/home/vladi/Desktop/ros2_commands/qt_ros_ws/install/neptune_2_description:/opt/ros/humble /usr/bin/cmake --build /home/vladi/Desktop/ros2_commands/qt_ros_ws/build/neptune_2_bringup -- -j8 -l8
[0.132s] Invoking command in '/home/vladi/Desktop/ros2_commands/qt_ros_ws/build/neptune_2_bringup': AMENT_PREFIX_PATH=/home/vladi/Desktop/ros2_commands/qt_ros_ws/install/neptune_2_description:${AMENT_PREFIX_PATH} CMAKE_PREFIX_PATH=/home/vladi/Desktop/ros2_commands/qt_ros_ws/install/neptune_2_description:/opt/ros/humble /usr/bin/cmake --install /home/vladi/Desktop/ros2_commands/qt_ros_ws/build/neptune_2_bringup
[0.143s] -- Install configuration: ""
[0.143s] -- Up-to-date: /home/vladi/Desktop/ros2_commands/qt_ros_ws/install/neptune_2_bringup/share/neptune_2_bringup//launch
[0.143s] -- Installing: /home/vladi/Desktop/ros2_commands/qt_ros_ws/install/neptune_2_bringup/share/neptune_2_bringup//launch/neptune_2_gazebo.launch.xml
[0.143s] -- Up-to-date: /home/vladi/Desktop/ros2_commands/qt_ros_ws/install/neptune_2_bringup/share/neptune_2_bringup//rviz
[0.143s] -- Up-to-date: /home/vladi/Desktop/ros2_commands/qt_ros_ws/install/neptune_2_bringup/share/neptune_2_bringup//rviz/urdf_config,rviz.rviz
[0.144s] -- Up-to-date: /home/vladi/Desktop/ros2_commands/qt_ros_ws/install/neptune_2_bringup/share/neptune_2_bringup//worlds
[0.144s] -- Up-to-date: /home/vladi/Desktop/ros2_commands/qt_ros_ws/install/neptune_2_bringup/share/neptune_2_bringup//worlds/pool_world.world
[0.144s] -- Up-to-date: /home/vladi/Desktop/ros2_commands/qt_ros_ws/install/neptune_2_bringup/share/ament_index/resource_index/package_run_dependencies/neptune_2_bringup
[0.144s] -- Up-to-date: /home/vladi/Desktop/ros2_commands/qt_ros_ws/install/neptune_2_bringup/share/ament_index/resource_index/parent_prefix_path/neptune_2_bringup
[0.144s] -- Up-to-date: /home/vladi/Desktop/ros2_commands/qt_ros_ws/install/neptune_2_bringup/share/neptune_2_bringup/environment/ament_prefix_path.sh
[0.144s] -- Up-to-date: /home/vladi/Desktop/ros2_commands/qt_ros_ws/install/neptune_2_bringup/share/neptune_2_bringup/environment/ament_prefix_path.dsv
[0.144s] -- Up-to-date: /home/vladi/Desktop/ros2_commands/qt_ros_ws/install/neptune_2_bringup/share/neptune_2_bringup/environment/path.sh
[0.144s] -- Up-to-date: /home/vladi/Desktop/ros2_commands/qt_ros_ws/install/neptune_2_bringup/share/neptune_2_bringup/environment/path.dsv
[0.145s] -- Up-to-date: /home/vladi/Desktop/ros2_commands/qt_ros_ws/install/neptune_2_bringup/share/neptune_2_bringup/local_setup.bash
[0.145s] -- Up-to-date: /home/vladi/Desktop/ros2_commands/qt_ros_ws/install/neptune_2_bringup/share/neptune_2_bringup/local_setup.sh
[0.145s] -- Up-to-date: /home/vladi/Desktop/ros2_commands/qt_ros_ws/install/neptune_2_bringup/share/neptune_2_bringup/local_setup.zsh
[0.146s] -- Up-to-date: /home/vladi/Desktop/ros2_commands/qt_ros_ws/install/neptune_2_bringup/share/neptune_2_bringup/local_setup.dsv
[0.146s] -- Installing: /home/vladi/Desktop/ros2_commands/qt_ros_ws/install/neptune_2_bringup/share/neptune_2_bringup/package.dsv
[0.146s] -- Up-to-date: /home/vladi/Desktop/ros2_commands/qt_ros_ws/install/neptune_2_bringup/share/ament_index/resource_index/packages/neptune_2_bringup
[0.147s] -- Up-to-date: /home/vladi/Desktop/ros2_commands/qt_ros_ws/install/neptune_2_bringup/share/neptune_2_bringup/cmake/neptune_2_bringupConfig.cmake
[0.147s] -- Up-to-date: /home/vladi/Desktop/ros2_commands/qt_ros_ws/install/neptune_2_bringup/share/neptune_2_bringup/cmake/neptune_2_bringupConfig-version.cmake
[0.147s] -- Up-to-date: /home/vladi/Desktop/ros2_commands/qt_ros_ws/install/neptune_2_bringup/share/neptune_2_bringup/package.xml
[0.147s] Invoked command in '/home/vladi/Desktop/ros2_commands/qt_ros_ws/build/neptune_2_bringup' returned '0': AMENT_PREFIX_PATH=/home/vladi/Desktop/ros2_commands/qt_ros_ws/install/neptune_2_description:${AMENT_PREFIX_PATH} CMAKE_PREFIX_PATH=/home/vladi/Desktop/ros2_commands/qt_ros_ws/install/neptune_2_description:/opt/ros/humble /usr/bin/cmake --install /home/vladi/Desktop/ros2_commands/qt_ros_ws/build/neptune_2_bringup
