[0.095s] Invoking command in '/home/vladi/Desktop/ros2_commands/qt_ros_ws/build/st_ligth': CMAKE_PREFIX_PATH=${CMAKE_PREFIX_PATH}:/opt/ros/humble /usr/bin/cmake --build /home/vladi/Desktop/ros2_commands/qt_ros_ws/build/st_ligth -- -j8 -l8
[0.325s] Invoked command in '/home/vladi/Desktop/ros2_commands/qt_ros_ws/build/st_ligth' returned '0': CMAKE_PREFIX_PATH=${CMAKE_PREFIX_PATH}:/opt/ros/humble /usr/bin/cmake --build /home/vladi/Desktop/ros2_commands/qt_ros_ws/build/st_ligth -- -j8 -l8
[0.537s] Invoking command in '/home/vladi/Desktop/ros2_commands/qt_ros_ws/build/st_ligth': CMAKE_PREFIX_PATH=${CMAKE_PREFIX_PATH}:/opt/ros/humble /usr/bin/cmake --install /home/vladi/Desktop/ros2_commands/qt_ros_ws/build/st_ligth
[0.613s] -- Install configuration: ""
[0.613s] -- Up-to-date: /home/vladi/Desktop/ros2_commands/qt_ros_ws/install/st_ligth/share/ament_index/resource_index/package_run_dependencies/st_ligth
[0.614s] -- Up-to-date: /home/vladi/Desktop/ros2_commands/qt_ros_ws/install/st_ligth/share/ament_index/resource_index/parent_prefix_path/st_ligth
[0.614s] -- Up-to-date: /home/vladi/Desktop/ros2_commands/qt_ros_ws/install/st_ligth/share/st_ligth/environment/ament_prefix_path.sh
[0.615s] -- Up-to-date: /home/vladi/Desktop/ros2_commands/qt_ros_ws/install/st_ligth/share/st_ligth/environment/ament_prefix_path.dsv
[0.615s] -- Up-to-date: /home/vladi/Desktop/ros2_commands/qt_ros_ws/install/st_ligth/share/st_ligth/environment/path.sh
[0.627s] -- Up-to-date: /home/vladi/Desktop/ros2_commands/qt_ros_ws/install/st_ligth/share/st_ligth/environment/path.dsv
[0.628s] -- Up-to-date: /home/vladi/Desktop/ros2_commands/qt_ros_ws/install/st_ligth/share/st_ligth/local_setup.bash
[0.629s] -- Up-to-date: /home/vladi/Desktop/ros2_commands/qt_ros_ws/install/st_ligth/share/st_ligth/local_setup.sh
[0.630s] -- Up-to-date: /home/vladi/Desktop/ros2_commands/qt_ros_ws/install/st_ligth/share/st_ligth/local_setup.zsh
[0.631s] -- Up-to-date: /home/vladi/Desktop/ros2_commands/qt_ros_ws/install/st_ligth/share/st_ligth/local_setup.dsv
[0.631s] -- Installing: /home/vladi/Desktop/ros2_commands/qt_ros_ws/install/st_ligth/share/st_ligth/package.dsv
[0.632s] -- Up-to-date: /home/vladi/Desktop/ros2_commands/qt_ros_ws/install/st_ligth/share/ament_index/resource_index/packages/st_ligth
[0.633s] -- Up-to-date: /home/vladi/Desktop/ros2_commands/qt_ros_ws/install/st_ligth/share/st_ligth/cmake/st_ligthConfig.cmake
[0.633s] -- Up-to-date: /home/vladi/Desktop/ros2_commands/qt_ros_ws/install/st_ligth/share/st_ligth/cmake/st_ligthConfig-version.cmake
[0.634s] -- Up-to-date: /home/vladi/Desktop/ros2_commands/qt_ros_ws/install/st_ligth/share/st_ligth/package.xml
[0.650s] Invoked command in '/home/vladi/Desktop/ros2_commands/qt_ros_ws/build/st_ligth' returned '0': CMAKE_PREFIX_PATH=${CMAKE_PREFIX_PATH}:/opt/ros/humble /usr/bin/cmake --install /home/vladi/Desktop/ros2_commands/qt_ros_ws/build/st_ligth
