[0.015s] Invoking command in '/home/vladi/Desktop/ros2_commands/qt_ros_ws/build/st_ligth': CMAKE_PREFIX_PATH=${CMAKE_PREFIX_PATH}:/opt/ros/humble /usr/bin/cmake --build /home/vladi/Desktop/ros2_commands/qt_ros_ws/build/st_ligth -- -j8 -l8
[0.057s] Invoked command in '/home/vladi/Desktop/ros2_commands/qt_ros_ws/build/st_ligth' returned '0': CMAKE_PREFIX_PATH=${CMAKE_PREFIX_PATH}:/opt/ros/humble /usr/bin/cmake --build /home/vladi/Desktop/ros2_commands/qt_ros_ws/build/st_ligth -- -j8 -l8
[0.091s] Invoking command in '/home/vladi/Desktop/ros2_commands/qt_ros_ws/build/st_ligth': CMAKE_PREFIX_PATH=${CMAKE_PREFIX_PATH}:/opt/ros/humble /usr/bin/cmake --install /home/vladi/Desktop/ros2_commands/qt_ros_ws/build/st_ligth
[0.098s] -- Install configuration: ""
[0.099s] -- Up-to-date: /home/vladi/Desktop/ros2_commands/qt_ros_ws/install/st_ligth/share/ament_index/resource_index/package_run_dependencies/st_ligth
[0.099s] -- Up-to-date: /home/vladi/Desktop/ros2_commands/qt_ros_ws/install/st_ligth/share/ament_index/resource_index/parent_prefix_path/st_ligth
[0.099s] -- Up-to-date: /home/vladi/Desktop/ros2_commands/qt_ros_ws/install/st_ligth/share/st_ligth/environment/ament_prefix_path.sh
[0.099s] -- Up-to-date: /home/vladi/Desktop/ros2_commands/qt_ros_ws/install/st_ligth/share/st_ligth/environment/ament_prefix_path.dsv
[0.099s] -- Up-to-date: /home/vladi/Desktop/ros2_commands/qt_ros_ws/install/st_ligth/share/st_ligth/environment/path.sh
[0.100s] -- Up-to-date: /home/vladi/Desktop/ros2_commands/qt_ros_ws/install/st_ligth/share/st_ligth/environment/path.dsv
[0.100s] -- Up-to-date: /home/vladi/Desktop/ros2_commands/qt_ros_ws/install/st_ligth/share/st_ligth/local_setup.bash
[0.100s] -- Up-to-date: /home/vladi/Desktop/ros2_commands/qt_ros_ws/install/st_ligth/share/st_ligth/local_setup.sh
[0.100s] -- Up-to-date: /home/vladi/Desktop/ros2_commands/qt_ros_ws/install/st_ligth/share/st_ligth/local_setup.zsh
[0.100s] -- Up-to-date: /home/vladi/Desktop/ros2_commands/qt_ros_ws/install/st_ligth/share/st_ligth/local_setup.dsv
[0.101s] -- Installing: /home/vladi/Desktop/ros2_commands/qt_ros_ws/install/st_ligth/share/st_ligth/package.dsv
[0.101s] -- Up-to-date: /home/vladi/Desktop/ros2_commands/qt_ros_ws/install/st_ligth/share/ament_index/resource_index/packages/st_ligth
[0.101s] -- Up-to-date: /home/vladi/Desktop/ros2_commands/qt_ros_ws/install/st_ligth/share/st_ligth/cmake/st_ligthConfig.cmake
[0.101s] -- Up-to-date: /home/vladi/Desktop/ros2_commands/qt_ros_ws/install/st_ligth/share/st_ligth/cmake/st_ligthConfig-version.cmake
[0.102s] -- Up-to-date: /home/vladi/Desktop/ros2_commands/qt_ros_ws/install/st_ligth/share/st_ligth/package.xml
[0.105s] Invoked command in '/home/vladi/Desktop/ros2_commands/qt_ros_ws/build/st_ligth' returned '0': CMAKE_PREFIX_PATH=${CMAKE_PREFIX_PATH}:/opt/ros/humble /usr/bin/cmake --install /home/vladi/Desktop/ros2_commands/qt_ros_ws/build/st_ligth
