[0.350s] Invoking command in '/home/vladi/Desktop/ros2_commands/qt_ros_ws/build/neptune_2_description': CMAKE_PREFIX_PATH=${CMAKE_PREFIX_PATH}:/opt/ros/humble /usr/bin/cmake --build /home/vladi/Desktop/ros2_commands/qt_ros_ws/build/neptune_2_description -- -j8 -l8
[0.503s] Invoked command in '/home/vladi/Desktop/ros2_commands/qt_ros_ws/build/neptune_2_description' returned '0': CMAKE_PREFIX_PATH=${CMAKE_PREFIX_PATH}:/opt/ros/humble /usr/bin/cmake --build /home/vladi/Desktop/ros2_commands/qt_ros_ws/build/neptune_2_description -- -j8 -l8
[0.624s] Invoking command in '/home/vladi/Desktop/ros2_commands/qt_ros_ws/build/neptune_2_description': CMAKE_PREFIX_PATH=${CMAKE_PREFIX_PATH}:/opt/ros/humble /usr/bin/cmake --install /home/vladi/Desktop/ros2_commands/qt_ros_ws/build/neptune_2_description
[0.653s] -- Install configuration: ""
[0.655s] -- Execute custom install script
[0.657s] -- Up-to-date symlink: /home/vladi/Desktop/ros2_commands/qt_ros_ws/install/neptune_2_description/share/neptune_2_description//urdf/common_properties.xacro
[0.658s] -- Up-to-date symlink: /home/vladi/Desktop/ros2_commands/qt_ros_ws/install/neptune_2_description/share/neptune_2_description//urdf/mobile.xacro
[0.659s] -- Up-to-date symlink: /home/vladi/Desktop/ros2_commands/qt_ros_ws/install/neptune_2_description/share/neptune_2_description//urdf/neptune_2.urdf.xacro
[0.660s] -- Up-to-date symlink: /home/vladi/Desktop/ros2_commands/qt_ros_ws/install/neptune_2_description/share/neptune_2_description//launch/display.launch.xml
[0.662s] -- Up-to-date symlink: /home/vladi/Desktop/ros2_commands/qt_ros_ws/install/neptune_2_description/share/neptune_2_description//rviz/urdf_config,rviz.rviz
[0.663s] -- Up-to-date symlink: /home/vladi/Desktop/ros2_commands/qt_ros_ws/install/neptune_2_description/share/neptune_2_description//meshes/BlueRov2.stl
[0.664s] -- Up-to-date symlink: /home/vladi/Desktop/ros2_commands/qt_ros_ws/install/neptune_2_description/share/ament_index/resource_index/package_run_dependencies/neptune_2_description
[0.665s] -- Up-to-date symlink: /home/vladi/Desktop/ros2_commands/qt_ros_ws/install/neptune_2_description/share/ament_index/resource_index/parent_prefix_path/neptune_2_description
[0.667s] -- Up-to-date symlink: /home/vladi/Desktop/ros2_commands/qt_ros_ws/install/neptune_2_description/share/neptune_2_description/environment/ament_prefix_path.sh
[0.668s] -- Up-to-date symlink: /home/vladi/Desktop/ros2_commands/qt_ros_ws/install/neptune_2_description/share/neptune_2_description/environment/ament_prefix_path.dsv
[0.669s] -- Up-to-date symlink: /home/vladi/Desktop/ros2_commands/qt_ros_ws/install/neptune_2_description/share/neptune_2_description/environment/path.sh
[0.670s] -- Up-to-date symlink: /home/vladi/Desktop/ros2_commands/qt_ros_ws/install/neptune_2_description/share/neptune_2_description/environment/path.dsv
[0.671s] -- Up-to-date symlink: /home/vladi/Desktop/ros2_commands/qt_ros_ws/install/neptune_2_description/share/neptune_2_description/local_setup.bash
[0.672s] -- Up-to-date symlink: /home/vladi/Desktop/ros2_commands/qt_ros_ws/install/neptune_2_description/share/neptune_2_description/local_setup.sh
[0.674s] -- Up-to-date symlink: /home/vladi/Desktop/ros2_commands/qt_ros_ws/install/neptune_2_description/share/neptune_2_description/local_setup.zsh
[0.675s] -- Up-to-date symlink: /home/vladi/Desktop/ros2_commands/qt_ros_ws/install/neptune_2_description/share/neptune_2_description/local_setup.dsv
[0.676s] -- Symlinking: /home/vladi/Desktop/ros2_commands/qt_ros_ws/install/neptune_2_description/share/neptune_2_description/package.dsv
[0.709s] -- Up-to-date symlink: /home/vladi/Desktop/ros2_commands/qt_ros_ws/install/neptune_2_description/share/ament_index/resource_index/packages/neptune_2_description
[0.710s] -- Up-to-date symlink: /home/vladi/Desktop/ros2_commands/qt_ros_ws/install/neptune_2_description/share/neptune_2_description/cmake/neptune_2_descriptionConfig.cmake
[0.711s] -- Up-to-date symlink: /home/vladi/Desktop/ros2_commands/qt_ros_ws/install/neptune_2_description/share/neptune_2_description/cmake/neptune_2_descriptionConfig-version.cmake
[0.711s] -- Up-to-date symlink: /home/vladi/Desktop/ros2_commands/qt_ros_ws/install/neptune_2_description/share/neptune_2_description/package.xml
[0.722s] Invoked command in '/home/vladi/Desktop/ros2_commands/qt_ros_ws/build/neptune_2_description' returned '0': CMAKE_PREFIX_PATH=${CMAKE_PREFIX_PATH}:/opt/ros/humble /usr/bin/cmake --install /home/vladi/Desktop/ros2_commands/qt_ros_ws/build/neptune_2_description
