[5.015s] DEBUG:colcon:Command line arguments: ['/usr/bin/colcon', 'build', '--event-handlers', 'console_direct+']
[5.016s] DEBUG:colcon:Parsed command line arguments: Namespace(log_base=None, log_level=None, verb_name='build', build_base='build', install_base='install', merge_install=False, symlink_install=False, test_result_base=None, continue_on_error=False, executor='parallel', parallel_workers=8, event_handlers=['console_direct+'], ignore_user_meta=False, metas=['./colcon.meta'], base_paths=['.'], packages_ignore=None, packages_ignore_regex=None, paths=None, packages_up_to=None, packages_up_to_regex=None, packages_above=None, packages_above_and_dependencies=None, packages_above_depth=None, packages_select_by_dep=None, packages_skip_by_dep=None, packages_skip_up_to=None, packages_select_build_failed=False, packages_skip_build_finished=False, packages_select_test_failures=False, packages_skip_test_passed=False, packages_select=None, packages_skip=None, packages_select_regex=None, packages_skip_regex=None, packages_start=None, packages_end=None, allow_overriding=[], cmake_args=None, cmake_target=None, cmake_target_skip_unavailable=False, cmake_clean_cache=False, cmake_clean_first=False, cmake_force_configure=False, ament_cmake_args=None, catkin_cmake_args=None, catkin_skip_building_tests=False, verb_parser=<colcon_defaults.argument_parser.defaults.DefaultArgumentsDecorator object at 0x7fb6be4a18d0>, verb_extension=<colcon_core.verb.build.BuildVerb object at 0x7fb6be4a0550>, main=<bound method BuildVerb.main of <colcon_core.verb.build.BuildVerb object at 0x7fb6be4a0550>>)
[5.262s] Level 1:colcon.colcon_core.package_discovery:discover_packages(colcon_meta) check parameters
[5.262s] Level 1:colcon.colcon_core.package_discovery:discover_packages(recursive) check parameters
[5.263s] Level 1:colcon.colcon_core.package_discovery:discover_packages(ignore) check parameters
[5.263s] Level 1:colcon.colcon_core.package_discovery:discover_packages(path) check parameters
[5.263s] Level 1:colcon.colcon_core.package_discovery:discover_packages(colcon_meta) discover
[5.264s] Level 1:colcon.colcon_core.package_discovery:discover_packages(recursive) discover
[5.264s] INFO:colcon.colcon_core.package_discovery:Crawling recursively for packages in '/home/vladi/Desktop/ros2_commands/qt_ros_ws'
[5.265s] Level 1:colcon.colcon_core.package_identification:_identify(.) by extensions ['ignore', 'ignore_ament_install']
[5.265s] Level 1:colcon.colcon_core.package_identification:_identify(.) by extension 'ignore'
[5.266s] Level 1:colcon.colcon_core.package_identification:_identify(.) by extension 'ignore_ament_install'
[5.266s] Level 1:colcon.colcon_core.package_identification:_identify(.) by extensions ['colcon_pkg']
[5.267s] Level 1:colcon.colcon_core.package_identification:_identify(.) by extension 'colcon_pkg'
[5.267s] Level 1:colcon.colcon_core.package_identification:_identify(.) by extensions ['colcon_meta']
[5.267s] Level 1:colcon.colcon_core.package_identification:_identify(.) by extension 'colcon_meta'
[5.268s] Level 1:colcon.colcon_core.package_identification:_identify(.) by extensions ['ros']
[5.268s] Level 1:colcon.colcon_core.package_identification:_identify(.) by extension 'ros'
[5.319s] Level 1:colcon.colcon_core.package_identification:_identify(.) by extensions ['cmake', 'python']
[5.319s] Level 1:colcon.colcon_core.package_identification:_identify(.) by extension 'cmake'
[5.320s] Level 1:colcon.colcon_core.package_identification:_identify(.) by extension 'python'
[5.320s] Level 1:colcon.colcon_core.package_identification:_identify(.) by extensions ['python_setup_py']
[5.320s] Level 1:colcon.colcon_core.package_identification:_identify(.) by extension 'python_setup_py'
[5.321s] Level 1:colcon.colcon_core.package_identification:_identify(build) by extensions ['ignore', 'ignore_ament_install']
[5.321s] Level 1:colcon.colcon_core.package_identification:_identify(build) by extension 'ignore'
[5.321s] Level 1:colcon.colcon_core.package_identification:_identify(build) ignored
[5.322s] Level 1:colcon.colcon_core.package_identification:_identify(install) by extensions ['ignore', 'ignore_ament_install']
[5.322s] Level 1:colcon.colcon_core.package_identification:_identify(install) by extension 'ignore'
[5.322s] Level 1:colcon.colcon_core.package_identification:_identify(install) ignored
[5.323s] Level 1:colcon.colcon_core.package_identification:_identify(log) by extensions ['ignore', 'ignore_ament_install']
[5.323s] Level 1:colcon.colcon_core.package_identification:_identify(log) by extension 'ignore'
[5.324s] Level 1:colcon.colcon_core.package_identification:_identify(log) ignored
[5.324s] Level 1:colcon.colcon_core.package_identification:_identify(src) by extensions ['ignore', 'ignore_ament_install']
[5.325s] Level 1:colcon.colcon_core.package_identification:_identify(src) by extension 'ignore'
[5.325s] Level 1:colcon.colcon_core.package_identification:_identify(src) by extension 'ignore_ament_install'
[5.326s] Level 1:colcon.colcon_core.package_identification:_identify(src) by extensions ['colcon_pkg']
[5.326s] Level 1:colcon.colcon_core.package_identification:_identify(src) by extension 'colcon_pkg'
[5.326s] Level 1:colcon.colcon_core.package_identification:_identify(src) by extensions ['colcon_meta']
[5.326s] Level 1:colcon.colcon_core.package_identification:_identify(src) by extension 'colcon_meta'
[5.326s] Level 1:colcon.colcon_core.package_identification:_identify(src) by extensions ['ros']
[5.327s] Level 1:colcon.colcon_core.package_identification:_identify(src) by extension 'ros'
[5.327s] Level 1:colcon.colcon_core.package_identification:_identify(src) by extensions ['cmake', 'python']
[5.327s] Level 1:colcon.colcon_core.package_identification:_identify(src) by extension 'cmake'
[5.327s] Level 1:colcon.colcon_core.package_identification:_identify(src) by extension 'python'
[5.328s] Level 1:colcon.colcon_core.package_identification:_identify(src) by extensions ['python_setup_py']
[5.328s] Level 1:colcon.colcon_core.package_identification:_identify(src) by extension 'python_setup_py'
[5.328s] Level 1:colcon.colcon_core.package_identification:_identify(src/vision) by extensions ['ignore', 'ignore_ament_install']
[5.329s] Level 1:colcon.colcon_core.package_identification:_identify(src/vision) by extension 'ignore'
[5.329s] Level 1:colcon.colcon_core.package_identification:_identify(src/vision) by extension 'ignore_ament_install'
[5.329s] Level 1:colcon.colcon_core.package_identification:_identify(src/vision) by extensions ['colcon_pkg']
[5.329s] Level 1:colcon.colcon_core.package_identification:_identify(src/vision) by extension 'colcon_pkg'
[5.330s] Level 1:colcon.colcon_core.package_identification:_identify(src/vision) by extensions ['colcon_meta']
[5.330s] Level 1:colcon.colcon_core.package_identification:_identify(src/vision) by extension 'colcon_meta'
[5.330s] Level 1:colcon.colcon_core.package_identification:_identify(src/vision) by extensions ['ros']
[5.330s] Level 1:colcon.colcon_core.package_identification:_identify(src/vision) by extension 'ros'
[5.342s] DEBUG:colcon.colcon_core.package_identification:Package 'src/vision' with type 'ros.ament_cmake' and name 'vision'
[5.342s] Level 1:colcon.colcon_core.package_discovery:discover_packages(recursive) using defaults
[5.343s] Level 1:colcon.colcon_core.package_discovery:discover_packages(ignore) discover
[5.343s] Level 1:colcon.colcon_core.package_discovery:discover_packages(ignore) using defaults
[5.343s] Level 1:colcon.colcon_core.package_discovery:discover_packages(path) discover
[5.344s] Level 1:colcon.colcon_core.package_discovery:discover_packages(path) using defaults
[5.859s] Level 1:colcon.colcon_core.package_discovery:discover_packages(prefix_path) check parameters
[5.859s] Level 1:colcon.colcon_core.package_discovery:discover_packages(prefix_path) discover
[6.043s] DEBUG:colcon.colcon_installed_package_information.package_discovery:Found 371 installed packages in /opt/ros/humble
[6.052s] Level 1:colcon.colcon_core.package_discovery:discover_packages(prefix_path) using defaults
[6.707s] Level 5:colcon.colcon_core.verb:set package 'vision' build argument 'cmake_args' from command line to 'None'
[6.708s] Level 5:colcon.colcon_core.verb:set package 'vision' build argument 'cmake_target' from command line to 'None'
[6.708s] Level 5:colcon.colcon_core.verb:set package 'vision' build argument 'cmake_target_skip_unavailable' from command line to 'False'
[6.708s] Level 5:colcon.colcon_core.verb:set package 'vision' build argument 'cmake_clean_cache' from command line to 'False'
[6.708s] Level 5:colcon.colcon_core.verb:set package 'vision' build argument 'cmake_clean_first' from command line to 'False'
[6.709s] Level 5:colcon.colcon_core.verb:set package 'vision' build argument 'cmake_force_configure' from command line to 'False'
[6.709s] Level 5:colcon.colcon_core.verb:set package 'vision' build argument 'ament_cmake_args' from command line to 'None'
[6.709s] Level 5:colcon.colcon_core.verb:set package 'vision' build argument 'catkin_cmake_args' from command line to 'None'
[6.709s] Level 5:colcon.colcon_core.verb:set package 'vision' build argument 'catkin_skip_building_tests' from command line to 'False'
[6.710s] DEBUG:colcon.colcon_core.verb:Building package 'vision' with the following arguments: {'ament_cmake_args': None, 'build_base': '/home/vladi/Desktop/ros2_commands/qt_ros_ws/build/vision', 'catkin_cmake_args': None, 'catkin_skip_building_tests': False, 'cmake_args': None, 'cmake_clean_cache': False, 'cmake_clean_first': False, 'cmake_force_configure': False, 'cmake_target': None, 'cmake_target_skip_unavailable': False, 'install_base': '/home/vladi/Desktop/ros2_commands/qt_ros_ws/install/vision', 'merge_install': False, 'path': '/home/vladi/Desktop/ros2_commands/qt_ros_ws/src/vision', 'symlink_install': False, 'test_result_base': None}
[6.820s] INFO:colcon.colcon_core.executor:Executing jobs using 'parallel' executor
[6.919s] DEBUG:colcon.colcon_parallel_executor.executor.parallel:run_until_complete
[6.920s] INFO:colcon.colcon_ros.task.ament_cmake.build:Building ROS package in '/home/vladi/Desktop/ros2_commands/qt_ros_ws/src/vision' with build type 'ament_cmake'
[6.921s] INFO:colcon.colcon_cmake.task.cmake.build:Building CMake package in '/home/vladi/Desktop/ros2_commands/qt_ros_ws/src/vision'
[7.054s] INFO:colcon.colcon_core.plugin_system:Skipping extension 'colcon_core.shell.bat': Not used on non-Windows systems
[7.055s] INFO:colcon.colcon_core.shell:Skip shell extension 'powershell' for command environment: Not usable outside of PowerShell
[7.055s] DEBUG:colcon.colcon_core.shell:Skip shell extension 'dsv' for command environment
[7.324s] DEBUG:colcon.colcon_core.event_handler.log_command:Invoking command in '/home/vladi/Desktop/ros2_commands/qt_ros_ws/build/vision': CMAKE_PREFIX_PATH=/opt/ros/humble /usr/bin/cmake --build /home/vladi/Desktop/ros2_commands/qt_ros_ws/build/vision -- -j8 -l8
[34.234s] DEBUG:colcon.colcon_core.event_handler.log_command:Invoked command in '/home/vladi/Desktop/ros2_commands/qt_ros_ws/build/vision' returned '0': CMAKE_PREFIX_PATH=/opt/ros/humble /usr/bin/cmake --build /home/vladi/Desktop/ros2_commands/qt_ros_ws/build/vision -- -j8 -l8
[34.363s] DEBUG:colcon.colcon_core.event_handler.log_command:Invoking command in '/home/vladi/Desktop/ros2_commands/qt_ros_ws/build/vision': CMAKE_PREFIX_PATH=/opt/ros/humble /usr/bin/cmake --install /home/vladi/Desktop/ros2_commands/qt_ros_ws/build/vision
[34.411s] Level 1:colcon.colcon_core.environment:create_environment_scripts_only(vision)
[34.416s] DEBUG:colcon.colcon_core.event_handler.log_command:Invoked command in '/home/vladi/Desktop/ros2_commands/qt_ros_ws/build/vision' returned '0': CMAKE_PREFIX_PATH=/opt/ros/humble /usr/bin/cmake --install /home/vladi/Desktop/ros2_commands/qt_ros_ws/build/vision
[34.507s] Level 1:colcon.colcon_core.environment:checking '/home/vladi/Desktop/ros2_commands/qt_ros_ws/install/vision' for CMake module files
[34.509s] Level 1:colcon.colcon_core.environment:checking '/home/vladi/Desktop/ros2_commands/qt_ros_ws/install/vision' for CMake config files
[34.511s] Level 1:colcon.colcon_core.shell:create_environment_hook('vision', 'cmake_prefix_path')
[34.592s] INFO:colcon.colcon_core.shell:Creating environment hook '/home/vladi/Desktop/ros2_commands/qt_ros_ws/install/vision/share/vision/hook/cmake_prefix_path.ps1'
[34.595s] INFO:colcon.colcon_core.shell:Creating environment descriptor '/home/vladi/Desktop/ros2_commands/qt_ros_ws/install/vision/share/vision/hook/cmake_prefix_path.dsv'
[34.597s] INFO:colcon.colcon_core.shell:Creating environment hook '/home/vladi/Desktop/ros2_commands/qt_ros_ws/install/vision/share/vision/hook/cmake_prefix_path.sh'
[34.601s] Level 1:colcon.colcon_core.environment:checking '/home/vladi/Desktop/ros2_commands/qt_ros_ws/install/vision/lib'
[34.602s] Level 1:colcon.colcon_core.environment:checking '/home/vladi/Desktop/ros2_commands/qt_ros_ws/install/vision/bin'
[34.602s] Level 1:colcon.colcon_core.environment:checking '/home/vladi/Desktop/ros2_commands/qt_ros_ws/install/vision/lib/pkgconfig/vision.pc'
[34.603s] Level 1:colcon.colcon_core.environment:checking '/home/vladi/Desktop/ros2_commands/qt_ros_ws/install/vision/lib/python3.10/site-packages'
[34.604s] Level 1:colcon.colcon_core.environment:checking '/home/vladi/Desktop/ros2_commands/qt_ros_ws/install/vision/bin'
[34.685s] INFO:colcon.colcon_core.shell:Creating package script '/home/vladi/Desktop/ros2_commands/qt_ros_ws/install/vision/share/vision/package.ps1'
[34.689s] INFO:colcon.colcon_core.shell:Creating package descriptor '/home/vladi/Desktop/ros2_commands/qt_ros_ws/install/vision/share/vision/package.dsv'
[34.692s] INFO:colcon.colcon_core.shell:Creating package script '/home/vladi/Desktop/ros2_commands/qt_ros_ws/install/vision/share/vision/package.sh'
[34.696s] INFO:colcon.colcon_core.shell:Creating package script '/home/vladi/Desktop/ros2_commands/qt_ros_ws/install/vision/share/vision/package.bash'
[34.699s] INFO:colcon.colcon_core.shell:Creating package script '/home/vladi/Desktop/ros2_commands/qt_ros_ws/install/vision/share/vision/package.zsh'
[34.702s] Level 1:colcon.colcon_core.environment:create_file_with_runtime_dependencies(/home/vladi/Desktop/ros2_commands/qt_ros_ws/install/vision/share/colcon-core/packages/vision)
[34.931s] Level 1:colcon.colcon_core.environment:create_environment_scripts_only(vision)
[35.034s] Level 1:colcon.colcon_core.environment:checking '/home/vladi/Desktop/ros2_commands/qt_ros_ws/install/vision' for CMake module files
[35.036s] Level 1:colcon.colcon_core.environment:checking '/home/vladi/Desktop/ros2_commands/qt_ros_ws/install/vision' for CMake config files
[35.037s] Level 1:colcon.colcon_core.shell:create_environment_hook('vision', 'cmake_prefix_path')
[35.121s] INFO:colcon.colcon_core.shell:Creating environment hook '/home/vladi/Desktop/ros2_commands/qt_ros_ws/install/vision/share/vision/hook/cmake_prefix_path.ps1'
[35.123s] INFO:colcon.colcon_core.shell:Creating environment descriptor '/home/vladi/Desktop/ros2_commands/qt_ros_ws/install/vision/share/vision/hook/cmake_prefix_path.dsv'
[35.125s] INFO:colcon.colcon_core.shell:Creating environment hook '/home/vladi/Desktop/ros2_commands/qt_ros_ws/install/vision/share/vision/hook/cmake_prefix_path.sh'
[35.127s] Level 1:colcon.colcon_core.environment:checking '/home/vladi/Desktop/ros2_commands/qt_ros_ws/install/vision/lib'
[35.128s] Level 1:colcon.colcon_core.environment:checking '/home/vladi/Desktop/ros2_commands/qt_ros_ws/install/vision/bin'
[35.128s] Level 1:colcon.colcon_core.environment:checking '/home/vladi/Desktop/ros2_commands/qt_ros_ws/install/vision/lib/pkgconfig/vision.pc'
[35.130s] Level 1:colcon.colcon_core.environment:checking '/home/vladi/Desktop/ros2_commands/qt_ros_ws/install/vision/lib/python3.10/site-packages'
[35.131s] Level 1:colcon.colcon_core.environment:checking '/home/vladi/Desktop/ros2_commands/qt_ros_ws/install/vision/bin'
[35.208s] INFO:colcon.colcon_core.shell:Creating package script '/home/vladi/Desktop/ros2_commands/qt_ros_ws/install/vision/share/vision/package.ps1'
[35.210s] INFO:colcon.colcon_core.shell:Creating package descriptor '/home/vladi/Desktop/ros2_commands/qt_ros_ws/install/vision/share/vision/package.dsv'
[35.212s] INFO:colcon.colcon_core.shell:Creating package script '/home/vladi/Desktop/ros2_commands/qt_ros_ws/install/vision/share/vision/package.sh'
[35.214s] INFO:colcon.colcon_core.shell:Creating package script '/home/vladi/Desktop/ros2_commands/qt_ros_ws/install/vision/share/vision/package.bash'
[35.215s] INFO:colcon.colcon_core.shell:Creating package script '/home/vladi/Desktop/ros2_commands/qt_ros_ws/install/vision/share/vision/package.zsh'
[35.217s] Level 1:colcon.colcon_core.environment:create_file_with_runtime_dependencies(/home/vladi/Desktop/ros2_commands/qt_ros_ws/install/vision/share/colcon-core/packages/vision)
[35.218s] DEBUG:colcon.colcon_parallel_executor.executor.parallel:closing loop
[35.219s] DEBUG:colcon.colcon_parallel_executor.executor.parallel:loop closed
[35.219s] DEBUG:colcon.colcon_parallel_executor.executor.parallel:run_until_complete finished with '0'
[35.220s] DEBUG:colcon.colcon_core.event_reactor:joining thread
[35.326s] INFO:colcon.colcon_core.plugin_system:Skipping extension 'colcon_notification.desktop_notification.terminal_notifier': Not used on non-Darwin systems
[35.326s] INFO:colcon.colcon_core.plugin_system:Skipping extension 'colcon_notification.desktop_notification.win32': Not used on non-Windows systems
[35.327s] INFO:colcon.colcon_notification.desktop_notification:Sending desktop notification using 'notify2'
[35.374s] DEBUG:colcon.colcon_core.event_reactor:joined thread
[35.470s] INFO:colcon.colcon_core.shell:Creating prefix script '/home/vladi/Desktop/ros2_commands/qt_ros_ws/install/local_setup.ps1'
[35.473s] INFO:colcon.colcon_core.shell:Creating prefix util module '/home/vladi/Desktop/ros2_commands/qt_ros_ws/install/_local_setup_util_ps1.py'
[35.479s] INFO:colcon.colcon_core.shell:Creating prefix chain script '/home/vladi/Desktop/ros2_commands/qt_ros_ws/install/setup.ps1'
[35.557s] INFO:colcon.colcon_core.shell:Creating prefix script '/home/vladi/Desktop/ros2_commands/qt_ros_ws/install/local_setup.sh'
[35.559s] INFO:colcon.colcon_core.shell:Creating prefix util module '/home/vladi/Desktop/ros2_commands/qt_ros_ws/install/_local_setup_util_sh.py'
[35.561s] INFO:colcon.colcon_core.shell:Creating prefix chain script '/home/vladi/Desktop/ros2_commands/qt_ros_ws/install/setup.sh'
[35.643s] INFO:colcon.colcon_core.shell:Creating prefix script '/home/vladi/Desktop/ros2_commands/qt_ros_ws/install/local_setup.bash'
[35.645s] INFO:colcon.colcon_core.shell:Creating prefix chain script '/home/vladi/Desktop/ros2_commands/qt_ros_ws/install/setup.bash'
[35.726s] INFO:colcon.colcon_core.shell:Creating prefix script '/home/vladi/Desktop/ros2_commands/qt_ros_ws/install/local_setup.zsh'
[35.729s] INFO:colcon.colcon_core.shell:Creating prefix chain script '/home/vladi/Desktop/ros2_commands/qt_ros_ws/install/setup.zsh'
