[0.272s] Invoking command in '/home/vladi/Desktop/ros2_commands/qt_ros_ws/build/vision': CMAKE_PREFIX_PATH=/opt/ros/humble /usr/bin/cmake /home/vladi/Desktop/ros2_commands/qt_ros_ws/src/vision -DCMAKE_INSTALL_PREFIX=/home/vladi/Desktop/ros2_commands/qt_ros_ws/install/vision
[0.509s] -- The C compiler identification is GNU 11.4.0
[0.781s] -- The CXX compiler identification is GNU 11.4.0
[0.813s] -- Detecting C compiler ABI info
[1.123s] -- Detecting C compiler ABI info - done
[1.166s] -- Check for working C compiler: /usr/bin/cc - skipped
[1.168s] -- Detecting C compile features
[1.170s] -- Detecting C compile features - done
[1.186s] -- Detecting CXX compiler ABI info
[1.527s] -- Detecting CXX compiler ABI info - done
[1.589s] -- Check for working CXX compiler: /usr/bin/c++ - skipped
[1.590s] -- Detecting CXX compile features
[1.593s] -- Detecting CXX compile features - done
[1.607s] -- Found ament_cmake: 1.3.5 (/opt/ros/humble/share/ament_cmake/cmake)
[2.330s] -- Found Python3: /usr/bin/python3.10 (found version "3.10.12") found components: Interpreter 
[2.824s] -- Found rclcpp: 16.0.6 (/opt/ros/humble/share/rclcpp/cmake)
[3.060s] -- Found rosidl_generator_c: 3.1.5 (/opt/ros/humble/share/rosidl_generator_c/cmake)
[3.091s] -- Found rosidl_adapter: 3.1.5 (/opt/ros/humble/share/rosidl_adapter/cmake)
[3.137s] -- Found rosidl_generator_cpp: 3.1.5 (/opt/ros/humble/share/rosidl_generator_cpp/cmake)
[3.203s] -- Using all available rosidl_typesupport_c: rosidl_typesupport_fastrtps_c;rosidl_typesupport_introspection_c
[3.308s] -- Using all available rosidl_typesupport_cpp: rosidl_typesupport_fastrtps_cpp;rosidl_typesupport_introspection_cpp
[3.653s] -- Found rmw_implementation_cmake: 6.1.1 (/opt/ros/humble/share/rmw_implementation_cmake/cmake)
[3.664s] -- Found rmw_fastrtps_cpp: 6.2.4 (/opt/ros/humble/share/rmw_fastrtps_cpp/cmake)
[4.095s] -- Found OpenSSL: /usr/lib/x86_64-linux-gnu/libcrypto.so (found version "3.0.2")  
[4.221s] -- Found FastRTPS: /opt/ros/humble/include  
[4.435s] -- Using RMW implementation 'rmw_fastrtps_cpp' as default
[4.480s] -- Looking for pthread.h
[4.798s] -- Looking for pthread.h - found
[4.800s] -- Performing Test CMAKE_HAVE_LIBC_PTHREAD
[5.105s] -- Performing Test CMAKE_HAVE_LIBC_PTHREAD - Success
[5.111s] -- Found Threads: TRUE  
[5.959s] -- Found sensor_msgs: 4.2.3 (/opt/ros/humble/share/sensor_msgs/cmake)
[6.622s] -- Found cv_bridge: 3.2.1 (/opt/ros/humble/share/cv_bridge/cmake)
[6.702s] -- Found image_transport: 3.1.7 (/opt/ros/humble/share/image_transport/cmake)
[6.943s] -- Found OpenCV: /usr (found version "4.5.4") 
[6.954s] -- Found ament_lint_auto: 0.12.8 (/opt/ros/humble/share/ament_lint_auto/cmake)
[7.314s] -- Added test 'cppcheck' to perform static code analysis on C / C++ code
[7.315s] -- Configured cppcheck include dirs: 
[7.315s] -- Configured cppcheck exclude dirs and/or files: 
[7.318s] -- Added test 'lint_cmake' to check CMake code style
[7.325s] -- Added test 'uncrustify' to check C / C++ code style
[7.326s] -- Configured uncrustify additional arguments: 
[7.328s] -- Added test 'xmllint' to check XML markup files
[7.335s] -- Configuring done
[7.398s] -- Generating done
[7.407s] -- Build files have been written to: /home/vladi/Desktop/ros2_commands/qt_ros_ws/build/vision
[7.451s] Invoked command in '/home/vladi/Desktop/ros2_commands/qt_ros_ws/build/vision' returned '0': CMAKE_PREFIX_PATH=/opt/ros/humble /usr/bin/cmake /home/vladi/Desktop/ros2_commands/qt_ros_ws/src/vision -DCMAKE_INSTALL_PREFIX=/home/vladi/Desktop/ros2_commands/qt_ros_ws/install/vision
[7.463s] Invoking command in '/home/vladi/Desktop/ros2_commands/qt_ros_ws/build/vision': CMAKE_PREFIX_PATH=/opt/ros/humble /usr/bin/cmake --build /home/vladi/Desktop/ros2_commands/qt_ros_ws/build/vision -- -j8 -l8
[7.678s] [ 50%] [32mBuilding CXX object CMakeFiles/vision_capture_node.dir/src/vision_capture_node.cpp.o[0m
[21.026s] In file included from [01m[K/opt/ros/humble/include/rclcpp/rclcpp/logging.hpp:24[m[K,
[21.027s]                  from [01m[K/opt/ros/humble/include/rclcpp/rclcpp/client.hpp:40[m[K,
[21.027s]                  from [01m[K/opt/ros/humble/include/rclcpp/rclcpp/callback_group.hpp:24[m[K,
[21.028s]                  from [01m[K/opt/ros/humble/include/rclcpp/rclcpp/any_executable.hpp:20[m[K,
[21.028s]                  from [01m[K/opt/ros/humble/include/rclcpp/rclcpp/memory_strategy.hpp:25[m[K,
[21.029s]                  from [01m[K/opt/ros/humble/include/rclcpp/rclcpp/memory_strategies.hpp:18[m[K,
[21.029s]                  from [01m[K/opt/ros/humble/include/rclcpp/rclcpp/executor_options.hpp:20[m[K,
[21.030s]                  from [01m[K/opt/ros/humble/include/rclcpp/rclcpp/executor.hpp:37[m[K,
[21.030s]                  from [01m[K/opt/ros/humble/include/rclcpp/rclcpp/executors/multi_threaded_executor.hpp:25[m[K,
[21.030s]                  from [01m[K/opt/ros/humble/include/rclcpp/rclcpp/executors.hpp:21[m[K,
[21.031s]                  from [01m[K/opt/ros/humble/include/rclcpp/rclcpp/rclcpp.hpp:155[m[K,
[21.031s]                  from [01m[K/home/vladi/Desktop/ros2_commands/qt_ros_ws/src/vision/src/vision_capture_node.cpp:1[m[K:
[21.031s] [01m[K/home/vladi/Desktop/ros2_commands/qt_ros_ws/src/vision/src/vision_capture_node.cpp:[m[K In member function ‘[01m[Kvoid ImagePublisher::timer_callback()[m[K’:
[21.032s] [01m[K/home/vladi/Desktop/ros2_commands/qt_ros_ws/src/vision/src/vision_capture_node.cpp:28:41:[m[K [01;35m[Kwarning: [m[Kformat ‘[01m[K%c[m[K’ expects argument of type ‘[01m[Kint[m[K’, but argument 5 has type ‘[01m[Ksize_t[m[K’ {aka ‘[01m[Klong unsigned int[m[K’} [[01;35m[K]8;;https://gcc.gnu.org/onlinedocs/gcc/Warning-Options.html#index-Wformat=-Wformat=]8;;[m[K]
[21.032s]    28 |         RCLCPP_INFO(this->get_logger(), [01;35m[K"image %c  published"[m[K, [32m[K_count[m[K);
[21.033s]       |                                         [01;35m[K^~~~~~~~~~~~~~~~~~~~~[m[K  [32m[K~~~~~~[m[K
[21.033s]       |                                                                [32m[K|[m[K
[21.034s]       |                                                                [32m[Ksize_t {aka long unsigned int}[m[K
[21.034s] [01m[K/home/vladi/Desktop/ros2_commands/qt_ros_ws/src/vision/src/vision_capture_node.cpp:28:49:[m[K [01;36m[Knote: [m[Kformat string is defined here
[21.034s]    28 |         RCLCPP_INFO(this->get_logger(), "image [01;36m[K%c[m[K  published", _count);
[21.035s]       |                                                [01;36m[K~^[m[K
[21.035s]       |                                                 [01;36m[K|[m[K
[21.036s]       |                                                 [01;36m[Kint[m[K
[21.036s]       |                                                [32m[K%ld[m[K
[33.041s] [100%] [32m[1mLinking CXX executable vision_capture_node[0m
[34.753s] [100%] Built target vision_capture_node
[34.804s] Invoked command in '/home/vladi/Desktop/ros2_commands/qt_ros_ws/build/vision' returned '0': CMAKE_PREFIX_PATH=/opt/ros/humble /usr/bin/cmake --build /home/vladi/Desktop/ros2_commands/qt_ros_ws/build/vision -- -j8 -l8
[34.968s] Invoking command in '/home/vladi/Desktop/ros2_commands/qt_ros_ws/build/vision': CMAKE_PREFIX_PATH=/opt/ros/humble /usr/bin/cmake --install /home/vladi/Desktop/ros2_commands/qt_ros_ws/build/vision
[34.999s] -- Install configuration: ""
[35.000s] -- Installing: /home/vladi/Desktop/ros2_commands/qt_ros_ws/install/vision/lib/vision/vision_capture_node
[35.008s] -- Set runtime path of "/home/vladi/Desktop/ros2_commands/qt_ros_ws/install/vision/lib/vision/vision_capture_node" to ""
[35.009s] -- Installing: /home/vladi/Desktop/ros2_commands/qt_ros_ws/install/vision/share/ament_index/resource_index/package_run_dependencies/vision
[35.010s] -- Installing: /home/vladi/Desktop/ros2_commands/qt_ros_ws/install/vision/share/ament_index/resource_index/parent_prefix_path/vision
[35.011s] -- Up-to-date: /home/vladi/Desktop/ros2_commands/qt_ros_ws/install/vision/share/vision/environment/ament_prefix_path.sh
[35.012s] -- Installing: /home/vladi/Desktop/ros2_commands/qt_ros_ws/install/vision/share/vision/environment/ament_prefix_path.dsv
[35.013s] -- Up-to-date: /home/vladi/Desktop/ros2_commands/qt_ros_ws/install/vision/share/vision/environment/path.sh
[35.013s] -- Installing: /home/vladi/Desktop/ros2_commands/qt_ros_ws/install/vision/share/vision/environment/path.dsv
[35.014s] -- Installing: /home/vladi/Desktop/ros2_commands/qt_ros_ws/install/vision/share/vision/local_setup.bash
[35.015s] -- Installing: /home/vladi/Desktop/ros2_commands/qt_ros_ws/install/vision/share/vision/local_setup.sh
[35.016s] -- Installing: /home/vladi/Desktop/ros2_commands/qt_ros_ws/install/vision/share/vision/local_setup.zsh
[35.016s] -- Installing: /home/vladi/Desktop/ros2_commands/qt_ros_ws/install/vision/share/vision/local_setup.dsv
[35.017s] -- Installing: /home/vladi/Desktop/ros2_commands/qt_ros_ws/install/vision/share/vision/package.dsv
[35.018s] -- Installing: /home/vladi/Desktop/ros2_commands/qt_ros_ws/install/vision/share/ament_index/resource_index/packages/vision
[35.019s] -- Installing: /home/vladi/Desktop/ros2_commands/qt_ros_ws/install/vision/share/vision/cmake/visionConfig.cmake
[35.019s] -- Installing: /home/vladi/Desktop/ros2_commands/qt_ros_ws/install/vision/share/vision/cmake/visionConfig-version.cmake
[35.020s] -- Up-to-date: /home/vladi/Desktop/ros2_commands/qt_ros_ws/install/vision/share/vision/package.xml
[35.028s] Invoked command in '/home/vladi/Desktop/ros2_commands/qt_ros_ws/build/vision' returned '0': CMAKE_PREFIX_PATH=/opt/ros/humble /usr/bin/cmake --install /home/vladi/Desktop/ros2_commands/qt_ros_ws/build/vision
