[0.052s] Invoking command in '/home/vladi/Desktop/ros2_commands/qt_ros_ws/build/neptune_2_bringup': CMAKE_PREFIX_PATH=/home/vladi/Desktop/ros2_commands/qt_ros_ws/install/neptune_2_description:/home/vladi/Desktop/ros2_commands/qt_ros_ws/install/vision:/home/vladi/Desktop/ros2_commands/qt_ros_ws/install/st_ligth:/home/vladi/Desktop/ros2_commands/qt_ros_ws/install/neptune_2_bringup:/opt/ros/humble /usr/bin/cmake --build /home/vladi/Desktop/ros2_commands/qt_ros_ws/build/neptune_2_bringup -- -j8 -l8
[0.251s] [35m[1mConsolidate compiler generated dependencies of target msg_to_pcl2[0m
[0.295s] [ 50%] [32mBuilding CXX object CMakeFiles/msg_to_pcl2.dir/src/msg_to_pcl2.cpp.o[0m
[20.816s] [100%] [32m[1mLinking CXX executable msg_to_pcl2[0m
[33.030s] [100%] Built target msg_to_pcl2
[33.056s] Invoked command in '/home/vladi/Desktop/ros2_commands/qt_ros_ws/build/neptune_2_bringup' returned '0': CMAKE_PREFIX_PATH=/home/vladi/Desktop/ros2_commands/qt_ros_ws/install/neptune_2_description:/home/vladi/Desktop/ros2_commands/qt_ros_ws/install/vision:/home/vladi/Desktop/ros2_commands/qt_ros_ws/install/st_ligth:/home/vladi/Desktop/ros2_commands/qt_ros_ws/install/neptune_2_bringup:/opt/ros/humble /usr/bin/cmake --build /home/vladi/Desktop/ros2_commands/qt_ros_ws/build/neptune_2_bringup -- -j8 -l8
[33.090s] Invoking command in '/home/vladi/Desktop/ros2_commands/qt_ros_ws/build/neptune_2_bringup': CMAKE_PREFIX_PATH=/home/vladi/Desktop/ros2_commands/qt_ros_ws/install/neptune_2_description:/home/vladi/Desktop/ros2_commands/qt_ros_ws/install/vision:/home/vladi/Desktop/ros2_commands/qt_ros_ws/install/st_ligth:/home/vladi/Desktop/ros2_commands/qt_ros_ws/install/neptune_2_bringup:/opt/ros/humble /usr/bin/cmake --install /home/vladi/Desktop/ros2_commands/qt_ros_ws/build/neptune_2_bringup
[33.135s] -- Install configuration: ""
[33.135s] -- Up-to-date: /home/vladi/Desktop/ros2_commands/qt_ros_ws/install/neptune_2_bringup/share/neptune_2_bringup//launch
[33.135s] -- Up-to-date: /home/vladi/Desktop/ros2_commands/qt_ros_ws/install/neptune_2_bringup/share/neptune_2_bringup//launch/neptune_2_gazebo.launch.xml
[33.135s] -- Up-to-date: /home/vladi/Desktop/ros2_commands/qt_ros_ws/install/neptune_2_bringup/share/neptune_2_bringup//rviz
[33.136s] -- Up-to-date: /home/vladi/Desktop/ros2_commands/qt_ros_ws/install/neptune_2_bringup/share/neptune_2_bringup//rviz/urdf_config,rviz.rviz
[33.136s] -- Up-to-date: /home/vladi/Desktop/ros2_commands/qt_ros_ws/install/neptune_2_bringup/share/neptune_2_bringup//worlds
[33.136s] -- Up-to-date: /home/vladi/Desktop/ros2_commands/qt_ros_ws/install/neptune_2_bringup/share/neptune_2_bringup//worlds/pool_world.world
[33.136s] -- Up-to-date: /home/vladi/Desktop/ros2_commands/qt_ros_ws/install/neptune_2_bringup/share/neptune_2_bringup//worlds/basic_lidar
[33.136s] -- Up-to-date: /home/vladi/Desktop/ros2_commands/qt_ros_ws/install/neptune_2_bringup/share/neptune_2_bringup//worlds/pool_world (copy).xml
[33.170s] -- Installing: /home/vladi/Desktop/ros2_commands/qt_ros_ws/install/neptune_2_bringup/lib/neptune_2_bringup/msg_to_pcl2
[33.178s] -- Set runtime path of "/home/vladi/Desktop/ros2_commands/qt_ros_ws/install/neptune_2_bringup/lib/neptune_2_bringup/msg_to_pcl2" to ""
[33.178s] -- Up-to-date: /home/vladi/Desktop/ros2_commands/qt_ros_ws/install/neptune_2_bringup/share/ament_index/resource_index/package_run_dependencies/neptune_2_bringup
[33.178s] -- Up-to-date: /home/vladi/Desktop/ros2_commands/qt_ros_ws/install/neptune_2_bringup/share/ament_index/resource_index/parent_prefix_path/neptune_2_bringup
[33.178s] -- Up-to-date: /home/vladi/Desktop/ros2_commands/qt_ros_ws/install/neptune_2_bringup/share/neptune_2_bringup/environment/ament_prefix_path.sh
[33.179s] -- Up-to-date: /home/vladi/Desktop/ros2_commands/qt_ros_ws/install/neptune_2_bringup/share/neptune_2_bringup/environment/ament_prefix_path.dsv
[33.179s] -- Up-to-date: /home/vladi/Desktop/ros2_commands/qt_ros_ws/install/neptune_2_bringup/share/neptune_2_bringup/environment/path.sh
[33.179s] -- Up-to-date: /home/vladi/Desktop/ros2_commands/qt_ros_ws/install/neptune_2_bringup/share/neptune_2_bringup/environment/path.dsv
[33.179s] -- Up-to-date: /home/vladi/Desktop/ros2_commands/qt_ros_ws/install/neptune_2_bringup/share/neptune_2_bringup/local_setup.bash
[33.179s] -- Up-to-date: /home/vladi/Desktop/ros2_commands/qt_ros_ws/install/neptune_2_bringup/share/neptune_2_bringup/local_setup.sh
[33.180s] -- Up-to-date: /home/vladi/Desktop/ros2_commands/qt_ros_ws/install/neptune_2_bringup/share/neptune_2_bringup/local_setup.zsh
[33.180s] -- Up-to-date: /home/vladi/Desktop/ros2_commands/qt_ros_ws/install/neptune_2_bringup/share/neptune_2_bringup/local_setup.dsv
[33.180s] -- Installing: /home/vladi/Desktop/ros2_commands/qt_ros_ws/install/neptune_2_bringup/share/neptune_2_bringup/package.dsv
[33.180s] -- Up-to-date: /home/vladi/Desktop/ros2_commands/qt_ros_ws/install/neptune_2_bringup/share/ament_index/resource_index/packages/neptune_2_bringup
[33.180s] -- Up-to-date: /home/vladi/Desktop/ros2_commands/qt_ros_ws/install/neptune_2_bringup/share/neptune_2_bringup/cmake/neptune_2_bringupConfig.cmake
[33.180s] -- Up-to-date: /home/vladi/Desktop/ros2_commands/qt_ros_ws/install/neptune_2_bringup/share/neptune_2_bringup/cmake/neptune_2_bringupConfig-version.cmake
[33.180s] -- Up-to-date: /home/vladi/Desktop/ros2_commands/qt_ros_ws/install/neptune_2_bringup/share/neptune_2_bringup/package.xml
[33.191s] Invoked command in '/home/vladi/Desktop/ros2_commands/qt_ros_ws/build/neptune_2_bringup' returned '0': CMAKE_PREFIX_PATH=/home/vladi/Desktop/ros2_commands/qt_ros_ws/install/neptune_2_description:/home/vladi/Desktop/ros2_commands/qt_ros_ws/install/vision:/home/vladi/Desktop/ros2_commands/qt_ros_ws/install/st_ligth:/home/vladi/Desktop/ros2_commands/qt_ros_ws/install/neptune_2_bringup:/opt/ros/humble /usr/bin/cmake --install /home/vladi/Desktop/ros2_commands/qt_ros_ws/build/neptune_2_bringup
